C51 COMPILER V9.59.0.0   MAIN                                                              07/26/2021 15:55:37 PAGE 1   


C51 COMPILER V9.59.0.0, COMPILATION OF MODULE MAIN
OBJECT MODULE PLACED IN .\Objects\main.obj
COMPILER INVOKED BY: C:\Keil_v5\C51\BIN\C51.EXE main.c OPTIMIZE(8,SPEED) BROWSE INCDIR(..\headfile) DEBUG OBJECTEXTEND P
                    -RINT(.\Listings\main.lst) OBJECT(.\Objects\main.obj)

line level    source

   1          /*********************************************************
   2          *Copyright (C), 2020-2030, ЩюлкЧАКЃЮЌъЩжЧФмММЪѕгаЯоЙЋЫО
   3          *ЮФМўУћ:        pwmЪБжгаЃзМ.c
   4          *зї  еп:        
   5          *Ац  БО:        
   6          *Ше  Цк:        
   7          *Уш  Ъі:        
   8          *БИ  зЂ:     
   9          **********************************************************/
  10          #include "WS51F6240.h"                                          
  11          /*****************************************************************************************
  12          *КЏЪ§УћГЦЃКvoid check_sysclo(void)
  13          *КЏЪ§ЙІФмЃК
  14          *ШыПкВЮЪ§ЃК                              
  15          *ГіПкВЮЪ§ЃК
  16          *****************************************************************************************/
  17          void check_sysclo(void)
  18          {
  19   1              PWM0CFG = 0X00;
  20   1              PWM0DUTL=10;
  21   1              PWM0DUTH=0;
  22   1              PWM0DIVL=0;
  23   1              PWM0DIVH=0;     
  24   1              PWM0PS = 0;     
  25   1      }
  26          
  27          /**************************************************************
  28          ЫЕУїЃКаЃзМЯЕЭГЪБжг
  29          ***************************************************************/
  30          
  31          void main()
  32          {
  33   1                //ЯЕЭГЪБжгХфжУ
  34   1                      SCCON = 0X00;
  35   1                      HRCON |= 0x80;
  36   1              
  37   1                              /******************* ЙмНХХфжУ ******************/
  38   1                      P00F=0X03;      //PWM0  
  39   1                              
  40   1                      /****************** PWM0/1зщ ********************/
  41   1                      check_sysclo();
  42   1                      
  43   1                      PWMRUN=0x01;    //ЪЙФм PWM дЫааФЃПщ
  44   1                      
  45   1                      while (1);
  46   1              
  47   1      }


MODULE INFORMATION:   STATIC OVERLAYABLE
   CODE SIZE        =     46    ----
   CONSTANT SIZE    =   ----    ----
   XDATA SIZE       =   ----    ----
   PDATA SIZE       =   ----    ----
C51 COMPILER V9.59.0.0   MAIN                                                              07/26/2021 15:55:37 PAGE 2   

   DATA SIZE        =   ----    ----
   IDATA SIZE       =   ----    ----
   BIT SIZE         =   ----    ----
END OF MODULE INFORMATION.


C51 COMPILATION COMPLETE.  0 WARNING(S),  0 ERROR(S)
