C51 COMPILER V9.59.0.0   MAIN                                                              02/10/2022 10:59:50 PAGE 1   


C51 COMPILER V9.59.0.0, COMPILATION OF MODULE MAIN
OBJECT MODULE PLACED IN .\Objects\main.obj
COMPILER INVOKED BY: C:\Keil_v5\C51\BIN\C51.EXE main.c OPTIMIZE(8,SPEED) BROWSE INCDIR(..\headfile) DEBUG OBJECTEXTEND P
                    -RINT(.\Listings\main.lst) OBJECT(.\Objects\main.obj)

line level    source

   1          /*********************************************************
   2          *Copyright (C), 2020-2030, ЩюлкЧАКЃЮЌъЩжЧФмММЪѕгаЯоЙЋЫО
   3          *ЮФМўУћ:        timer2.c
   4          *зї  еп:        
   5          *Ац  БО:        
   6          *Ше  Цк:        
   7          *Уш  Ъі:        
   8          *БИ  зЂ:     
   9          **********************************************************/
  10          #include "WS51F6240.h"
  11          
  12          /* зЂ:
  13           * Timer2: ФЃЪНбЁдё
  14           *              (1).жидиФЃЪН0: ЩшжУ DCEN = 0ЃЌCPRL2 = 0ЃЌШчЙћ EXEN2 = 1ЃЌдђ T2EX БпбиКЭМЦЪ§вчГіЪБНЋДЅЗЂжидиЃЌЗёдђжЛгаМ
             -ЦЪ§вчГіВХФмДЅЗЂжидиЁЃ
  15           *              (2).жидиФЃЪН1: ЩшжУ DCEN = 1ЃЌCPRL2 = 0ЃЌДЫЪБ T2EX ЮЊЕЭЪБЖЈЪБЦїЕнМѕМЦЪ§ЃЌT2EX ЮЊИпЪБЖЈЪБЦїЕндіМЦЪ§ЁЃE
             -XF2 БъжОВЛдйВњЩњжаЖЯЃЌЖјЪЧзїЮЊМЦЪ§ЦїЕУЕк 17 ЮЛЗ­зЊЁЃ    
  16           *              (3).зЅШЁФЃЪН:  ЩшжУ CPRL2 = 1ЃЌ T2CM = 0ЃЌT2EXЙмНХБпбиДЅЗЂзЅШЁ; ЩшжУ CPRL2 = 1ЃЌ T2CM = 1ЃЌШэМўаДШыМФ
             -ДцЦї T2CL НЋДЅЗЂвЛДЮзЅШЁВйзї
  17           *              (4).ВЈЬиТЪВњЩњЦїФЃЪН:
  18           *              (5).ЪБжгЪфГіФЃЪН: ЩшжУ T2OE = 1ЃЌДЫЪБЖЈЪБЦїздЖЏНјШыМЦЪ§вчГіжидиФЃЪНT2 в§НХЪфГіЦЕТЪЮЊ 2 БЖвчГіжмЦкЕФЪБ
             -жгЁЃДЫФЃЪНВЛФмЪЙгУ T2 зїЮЊЪБжгЪфШыЁЃ
  19           * Timer2: ЙмНХХфжУ
  20           *              (1).МЦЪ§ЙІФм, ЪЙгУ T2 ЪфШыЪБжгМЦЪ§, ЙмНХT2(P11)ЩшжУЮЊЪфШы(P11F = 0x1;), T2MOD.2ПЩбЁЩЯ/ЯТбиМЦЪ§
  21           *              (2).ЪБжгЪфГіФЃЪН, ЙмНХT2(P11)ЩшжУЮЊЪфГі(P11F = 0x2;)               
  22           *              (3).T2EXзЅШЁЛђДЅЗЂжиди, ЙмНХT2EX(P12)ЩшжУЮЊЪфШы, T2MOD.3ПЩбЁЩЯ/ЯТбиДЅЗЂжидиЛђзЅШЁ
  23           */
  24          static void delay_10ms(void)
  25          {
  26   1              int j;
  27   1              for(j=0;j<17700;++j);
  28   1      }
  29          static void delay_1ms(void)
  30          {
  31   1              int j;
  32   1              for(j=0;j<1700;++j);
  33   1      }
  34          static void delay(int i)
  35          {
  36   1              long j;
  37   1              for(j=0;j<10*i;++j);
  38   1      }
  39          /*****************************************************
  40          *КЏЪ§УћГЦЃКvoid Timer2Mode0(void)
  41          *КЏЪ§ЙІФмЃКжидиФЃЪН0: ПЩбЁ T2EX БпбиДЅЗЂжиди
  42          *ШыПкВЮЪ§ЃК
  43          *ГіПкВЮЪ§ЃК
  44          *****************************************************/
  45          void Timer2Mode0(void)
  46          {
  47   1              /* ЖЈЪБЦї2ЃКжидиФЃЪН0 */
  48   1              //ЃЈжидиФЃЪНAЃЉжЛгаМЦвчГіВХФмДЅЗЂжиди,МЦТњ4.096ms(16bit)
  49   1              //ЃЈжидиФЃЪНA1ЃЉT2EX БпбиКЭМЦвчГіЪБНЋДЅЗЂжиди,МЦТњ4.096ms(16bit)
  50   1          T2CH = 0x0;
C51 COMPILER V9.59.0.0   MAIN                                                              02/10/2022 10:59:50 PAGE 2   

  51   1          T2CL = 0x0;
  52   1      //    T2CL = (65536-1334);       
  53   1      //    T2CH = (65536-1334) >> 8;  
  54   1          TL2 = T2CL;
  55   1          TH2 = T2CH;
  56   1      
  57   1          T2MOD = 0+0x80+0x00;//жидиФЃЪН0,ПЊжаЖЯЪЙФм,+0x4/T2БпбибЁдё,+0x08/T2EXБпбибЁдё
  58   1          T2CON = 0x04 + 0x08;//ЦєЖЏФЃПщ,/T2EXЪЙФм,+0x02/МЦЪ§ЖЈЪБбЁдё,+0x1/зЅШЁЙІФм, 
  59   1      }
  60          
  61          /*****************************************************
  62          *КЏЪ§УћГЦЃКvoid Timer2Mode1(void)
  63          *КЏЪ§ЙІФмЃКжидиФЃЪН1: EXF2 БъжО,зїЮЊМЦЪ§ЦїЕУЕк 17 ЮЛЗ­зЊ
  64          *ШыПкВЮЪ§ЃК
  65          *ГіПкВЮЪ§ЃК
  66          *****************************************************/
  67          void Timer2Mode1(void)
  68          {
  69   1              /* ЖЈЪБЦї2ЃКжидиФЃЪН1 */
  70   1              //ЃЈжидиФЃЪНBЃЉEXF2Ек 17 ЮЛЗ­зЊ
  71   1          T2CL = 0X00;   
  72   1          T2CH = 0X00;
  73   1      //    T2CH = 0xFF;
  74   1      //    T2CL = 0xFF;
  75   1          TL2 = T2CL;
  76   1          TH2 = T2CH;
  77   1          
  78   1          T2MOD = 1+0x80;//жидиФЃЪН1,ПЊжаЖЯЪЙФм,+0x4/T2БпбибЁдё,+0x08/T2EXБпбибЁдё
  79   1          T2CON = 0x44;//ЦєЖЏФЃПщ,+0x08/T2EXЪЙФм,+0x02/МЦЪ§ЖЈЪБбЁдё,+0x1/зЅШЁЙІФм,
  80   1      }
  81          
  82          /*****************************************************
  83          * жаЖЯЗўЮёКЏЪ§
  84          *****************************************************/
  85          void timer2_isr (void) interrupt 5  
  86          {
  87   1      /*-------------------------Timer2жаЖЯКЏЪ§------------------------*/
  88   1              #if 1//жидиФЃЪН0
  89   1              /* МЦЪ§вчГіБъжОЮЊ TF2ЃЈT2CON[7]ЃЉ */
  90   1              if(TF2 == 1)
  91   1              {               
  92   2                      TF2 = 0;
  93   2                      // todo...
  94   2                      P00 = ~P00;
  95   2              }
  96   1              
  97   1              if(EXF2 == 1) 
  98   1          {/* БпбиДЅЗЂ T2EX */
  99   2              EXF2 = 0;
 100   2                      P01 = ~P01;     
 101   2          } 
 102   1              #endif
 103   1      
 104   1              #if 0//жидиФЃЪН1
                      /* МЦЪ§вчГіБъжОЮЊ TF2ЃЈT2CON[7]ЃЉ */
                      if(TF2 == 1)
                      { 
                              TF2 = 0;
                              // todo...      
                                      P00 = ~P00;     
                      if(EXF2 == 0) 
                      {
C51 COMPILER V9.59.0.0   MAIN                                                              02/10/2022 10:59:50 PAGE 3   

                                      P01 = ~P01;     
                              }
                      }
                      #endif
 117   1      
 118   1      }
 119          
 120          /**************************************************************
 121          ЫЕУїЃКжидиФЃЪН0ЃКМЦТњвчГіДЅЗЂ--P00З­зЊЃЛБпбиДЅЗЂ--P01З­зЊ
 122                                  жидиФЃЪН1ЃЛМЦТњвчГіДЅЗЂ--P00З­зЊЃЛEXF2БъжОВЛВњЩњжаЖЯЃЌзїЮЊЕк17ЮЛЗ­зЊ--P01З­зЊЃЈЪБМфЗ­БЖЃЉ
 123          ***************************************************************/
 124          void main()
 125          {  
 126   1                      int i;
 127   1                      SCCON = 0x00;//HRC  
 128   1                  HRCON |= 0x80;      
 129   1          
 130   1              
 131   1          /**************** ЙмНХХфжУ ****************/
 132   1                      P11F = 0x81;    //ЪфШыЃЌЭтВПЪБжг(TI2),ЙмНХT2(P10)ЩшжУЮЊЪфШыЃЌЩЯ/ЯТбиМЦЪ§
 133   1                      P12F = 0x81;    //ЩЯ/ЯТбиДЅЗЂжиди ЛђБпбизЅШЁ
 134   1              
 135   1                      P13F = 0x02;
 136   1                      P14F = 0x02;
 137   1              
 138   1                      /************ Timer2 жидиФЃЪН ************/
 139   1                Timer2Mode0();  //жидиФЃЪН0
 140   1      //              Timer2Mode1();  //жидиФЃЪН1
 141   1              
 142   1          EINT2 = 1;  //ПЊжаЖЯ гУгк IIC/Timer2/PWM/EP0 жаЖЯ
 143   1          EA = 1;             //змжаЖЯ        
 144   1      
 145   1      
 146   1          while(1)
 147   1              {
 148   2                      P13 = ~P13;
 149   2              i= 5;while(i--)delay(100);
 150   2              }
 151   1      }  


MODULE INFORMATION:   STATIC OVERLAYABLE
   CODE SIZE        =    210    ----
   CONSTANT SIZE    =   ----    ----
   XDATA SIZE       =   ----    ----
   PDATA SIZE       =   ----    ----
   DATA SIZE        =   ----       8
   IDATA SIZE       =   ----    ----
   BIT SIZE         =   ----    ----
END OF MODULE INFORMATION.


C51 COMPILATION COMPLETE.  0 WARNING(S),  0 ERROR(S)
