C51 COMPILER V9.59.0.0   MAIN                                                              07/28/2021 14:10:21 PAGE 1   


C51 COMPILER V9.59.0.0, COMPILATION OF MODULE MAIN
OBJECT MODULE PLACED IN .\Objects\main.obj
COMPILER INVOKED BY: C:\Keil_v5\C51\BIN\C51.EXE main.c LARGE OPTIMIZE(0,SPEED) BROWSE INCDIR(..\headfile) DEBUG OBJECTEX
                    -TEND PRINT(.\Listings\main.lst) OBJECT(.\Objects\main.obj)

line level    source

   1          /*********************************************************
   2          *Copyright (C), 2020-2030, 深圳前海维晟智能技术有限公司
   3          *文件名:        pwm.c
   4          *作  者:        
   5          *版  本:        
   6          *日  期:        
   7          *描  述:        
   8          *备  注:     
   9          **********************************************************/
  10          #include "WS51F6240.h"  
  11          #include "intrins.h"
  12          #include <stdio.h>
  13          
  14          static void delay(int i)
  15          {
  16   1              long j;
  17   1              for(j=0;j<10*i;++j);
  18   1      }
  19          static void delay_1ms(void)
  20          {
  21   1              int j;
  22   1              for(j=0;j<1700;++j);
  23   1      }
  24          
  25          unsigned char Tx_flag=0;
  26          /*****************************************************
  27          * 中断服务函数
  28          *****************************************************/
  29          void Uart_Isr() interrupt 4
  30          {
  31   1          if(RI0 == 1)     //如果接收到计算机发的数据
  32   1          {
  33   2              RI0 = 0;     //清除标志位
  34   2          }
  35   1          if(TI0 == 1)     //如果接收到计算机发的数据
  36   1          {
  37   2              TI0 = 0;     //清除标志位 
  38   2              Tx_flag = 1;
  39   2          }
  40   1      }
  41          
  42          void UART1_write(signed char dat)
  43          {
  44   1          S1BUF = dat;            //Send data to UART buffer
  45   1          while(TI1 != (S1CON&TI1));
  46   1          //清TI1
  47   1          S1CON &= ~TI1;
  48   1      }
  49          
  50          ///重定向c库函数printf到串口，重定向后可使用printf函数
  51          char putchar(char ch)
  52          {
  53   1          /* 发送一个字节数据到串口 */
  54   1          UART1_write((signed char) ch);
C51 COMPILER V9.59.0.0   MAIN                                                              07/28/2021 14:10:21 PAGE 2   

  55   1              
  56   1          return ch;
  57   1      }
  58          
  59          /*****************************************************
  60          *函数名称：void Uart1Mode1(void)
  61          *函数功能：9600 波特率
  62          *入口参数：
  63          *出口参数：
  64          *****************************************************/
  65          void Uart1Mode1(void)
  66          {
  67   1          /*************** UART1 模式1（波特率：9600）****************/
  68   1              S1CON = 0x80;   ///8位异步模式(1), +0x10/中断使能, +0x20/多机通信使能位, +0x40/串行接收使能位
  69   1              S1RELL = 972;
  70   1              S1RELH = 972>>8;        
  71   1      }
  72          
  73          
  74          /**********************************************************************************
  75          **      WS51F0032 系列芯片最多可输出 8 路独立的 PWM 波形，
  76          **      这 8 路 PWM 又可以两两结合，组成 4 组带 8 位死区控制的互补 PWM 输出。
  77          **      PWM0~PWM5 这 6 通道 PWM 还具有刹车和掩模功能，可用于电机驱动。
  78          ***********************************************************************************/
  79          // 寄存器 PWMFLG0 标志
  80          #define P0PIF0  0x01      //bit0 PWM0 计数器计数到最大值中断标志，仅中心对齐模式下有效
  81          #define P0ZIF0  0x02    //bit1 PWM0 计数器计数到 0 中断标志
  82          #define P1ZIF0  0x08    //bit3 PWM1 计数器计数到 0 中断标志
  83          #define P2PIF0  0x10    //bit4 PWM2 计数器计数到最大值中断标志，仅中心对齐模式下有效
  84          #define P2ZIF0  0x20    //bit5 PWM2 计数器计数到 0 中断标志
  85          #define P3ZIF0  0x80    //bit7 PWM3 计数器计数到 0 中断标志
  86          
  87          // 寄存器 PWMFLG1 标志
  88          #define P4PIF1  0x01            //bit0 PWM4 计数器计数到最大值中断标志，仅中心对齐模式下有效
  89          #define P4ZIF1  0x02    //bit1 PWM4 计数器计数到 0 中断标志
  90          #define P5ZIF1  0x08    //bit3 PWM5 计数器计数到 0 中断标志
  91          #define P6ZIF1  0x20    //bit5 PWM6 计数器计数到 0 中断标志
  92          #define P7ZIF1  0x80    //bit7 PWM7 计数器计数到 0 中断标志
  93          
  94          // 寄存器 FBFLG 标志
  95          #define FBPF    0x04            //P14 刹车引脚刹车信号引起刹车中断标志
  96          #define FBAF    0x02            //ADC 比较结果刹车信号引起刹车中断标志
  97          #define FBCF    0x01            //ADC 比较结果刹车信号引起刹车中断标志
  98          
  99          void PWM_FB_isr(void) interrupt 6
 100          {
 101   1      
 102   1              printf("\n\rFBFLG=%bu\n\r",FBFLG);
 103   1              if((FBFLG & FBPF)==FBPF)        
 104   1              {
 105   2      //              P10 = ~P10;
 106   2                      FBFLG &= 0;     
 107   2              }
 108   1      }
 109          
 110          //=============================== PWM配置寄存器 ================================
 111          // 寄存器 PWMnCFG(n=0,2,4)
 112          #define PWM_ZIE 0x80    //PWMn 计数器计数到 0 中断使能
 113          #define PWM_PIE 0x40    //中心对齐模式下，PWMn 计数器计数到最大值中断使能。
 114          #define PWM_MOD 0x20    //（0：边沿对齐； 1：中心对齐）
 115          #define PWM_TOG 0x10    //极性选择，为 1 时输出反向
 116          #define PWM_OM  0x08    //互补输出：（1：波形互换）
C51 COMPILER V9.59.0.0   MAIN                                                              07/28/2021 14:10:21 PAGE 3   

 117          #define PWM_CKS 0                       //时钟源选择：0系统时钟
 118                                                                                                  //1 HRC
 119                                                                                                  //2 LRC
 120                                                                                                  //3     LOSC
 121          // 寄存器 PWMnCFG(n=1,3,5)                                                      
 122          #define PWM_SN  0x01    //(1独立输出，0互补输出)
 123          
 124          // 寄存器 PWM6CFG
 125          #define PWM7_ZIE        0x80    //PWMn 计数器计数到 0 中断使能
 126          #define PWM6_ZIE        0x40    //PWMn 计数器计数到 0 中断使能
 127          #define PWM7_TOG        0x20    //极性选择，为 1 时输出反向
 128          #define PWM6_TOG        0x10    //极性选择，为 1 时输出反向     
 129          #define PWM6_SN         0x08    //(1独立输出，0互补输出)
 130          
 131          
 132          // 寄存器 PWMUPD  即刻新的周期和占空比配置值
 133          #define PWMUPD0 0x01    //bit0 
 134          #define PWMUPD1 0x02    //bit1
 135          #define PWMUPD2 0x04    //bit2
 136          #define PWMUPD3 0x08    //bit3
 137          #define PWMUPD4 0x10    //bit4
 138          #define PWMUPD5 0x20    //bit5  
 139          
 140          // 寄存器 PWMCLR 写 1 清零 PWMn 计数器
 141          #define PWM0CLR 0x01    //bit0 
 142          #define PWM1CLR 0x02    //bit1
 143          #define PWM2CLR 0x04    //bit2
 144          #define PWM3CLR 0x08    //bit3
 145          #define PWM4CLR 0x10    //bit4
 146          #define PWM5CLR 0x20    //bit5
 147          #define PWM6CLR 0x40    //bit6
 148          #define PWM7CLR 0x80    //bit7          
 149          
 150          
 151          //=============================== 刹车寄存器 ================================
 152          // 寄存器 FBCON
 153          #define FBPE    0x80    //P14 输入作为刹车信号使能位，1 有效
 154          #define FBAE    0x40    //ADC 比较结果作为刹车信号使能位，1 有效
 155          #define FBCE    0x20    //比较器结果作为刹车信号使能位，1 有效
 156          #define FBIE    0x10    //刹车中断使能位
 157          #define FPOL    0x08    //P14 输入刹车信号极性选择
 158          #define FPFTR   7                       //P14 刹车信号滤波配置，对 P53 进行 FPFTR 个系统时钟的滤波
 159          
 160          // 寄存器 FBDAT
 161          #define FDEN            0x80    //bit0-bit5
 162          #define FBDAT0  0x01    //bit0
 163          #define FBDAT1  0x02    //bit1
 164          #define FBDAT2  0x04    //bit2
 165          #define FBDAT3  0x08    //bit3
 166          #define FBDAT4  0x10    //bit4
 167          #define FBDAT5  0x20    //bit5
 168          
 169          //=============================== 掩膜寄存器 ================================
 170          // 寄存器 PMEN  掩模数据输出功能使能位(非刹车状态时，在 PWMnRUN 为 0 或 PWMn 被掩模的情况下：)
 171          #define PMEN0   0x01    //bit0 掩模数据输出功能使能(0:为高阻；1：为PMDAT决定)
 172          #define PMEN1   0x02    //bit1
 173          #define PMEN2   0x04    //bit2
 174          #define PMEN3   0x08    //bit3
 175          #define PMEN4   0x10    //bit4
 176          #define PMEN5   0x20    //bit5
 177          // 寄存器 PMDAT         PWM 掩模数据    
 178          #define PMDAT0  0x01    //bit0 掩模数据
C51 COMPILER V9.59.0.0   MAIN                                                              07/28/2021 14:10:21 PAGE 4   

 179          #define PMDAT1  0x02    //bit1
 180          #define PMDAT2  0x04    //bit2
 181          #define PMDAT3  0x08    //bit3
 182          #define PMDAT4  0x10    //bit4
 183          #define PMDAT5  0x20    //bit5
 184                  
 185          // 寄存器 PMSCON        掩膜控制寄存器
 186          #define PSE             0x80    //bit7:         掩模功能使能，1 有效
 187          #define PSIE    0x40    //bit6:         掩模中断使能，1 有效
 188          #define PSMOD   0x20    //bit5:         掩模计数触发边沿
 189                                                                                          //1：在选中的 PWM 上升沿触发计数
 190                                                                                          //0：在选中的 PWM 下降沿触发计数
 191          #define PSCHS   0x00    //bit4-2:       掩模 PWM 选择(可选0~5)
 192          #define PMSK    0x80    //bit1:         掩模标志
 193                                                                                          //1：选择的 PWM 输出处在掩模状态
 194                                                                                          //0：选择的 PWM 输出处在有效输出状态（非掩模状态）
 195          #define PSIF    0x01    //bit0:         掩模中断标志，PSIE 使能后，PSIF 在选中的 PWM 输出在掩模状态和有效输出状态切换时
             -由硬件置一
 196          
 197                  
 198          //      PMSDAL = 0;     //掩模有效个数寄存器
 199          //      PMSDAH = 0;     //掩模有效个数寄存器
 200          //      PMSDBL = 0;     //PMSDML = 0;   //掩模掉个数寄存器
 201          //      PMSDBH = 0;     //PMSDMH = 0;   //掩模掉个数寄存器
 202          
 203          
 204          // 规格书错了
 205          #define SYSCL_VAL       0x00    //0x00     //HRC  0
 206                                  //0x20     //LRC  1
 207                                  //0x40     //LOSC 2
 208                              
 209          void main(void)
 210          {       
 211   1              /****************** 系统时钟测试 HRC ***********************/
 212   1              SCCON = 0x00;
 213   1        delay_1ms();
 214   1      
 215   1              PWM0PS = 0x00;      //P00
 216   1              PWM1PS = 0x01;      //P01
 217   1              PWM2PS = 0x02;      //P02
 218   1              PWM3PS = 0x03;      //P03
 219   1              PWM4PS = 0x04;      //P04
 220   1              PWM5PS = 0x05;      //P05
 221   1      
 222   1              
 223   1              /**************************管脚配置**************************/
 224   1              P00F = 0X03;
 225   1              P01F = 0X03;
 226   1              P02F = 0X03;  
 227   1              P03F = 0X03;  
 228   1              P04F = 0X03;
 229   1              P05F = 0X03;    
 230   1              
 231   1              P14F = 0X86;    //刹车脚-----T5
 232   1      //      P14 = 0;                //低电平
 233   1              P14 = 1;                //高电平
 234   1              P11F = 2;
 235   1              P12F = 0x81;    //-----v2
 236   1              
 237   1      //      P02F=6;                 //UART1_RX
 238   1              P16F=6;                 //UART1_TX-----P2
 239   1              
C51 COMPILER V9.59.0.0   MAIN                                                              07/28/2021 14:10:21 PAGE 5   

 240   1      //=============================== PWM配置寄存器 ================================LRC: 32768Hz;
 241   1              /*      
 242   1              寄存器 PWMnCFG(n=0,2,4)         +PWM_ZIE        0x80    bit7：PWMn 计数器计数到 0 中断使能
 243   1                                                                      +PWM_PIE        0x40    bit6：中心对齐模式下，PWMn 计数器计数到最大值中断使能。
 244   1                                                                      +PWM_MOD        0x20    bit5：（0：边沿对齐； 1：中心对齐）
 245   1                                                                      +PWM_TOG        0x10    bit4：极性选择，为 1 时输出反向
 246   1                                                                      +PWM_OM         0x08    bit3：互补输出：（1：波形互换）
 247   1                                                                      +PWM_CKS                1       bit2-0：时钟源选择：0系统时钟
 248   1              寄存器 PWMnCFG(n=1,3,5)         +PWM_ZIE        0x80    bit7：PWMn 计数器计数到 0 中断使能      
 249   1                                                                      +PWM_TOG        0x10    bit4：极性选择，为 1 时输出反向
 250   1                                                                      +PWM_SN         0x01    bit0：(1独立输出，0互补输出)                    芯片搞反了
 251   1              **/
 252   1              /****************** PWM0/1组 ********************/
 253   1              PWM0CFG=PWM_CKS;                //PWM0配置
 254   1              PWM1CFG=0;                              //独立输出
 255   1      //      PWM1CFG=PWM_SN;                 //互补输出              0：独立；1：互补
 256   1              
 257   1              /****************** PWM2/3组 ********************/
 258   1              PWM2CFG=PWM_CKS;                //PWM2配置
 259   1              PWM3CFG=0;                              //独立输出
 260   1      //      PWM3CFG=PWM_SN;                 //互补输出
 261   1              
 262   1              /****************** PWM4/5组 ********************/
 263   1              PWM4CFG=PWM_CKS;                //PWM4配置
 264   1              PWM5CFG=0;              //独立输出
 265   1      //      PWM5CFG=PWM_SN;                 //互补输出
 266   1      
 267   1      
 268   1      
 269   1      //=============================== PWM 占空比配置 ================================       
 270   1              /********* PWM0周期占空比配置10% **********/
 271   1              PWM0DUTL=10;
 272   1              PWM0DUTH=0;
 273   1              PWM0DIVL=99;
 274   1              PWM0DIVH=0;
 275   1              
 276   1              /********* PWM1周期占空比配置20% **********/
 277   1              PWM1DUTL=20;
 278   1              PWM1DUTH=0;
 279   1              PWM1DIVL=99;
 280   1              PWM1DIVH=0;
 281   1              
 282   1              /********* PWM2周期占空比配置30% **********/
 283   1              PWM2DUTL=30;
 284   1              PWM2DUTH=0;
 285   1              PWM2DIVL=99;
 286   1              PWM2DIVH=0;
 287   1              
 288   1              /********* PWM3周期占空比配置40% **********/
 289   1              PWM3DUTL=40;
 290   1              PWM3DUTH=0;
 291   1              PWM3DIVL=99;
 292   1              PWM3DIVH=0;
 293   1              
 294   1              /********* PWM4周期占空比配置50% **********/
 295   1              PWM4DUTL=50;
 296   1              PWM4DUTH=0;
 297   1              PWM4DIVL=99;
 298   1              PWM4DIVH=0;
 299   1              
 300   1              /********* PWM5周期占空比配置60% **********/
 301   1              PWM5DUTL=60;
C51 COMPILER V9.59.0.0   MAIN                                                              07/28/2021 14:10:21 PAGE 6   

 302   1              PWM5DUTH=0;
 303   1              PWM5DIVL=99;
 304   1              PWM5DIVH=0;
 305   1      
 306   1              PWMRUN=0xff;    //运行使能
 307   1      
 308   1      
 309   1      
 310   1      //=============================== 刹车寄存器 ================================
 311   1              /*      
 312   1              寄存器 FBDAT            +FDEN   0x80    bit7:   刹车状态下，PWM 引脚输出固定电平使能，1 有效；若为 0，则 PWM 引脚为高阻
 313   1                                      
 314   1                                                                              bit5~0: FDEN 使能后，进入刹车状态时：
 315   1                                                                              +FBDAT0 0x01    //bit0                          PWM0 输出 FBDAT[0]
 316   1                                                                              +FBDAT1 0x02    //bit1                          PWM1 输出 FBDAT[1]
 317   1                                                                              +FBDAT2 0x04    //bit2                          PWM2 输出 FBDAT[2]
 318   1                                                                              +FBDAT3 0x08    //bit3                          PWM3 输出 FBDAT[3]
 319   1                                                                              +FBDAT4 0x10    //bit4                          PWM4 输出 FBDAT[4]
 320   1                                                                              +FBDAT5 0x20    //bit5                          PWM5 输出 FBDAT[5]
 321   1              **/
 322   1              FBDAT = 0x55 | FDEN;
 323   1      
 324   1              /*      
 325   1              寄存器 FBFLG标志位      +FBPF   0x04    bit2:   P53 刹车引脚刹车信号引起刹车中断标志
 326   1                                                      +FBAF   0x02    bit1:   ADC 比较结果刹车信号引起刹车中断标志
 327   1                                                      +FBCF   0x01    bit0:   ADC 比较结果刹车信号引起刹车中断标志
 328   1              **/
 329   1              FBFLG = 0;
 330   1      
 331   1              /*
 332   1              寄存器 FBCON    +FBPE   0x80    bit7:   P14 输入作为刹车信号使能位，1 有效
 333   1                                                                      +FBAE   0x40    bit6:   ADC 比较结果作为刹车信号使能位，1 有效
 334   1                                                                      +FBCE   0x20    bit5:   比较器结果作为刹车信号使能位，1 有效
 335   1                                                                      +FBIE   0x10    bit4:   刹车中断使能位
 336   1                                                                      +FPOL   0x08    bit3:   P14 输入刹车信号极性选择
 337   1                                                                                                                              0：P14 低电平刹车
 338   1                                                                                                                              1：P14 高电平刹车
 339   1                                                                      +FPFTR  7               bit2~0:         //P14 刹车信号滤波配置，对 P14 进行 FPFTR 个系统时钟的滤波
 340   1              **/
 341   1              FBCON = 7+FBIE+FBPE+FPOL;       //+FBCE+FBAE
 342   1              
 343   1              /****************** UART1 模式1（波特率：9600）******************/
 344   1              Uart1Mode1();   //9600
 345   1              printf("RUN------\r\n");
 346   1      
 347   1              
 348   1              EINT3 = 1;                      //刹车中断使能
 349   1      //      EINT2 = 1;              //计数中断使能
 350   1      //  ES0 = 1;                    /* UART0 中断开 */
 351   1              
 352   1      //      EINT4 = 1;              //掩膜中断使能/UART1
 353   1      //      EXIP |= 0x01;   //INT4 优先级控制位；中断可以嵌套1层
 354   1      //      PS0 = 1;
 355   1              EA = 1;
 356   1                      
 357   1          while(1)
 358   1              {               
 359   2                      if(P12 == 0)
 360   2                      {
 361   3                              delay(60);
 362   3                              if(P12 == 0)
 363   3                              {
C51 COMPILER V9.59.0.0   MAIN                                                              07/28/2021 14:10:21 PAGE 7   

 364   4                                      P11 = ~P11;
 365   4                                      while(P12 == 0);
 366   4                                      
 367   4                                      
 368   4                                      //刹车重开 
 369   4      //                              printf("PWM0DUTL=%bx,\t PWM0DUTH=%bx,\t PWM0DIVL=%bx,\t PWM0DIVH=%bx\r\n", PWM0DUTL, PWM0DUTH, PWM0D
             -IVL, PWM0DIVH);
 370   4                                      FBFLG = 0;
 371   4      //                              PWMCLR = 0xff;  //写 1 清零 PWM（0~7） 计数器
 372   4      //                              PWMUPD = 0xff;  //写 1 载入 PWM（0~5） 新的周期和占空比配置值
 373   4                                      PWMRUN = 0xff;
 374   4                              }                               
 375   3                      }       
 376   2              }
 377   1          
 378   1      }
 379          
 380          
 381          
 382          
 383                                  


MODULE INFORMATION:   STATIC OVERLAYABLE
   CODE SIZE        =    672    ----
   CONSTANT SIZE    =     26    ----
   XDATA SIZE       =     11    ----
   PDATA SIZE       =   ----    ----
   DATA SIZE        =   ----    ----
   IDATA SIZE       =   ----    ----
   BIT SIZE         =   ----    ----
END OF MODULE INFORMATION.


C51 COMPILATION COMPLETE.  0 WARNING(S),  0 ERROR(S)
