C51 COMPILER V9.59.0.0   UART1                                                             07/29/2020 18:57:36 PAGE 1   


C51 COMPILER V9.59.0.0, COMPILATION OF MODULE UART1
OBJECT MODULE PLACED IN .\Objects\uart1.obj
COMPILER INVOKED BY: D:\Keil_v5\C51\BIN\C51.EXE ..\hareware\uart1.c OPTIMIZE(8,SPEED) BROWSE INCDIR(..\HeadFile;..\harew
                    -are) DEBUG OBJECTEXTEND PRINT(.\Listings\uart1.lst) OBJECT(.\Objects\uart1.obj)

line level    source

   1          
   2          #include "WS51F6232.h"
   3          #include <stdio.h>
   4          #include "uart1.h"
   5          
   6          //=========================================================
   7          /* S1CON串口1控制寄存器 */
   8          #define SM11    0x80            /* 工作模式选择 */
   9          #define IE1     0x40            /* 中断使能， 1 有效 */
  10          #define SM21    0x20            /* 多机通信使能位， 1 有效 */
  11          #define REN1    0x10            /* 串行接收使能位， 1 有效 */
  12          #define TB81    0x08            /* 发送的第 9 位数据 */
  13          #define RB81    0x04            /* 接收的第 9 位数据 */
  14          #define TI1     0x02            /* 发送中断标志， 1 有效，写 0 清除 */
  15          #define RI1     0x01            /* 接收中断标志， 1 有效，写 0 清除 */
  16          
  17          unsigned char dat0;
  18          unsigned char Rx_flag=0,Tx_flag=0;
  19          
  20          void Uart1_Isr() interrupt 7
  21          {
  22   1          if(RI1 == (S1CON&RI1))     //如果接收到计算机发的数据
  23   1          {
  24   2              S1CON &= ~RI1;     //清除标志位
  25   2                      dat0 = S1BUF;
  26   2                      Rx_flag = 1;
  27   2          }
  28   1          if(TI1 == (S1CON&TI1))     
  29   1          {
  30   2              S1CON &= ~TI1;     //清除标志位      
  31   2              Tx_flag = 1;
  32   2          }
  33   1      }
  34          
  35          void UART1_write(signed char dat)
  36          {
  37   1          Tx_flag=0;
  38   1          S1BUF = dat;            //Send data to UART buffer
  39   1          while(!Tx_flag);
  40   1      }
  41          
  42          ///重定向c库函数printf到串口，重定向后可使用printf函数
  43          char putchar(char ch)
  44          {
  45   1          /* 发送一个字节数据到串口 */
  46   1          UART1_write((signed char) ch);
  47   1              
  48   1          return ch;
  49   1      }
  50          
  51          //-----------------------------------------------
  52          void Uart1Mode1(void)
  53          { 
  54   1              S1CON = SM11+IE1+REN1;  
C51 COMPILER V9.59.0.0   UART1                                                             07/29/2020 18:57:36 PAGE 2   

  55   1              ///8位异步模式(1), /中断使能, +SM21/多机通信使能位, /串行接收使能位, +TB81/第9位数据, +RB81/
  56   1      
  57   1              S1RELL = 972;
  58   1              S1RELH = 972>>8;        //9600
  59   1      }
  60          
  61              
  62           
  63              
  64             
  65              
  66          
  67          
  68          
  69          


MODULE INFORMATION:   STATIC OVERLAYABLE
   CODE SIZE        =     61    ----
   CONSTANT SIZE    =   ----    ----
   XDATA SIZE       =   ----    ----
   PDATA SIZE       =   ----    ----
   DATA SIZE        =      3    ----
   IDATA SIZE       =   ----    ----
   BIT SIZE         =   ----    ----
END OF MODULE INFORMATION.


C51 COMPILATION COMPLETE.  0 WARNING(S),  0 ERROR(S)
