C51 COMPILER V9.59.0.0   MAIN                                                              03/28/2022 11:54:13 PAGE 1   


C51 COMPILER V9.59.0.0, COMPILATION OF MODULE MAIN
OBJECT MODULE PLACED IN .\Objects\main.obj
COMPILER INVOKED BY: C:\Keil_v5\C51\BIN\C51.EXE main.c OPTIMIZE(8,SPEED) BROWSE INCDIR(..\headfile) DEBUG OBJECTEXTEND P
                    -RINT(.\Listings\main.lst) OBJECT(.\Objects\main.obj)

line level    source

   1          /*********************************************************
   2          *Copyright (C), 2020-2030, 深圳前海维晟智能技术有限公司
   3          *文件名:        adc唤醒.c
   4          *作  者:        
   5          *版  本:        
   6          *日  期:        
   7          *描  述:        
   8          *备  注:     
   9          **********************************************************/
  10          
  11          #include "WS51F6240.h"
  12          #include <stdio.h>
  13          #include "intrins.h"
  14          unsigned int i ;
  15          unsigned int adc_val = 0;
  16          
  17          unsigned char Rx_flag=0,Tx_flag=0;
  18          
  19          static void delay(int i)
  20          {
  21   1              long j;
  22   1              for(j=0;j<10*i;++j);
  23   1      }
  24          /*****************************************************
  25          *函数名称：void Uart1Mode0(void)
  26          *函数功能：9600波特率
  27          *入口参数：
  28          *出口参数：
  29          *****************************************************/
  30          void Uart1Mode0(void)
  31          {
  32   1              S1CON  = 0x80; 
  33   1              S1RELL = 972;
  34   1              S1RELH = 972>>8;
  35   1      }
  36          /*****************************************************
  37          *函数名称：void init_adc(void)
  38          *函数功能：
  39          *入口参数：
  40          *出口参数：
  41          *****************************************************/
  42          void init_adc(void)
  43          {
  44   1                ADCON = 0X00 + 0X40;
  45   1                      ADCFG = 0X73;
  46   1                      ADCHS = 0X01;
  47   1      
  48   1      }
  49          void UART1_write(signed char dat)
  50          {
  51   1          S1BUF = dat;            //Send data to UART buffer
  52   1          while(TI1 != (S1CON&TI1));
  53   1          //清TI1
  54   1          S1CON &= ~TI1;
C51 COMPILER V9.59.0.0   MAIN                                                              03/28/2022 11:54:13 PAGE 2   

  55   1      }
  56          
  57          ///重定向c库函数printf到串口，重定向后可使用printf函数
  58          char putchar(char ch)
  59          {
  60   1          /* 发送一个字节数据到串口 */
  61   1          UART1_write((signed char) ch);
  62   1              
  63   1          return ch;
  64   1      }
  65          /**************************************************************
  66          说明：打印结果为 IDLFL=0,IDLFH=2,STPF=0
  67          ***************************************************************/
  68          void main()
  69          {
  70   1              
  71   1              SCCON = 0x00;//HRC 
  72   1          HRCON |= 0x80;
  73   1              
  74   1                /***********************管脚配置*********************/
  75   1                P16F = 6;     //TX
  76   1                P10F = 5; //AIN1
  77   1              
  78   1              /********************** 串口选择*********************/
  79   1              Uart1Mode0();
  80   1          printf("RUN------\r\n");
  81   1              
  82   1          /********************** adc初始化*********************/
  83   1                      init_adc();
  84   1              
  85   1              while(1)
  86   1                      {
  87   2                                      ADCON |= 0X80;          
  88   2                              if((IDLFL == 0) && (IDLFH == 0))
  89   2      //              if(STPF == 0)
  90   2              {
  91   3                              printf("sleep\r\n");
  92   3                              _nop_();
  93   3                              _nop_();
  94   3                              
  95   3                              HRCON &= 0x7f;
  96   3                              LRCON &= 0x7f;                  
  97   3                              MECON |= 0X80;  //IDLE/STOP 模式下，Flash 进入睡眠模式
  98   3                              
  99   3                              /*************** 芯片进入休眠 **************/
 100   3                  PCON = 0X01;    //芯片进入 IDLE 模式
 101   3      //            PCON = 0X02;    //芯片进入 STOP 模式
 102   3                              _nop_();
 103   3                              _nop_();
 104   3                              _nop_();
 105   3                              _nop_();
 106   3                              //等待唤醒
 107   3                              printf("IDLFL=%bx,IDLFH=%bx,STPF=%bx\r\n",IDLFL,IDLFH,STPF);
 108   3                                              ADCON &=0XFE;
 109   3                              }
 110   2                      }
 111   1              }


MODULE INFORMATION:   STATIC OVERLAYABLE
   CODE SIZE        =    210    ----
   CONSTANT SIZE    =     51    ----
C51 COMPILER V9.59.0.0   MAIN                                                              03/28/2022 11:54:13 PAGE 3   

   XDATA SIZE       =   ----    ----
   PDATA SIZE       =   ----    ----
   DATA SIZE        =      6       6
   IDATA SIZE       =   ----    ----
   BIT SIZE         =   ----    ----
END OF MODULE INFORMATION.


C51 COMPILATION COMPLETE.  0 WARNING(S),  0 ERROR(S)
