C51 COMPILER V9.59.0.0   MAIN                                                              07/26/2021 16:10:17 PAGE 1   


C51 COMPILER V9.59.0.0, COMPILATION OF MODULE MAIN
OBJECT MODULE PLACED IN .\Objects\main.obj
COMPILER INVOKED BY: C:\Keil_v5\C51\BIN\C51.EXE main.c OPTIMIZE(8,SPEED) BROWSE INCDIR(..\headlife;..\headfile) DEBUG OB
                    -JECTEXTEND PRINT(.\Listings\main.lst) OBJECT(.\Objects\main.obj)

line level    source

   1          
   2          
   3          #include "WS51F6240.h"
   4          #include <stdio.h>
   5          
   6          static void delay_1ms(void)
   7          {
   8   1              int j;
   9   1              for(j=0;j<1700;++j);
  10   1      }
  11          
  12          static void delay(int i)
  13          {
  14   1              long j;
  15   1              for(j=0;j<10*i;++j);
  16   1      }
  17          
  18          void UART1_write(signed char dat)
  19          {
  20   1          S1BUF = dat;            //Send data to UART buffer
  21   1          while(TI1 != (S1CON&TI1));
  22   1          //清TI1
  23   1          S1CON &= ~TI1;
  24   1      }
  25          
  26          ///重定向c库函数printf到串口，重定向后可使用printf函数
  27          char putchar(char ch)
  28          {
  29   1          /* 发送一个字节数据到串口 */
  30   1          UART1_write((signed char) ch);
  31   1              
  32   1          return ch;
  33   1      }
  34          
  35          /*****************************************************
  36          *函数名称：void Uart1Mode1(void)
  37          *函数功能：9600波特率
  38          *入口参数：
  39          *出口参数：
  40          *****************************************************/
  41          void Uart1Mode1(void)
  42          {
  43   1              S1CON = 0x80;   ///8位异步模式(1), +0x10/中断使能, +0x20/多机通信使能位, +0x40/串行接收使能位
  44   1              S1RELL = 972;
  45   1              S1RELH = 972>>8;
  46   1      }
  47          
  48          //=========================================================
  49          /* SPI接口 寄存器SPCON (A5H) 不可位寻址 */
  50          #define SPEN    0x80       /* SPI 模块使能位 */
  51          #define LSBF    0x40       /* 高低位优先          0: 高位先发 */
  52          #define SSIG    0x20       /* SPI_CS 引脚无效控制位，默认为 0，此时 SPI_CS 信号有效 */
  53          #define MSTR    0x10       /* 主机/从机选择位 0：从机 */
  54          #define CPOL    0x08       /* 时钟极性选择位  0: 默认情况下时钟为低 */
C51 COMPILER V9.59.0.0   MAIN                                                              07/26/2021 16:10:17 PAGE 2   

  55          #define CPHA    0x04       /* 时钟相位选择位  0: 第一个边沿 */
  56          #define CKOS    0x02       /* SPI 输出时钟选择位(0123) 
  57                                      * 0_4M    1_666.6k    2_6.67K    3_80k   
  58                                      */
  59          //-----------------------------------------------
  60          #define SPI_CS_LOW()    P15 = 0;
  61          #define SPI_CS_HIGH()   P15 = 1;
  62          #define KEY_IO  P11
  63          
  64          /*****************************************************
  65          *函数名称：void SPI_Init(void)
  66          *函数功能：SPI_FLASH初始化 作为主机
  67          *入口参数：
  68          *出口参数：
  69          *****************************************************/
  70          void SPI_Init(void)
  71          {
  72   1              /* 停止信号 FLASH: CS引脚高电平*/
  73   1          SPI_CS_HIGH();  //P13 = 1
  74   1              
  75   1              /* SPI 模式配置 */
  76   1              // FLASH芯片 支持SPI模式0及模式3，据此设置CPOL CPHA
  77   1          SPCON=SPEN+MSTR+CPOL+CKOS;//
  78   1              // 使能、+LSBF/高低位优先、+SSIG/SPI_CS、从主模式、/极性、+CPHA/相位、/输出时钟
  79   1                      SPFLG = 0;      //+0x80/中断使能位, +0x40/单数据线模式选择位
  80   1      }
  81          
  82          /**
  83          * @brief  使用SPI发送一个字节的数据
  84          * @param  byte：要发送的数据
  85          * @retval 返回接收到的数据
  86          */
  87          u8 SPI_SendByte(u8 byte)
  88          {
  89   1              u8 rDat;
  90   1        
  91   1              /* 写入数据寄存器，把要写入的数据写入发送缓冲区 */
  92   1          while((SPFLG & 0x04) == 0x04);//写入冲突标志位
  93   1          SPDAT = byte;
  94   1      
  95   1          //transfer finish
  96   1          while((SPFLG & 0x01) == 0); 
  97   1          SPFLG &= 0xfe;
  98   1          
  99   1              /* 读取数据寄存器，获取接收缓冲区数据 */
 100   1          rDat = SPDAT;
 101   1              return rDat;
 102   1      }
 103          
 104          /**
 105          * @brief  使用SPI读取一个字节的数据
 106          * @param  无
 107          * @retval 返回接收到的数据
 108          */
 109          u8 SPI_ReadByte(void)
 110          {
 111   1        return (SPI_SendByte(0xFF));
 112   1      }
 113          
 114          /*****************************************************
 115          * 中断服务函数
 116          *****************************************************/
C51 COMPILER V9.59.0.0   MAIN                                                              07/26/2021 16:10:17 PAGE 3   

 117          void spi_irs(void) interrupt 8
 118          {
 119   1      //      // 数据传输完成标志位
 120   1      //      if(0x01 == (SPFLG & 0x01))
 121   1      //      {
 122   1      //              SPFLG &= 0xfe;
 123   1      //      }
 124   1              
 125   1      //      // 故障模式标志位
 126   1      //      if(0x02 == (SPFLG & 0x02))
 127   1      //      {
 128   1      //              SPFLG &= 0xfd;
 129   1      //      }
 130   1      //      P10 = ~P10;
 131   1      }
 132          
 133          void WS51_TestSlave(u8 Temp[10])
 134          {        
 135   1              u8 i=0; 
 136   1              SPI_CS_LOW();           /* 通讯开始：CS低 */
 137   1              for(i=0;i<10;++i)       
 138   1              {       
 139   2                      
 140   2                      SPI_CS_LOW();           /* 通讯开始：CS低 */
 141   2                      Temp[i] = SPI_SendByte(i);      //只发送1个字节 
 142   2                      SPI_CS_HIGH();  /* 通讯结束：CS高 */
 143   2                      delay_1ms();    
 144   2              }       
 145   1              SPI_CS_HIGH();  /* 通讯结束：CS高 */
 146   1      }   
 147          
 148          /**************************************************************
 149          说明：主机发送；操作-按按键P11，发送一次SPI数据
 150          ***************************************************************/
 151          void main()
 152          {
 153   1          unsigned char i,rDat[10]={0};
 154   1          SCCON = 0x00;//HRC   
 155   1                      HRCON |= 0x80;
 156   1                      delay_1ms();
 157   1              
 158   1              
 159   1          /*************** UART1 模式1（波特率：9600）****************/
 160   1      //              P02F=6;//UART1_RX
 161   1                      P16F=6;//UART1_TX
 162   1                      Uart1Mode1();   
 163   1          printf("RUN------\r\n");
 164   1      
 165   1                      // 定时器1溢出率，可用于配置spi----时钟
 166   1                      TH1=256-100;    //spi----6.67K
 167   1          TMOD = 0x20;        //模式，+0x40计数定时选择，+0x80门控选择
 168   1          TR1 = 1;            //开始运行//timer1 start running 
 169   1      
 170   1                      // 定时器2溢出率，可用于配置spi----时钟
 171   1          T2CH = (65536-100)>>8;
 172   1          T2CL = (65536-100); //spi---80k
 173   1          TL2 = T2CL;
 174   1          TH2 = T2CH;    
 175   1          T2MOD = 0;          //重载模式0,+0x80开中断使能,+0x4/T2边沿选择,+0x08/T2EX边沿选择
 176   1          T2CON = 0x04;       //启动模块,+0x08/T2EX使能,+0x02/计数定时选择,+0x1/抓取功能,     
 177   1      
 178   1          /*********************** 管脚配置 *************************/                
C51 COMPILER V9.59.0.0   MAIN                                                              07/26/2021 16:10:17 PAGE 4   

 179   1                      P15F = 0x02;  //CS----R2
 180   1                      P00F = 0x05;  //MOSI--Y1
 181   1                      P01F = 0x05;  //MISO--W1
 182   1                      P10F = 0x05;  //SCK---Y2        
 183   1                      
 184   1                      P13     =1;
 185   1          /********************* SPI_FLASH_Init *********************/        
 186   1                      SPI_Init();
 187   1      
 188   1          /********************** 中断使能 **************************/
 189   1      //      EINT5 = 1;              /* INT5 中断使能控制位，用于 ADC/SPI/SCM/EP3 中断 */
 190   1      //      EA=1;
 191   1              
 192   1      //      P10F = 2;               //用于查看中断标志，翻转IO
 193   1              P11F = 0x81;    //上拉输入 按键
 194   1              while(1)
 195   1              {
 196   2      //              if(KEY_IO==0)
 197   2      //              {
 198   2      //                      delay(137);     //延时10ms
 199   2      //                      if(KEY_IO==0)
 200   2      //                      {       
 201   2      //                              while(KEY_IO==0);
 202   2                                      //send+recive
 203   2                                      WS51_TestSlave(rDat);
 204   2                                      
 205   2                                      for(i=0;i<10;i++)
 206   2                                      printf("%2bx ",rDat[i]);     
 207   2                                      printf("\r\n");
 208   2                                      delay(1000);
 209   2      //                      }
 210   2      //              }
 211   2              }
 212   1      
 213   1      }
 214          
 215              
 216           
 217              
 218             
 219              
 220          
 221          
 222          
 223          


MODULE INFORMATION:   STATIC OVERLAYABLE
   CODE SIZE        =    367    ----
   CONSTANT SIZE    =     31    ----
   XDATA SIZE       =   ----    ----
   PDATA SIZE       =   ----    ----
   DATA SIZE        =   ----      20
   IDATA SIZE       =   ----    ----
   BIT SIZE         =   ----    ----
END OF MODULE INFORMATION.


C51 COMPILATION COMPLETE.  0 WARNING(S),  0 ERROR(S)
