C51 COMPILER V9.59.0.0   GPIO                                                              08/09/2019 15:17:00 PAGE 1   


C51 COMPILER V9.59.0.0, COMPILATION OF MODULE GPIO
OBJECT MODULE PLACED IN .\Objects\GPIO.obj
COMPILER INVOKED BY: C:\Keil_v5\C51\C51\BIN\C51.EXE hareware\GPIO.c OPTIMIZE(8,SPEED) BROWSE INCDIR(.\hareware) DEBUG OB
                    -JECTEXTEND PRINT(.\Listings\GPIO.lst) OBJECT(.\Objects\GPIO.obj)

line level    source

   1          
   2          /*************  묘콘綱츠        **************
   3          ******************************************/
   4          
   5          #include        "GPIO.h"
   6          
   7          //========================================================================
   8          // 변鑒: void GPIO_Init()
   9          // 췄甘: 놓迦뺏IO왯..
  10          // 럿쀼: 
  11          // 경굶: V1.0, 2012-10-22
  12          //========================================================================
  13          void GPIO_Init(void)
  14          {
  15   1          //==================놓迦뺏IO=======================================
  16   1          PnxF_Config(P00F, PnxS_Output_Type2, PnxOPR_Disable, PnxPUS_Close); //PIN_Y1
  17   1              PnxF_Config(P01F, PnxS_Output_Type2, PnxOPR_Disable, PnxPUS_Close); //PIN_W1
  18   1              PnxF_Config(P02F, PnxS_Output_Type2, PnxOPR_Disable, PnxPUS_Close); //PIN_V1
  19   1              PnxF_Config(P03F, PnxS_Output_Type2, PnxOPR_Disable, PnxPUS_Close); //PIN_U1
  20   1              PnxF_Config(P04F, PnxS_Output_Type2, PnxOPR_Disable, PnxPUS_Close); //PIN_T4
  21   1              PnxF_Config(P05F, PnxS_Output_Type2, PnxOPR_Disable, PnxPUS_Close); //PIN_T4
  22   1              PnxF_Config(P06F, PnxS_Output_Type2, PnxOPR_Disable, PnxPUS_Close); //PIN_T4
  23   1              PnxF_Config(P07F, PnxS_Output_Type2, PnxOPR_Disable, PnxPUS_Close); //PIN_T4  
  24   1      
  25   1      //    //===================================================================================    
  26   1      //    PnxF_Config(P00F, PnxS_Input_Type1, PnxOPR_Disable, PnxPUS_Pullup_10k); //PIN_Y1
  27   1      //      PnxF_Config(P01F, PnxS_Output_Type2, PnxOPR_Disable, PnxPUS_Close); //PIN_W1
  28   1      //      PnxF_Config(P02F, PnxS_Output_Type2, PnxOPR_Disable, PnxPUS_Close); //PIN_V1
  29   1      //      PnxF_Config(P03F, PnxS_Output_Type2, PnxOPR_Disable, PnxPUS_Close); //PIN_U1
  30   1      //      PnxF_Config(P04F, PnxS_Output_Type2, PnxOPR_Disable, PnxPUS_Close); //PIN_T4
  31   1      //      PnxF_Config(P05F, PnxS_Output_Type2, PnxOPR_Disable, PnxPUS_Close); //PIN_T4
  32   1      //      PnxF_Config(P06F, PnxS_Output_Type2, PnxOPR_Disable, PnxPUS_Close); //PIN_T4
  33   1      //      PnxF_Config(P07F, PnxS_Output_Type2, PnxOPR_Disable, PnxPUS_Close); //PIN_T4     
  34   1      //    P0 = 0xff;
  35   1      }
  36          
  37          
  38          
  39          
  40          
  41          
  42          
  43          
  44          
  45          
  46          
  47          
  48          
  49          
  50          
  51          
  52          
  53          
  54          
C51 COMPILER V9.59.0.0   GPIO                                                              08/09/2019 15:17:00 PAGE 2   

  55          
  56          
  57          
  58          
  59          
  60          
  61          
  62          


MODULE INFORMATION:   STATIC OVERLAYABLE
   CODE SIZE        =     21    ----
   CONSTANT SIZE    =   ----    ----
   XDATA SIZE       =   ----    ----
   PDATA SIZE       =   ----    ----
   DATA SIZE        =   ----    ----
   IDATA SIZE       =   ----    ----
   BIT SIZE         =   ----    ----
END OF MODULE INFORMATION.


C51 COMPILATION COMPLETE.  0 WARNING(S),  0 ERROR(S)
