C51 COMPILER V9.59.0.0   KEY                                                               08/09/2019 15:25:58 PAGE 1   


C51 COMPILER V9.59.0.0, COMPILATION OF MODULE KEY
OBJECT MODULE PLACED IN .\Objects\key.obj
COMPILER INVOKED BY: C:\Keil_v5\C51\C51\BIN\C51.EXE hareware\key.c OPTIMIZE(8,SPEED) BROWSE INCDIR(.\hareware) DEBUG OBJ
                    -ECTEXTEND PRINT(.\Listings\key.lst) OBJECT(.\Objects\key.obj)

line level    source

   1          #include "key.h"
   2          #include "GPIO.h" 
   3          
   4          
   5          
   6          void delay_ms(unsigned int i)
   7          {
   8   1              unsigned long j=0;
   9   1                      for(j=0;j<(i*10);++j);
  10   1      }
  11          
  12          
  13            
  14              
  15              
  16              
  17              
  18              
  19              
  20              
  21              
  22              
  23              
  24              


MODULE INFORMATION:   STATIC OVERLAYABLE
   CODE SIZE        =     72    ----
   CONSTANT SIZE    =   ----    ----
   XDATA SIZE       =   ----    ----
   PDATA SIZE       =   ----    ----
   DATA SIZE        =   ----       6
   IDATA SIZE       =   ----    ----
   BIT SIZE         =   ----    ----
END OF MODULE INFORMATION.


C51 COMPILATION COMPLETE.  0 WARNING(S),  0 ERROR(S)
