C51 COMPILER V9.59.0.0   MAIN                                                              02/10/2022 13:47:58 PAGE 1   


C51 COMPILER V9.59.0.0, COMPILATION OF MODULE MAIN
OBJECT MODULE PLACED IN .\Objects\main.obj
COMPILER INVOKED BY: C:\Keil_v5\C51\BIN\C51.EXE main.c OPTIMIZE(8,SPEED) BROWSE INCDIR(..\headfile) DEBUG OBJECTEXTEND P
                    -RINT(.\Listings\main.lst) OBJECT(.\Objects\main.obj)

line level    source

   1          /*********************************************************
   2          *Copyright (C), 2020-2030, 深圳前海维晟智能技术有限公司
   3          *文件名:        timer唤醒.c
   4          *作  者:        
   5          *版  本:        
   6          *日  期:        
   7          *描  述:        
   8          *备  注:     
   9          **********************************************************/
  10          #include "WS51F6240.h"
  11          #include "intrins.h"
  12          #include <stdio.h>
  13          
  14          static void delay_1ms(void)
  15          {
  16   1              int j;
  17   1              for(j=0;j<1700;++j);
  18   1      }
  19          
  20          static void delay(int i)
  21          {
  22   1              long j;
  23   1              for(j=0;j<10*i;++j);
  24   1      }
  25          //=========================================================
  26          /* S1CON串口1控制寄存器 */
  27          #define SM11    0x80            /* 工作模式选择 */
  28          #define IE1     0x40            /* 中断使能， 1 有效 */
  29          #define SM21    0x20            /* 多机通信使能位， 1 有效 */
  30          #define REN1    0x10            /* 串行接收使能位， 1 有效 */
  31          #define TB81    0x08            /* 发送的第 9 位数据 */
  32          #define RB81    0x04            /* 接收的第 9 位数据 */
  33          #define TI1     0x02            /* 发送中断标志， 1 有效，写 0 清除 */
  34          #define RI1     0x01            /* 接收中断标志， 1 有效，写 0 清除 */
  35          
  36          void UART1_write(signed char dat)
  37          {
  38   1          S1BUF = dat;            //Send data to UART buffer
  39   1          while(TI1 != (S1CON&TI1));
  40   1          //清TI1
  41   1          S1CON &= ~TI1;
  42   1      }
  43          
  44          ///重定向c库函数printf到串口，重定向后可使用printf函数
  45          char putchar(char ch)
  46          {
  47   1          /* 发送一个字节数据到串口 */
  48   1          UART1_write((signed char) ch);
  49   1              
  50   1          return ch;
  51   1      }
  52          
  53          /*****************************************************
  54          * 中断服务函数
C51 COMPILER V9.59.0.0   MAIN                                                              02/10/2022 13:47:58 PAGE 2   

  55          *****************************************************/
  56          void Timer0_isr (void) interrupt 1  
  57          {
  58   1      //    P17=~P17; 
  59   1          /* set timer0 as mode0 (13-bit) */
  60   1          TL0 = (65536-1334) & 0x1F;       //initial timer0 low byte
  61   1          TH0 = (65536-1334) >> 5;         //initial timer0 high byte 
  62   1                P11=~P11;
  63   1      }
  64          void Timer1_isr (void) interrupt 3  
  65          {
  66   1                TL1 = (65536-1334) & 0x1F;              //initial timer0 low byte
  67   1          TH1 = (65536-1334) >> 5;         //initial timer0 high byte
  68   1                P11=~P11;
  69   1      }
  70          
  71          void Timer2_isr (void) interrupt 5  
  72          {
  73   1          /* 请标志 */
  74   1          T2CON &= 0x7f;
  75   1                P11=~P11;
  76   1      }
  77          
  78          
  79          #define TF3     0X80            /* 定时器 3 溢出中断  标志 */
  80          void timer3_isr (void) interrupt 7
  81          { 
  82   1          if(TF3 == (T3CON&TF3))      //溢出中断标志
  83   1          {
  84   2              //淸中断
  85   2              T3CON &= ~TF3;
  86   2              P11 = ~P11;
  87   2          }
  88   1      }
  89          
  90          
  91          /*****************************************************
  92          *函数名称：void Timer0Mode(void)
  93          *函数功能：Timer0初始化配置
  94          *入口参数：
  95          *出口参数：
  96          *****************************************************/
  97          void Timer0Mode(void)
  98          {
  99   1              //工作模式0：13 位定时器，计满6.144ms(13bit)
 100   1          TL0 = (8192-1334) & 0x1F;       //low 5bit
 101   1          TH0 = (8192-1334) >> 5;         //high 8bit
 102   1          TMOD = 0x00;  //模式0，+0x04计数定时选择，+0x08门控选择
 103   1      }
 104          
 105          /*****************************************************
 106          *函数名称：void Timer1Mode(void)
 107          *函数功能：Timer1初始化配置
 108          *入口参数：
 109          *出口参数：
 110          *****************************************************/
 111          void Timer1Mode(void)
 112          {
 113   1              //工作模式0：13 位定时器，计满6.144ms(13bit)
 114   1          TL1 = (8192-1334) & 0x1F;       //low 5bit
 115   1          TH1 = (8192-1334) >> 5;         //high 8bit
 116   1          TMOD = 0x00;  //模式，+0x40计数定时选择，+0x80门控选择
C51 COMPILER V9.59.0.0   MAIN                                                              02/10/2022 13:47:58 PAGE 3   

 117   1      }
 118          /*****************************************************
 119          *函数名称：void Timer2Mode0(void)
 120          *函数功能：重载模式0: 可选 T2EX 边沿触发重载
 121          *入口参数：
 122          *出口参数：
 123          *****************************************************/
 124          void Timer2Mode0(void)
 125          {
 126   1              /* 定时器2：重载模式0 */
 127   1              //（重载模式A）只有计溢出才能触发重载,计满4.096ms(16bit)
 128   1              //（重载模式A1）T2EX 边沿和计溢出时将触发重载,计满4.096ms(16bit)
 129   1          T2CH = 0x0;
 130   1          T2CL = 0x0;
 131   1          TL2 = T2CL;
 132   1          TH2 = T2CH;
 133   1          
 134   1          T2MOD = 0+0x80;//重载模式0,开中断使能,+0x4/T2边沿选择,+0x08/T2EX边沿选择
 135   1          T2CON = 0x04;//启动模块,+0x08/T2EX使能,+0x02/计数定时选择,+0x1/抓取功能,    
 136   1      }
 137          /*****************************************************
 138          *函数名称：void Timer3OverloadMode0(void)
 139          *函数功能：定时器3模式0：自动重载模式
 140          *入口参数：
 141          *出口参数：
 142          *****************************************************/
 143          void Timer3OverloadMode0(void)
 144          {
 145   1              /* 定时器3模式2：重载模式 */    
 146   1              TL3 = 0;
 147   1              TH3 = 0;
 148   1              T3RL = 0;       //重载值  ---测试  ok
 149   1              T3RH = 0;       
 150   1                                              
 151   1              T3MOD = 0x00+0x80+0x40+0x04;    
 152   1              //T3EX重载模式, /开中断使能ok,/T3EX触发中断使能,+0x20/抓取比较中断使能,
 153   1              ///T3EX边沿选择, +0x02/T3I边沿选择, +0x01/时钟输出使能
 154   1              T3CON = 0+0x04; 
 155   1              //+0x00,+0x08,+0x10,+0x18/时钟源选择ok, /启动模块, +0x02/抓取功能使能, +0x01/抓取|比较选择
 156   1      }
 157          /*****************************************************
 158          *函数名称：void Uart1Mode0(void)
 159          *函数功能：9600波特率
 160          *入口参数：
 161          *出口参数：
 162          *****************************************************/
 163          void Uart1Mode0(void)
 164          {
 165   1              S1CON  = 0x80; 
 166   1              S1RELL = 972;
 167   1              S1RELH = 972>>8;
 168   1      }
 169          /******************************************************************
 170          说明：打印结果为 IDLFL=0,IDLFH=?,STPF=0
 171          *******************************************************************/
 172          void main()
 173          {
 174   1          
 175   1           SCCON = 0x00;//HRC
 176   1               HRCON |= 0x80;
 177   1              
 178   1              
C51 COMPILER V9.59.0.0   MAIN                                                              02/10/2022 13:47:58 PAGE 4   

 179   1                  /*********************管脚配置 *********************/
 180   1                 P10F=2;
 181   1                 P11F=2;
 182   1                 P12F=2;   
 183   1                 P02F = 6;//UART1_RX
 184   1                 P16F = 6;//UART1_TX
 185   1              
 186   1                      /********************** 串口选择*********************/
 187   1               Uart1Mode0();
 188   1           printf("RUN------\r\n");
 189   1              
 190   1          /********************* Timer0配置函数************************/
 191   1      //        Timer0Mode();
 192   1      //    ET0 = 1;  //允许中断
 193   1      //    TR0 = 1;  //开始运行//timer0 start running 
 194   1              
 195   1          /********************* Timer1配置函数************************/  
 196   1      //        Timer1Mode();
 197   1      //    ET1 = 1;  //允许中断
 198   1      //    TR1 = 1;  //开始运行//timer0 start running 
 199   1              
 200   1          /********************* Timer2配置函数************************/  
 201   1      //        Timer2Mode0();
 202   1      //    EINT2 = 1;        /* 用于 IIC/Timer2/PWM/EP0 中断 */
 203   1              
 204   1          /********************* Timer3配置函数************************/  
 205   1                 Timer3OverloadMode0();
 206   1               EINT4 = 1;     /* INT4 使能控制位，用于 UART1/Timer3/EP2 中断 */       
 207   1      
 208   1        while(1)
 209   1          {   
 210   2                      T2CON &= 0x7f;
 211   2                      TF0 = 0;
 212   2                      TF1 = 0;
 213   2                      T3CON &= ~TF3;  //清标志
 214   2                      
 215   2                      if((IDLFL == 0) && (IDLFH == 0))
 216   2      //              if(STPF == 0)
 217   2              {
 218   3                  P12=~P12;
 219   3                              _nop_();
 220   3                              _nop_();
 221   3                  P12=~P12;
 222   3                              printf("sleep\r\n");
 223   3      
 224   3                              HRCON &= 0x7f;
 225   3                              LRCON &= 0x7f;                  
 226   3                              MECON |= 0X80;  //IDLE/STOP 模式下，Flash 进入睡眠模式
 227   3                              
 228   3                              /*************** 芯片进入休眠 **************/
 229   3                              PCON |= 1;//idle
 230   3      //        PCON |= 0X02;    //芯片进入 STOP 模式
 231   3                              _nop_();
 232   3                              _nop_();
 233   3                              _nop_();
 234   3                              _nop_();
 235   3                              //等待唤醒
 236   3                              printf("IDLFL=%bx,IDLFH=%bx,STPF=%bx\r\n",IDLFL,IDLFH,STPF);
 237   3                              
 238   3              }
 239   2                      
 240   2          }
C51 COMPILER V9.59.0.0   MAIN                                                              02/10/2022 13:47:58 PAGE 5   

 241   1      }
 242          
 243              
 244           
 245              
 246             
 247              
 248          
 249          
 250          
 251          


MODULE INFORMATION:   STATIC OVERLAYABLE
   CODE SIZE        =    330    ----
   CONSTANT SIZE    =     51    ----
   XDATA SIZE       =   ----    ----
   PDATA SIZE       =   ----    ----
   DATA SIZE        =   ----       6
   IDATA SIZE       =   ----    ----
   BIT SIZE         =   ----    ----
END OF MODULE INFORMATION.


C51 COMPILATION COMPLETE.  0 WARNING(S),  0 ERROR(S)
