C51 COMPILER V9.59.0.0   MAIN                                                              07/26/2021 15:43:35 PAGE 1   


C51 COMPILER V9.59.0.0, COMPILATION OF MODULE MAIN
OBJECT MODULE PLACED IN .\Objects\main.obj
COMPILER INVOKED BY: C:\Keil_v5\C51\BIN\C51.EXE main.c OPTIMIZE(8,SPEED) BROWSE INCDIR(..\headfile) DEBUG OBJECTEXTEND P
                    -RINT(.\Listings\main.lst) OBJECT(.\Objects\main.obj)

line level    source

   1          /*********************************************************
   2          *Copyright (C), 2020-2030, 深圳前海维晟智能技术有限公司
   3          *文件名:        timer1.c
   4          *作  者:        
   5          *版  本:        
   6          *日  期:        
   7          *描  述:        
   8          *备  注:     
   9          **********************************************************/
  10          #include "WS51F6240.h"  
  11          
  12          /* 
  13          * timer0和timer1, 进入中断函数会自动清标志
  14          * Timer0: 模式选择
  15          *                       (1).模式0: 定时器 0 作为 13 位定时器/计数器
  16          *               (2).模式1: 定时器 0 作为 16 位定时器/计数器
  17          *               (3).模式2: 定时器 0 作为 8 位自动重载定时器/计数器
  18          *               (4).模式3: TL0 和 TH0 作为两个独立的 8 位定时器/计数器
  19          * Timer1: 模式选择
  20          *                       (1).模式0: 定时器 1 作为 13 位定时器/计数器
  21          *               (2).模式1: 定时器 1 作为 16 位定时器/计数器
  22          *               (3).模式2: 定时器 1 作为 8 位自动重载定时器/计数器
  23          *               (4).模式3: 此模式下，TH1、TL1 会被锁住，等效于 TR1=0。
  24          * Timer0/1: 管脚配置
  25          *               (1).计数功能, 管脚T0(P05)设置为输入(P05F = 0x1;)
  26          *               (2).计数功能, 管脚T1(P00)设置为输入(P00F = 0x1;)
  27          
  28                          定时时间 = ((最大计数值-初始值)*12*1000*1000) / 晶振频率
  29                          初始值   =  定时时间*晶振频率/分频系数
  30                          晶振频率(16*1000*1000 或 32*1000)
  31          */
  32          
  33          
  34          static void delay_1ms(void)
  35          {
  36   1              int j;
  37   1              for(j=0;j<1700;++j);
  38   1      }
  39          
  40          static void delay_10ms(void)
  41          {
  42   1              int j;
  43   1              for(j=0;j<17700;++j);
  44   1      }
  45          
  46          /*****************************************************
  47          *函数名称：void init_timer1(void)
  48          *函数功能：Timer1初始化配置
  49          *入口参数：
  50          *出口参数：
  51          *****************************************************/
  52          void init_timer1(void)
  53          {       
  54   1              //工作模式0：13 位定时器/计数器，计满6.1440ms(13bit)
C51 COMPILER V9.59.0.0   MAIN                                                              07/26/2021 15:43:35 PAGE 2   

  55   1          TL1 = (8192-1334) & 0x1F;       //初始值低字节，TL1 的高 3 位是无效的
  56   1          TH1 = (8192-1334) >> 5;         //初始值高字节(1ms@16MHz)
  57   1          TMOD = 0x00;                          //定时器,时钟为系统时钟 12 分频 
  58   1              
  59   1              //工作模式1：16 位定时器，计满49.152ms(16bit)
  60   1      //    TL1 = (65536-1334);       
  61   1      //    TH1 = (65536-1334) >> 8;      
  62   1      //    TMOD = 0x10;                                                              //模式，+0x40计数定时选择，+0x08门控选择
  63   1      
  64   1              //工作模式2：8 位自动重载定时器，计满0.19125ms(8bit)
  65   1      //    TH1 = 0;       
  66   1      //    TL1 = 256-134 ;                                                   //重载值为(256-134); 定时100us  
  67   1      //    TMOD = 0x20;
  68   1      
  69   1              //工作模式3：2个 8 位定时器 TR1=0;
  70   1      //    TL1 = 0;       
  71   1      //    TH1 = 0;      
  72   1      //    TMOD = 0x30;                                                              //模式，+0x40计数定时选择，+0x08门控选择
  73   1                                                                      
  74   1          ET1 = 1;    //开中断 定时器 1 中断使能控制位
  75   1          EA = 1;             //总中断
  76   1          TR1 = 1;    //启动定时器
  77   1      }
  78          
  79          
  80          /*****************************************************
  81          * 中断服务函数
  82          *****************************************************/
  83          void timer1_isr (void) interrupt 3  
  84          {
  85   1          /* set timer1 as mode0 (13-bit) */
  86   1          TL1 = (8192-1334) & 0x1F;       //初始值低字节，TL0 的高 3 位是无效的
  87   1          TH1 = (8192-1334) >> 5;         //初始值高字节(1ms@16MHz)
  88   1              
  89   1              /* 工作模式1：16 位定时器 */
  90   1      //    TL1 = (65536-1334);       
  91   1      //    TH1 = (65536-1334) >> 8;  
  92   1      //      
  93   1              /* 工作模式2：8 位自动重载定时器,重载寄存器 TH1 */  
  94   1      //        TH1 = 0;       
  95   1      //    TL1 = 256-134;    //重载值为(256-134); 定时100us
  96   1              
  97   1              /* 工作模式3：两个 8 位定时器(TL1,TH1) */
  98   1      //    TL1 = 0; 
  99   1              
 100   1                  P10 = ~P10;
 101   1      }
 102          
 103          
 104          /**************************************************************
 105          说明：例程校准好时钟，工作模式0/1定时约为1ms，工作模式2定时约为100us,
 106                                                                                                  工作模式3 TR1=0
 107          ***************************************************************/
 108          void main()
 109          {    
 110   1          SCCON = 0x00;//HRC  
 111   1                      HRCON |= 0x80;  
 112   1              
 113   1          /**************** 管脚配置 ****************/
 114   1                P10F = 0x82;    //推挽输出 Timer1中断
 115   1                P00F = 0x81;    //计数功能, 管脚T1(P00)
 116   1                      
C51 COMPILER V9.59.0.0   MAIN                                                              07/26/2021 15:43:35 PAGE 3   

 117   1                /************* Timer1初始化配置 *************/
 118   1                init_timer1();
 119   1      
 120   1          while(1);
 121   1      }  
 122              


MODULE INFORMATION:   STATIC OVERLAYABLE
   CODE SIZE        =     77    ----
   CONSTANT SIZE    =   ----    ----
   XDATA SIZE       =   ----    ----
   PDATA SIZE       =   ----    ----
   DATA SIZE        =   ----    ----
   IDATA SIZE       =   ----    ----
   BIT SIZE         =   ----    ----
END OF MODULE INFORMATION.


C51 COMPILATION COMPLETE.  0 WARNING(S),  0 ERROR(S)
