C51 COMPILER V9.59.0.0   MAIN                                                              02/10/2022 11:08:45 PAGE 1   


C51 COMPILER V9.59.0.0, COMPILATION OF MODULE MAIN
OBJECT MODULE PLACED IN .\Objects\main.obj
COMPILER INVOKED BY: C:\Keil_v5\C51\BIN\C51.EXE main.c OPTIMIZE(8,SPEED) BROWSE INCDIR(..\headfile) DEBUG OBJECTEXTEND P
                    -RINT(.\Listings\main.lst) OBJECT(.\Objects\main.obj)

line level    source

   1          /*********************************************************
   2          *Copyright (C), 2020-2030, ЩюлкЧАКЃЮЌъЩжЧФмММЪѕгаЯоЙЋЫО
   3          *ЮФМўУћ:        timer3.c
   4          *зї  еп:        
   5          *Ац  БО:        
   6          *Ше  Цк:        
   7          *Уш  Ъі:        
   8          *БИ  зЂ:     
   9          **********************************************************/
  10          #include "WS51F6240.h"
  11          #include <stdio.h>
  12          
  13          /* зЂ:
  14           * Timer3: ФЃЪНбЁдё
  15           *              (1).жидиФЃЪН: ЖЈЪБЦї 3 ЪЧздЖЏжидиЯђЩЯМЦЪ§ЕФЃЌдкМЦЪ§вчГіЛђДгЛњЙІФмжабЁдёжидиФЃЪНгЩ T3EX ДЅЗЂЪБЃЌНјаагВМ
             -ўздЖЏжи
  16           *                              диЃЌШэМўПЩжБНгИФаД T3L КЭ T3H ЮЊжидижЕНјааШэМўжидиЁЃ
  17           *              (2).зЅШЁФЃЪН: ЩшжУ EXCE3 КЭ CPCM3 ЮЊ 1 бЁдёзЅШЁЙІФмЁЃгЩ T3XPS бЁдё T3EX ЩЯбиЛђЯТбиДЅЗЂзЅШЁВйзїЁЃШэМўа
             -ДШыМФДцЦї
  18           *                              T2CL вВПЩвдДЅЗЂвЛДЮзЅШЁВйзїЁЃ
  19           *              (3).БШНЯКЭЪБжгЪфГі: ЩшжУCPCM3ЮЊ0бЁдёБШНЯЙІФмЁЃЕБМЦЪ§жЕTL3КЭTH3ЕФжЕКЭМФДцЦїT3CLКЭT3CHЕФжЕЯрЕШЪБЃЌВњЩњж
             -аЖЯTCF3ЁЃ
  20           *                              T3OE жУ 1 бЁдё T3I ЪфГіЪБжгКѓЃК
  21           *                              ШчЙћ CPCM3 ЮЊ 1ЃЌдђЪфГіВЈаЮМЦЪ§жЕЕШгкБШНЯжЕЪБжУ 1ЃЌдкМЦЪ§вчГіЪБЧхСуЃЛ
  22           *                              ШчЙћ CPCM3 ЮЊ 0ЃЌдђЪфГіВЈаЮжЛдкМЦЪ§вчГіЪБЗ­зЊЃЛ 
  23           *        (4).УХПиФЃЪНЃЛT3EX ЮЊгааЇЕчЦНЪБЃЌЖЈЪБЦї 3 НјааМЦЪ§ЃЌЗёдђМЦЪ§днЭЃЃЛ
  24           * Timer3: ЙмНХХфжУ
  25           *              (1).МЦЪ§ЙІФм, ЪЙгУ T3 ЪфШыЪБжгМЦЪ§, ЙмНХT3(P03)ЩшжУЮЊЪфШы(P03F = 0x81;), T3MODПЩбЁЩЯ/ЯТбиМЦЪ§         
             -      
  26           *              (2).T3EXзЅШЁЛђДЅЗЂжиди, ЙмНХT3EX(P04)ЩшжУЮЊЪфШы, T3MODПЩбЁЩЯ/ЯТбиДЅЗЂжидиЛђзЅШЁ
  27           */
  28           
  29          static void delay(int i)
  30          {
  31   1              long j;
  32   1              for(j=0;j<10*i;++j);
  33   1      }
  34          
  35          //=========================================================
  36          /* S1CONДЎПк1ПижЦМФДцЦї */
  37          #define SM11    0x80            /* ЙЄзїФЃЪНбЁдё */
  38          #define IE1     0x40            /* жаЖЯЪЙФмЃЌ 1 гааЇ */
  39          #define SM21    0x20            /* ЖрЛњЭЈаХЪЙФмЮЛЃЌ 1 гааЇ */
  40          #define REN1    0x10            /* ДЎааНгЪеЪЙФмЮЛЃЌ 1 гааЇ */
  41          #define TB81    0x08            /* ЗЂЫЭЕФЕк 9 ЮЛЪ§Он */
  42          #define RB81    0x04            /* НгЪеЕФЕк 9 ЮЛЪ§Он */
  43          #define TI1     0x02            /* ЗЂЫЭжаЖЯБъжОЃЌ 1 гааЇЃЌаД 0 ЧхГ§ */
  44          #define RI1     0x01            /* НгЪежаЖЯБъжОЃЌ 1 гааЇЃЌаД 0 ЧхГ§ */
  45          
  46          void UART1_write(signed char dat)
  47          {
  48   1          S1BUF = dat;            //Send data to UART buffer
  49   1          while(TI1 != (S1CON&TI1));
  50   1          //ЧхTI1
C51 COMPILER V9.59.0.0   MAIN                                                              02/10/2022 11:08:45 PAGE 2   

  51   1          S1CON &= ~TI1;
  52   1      }
  53          
  54          ///жиЖЈЯђcПтКЏЪ§printfЕНДЎПкЃЌжиЖЈЯђКѓПЩЪЙгУprintfКЏЪ§
  55          char putchar(char ch)
  56          {
  57   1          /* ЗЂЫЭвЛИізжНкЪ§ОнЕНДЎПк */
  58   1          UART1_write((signed char) ch);
  59   1              
  60   1          return ch;
  61   1      }
  62          /*****************************************************
  63          *КЏЪ§УћГЦЃКvoid Uart1Mode1(void)
  64          *КЏЪ§ЙІФмЃК9600 ВЈЬиТЪ
  65          *ШыПкВЮЪ§ЃК
  66          *ГіПкВЮЪ§ЃК
  67          *****************************************************/
  68          void Uart1Mode1(void)
  69          {
  70   1          /*************** UART1 ФЃЪН1ЃЈВЈЬиТЪЃК9600ЃЉ****************/
  71   1                      S1CON = 0x80;   ///8ЮЛвьВНФЃЪН(1), +0x10/жаЖЯЪЙФм, +0x20/ЖрЛњЭЈаХЪЙФмЮЛ, +0x40/ДЎааНгЪеЪЙФмЮЛ
  72   1                      S1RELL = 972;
  73   1                      S1RELH = 972>>8;        
  74   1      }
  75          
  76          
  77          
  78          /*--------------------------- ЖЈЪБЦї3 -----------------------------*/
  79          /* T3CON */
  80          #define TF3     0X80            /* ЖЈЪБЦї 3 вчГіжаЖЯ  БъжО */
  81          #define EXF3    0X40            /* T3EX ДЅЗЂБъжО */
  82          #define CTF3    0X20            /* зЅШЁ/БШНЯжаЖЯБъжОЮЛ */
  83          
  84          
  85          #define IOF_TI3         P12F
  86          #define IOF_T3EX        P13F
  87          #define IO_TI3          P12
  88          #define IO_T3EX         P13
  89          
  90          unsigned char IntFlag=0;
  91           /********************* Timer3жаЖЯКЏЪ§************************/
  92          void timer3_isr (void) interrupt 7
  93          { 
  94   1          if(TF3 == (T3CON&TF3))      //вчГіжаЖЯБъжО
  95   1          {
  96   2              //[жаЖЯ
  97   2              T3CON &= ~TF3;
  98   2              P00 = ~P00;
  99   2          }
 100   1          
 101   1          if(EXF3 == (T3CON&EXF3))    //БпбижаЖЯБъжО
 102   1          {
 103   2              T3CON &= ~EXF3;
 104   2              P01 = ~P01;
 105   2          }
 106   1          
 107   1          
 108   1          if(CTF3 == (T3CON&CTF3))    //зЅШЁжаЖЯБъжО
 109   1          {
 110   2              T3CON &= ~CTF3;
 111   2                      TL3 = 0;
 112   2                      TH3 = 0;
C51 COMPILER V9.59.0.0   MAIN                                                              02/10/2022 11:08:45 PAGE 3   

 113   2              P02 = ~P02;
 114   2                      IntFlag = 1;
 115   2          }
 116   1      }
 117          
 118          /*****************************************************
 119          *КЏЪ§УћГЦЃКvoid Timer2HardCapture(void)
 120          *КЏЪ§ЙІФмЃКЃЈгВМўаДзЅШЁФЃЪНЃЉ
 121          *ШыПкВЮЪ§ЃК
 122          *ГіПкВЮЪ§ЃК
 123          *****************************************************/
 124          void Timer3HardCapture(void)
 125          {
 126   1              /* ЖЈЪБЦї2ЃКЃЈгВМўаДзЅШЁФЃЪНЃЉ */
 127   1          T3CH = 0x0;
 128   1          T3CL = 0x0;
 129   1          TL3 = T3CL;
 130   1          TH3 = T3CH;
 131   1          
 132   1          T3MOD = 0xa0;//жидиФЃЪН,ПЊжаЖЯЪЙФм,+0x4/T2БпбибЁдё,+0x08/T2EXБпбибЁдё,+0x10/ШэМўзЅШЁ
 133   1          T3CON = 0x07;//ЦєЖЏФЃПщ,/T2EXЪЙФм,+0x02/МЦЪ§ЖЈЪБбЁдё,/зЅШЁЙІФм,
 134   1      }
 135          
 136          
 137          /**************************************************************
 138          ЫЕУїЃК
 139          ***************************************************************/
 140          void main()
 141          {    
 142   1          unsigned int time_val;
 143   1          SCCON = 0x00;//HRC  
 144   1                      HRCON |= 0x80;  
 145   1              
 146   1                /****** UART1 ФЃЪН1ЃЈВЈЬиТЪЃК9600ЃЉ*******/
 147   1          Uart1Mode1();       
 148   1          printf("RUN------\r\n");   
 149   1              
 150   1          /**************** ЙмНХХфжУ ****************/
 151   1                      P04F = 0x81;    //БпбиДЅЗЂжидиЃЌЙмНХT3EX(P04)
 152   1                      P16F = 6;               //P31--TX
 153   1                      
 154   1                      P10F = 0x02;
 155   1                      P00F = 0X02;
 156   1                      P02F = 0X02;
 157   1                      P01F = 0X02;
 158   1              
 159   1                      /************ Timer2 ВЖЛёФЃЪН ************/
 160   1                      Timer3HardCapture();
 161   1      
 162   1          EINT4 = 1;  /* гУгк Timer3жаЖЯ */
 163   1          EA = 1;  
 164   1              
 165   1          while(1)
 166   1          {   
 167   2                       /* ЖЈЪБЦї3,ШэМўаДВЖЛё */
 168   2                          P10 = 1;
 169   2              delay(1);
 170   2                                P10 = 0;
 171   2      
 172   2              delay(100);             //ЭтВПИјP10 1msЕФЯТНЕби    ДђгЁНсЙћдМЮЊ 3e80  ok
 173   2                      
 174   2                      if(IntFlag == 1)
C51 COMPILER V9.59.0.0   MAIN                                                              02/10/2022 11:08:45 PAGE 4   

 175   2                      {
 176   3                              IntFlag = 0;
 177   3                  time_val = (u16)T3CH<<8|T3CL;
 178   3                              printf("%4x\r\n", time_val);//(int)
 179   3                      }
 180   2      
 181   2          }
 182   1      }  


MODULE INFORMATION:   STATIC OVERLAYABLE
   CODE SIZE        =    277    ----
   CONSTANT SIZE    =     18    ----
   XDATA SIZE       =   ----    ----
   PDATA SIZE       =   ----    ----
   DATA SIZE        =      1       8
   IDATA SIZE       =   ----    ----
   BIT SIZE         =   ----    ----
END OF MODULE INFORMATION.


C51 COMPILATION COMPLETE.  0 WARNING(S),  0 ERROR(S)
