C51 COMPILER V9.59.0.0   MAIN                                                              07/01/2022 16:01:04 PAGE 1   


C51 COMPILER V9.59.0.0, COMPILATION OF MODULE MAIN
OBJECT MODULE PLACED IN .\Objects\main.obj
COMPILER INVOKED BY: C:\Keil_v5\C51\BIN\C51.EXE main.c OPTIMIZE(8,SPEED) BROWSE INCDIR(.\headfile) DEBUG OBJECTEXTEND PR
                    -INT(.\Listings\main.lst) OBJECT(.\Objects\main.obj)

line level    source

   1          #include "WS51F6240.h"
   2          #include <stdio.h>
   3          
   4          //I2CFLG标志位
   5          #define BUSIDLE         0x80
   6          #define RXNAK           0x40
   7          #define IF_LSTARB 0x20
   8          #define IF_RXSTA        0x10
   9          #define IF_RXSTP        0x08
  10          #define IF_TXDAT        0x04
  11          #define IF_RXDAT        0x02
  12          #define IF_RXADR        0x01
  13          void UART0_write(signed char dat)
  14          {
  15   1          S0BUF = dat;            //Send data to UART buffer
  16   1          while(!TI0);
  17   1          TI0 = 0;
  18   1      }
  19          
  20          ///重定向c库函数printf到串口，重定向后可使用printf函数
  21          char putchar(char ch)
  22          {
  23   1          /* 发送一个字节数据到串口 */
  24   1          UART0_write((signed char) ch);
  25   1              
  26   1          return ch;
  27   1      }
  28          unsigned char dat0;
  29          /*****************************************************
  30          *函数名称：void Uart0Mode1(void)
  31          *函数功能：8 位异步模式，波特率：可调(T1/T2)
  32          *入口参数：
  33          *出口参数：
  34          *****************************************************/
  35          void Uart0Mode1(void)
  36          {
  37   1          SM00 = 0;
  38   1          SM10 = 1;   //模式选择: 模式1
  39   1          REN0 = 1;   //串行接收使能位
  40   1          RI0 = 0;    //接收中断标志
  41   1          TI0 = 0;    //发送中断标志
  42   1      //      
  43   1      //    /* 默认定时器1作为时钟源(配置位8Bit自动重载模式不开中断程序) */
  44   1      //    /* TL1 作为 8 位定时器/计数器， TH1 作为自动重载寄存器 */
  45   1      //    TR1 = 0;    //先停T1
  46   1      //    TMOD = 0x20;                // 定时器，时钟为系统时钟 12 分频
  47   1      //    TH1 = 256-4;//波特率10417
  48   1      //    TR1 = 1;  //开始运行//timer1 start running        
  49   1          
  50   1              //TIMER2 作为uart0的波特率时钟源 配置波特率为9600
  51   1          TR2 = 0;
  52   1          T2MOD = 0x00;/* 定时2中断不使能，不分频 */
  53   1          T2CL = 65536 - 52;
  54   1          T2CH = 65536 - 52 >> 8;//波特率：9600
C51 COMPILER V9.59.0.0   MAIN                                                              07/01/2022 16:01:04 PAGE 2   

  55   1          TL2 = T2CL;
  56   1          TH2 = T2CH;
  57   1          TR2 = 1;    //启动定时器2
  58   1          RCLK = 1;   //UART0在模式1和3时使用定时器1/2作为接收波特率时钟
  59   1          TCLK = 1;           //UART0在模式1和3时使用定时器1/2作为接收波特率时钟
  60   1      }
  61          /*****************************************************
  62          * 中断服务函数
  63          *****************************************************/
  64          void Uart_Isr() interrupt 4
  65          {
  66   1          if(RI0 == 1)     //如果接收到计算机发的数据
  67   1          {
  68   2              RI0 = 0;     //清除标志位
  69   2              dat0 = S0BUF;  
  70   2          }           
  71   1      }
  72          static void delay_us(int i)
  73          {
  74   1              long j;
  75   1          while(i--)
  76   1              j++;
  77   1      }
  78          static void delay(int i)
  79          {
  80   1                      long j;
  81   1                      for(j=0;j<10*i;++j);
  82   1      }
  83          #define SLAVE_SEND_NUM           10
  84          #define SLAVE_RECEIVE_NUM    10//最大接收缓存
  85          uint8_t reveice_cnt=0,rx_flag=0,send_cnt=0, datS[SLAVE_SEND_NUM];//17 = {"0123456789ABCDEF"}
  86          
  87          unsigned char datR[SLAVE_RECEIVE_NUM];
  88          void i2c_trdata(void) interrupt 5
  89          {
  90   1          if(IF_RXADR == (I2CFLG&IF_RXADR))   //adr
  91   1          {
  92   2              if(I2CRXD&0x01 == 0x01) //host----read
  93   2              {
  94   3                              send_cnt = 0;
  95   3                              I2CTXD = datS[send_cnt];    //0~SEND_NUM-1
  96   3                              send_cnt++;
  97   3              }
  98   2                      reveice_cnt = 0;        //清空接收数据计数
  99   2              I2CFLG &= ~IF_RXADR;    //
 100   2          }
 101   1           
 102   1          else if(IF_RXDAT == (I2CFLG&IF_RXDAT))   //rx_flag   slave-----RX
 103   1          {
 104   2      //        delay_us(3);
 105   2                      if(reveice_cnt>=SLAVE_RECEIVE_NUM)    //接收数据超过缓存
 106   2              {
 107   3                  reveice_cnt=0;
 108   3              }
 109   2                      datR[reveice_cnt] = I2CRXD;
 110   2                      reveice_cnt++;
 111   2              I2CFLG &= ~IF_RXDAT;
 112   2          }
 113   1          
 114   1          else if(IF_TXDAT == (I2CFLG&IF_TXDAT))   //tx_flag   slave-----TX
 115   1          {
 116   2              I2CTXD = datS[send_cnt];    //0~SEND_NUM-1
C51 COMPILER V9.59.0.0   MAIN                                                              07/01/2022 16:01:04 PAGE 3   

 117   2                      if(++send_cnt>=SLAVE_SEND_NUM)    //实际发送SEND_NUM+1
 118   2              {
 119   3                  send_cnt=0;
 120   3              }
 121   2              I2CFLG &= ~IF_TXDAT;
 122   2          }   
 123   1          else if(IF_RXSTP == (I2CFLG&IF_RXSTP))   //stop
 124   1                      {
 125   2                              if(reveice_cnt!=0)
 126   2                              rx_flag = 1;
 127   2                              I2CFLG &= ~IF_RXSTP;
 128   2                      }
 129   1              
 130   1      }
 131          /*****************************************************
 132          *函数名称：void I2CSlaveCfg(void)
 133          *函数功能：IIC从机配置
 134          *入口参数：
 135          *出口参数：
 136          *****************************************************/
 137          void I2CSlaveCfg(void)
 138          {
 139   1      //    I2CADR = 0x80;  //识别广播地址0
 140   1                      I2CADR = 0xA0>>1;  //从机地址 0xA0
 141   1              
 142   1      //              I2CFG0 = 0x80+0x7e;     //从机地址接收掩膜功能 111 1111
 143   1          
 144   1          I2CCON = 0x00;//Fi2c_CLK====== 16M/8
 145   1      //    I2CFG1 = 0x00;  //Fi2c/(I2CFG1<6:0>+8)
 146   1          
 147   1          I2CFG0  |= (0x1<<7);//HOSE  on
 148   1      //    I2CFG0  &= ~(0x1<<7);//HOSE  not
 149   1          
 150   1      //    I2CCON  &= ~(0x1<<7);    //mode en
 151   1          I2CCON  |= (0x1<<7);    //mode en
 152   1          I2CCON  |= (0x1<<6);        //Int en
 153   1      
 154   1          I2CTXD  = 0x0;          //0x00
 155   1      //    I2CCON  |= (0x1<<5);  //START INT EN
 156   1          I2CCON  |= (0x1<<4);  //STOP INT EN
 157   1      }
 158          //-----------------------------------------------
 159          void main()
 160          {
 161   1          int i;
 162   1          unsigned char adc_val = 0,tk_val = 0,j=0;
 163   1          
 164   1          SCCON  = 0x00;//HRC
 165   1                      HRCON |= 0x80;
 166   1          i=50;while(i--)delay(200);
 167   1          
 168   1              /****************   管脚配置    ***************/
 169   1          P13F = 0;//
 170   1          P14F = 0;//
 171   1          P02F = 0x25;//IIC SCL
 172   1          P16F = 0x25;//IIC SDA
 173   1              
 174   1       
 175   1          /****** UART0 模式1（波特率：9600 可调）**************/
 176   1          P07F = 6;//RX
 177   1          P06F = 6;//TX
 178   1                      P10F = 2;
C51 COMPILER V9.59.0.0   MAIN                                                              07/01/2022 16:01:04 PAGE 4   

 179   1                      P11F = 2;
 180   1      //              P13F = 0x81;
 181   1              
 182   1              /***************** 从机配置********************/
 183   1              I2CSlaveCfg();  //IIC从机配置   
 184   1          
 185   1          /******** UART0 模式1（波特率：9600）********/
 186   1              Uart0Mode1();   //P06--TX
 187   1          printf("RUN------\r\n");
 188   1                      
 189   1      //      ES0 = 1;        /* UART0 中断开 */
 190   1          EINT2 = 1;
 191   1          EA = 1; 
 192   1                      
 193   1                      for(i=0;i<SLAVE_SEND_NUM;i++)
 194   1                      {
 195   2                              datS[i] = i+0x55;//ABCD...
 196   2                      }
 197   1                      
 198   1                      for(i=0;i<SLAVE_RECEIVE_NUM;i++)
 199   1                      {
 200   2                              datR[i]=0;      //清数组
 201   2                      }
 202   1                              
 203   1        while(1)
 204   1          {
 205   2              if(rx_flag == 1)
 206   2              {
 207   3                  rx_flag = 0; 
 208   3                              printf("rx：%s", datR);
 209   3                  printf("\r\n");                     
 210   3              }
 211   2          }
 212   1      }


MODULE INFORMATION:   STATIC OVERLAYABLE
   CODE SIZE        =    521    ----
   CONSTANT SIZE    =     22    ----
   XDATA SIZE       =   ----    ----
   PDATA SIZE       =   ----    ----
   DATA SIZE        =     24      15
   IDATA SIZE       =   ----    ----
   BIT SIZE         =   ----    ----
END OF MODULE INFORMATION.


C51 COMPILATION COMPLETE.  0 WARNING(S),  0 ERROR(S)
