C51 COMPILER V9.59.0.0   EEPROM                                                            07/28/2021 14:09:43 PAGE 1   


C51 COMPILER V9.59.0.0, COMPILATION OF MODULE EEPROM
OBJECT MODULE PLACED IN .\Objects\eeprom.obj
COMPILER INVOKED BY: C:\Keil_v5\C51\BIN\C51.EXE eeprom.c LARGE OPTIMIZE(8,SPEED) BROWSE INCDIR(..\headfile) DEBUG OBJECT
                    -EXTEND CODE LISTINCLUDE SYMBOLS PRINT(.\Listings\eeprom.lst) PREPRINT(.\Listings\eeprom.i) OBJECT(.\Objects\eeprom.obj)

line level    source

   1           /**
   2            ******************************************************************************
   3            * @file    
   4            * @author  
   5            * @version V1.0
   6            * @date    2019-05-16
   7            * @brief   Inner eeprom read and write
   8            ******************************************************************************
   9            * @attention
  10            *
  11            *
  12            ******************************************************************************
  13            */
  14            
  15          #include "eeprom.h"
   1      =1  /*********************************************************
   2      =1  *Copyright (h), 2020-2030, …оџЏ«∞Ї£ќђк…÷«ƒ№ЉЉ х”–ѕёєЂЋЊ
   3      =1  *ќƒЉю√ы:        eeprom.h
   4      =1  *„ч  ’я:        
   5      =1  *∞ж  ±Њ:        
   6      =1  *»’  ∆Џ:
   7      =1  *√и   ц:        
   8      =1  *±Є  „Ґ:     
   9      =1  **********************************************************/
  10      =1  #ifndef __EEPROM_H
  11      =1  #define __EEPROM_H
  12      =1  
  13      =1  #define EPPROM_UNLOCK 0X9A
  14      =1  //#define EPPROM_WRITE_CMD 0X46
  15      =1  #define EPPROM_WRITE_CMD 0X42
  16      =1  #define EPPROM_LOCK 0XA9
  17      =1  
  18      =1  #define EPPROM_READ_CMD 0X45
  19      =1  //#define EPPROM_READ_CMD 0X41
  20      =1  #define EEPROM_START_ADDR 0x00
  21      =1  
  22      =1  void writeData2EEPROM(unsigned char *buf,unsigned short SectorAddr,unsigned short len);
  23      =1  void readDatafromEEPROM(unsigned char *buf,unsigned short SectorAddr,unsigned short len);
  24      =1  #endif /* __SPI_FLASH_H */
  25      =1  
  16          #include "WS51F6240.h"  
   1      =1  #ifndef __WS51F6240_H
   2      =1  #define __WS51F6240_H
   3      =1  sfr OKER        = 0xff;
   4      =1  
   5      =1  sfr P0          = 0x80;
   6      =1  sfr SP          = 0x81;
   7      =1  sfr DP0L        = 0x82;
   8      =1  sfr DP0H        = 0x83;
   9      =1  sfr DP1L        = 0x84;
  10      =1  sfr DP1H        = 0x85;
  11      =1  sfr SCCON       = 0x86;
  12      =1  sfr PCON        = 0x87;
  13      =1  sfr TCON        = 0x88;
C51 COMPILER V9.59.0.0   EEPROM                                                            07/28/2021 14:09:43 PAGE 2   

  14      =1  sfr TMOD        = 0x89;
  15      =1  sfr TL0         = 0x8a;
  16      =1  sfr TL1         = 0x8b;
  17      =1  sfr TH0         = 0x8c;
  18      =1  sfr TH1         = 0x8d;
  19      =1  sfr P1          = 0x90;
  20      =1  sfr XSCON       = 0x95;
  21      =1  sfr HRCON       = 0x96;
  22      =1  sfr LRCON       = 0x97;
  23      =1  sfr S0CON       = 0x98;
  24      =1  sfr S0BUF       = 0x99;
  25      =1  sfr S0CFG       = 0x9a;
  26      =1  sfr S1CON       = 0x9b;
  27      =1  sfr S1BUF       = 0x9c;
  28      =1  sfr S1RELL      = 0x9d;
  29      =1  sfr S1RELH      = 0x9e;
  30      =1  sfr RSTFLG      = 0x9f;
  31      =1  sfr P2          = 0xa0;
  32      =1  sfr I2CCON      = 0xa1;
  33      =1  sfr I2CADR      = 0xa2;
  34      =1  sfr I2CFG0      = 0xa3;
  35      =1  sfr I2CFG1      = 0xa4;
  36      =1  sfr I2CTXD      = 0xa5;
  37      =1  sfr I2CRXD      = 0xa6;
  38      =1  sfr I2CFLG      = 0xa7;
  39      =1  sfr IE          = 0xa8;
  40      =1  sfr WDTCON      = 0xa9;
  41      =1  sfr WDTFLG      = 0xaa;
  42      =1  sfr TL3         = 0xae;
  43      =1  sfr TH3         = 0xaf;
  44      =1  sfr T3CON       = 0xb2;
  45      =1  sfr T3MOD       = 0xb3;
  46      =1  sfr T3RL        = 0xb4;
  47      =1  sfr T3RH        = 0xb5;
  48      =1  sfr T3CL        = 0xb6;
  49      =1  sfr T3CH        = 0xb7;
  50      =1  sfr IP          = 0xb8;
  51      =1  sfr LVDCON      = 0xb9;
  52      =1  sfr ADCBGP      = 0xbf;
  53      =1  sfr ADCON       = 0xc0;
  54      =1  sfr ADCFG       = 0xc1;
  55      =1  sfr ADCHS       = 0xc2;
  56      =1  sfr ADCDL       = 0xc3;
  57      =1  sfr ADCDH       = 0xc4;
  58      =1  sfr ADCPC       = 0xc5;
  59      =1  sfr ADCPDL      = 0xc6;
  60      =1  sfr ADCPDH      = 0xc7;
  61      =1  sfr T2CON       = 0xc8;
  62      =1  sfr T2MOD       = 0xc9;
  63      =1  sfr T2CL        = 0xca;
  64      =1  sfr T2CH        = 0xcb;
  65      =1  sfr TL2         = 0xcc;
  66      =1  sfr TH2         = 0xcd;
  67      =1  sfr SCMCON      = 0xce;
  68      =1  sfr SCMFLG      = 0xcf;
  69      =1  sfr PSW         = 0xd0;
  70      =1  sfr WKTCON      = 0xd1;
  71      =1  sfr WKTSS       = 0xd2;
  72      =1  sfr OPCON       = 0xd3;
  73      =1  sfr OPCFG       = 0xd4;
  74      =1  sfr EPIE        = 0xd8;
  75      =1  sfr EPIF        = 0xd9;
C51 COMPILER V9.59.0.0   EEPROM                                                            07/28/2021 14:09:43 PAGE 3   

  76      =1  sfr EP0CON      = 0xda;
  77      =1  sfr EP1CON      = 0xdb;
  78      =1  sfr EP2CON      = 0xdc;
  79      =1  sfr EP3CON      = 0xdd;
  80      =1  sfr ACC         = 0xe0;
  81      =1  sfr SPCON       = 0xe1;
  82      =1  sfr SPDAT       = 0xe2;
  83      =1  sfr SPFLG       = 0xe3;
  84      =1  sfr PCOMS       = 0xe4;
  85      =1  sfr PDRVS       = 0xe5;
  86      =1  sfr EXIE        = 0xe8;
  87      =1  sfr B           = 0xf0;
  88      =1  sfr EXIP        = 0xf8;
  89      =1  sfr PWCON       = 0xf9;
  90      =1  sfr IT0CON      = 0xfa;
  91      =1  sfr IT1CON      = 0xfb;
  92      =1  sfr IDLFL       = 0xfc;
  93      =1  sfr IDLFH       = 0xfd;
  94      =1  sfr STPF        = 0xfe;
  95      =1  #define P00F       (*(unsigned char volatile xdata *)0x8000)
  96      =1  #define P01F       (*(unsigned char volatile xdata *)0x8001)
  97      =1  #define P02F       (*(unsigned char volatile xdata *)0x8002)
  98      =1  #define P03F       (*(unsigned char volatile xdata *)0x8003)
  99      =1  #define P04F       (*(unsigned char volatile xdata *)0x8004)
 100      =1  #define P05F       (*(unsigned char volatile xdata *)0x8005)
 101      =1  #define P06F       (*(unsigned char volatile xdata *)0x8006)
 102      =1  #define P07F       (*(unsigned char volatile xdata *)0x8007)
 103      =1  #define P10F       (*(unsigned char volatile xdata *)0x8008)
 104      =1  #define P11F       (*(unsigned char volatile xdata *)0x8009)
 105      =1  #define P12F       (*(unsigned char volatile xdata *)0x800a)
 106      =1  #define P13F       (*(unsigned char volatile xdata *)0x800b)
 107      =1  #define P14F       (*(unsigned char volatile xdata *)0x800c)
 108      =1  #define P15F       (*(unsigned char volatile xdata *)0x800d)
 109      =1  #define P16F       (*(unsigned char volatile xdata *)0x800e)
 110      =1  #define P17F       (*(unsigned char volatile xdata *)0x800f)
 111      =1  #define P20F       (*(unsigned char volatile xdata *)0x8010)
 112      =1  #define P21F       (*(unsigned char volatile xdata *)0x8011)
 113      =1  #define PWMRUN     (*(unsigned char volatile xdata *)0x8040)
 114      =1  #define PWMCLR     (*(unsigned char volatile xdata *)0x8041)
 115      =1  #define PWMUPD     (*(unsigned char volatile xdata *)0x8043)
 116      =1  #define PWMFLG0    (*(unsigned char volatile xdata *)0x8044)
 117      =1  #define PWMFLG1    (*(unsigned char volatile xdata *)0x8045)
 118      =1  #define PMEN      (*(unsigned char volatile xdata *)0x8048)
 119      =1  #define PMDAT      (*(unsigned char volatile xdata *)0x8049)
 120      =1  #define PMSCON     (*(unsigned char volatile xdata *)0x804a)
 121      =1  #define PMSDL     (*(unsigned char volatile xdata *)0x804b)
 122      =1  #define PMSDH     (*(unsigned char volatile xdata *)0x804c)
 123      =1  #define PMSML     (*(unsigned char volatile xdata *)0x804d)
 124      =1  #define PMSMH     (*(unsigned char volatile xdata *)0x804e)
 125      =1  #define PWM0CFG    (*(unsigned char volatile xdata *)0x8050)
 126      =1  #define PWM0PS     (*(unsigned char volatile xdata *)0x8051)
 127      =1  #define PWM0DUTL   (*(unsigned char volatile xdata *)0x8054)
 128      =1  #define PWM0DUTH   (*(unsigned char volatile xdata *)0x8055)
 129      =1  #define PWM0DIVL   (*(unsigned char volatile xdata *)0x8056)
 130      =1  #define PWM0DIVH   (*(unsigned char volatile xdata *)0x8057)
 131      =1  #define PWM1CFG    (*(unsigned char volatile xdata *)0x8058)
 132      =1  #define PWM1PS     (*(unsigned char volatile xdata *)0x8059)
 133      =1  #define PWM1DUTL   (*(unsigned char volatile xdata *)0x805c)
 134      =1  #define PWM1DUTH   (*(unsigned char volatile xdata *)0x805d)
 135      =1  #define PWM1DIVL   (*(unsigned char volatile xdata *)0x805e)
 136      =1  #define PWM1DIVH   (*(unsigned char volatile xdata *)0x805f)
 137      =1  #define PWM2CFG    (*(unsigned char volatile xdata *)0x8060)
C51 COMPILER V9.59.0.0   EEPROM                                                            07/28/2021 14:09:43 PAGE 4   

 138      =1  #define PWM2PS     (*(unsigned char volatile xdata *)0x8061)
 139      =1  #define PWM2DUTL   (*(unsigned char volatile xdata *)0x8064)
 140      =1  #define PWM2DUTH   (*(unsigned char volatile xdata *)0x8065)
 141      =1  #define PWM2DIVL   (*(unsigned char volatile xdata *)0x8066)
 142      =1  #define PWM2DIVH   (*(unsigned char volatile xdata *)0x8067)
 143      =1  #define PWM3CFG    (*(unsigned char volatile xdata *)0x8068)
 144      =1  #define PWM3PS     (*(unsigned char volatile xdata *)0x8069)
 145      =1  #define PWM3DUTL   (*(unsigned char volatile xdata *)0x806c)
 146      =1  #define PWM3DUTH   (*(unsigned char volatile xdata *)0x806d)
 147      =1  #define PWM3DIVL   (*(unsigned char volatile xdata *)0x806e)
 148      =1  #define PWM3DIVH   (*(unsigned char volatile xdata *)0x806f)
 149      =1  #define PWM4CFG    (*(unsigned char volatile xdata *)0x8070)
 150      =1  #define PWM4PS     (*(unsigned char volatile xdata *)0x8071)
 151      =1  #define PWM4DUTL   (*(unsigned char volatile xdata *)0x8074)
 152      =1  #define PWM4DUTH   (*(unsigned char volatile xdata *)0x8075)
 153      =1  #define PWM4DIVL   (*(unsigned char volatile xdata *)0x8076)
 154      =1  #define PWM4DIVH   (*(unsigned char volatile xdata *)0x8077)
 155      =1  #define PWM5CFG    (*(unsigned char volatile xdata *)0x8078)
 156      =1  #define PWM5PS     (*(unsigned char volatile xdata *)0x8079)
 157      =1  #define PWM5DUTL   (*(unsigned char volatile xdata *)0x807c)
 158      =1  #define PWM5DUTH   (*(unsigned char volatile xdata *)0x807d)
 159      =1  #define PWM5DIVL   (*(unsigned char volatile xdata *)0x807e)
 160      =1  #define PWM5DIVH   (*(unsigned char volatile xdata *)0x807f)
 161      =1  #define PWM6CFG    (*(unsigned char volatile xdata *)0x8080)
 162      =1  #define PWM6PS     (*(unsigned char volatile xdata *)0x8081)
 163      =1  #define PWM6DUTL   (*(unsigned char volatile xdata *)0x8084)
 164      =1  #define PWM6DUTH   (*(unsigned char volatile xdata *)0x8085)
 165      =1  #define PWM6DIVL   (*(unsigned char volatile xdata *)0x8086)
 166      =1  #define PWM6DIVH   (*(unsigned char volatile xdata *)0x8087)
 167      =1  #define PWM7CFG    (*(unsigned char volatile xdata *)0x8088)
 168      =1  #define PWM7PS     (*(unsigned char volatile xdata *)0x8089)
 169      =1  #define PWM7DUTL   (*(unsigned char volatile xdata *)0x808c)
 170      =1  #define PWM7DUTH   (*(unsigned char volatile xdata *)0x808d)
 171      =1  #define PWM7DIVL   (*(unsigned char volatile xdata *)0x808e)
 172      =1  #define PWM7DIVH   (*(unsigned char volatile xdata *)0x808f)
 173      =1  #define LEDCFG     (*(unsigned char volatile xdata *)0x80d0)
 174      =1  #define LED0D0    (*(unsigned char volatile xdata *)0x80d2)
 175      =1  #define LED0D1    (*(unsigned char volatile xdata *)0x80d3)
 176      =1  #define LED0D2    (*(unsigned char volatile xdata *)0x80d4)
 177      =1  #define LED1D0    (*(unsigned char volatile xdata *)0x80da)
 178      =1  #define LED1D1    (*(unsigned char volatile xdata *)0x80db)
 179      =1  #define LED1D2    (*(unsigned char volatile xdata *)0x80dc)
 180      =1  #define FBCON      (*(unsigned char volatile xdata *)0x80e0)
 181      =1  #define FBDAT      (*(unsigned char volatile xdata *)0x80e1)
 182      =1  #define FBFLG      (*(unsigned char volatile xdata *)0x80e2)
 183      =1  #define PIMOD      (*(unsigned char volatile xdata *)0x80e8)
 184      =1  #define P0IMSK     (*(unsigned char volatile xdata *)0x80e9)
 185      =1  #define P1IMSK     (*(unsigned char volatile xdata *)0x80ea)
 186      =1  #define P2IMSK     (*(unsigned char volatile xdata *)0x80eb)
 187      =1  #define BZCON      (*(unsigned char volatile xdata *)0x80f0)
 188      =1  #define BZPSC      (*(unsigned char volatile xdata *)0x80f1)
 189      =1  #define BZDUT      (*(unsigned char volatile xdata *)0x80f2)
 190      =1  #define BZDIV      (*(unsigned char volatile xdata *)0x80f3)
 191      =1                  
 192      =1  #define ACBCON    (*(unsigned char volatile xdata *)0x82b0)
 193      =1  #define AKDAT     (*(unsigned char volatile xdata *)0x82b2)
 194      =1  #define AMDAT     (*(unsigned char volatile xdata *)0x82b4)
 195      =1  
 196      =1  #define MECON      (*(unsigned char volatile xdata *)0x8300)
 197      =1  #define FSCMD      (*(unsigned char volatile xdata *)0x8301)
 198      =1  #define BTMSK      (*(unsigned char volatile xdata *)0x8302)
 199      =1  #define FSDAT      (*(unsigned char volatile xdata *)0x8303)
C51 COMPILER V9.59.0.0   EEPROM                                                            07/28/2021 14:09:43 PAGE 5   

 200      =1  #define FSFLG       (*(unsigned char volatile xdata *)0x8304)
 201      =1  #define PADR        (*(unsigned char volatile xdata *)0x8305)
 202      =1  #define FSDARL       (*(unsigned char volatile xdata *)0x8306)
 203      =1  #define FSDARH       (*(unsigned char volatile xdata *)0x8307)
 204      =1  #define CKSUML     (*(unsigned char volatile xdata *)0x8308)
 205      =1  #define CKSUMH     (*(unsigned char volatile xdata *)0x8309)
 206      =1  #define IDCODE0    (*(unsigned char volatile xdata *)0x830a)
 207      =1  #define IDCODE1    (*(unsigned char volatile xdata *)0x830b)
 208      =1  #define IDCODE2    (*(unsigned char volatile xdata *)0x830c)
 209      =1  #define SPMAX      (*(unsigned char volatile xdata *)0x8407)
 210      =1  
 211      =1  
 212      =1  
 213      =1  #define idata01     (*(unsigned char volatile idata *)0x01) 
 214      =1  #define idata55     (*(unsigned char volatile idata *)0x55) 
 215      =1  #define idata7f     (*(unsigned char volatile idata *)0x7f) 
 216      =1  #define idata80     (*(unsigned char volatile idata *)0x80) 
 217      =1  #define idatad5     (*(unsigned char volatile idata *)0xd5) 
 218      =1  #define idataff     (*(unsigned char volatile idata *)0xff) 
 219      =1  #define data80      (*(unsigned char volatile data *)0x80)  
 220      =1  #define datad5      (*(unsigned char volatile data *)0xd5)  
 221      =1  #define dataff      (*(unsigned char volatile data *)0xff)  
 222      =1  #define pdata00     (*(unsigned char volatile pdata *)0x00) 
 223      =1  #define pdata55     (*(unsigned char volatile pdata *)0x55) 
 224      =1  #define pdataff     (*(unsigned char volatile pdata *)0xff) 
 225      =1  #define xdata100    (*(unsigned char volatile xdata *)0x100)
 226      =1  #define xdata155    (*(unsigned char volatile xdata *)0x155)
 227      =1  #define xdata1ff    (*(unsigned char volatile xdata *)0x1ff)
 228      =1  
 229      =1  sbit P00 = P0^0;        //6232
 230      =1  sbit P01 = P0^1;        //6232
 231      =1  sbit P02 = P0^2;        //6552
 232      =1  sbit P03 = P0^3;        //6552
 233      =1  sbit P04 = P0^4;        //6552
 234      =1  sbit P05 = P0^5;        //6552
 235      =1  sbit P06 = P0^6;        //6552
 236      =1  sbit P07 = P0^7;        //6552
 237      =1    
 238      =1  sbit P20 = P2^0;        //6552
 239      =1  sbit P21 = P2^1;        //6552
 240      =1  sbit P22 = P2^2;        //6652
 241      =1  sbit P23 = P2^3;        //6652
 242      =1  sbit P24 = P2^4;        //6652
 243      =1  sbit P25 = P2^5;        //6652
 244      =1  sbit P26 = P2^6;        //6652
 245      =1  sbit P27 = P2^7;        //6652
 246      =1  
 247      =1  sbit P10 = P1^0;
 248      =1  sbit P11 = P1^1;
 249      =1  sbit P12 = P1^2;
 250      =1  sbit P13 = P1^3;
 251      =1  sbit P14 = P1^4;
 252      =1  sbit P15 = P1^5;
 253      =1  sbit P16 = P1^6;
 254      =1  sbit P17 = P1^7;
 255      =1  
 256      =1  //sbit P30 = P3^0;
 257      =1  //sbit P31 = P3^1;
 258      =1  //sbit P32 = P3^2;
 259      =1  //sbit P33 = P3^3;
 260      =1  //sbit P34 = P3^4;
 261      =1  //sbit P35 = P3^5;
C51 COMPILER V9.59.0.0   EEPROM                                                            07/28/2021 14:09:43 PAGE 6   

 262      =1  //sbit P36 = P3^6;      //6232
 263      =1  //sbit P37 = P3^7;      //6232
 264      =1  
 265      =1  /* дЄ≠жЦ≠дЉШеЕИзЇІеѓДе≠ШеЩ® IP (B8H) */
 266      =1  sbit PX3 = IP^6;                /* INT4 дЉШеЕИзЇІжОІеИґдљНпЉМзФ®дЇО Touch Key/WDT/LVD/WKT/EP1 дЄ≠жЦ≠ */
 267      =1  sbit PX2 = IP^5;                /* INT3 дЉШеЕИзЇІжОІеИґдљНпЉМ зФ®дЇО IIC/Timer2/PWM/EP0 дЄ≠жЦ≠ */
 268      =1  sbit PS0 = IP^4;                /* INT2 дЉШеЕИзЇІжОІеИґдљНпЉМзФ®дЇО UART0 дЄ≠жЦ≠ */
 269      =1  sbit PT1 = IP^3;                /* Timer 1 дЉШеЕИзЇІжОІеИґдљН */
 270      =1  sbit PX1 = IP^2;                /* INT1 дЉШеЕИзЇІжОІеИґдљН */
 271      =1  sbit PT0 = IP^1;                /* Timer 0 дЉШеЕИзЇІжОІеИґдљН */
 272      =1  sbit PX0 = IP^0;                /* INT0 дЉШеЕИзЇІжОІеИґдљН */
 273      =1  
 274      =1  /* дЄ≠жЦ≠дЉШеЕИзЇІеѓДе≠ШеЩ® EXIP (F8H) */
 275      =1  sbit PX6 = EXIP^2;              /* INT6 дЉШеЕИзЇІжОІеИґдљНпЉМзФ®дЇО RTC/UART2/Timer 4/EP4 дЄ≠жЦ≠ */
 276      =1  sbit PX5 = EXIP^1;              /* INT5 дЉШеЕИзЇІжОІеИґдљНпЉМзФ®дЇО ADC/SPI/Timer 4/SCM/EP3 дЄ≠жЦ≠ */
 277      =1  sbit PX4 = EXIP^0;              /* INT4 дЉШеЕИзЇІжОІеИґдљНпЉМзФ®дЇО CMP/UART1/Timer 3/EP2 дЄ≠жЦ≠ */
 278      =1  
 279      =1  /* дЄ≠жЦ≠дљњиГљеѓДе≠ШеЩ® IE (A8H) */
 280      =1  sbit EA =        IE^7;          /* еЕ®е±АдЄ≠жЦ≠дљњиГљжОІеИґдљН */
 281      =1  sbit EINT3 = IE^6;              /* зФ®дЇО Touch Key/WDT/LVD/WKT/EP1 дЄ≠жЦ≠ */
 282      =1  sbit EINT2 = IE^5;              /* зФ®дЇО IIC/Timer2/PWM/EP0 дЄ≠жЦ≠ */
 283      =1  sbit ES0 = IE^4;                /* UART0 дЄ≠жЦ≠ */
 284      =1  sbit ET1 =       IE^3;          /* еЃЪжЧґеЩ® 1 дЄ≠жЦ≠дљњиГљжОІеИґдљН */
 285      =1  sbit EINT1 = IE^2;              /* дЄ≠жЦ≠ 1 дљњиГљжОІеИґдљНпЉИдЄ≠жЦ≠ 1 зФ®дЇОе§ЦйГ®дЄ≠жЦ≠ 1пЉЙ */
 286      =1  sbit ET0 =       IE^1;          /* еЃЪжЧґеЩ® 0 дЄ≠жЦ≠дљњиГљжОІеИґдљН */
 287      =1  sbit EINT0 = IE^0;              /* 0 дљњиГљжОІеИґдљНпЉИдЄ≠жЦ≠ 0 зФ®дЇОе§ЦйГ®дЄ≠жЦ≠ 0пЉЙ */
 288      =1  
 289      =1  /* дЄ≠жЦ≠дљњиГљеѓДе≠ШеЩ® EXIE (E8H) */
 290      =1  sbit EINT6 = EXIE^2;            /* INT7 дЄ≠жЦ≠дљњиГљжОІеИґдљНпЉМзФ®дЇО RTC/UART2/Timer 4/EP4 дЄ≠жЦ≠ */  //6652
 291      =1  sbit EINT5 = EXIE^1;            /* INT5 дЄ≠жЦ≠дљњиГљжОІеИґдљНпЉМзФ®дЇО ADC/SPI/SCM/EP3 дЄ≠жЦ≠ */
 292      =1  sbit EINT4 = EXIE^0;            /* INT4 дљњиГљжОІеИґдљНпЉМзФ®дЇО UART1/Timer3/EP2 дЄ≠жЦ≠ */
 293      =1  
 294      =1  /* е§ЦйГ®дЄ≠жЦ≠дљњиГљеѓДе≠ШеЩ® EPIE (D8H) */
 295      =1  sbit EP3IE = EPIE^3;            /* EP3 дЄ≠жЦ≠дљњиГљдњ°еПЈ */
 296      =1  sbit EP2IE = EPIE^2;            /* EP2 дЄ≠жЦ≠дљњиГљдњ°еПЈ */
 297      =1  sbit EP1IE = EPIE^1;            /* EP1 дЄ≠жЦ≠дљњиГљдњ°еПЈ */
 298      =1  sbit EP0IE = EPIE^0;            /* EP0 дЄ≠жЦ≠дљњиГљдњ°еПЈ */
 299      =1  
 300      =1  /* дЄ≤еП£UART0еѓДе≠ШеЩ® S0CON (98H) */
 301      =1  sbit SM00 = S0CON^7;    /* дЄ≤еП£ 0 ж®°еЉПйАЙжЛ©дљНпЉМ */
 302      =1  sbit SM10 = S0CON^6;    /* дЄ≤еП£ 0 ж®°еЉПйАЙжЛ©дљНпЉМ */
 303      =1  sbit SM20 = S0CON^5;    /* е§ЪжЬЇйАЪдњ°дљњиГљдљНпЉМ 1 жЬЙжХИ */
 304      =1  sbit REN0 = S0CON^4;    /* дЄ≤и°МжО•жФґдљњиГљдљНпЉМ 1 жЬЙжХИ */
 305      =1  sbit TB80 = S0CON^3;    /* еПСйАБзЪДзђђ 9 дљНжХ∞жНЃ */
 306      =1  sbit RB80 = S0CON^2;    /* жО•жФґзЪДзђђ 9 дљНжХ∞жНЃ */
 307      =1  sbit TI0 =      S0CON^1;        /* еПСйАБдЄ≠жЦ≠ж†ЗењЧпЉМ 1 жЬЙжХИпЉМеЖЩ 0 жЄЕйЩ§ */
 308      =1  sbit RI0 =  S0CON^0;    /* жО•жФґдЄ≠жЦ≠ж†ЗењЧпЉМ 1 жЬЙжХИпЉМеЖЩ 0 жЄЕйЩ§ */
 309      =1  
 310      =1  /* еЃЪжЧґеЩ®0/1 TCON (88H) */
 311      =1  sbit TF1 = TCON^7;              /* еЃЪжЧґеЩ® 0 ж®°еЉП 3 зЪД TH0 жЇҐеЗЇ/еЃЪжЧґеЩ® 1 жЇҐеЗЇж†ЗењЧдљНпЉМдЄ≠жЦ≠иҐЂеУНеЇФеР
             -ОиЗ™еК®жЄЕ 0. */
 312      =1  sbit TR1 = TCON^6;              /* еЃЪжЧґеЩ® 1 ињРи°МжОІеИґдљНпЉМ 1 жЬЙжХИ */
 313      =1  sbit TF0 = TCON^5;              /* еЃЪжЧґеЩ® 0 жЇҐеЗЇж†ЗењЧдљНпЉМдЄ≠жЦ≠иҐЂеУНеЇФеРОиЗ™еК®жЄЕ 0 */
 314      =1  sbit TR0 = TCON^4;              /* еЃЪжЧґеЩ® 0 ињРи°МжОІеИґдљНпЉМ 1 жЬЙжХИ */
 315      =1  sbit IE1 = TCON^3;              /* е§ЦйГ®дЄ≠жЦ≠ 1 дљњиГљдљНпЉМ 1 жЬЙжХИ */
 316      =1  sbit IT1 = TCON^2;              /* е§ЦйГ®дЄ≠жЦ≠ 1 иІ¶еПСз±їеЮЛжОІеИґдљН */
 317      =1  sbit IE0 = TCON^1;              /* е§ЦйГ®дЄ≠жЦ≠ 0 дљњиГљдљНпЉМ 1 жЬЙжХИ */
 318      =1  sbit IT0 = TCON^0;              /* е§ЦйГ®дЄ≠жЦ≠ 0 иІ¶еПСз±їеЮЛжОІеИґдљН */
 319      =1  
 320      =1  /* еЃЪжЧґеЩ®2 T2CON (C8H) */
 321      =1  sbit TF2 =   T2CON^7;           /* еЃЪжЧґеЩ® 2 жЇҐеЗЇж†ЗењЧдљНгАВ ељУ RCLK жИЦ TCLK дЄЇ 1пЉМ TF2 дЄНдЉЪиҐЂзљЃ 1 */
 322      =1  sbit EXF2 =  T2CON^6;           /* T2EX иІ¶еПСж†ЗењЧгАВ */
C51 COMPILER V9.59.0.0   EEPROM                                                            07/28/2021 14:09:43 PAGE 7   

 323      =1  sbit RCLK =  T2CON^5;           /* UART0 еЬ®ж®°еЉП 1 еТМ 3 жЧґдљњзФ®еЃЪжЧґеЩ® 1/2 дљЬдЄЇжО•жФґж≥ҐзЙєзОЗжЧґйТЯ */
 324      =1  sbit TCLK =  T2CON^4;           /* UART0 еЬ®ж®°еЉП 1 еТМ 3 жЧґдљњзФ®еЃЪжЧґеЩ® 1/2 дљЬдЄЇеПСйАБж≥ҐзЙєзОЗжЧґйТЯ */
 325      =1  sbit EXEN2 = T2CON^3;           /* T2EX дљњиГљдњ°еПЈпЉМеЬ®еЃЪжЧґеЩ®ж≤°жЬЙдљЬдЄЇ UART0 жЧґйТЯжЧґ T2EX жЬЙжХИ */
 326      =1  sbit TR2 =   T2CON^2;           /* еЃЪжЧґеЩ® 2 еРѓеК®дњ°еПЈпЉМ 1 жЬЙжХИ */
 327      =1  sbit CT2 =   T2CON^1;           /* еЃЪжЧґеКЯиГљжИЦиЃ°жХ∞еКЯиГљйАЙжЛ©дњ°еПЈ */
 328      =1  sbit CPRL2 = T2CON^0;           /* жКУеПЦжИЦйЗНиљљеКЯиГљйАЙжЛ©дњ°еПЈгАВељУ RCLK жИЦ TCLK дЄЇ 1 жЧґпЉМеЃЪжЧґеЩ®еЉЇеИ
             -ґињЫеЕ• Timer 2 йЗНиљљж®°еЉП */
 329      =1  
 330      =1  /* ж®°жХ∞иљђжНҐеЩ® ADCON (C0H) */
 331      =1  sbit ADST =  ADCON^7;           /* ADC иљђжНҐеЉАеІЛжОІеИґдљНпЉМеЖЩ 1 еРѓеК®иљђжНҐпЉМиљђжНҐеРОз°ђдїґиЗ™еК®жЄЕ 0 */
 332      =1  sbit ADIE =  ADCON^6;           /* ADC дЄ≠жЦ≠дљњиГљдљН */
 333      =1  sbit ADCF =  ADCON^0;           /* ADC йЗЗж†ЈеЃМжИРж†ЗењЧ */
 334      =1  
 335      =1  
 336      =1  /* дЄ≤еП£UART1 еѓДе≠ШеЩ®S1CON (9BH) дЄНеПѓдљНеѓїеЭА */
 337      =1  #define SM11    0x80            /* еЈ•дљЬж®°еЉПйАЙжЛ© */
 338      =1  #define IE1     0x40            /* дЄ≠жЦ≠дљњиГљпЉМ 1 жЬЙжХИ */
 339      =1  #define SM21    0x20            /* е§ЪжЬЇйАЪдњ°дљњиГљдљНпЉМ 1 жЬЙжХИ */
 340      =1  #define REN1    0x10            /* дЄ≤и°МжО•жФґдљњиГљдљНпЉМ 1 жЬЙжХИ */
 341      =1  #define TB81    0x08            /* еПСйАБзЪДзђђ 9 дљНжХ∞жНЃ */
 342      =1  #define RB81    0x04            /* жО•жФґзЪДзђђ 9 дљНжХ∞жНЃ */
 343      =1  #define TI1     0x02            /* еПСйАБдЄ≠жЦ≠ж†ЗењЧпЉМ 1 жЬЙжХИпЉМеЖЩ 0 жЄЕйЩ§ */
 344      =1  #define RI1     0x01            /* жО•жФґдЄ≠жЦ≠ж†ЗењЧпЉМ 1 жЬЙжХИпЉМеЖЩ 0 жЄЕйЩ§ */
 345      =1  
 346      =1  #define ROR_8BIT(X,Y) ((X<<(8-Y))|(X>>Y))
 347      =1  #define ROL_8BIT(X,Y) ((X>>(8-Y))|(X<<Y)) 
 348      =1  
 349      =1  typedef         unsigned char   u8;
 350      =1  typedef         unsigned int    u16;
 351      =1  typedef         unsigned long   u32;
 352      =1  typedef     unsigned char   uint8_t;
 353      =1  typedef     unsigned int    uint16_t;
 354      =1  typedef     unsigned long   uint32_t;
 355      =1  
 356      =1  typedef     signed char     int8_t;
 357      =1  typedef     signed int      int16_t;
 358      =1  typedef     signed long     int32_t;
 359      =1  #endif
 360      =1  
  17          
  18          /*****************************************************
  19          *Їѓ э√ы≥∆£Їvoid writeData2EEPROM(unsigned char *buf,unsigned short SectorAddr,unsigned short len)
  20          *Їѓ эє¶ƒ№£ЇEEPROM–і
  21          *»лњЏ≤ќ э£Їbuf,“™–і»л эЊЁµƒ÷Є’л
  22                             SectorAddr µЎ÷Ј
  23                             len,–і»л≥§ґ»
  24          *≥цњЏ≤ќ э£Їvoid
  25          *****************************************************/
  26          void writeData2EEPROM(unsigned char *buf,unsigned short SectorAddr,unsigned short len)
  27          {
  28   1              unsigned char i=0;
  29   1              //1 EPPROM Unlock
  30   1              FSFLG=EPPROM_UNLOCK;
  31   1              //2 EEPROM Enable write
  32   1              FSCMD=EPPROM_WRITE_CMD;
  33   1              for(i=0;i<len;++i)
  34   1              {
  35   2                      //3  write address              
  36   2                      FSDARL=(SectorAddr&0xff);
  37   2                      FSDARH=((SectorAddr>>8)&0xff);
  38   2                      SectorAddr++;
  39   2                      //4 write data
C51 COMPILER V9.59.0.0   EEPROM                                                            07/28/2021 14:09:43 PAGE 8   

  40   2                      FSDAT=buf[i];
  41   2              }
  42   1                      //4 NVR lock
  43   1                      FSFLG=EPPROM_LOCK;
  44   1      }
  45          
  46          
  47          /*****************************************************
  48          *Їѓ э√ы≥∆£Їvoid readDatafromEEPROM(unsigned char *buf,unsigned short SectorAddr,unsigned short len)
  49          *Їѓ эє¶ƒ№£ЇEEPROM–і
  50          *»лњЏ≤ќ э£Їbuf,“™ґЅ≥ц эЊЁµƒ÷Є’л
  51                             SectorAddr µЎ÷Ј
  52                             len,ґЅ≥ц≥§ґ»
  53          *≥цњЏ≤ќ э£Їvoid
  54          *****************************************************/
  55          void readDatafromEEPROM(unsigned char *buf,unsigned short SectorAddr,unsigned short len)
  56          {
  57   1              unsigned char i=0;
  58   1              //1 EEPROM Enable read
  59   1              //FSFLG=INNER_EPPROM_UNLOCK;
  60   1              FSCMD=EPPROM_READ_CMD;
  61   1              for(i=0;i<len;++i)
  62   1              {
  63   2                              //2  write address              
  64   2                              FSDARL=(SectorAddr&0xff);
  65   2                              FSDARH=((SectorAddr>>8)&0xff);
  66   2                              SectorAddr++;
  67   2                              //3 write data
  68   2                              buf[i]=FSDAT;
  69   2              }
  70   1      }
  71          
  72          
  73          
  74          
  75             
  76          /*********************************************END OF FILE**********************/
C51 COMPILER V9.59.0.0   EEPROM                                                            07/28/2021 14:09:43 PAGE 9   

ASSEMBLY LISTING OF GENERATED OBJECT CODE


             ; FUNCTION _writeData2EEPROM (BEGIN)
                                           ; SOURCE LINE # 26
0000 900000      R     MOV     DPTR,#buf
0003 EB                MOV     A,R3
0004 F0                MOVX    @DPTR,A
0005 A3                INC     DPTR
0006 EA                MOV     A,R2
0007 F0                MOVX    @DPTR,A
0008 A3                INC     DPTR
0009 E9                MOV     A,R1
000A F0                MOVX    @DPTR,A
000B A3                INC     DPTR
000C EC                MOV     A,R4
000D F0                MOVX    @DPTR,A
000E A3                INC     DPTR
000F ED                MOV     A,R5
0010 F0                MOVX    @DPTR,A
                                           ; SOURCE LINE # 27
                                           ; SOURCE LINE # 28
0011 E4                CLR     A
0012 900000      R     MOV     DPTR,#i
0015 F0                MOVX    @DPTR,A
                                           ; SOURCE LINE # 30
0016 908304            MOV     DPTR,#08304H
0019 749A              MOV     A,#09AH
001B F0                MOVX    @DPTR,A
                                           ; SOURCE LINE # 32
001C 908301            MOV     DPTR,#08301H
001F 7442              MOV     A,#042H
0021 F0                MOVX    @DPTR,A
                                           ; SOURCE LINE # 33
0022 E4                CLR     A
0023 900000      R     MOV     DPTR,#i
0026 F0                MOVX    @DPTR,A
0027         ?C0001:
0027 900000      R     MOV     DPTR,#i
002A E0                MOVX    A,@DPTR
002B FF                MOV     R7,A
002C D3                SETB    C
002D 900000      R     MOV     DPTR,#len+01H
0030 E0                MOVX    A,@DPTR
0031 9F                SUBB    A,R7
0032 900000      R     MOV     DPTR,#len
0035 E0                MOVX    A,@DPTR
0036 9400              SUBB    A,#00H
0038 403F              JC      ?C0002
                                           ; SOURCE LINE # 34
                                           ; SOURCE LINE # 36
003A 900000      R     MOV     DPTR,#SectorAddr
003D E0                MOVX    A,@DPTR
003E FE                MOV     R6,A
003F A3                INC     DPTR
0040 E0                MOVX    A,@DPTR
0041 908306            MOV     DPTR,#08306H
0044 F0                MOVX    @DPTR,A
                                           ; SOURCE LINE # 37
0045 EE                MOV     A,R6
0046 A3                INC     DPTR
0047 F0                MOVX    @DPTR,A
C51 COMPILER V9.59.0.0   EEPROM                                                            07/28/2021 14:09:43 PAGE 10  

                                           ; SOURCE LINE # 38
0048 900000      R     MOV     DPTR,#SectorAddr+01H
004B E0                MOVX    A,@DPTR
004C 04                INC     A
004D F0                MOVX    @DPTR,A
004E 7006              JNZ     ?C0009
0050 900000      R     MOV     DPTR,#SectorAddr
0053 E0                MOVX    A,@DPTR
0054 04                INC     A
0055 F0                MOVX    @DPTR,A
0056         ?C0009:
                                           ; SOURCE LINE # 40
0056 900000      R     MOV     DPTR,#buf
0059 E0                MOVX    A,@DPTR
005A FB                MOV     R3,A
005B A3                INC     DPTR
005C E0                MOVX    A,@DPTR
005D FA                MOV     R2,A
005E A3                INC     DPTR
005F E0                MOVX    A,@DPTR
0060 F9                MOV     R1,A
0061 900000      R     MOV     DPTR,#i
0064 E0                MOVX    A,@DPTR
0065 F582              MOV     DPL,A
0067 758300            MOV     DPH,#00H
006A 120000      E     LCALL   ?C?CLDOPTR
006D 908303            MOV     DPTR,#08303H
0070 F0                MOVX    @DPTR,A
                                           ; SOURCE LINE # 41
0071 900000      R     MOV     DPTR,#i
0074 E0                MOVX    A,@DPTR
0075 04                INC     A
0076 F0                MOVX    @DPTR,A
0077 80AE              SJMP    ?C0001
0079         ?C0002:
                                           ; SOURCE LINE # 43
0079 908304            MOV     DPTR,#08304H
007C 74A9              MOV     A,#0A9H
007E F0                MOVX    @DPTR,A
                                           ; SOURCE LINE # 44
007F 22                RET     
             ; FUNCTION _writeData2EEPROM (END)

             ; FUNCTION _readDatafromEEPROM (BEGIN)
                                           ; SOURCE LINE # 55
0000 900000      R     MOV     DPTR,#buf
0003 EB                MOV     A,R3
0004 F0                MOVX    @DPTR,A
0005 A3                INC     DPTR
0006 EA                MOV     A,R2
0007 F0                MOVX    @DPTR,A
0008 A3                INC     DPTR
0009 E9                MOV     A,R1
000A F0                MOVX    @DPTR,A
000B A3                INC     DPTR
000C EC                MOV     A,R4
000D F0                MOVX    @DPTR,A
000E A3                INC     DPTR
000F ED                MOV     A,R5
0010 F0                MOVX    @DPTR,A
                                           ; SOURCE LINE # 56
                                           ; SOURCE LINE # 57
C51 COMPILER V9.59.0.0   EEPROM                                                            07/28/2021 14:09:43 PAGE 11  

0011 E4                CLR     A
0012 900000      R     MOV     DPTR,#i
0015 F0                MOVX    @DPTR,A
                                           ; SOURCE LINE # 60
0016 908301            MOV     DPTR,#08301H
0019 7445              MOV     A,#045H
001B F0                MOVX    @DPTR,A
                                           ; SOURCE LINE # 61
001C E4                CLR     A
001D 900000      R     MOV     DPTR,#i
0020 F0                MOVX    @DPTR,A
0021         ?C0005:
0021 900000      R     MOV     DPTR,#i
0024 E0                MOVX    A,@DPTR
0025 FF                MOV     R7,A
0026 D3                SETB    C
0027 900000      R     MOV     DPTR,#len+01H
002A E0                MOVX    A,@DPTR
002B 9F                SUBB    A,R7
002C 900000      R     MOV     DPTR,#len
002F E0                MOVX    A,@DPTR
0030 9400              SUBB    A,#00H
0032 4041              JC      ?C0008
                                           ; SOURCE LINE # 62
                                           ; SOURCE LINE # 64
0034 900000      R     MOV     DPTR,#SectorAddr
0037 E0                MOVX    A,@DPTR
0038 FE                MOV     R6,A
0039 A3                INC     DPTR
003A E0                MOVX    A,@DPTR
003B 908306            MOV     DPTR,#08306H
003E F0                MOVX    @DPTR,A
                                           ; SOURCE LINE # 65
003F EE                MOV     A,R6
0040 A3                INC     DPTR
0041 F0                MOVX    @DPTR,A
                                           ; SOURCE LINE # 66
0042 900000      R     MOV     DPTR,#SectorAddr+01H
0045 E0                MOVX    A,@DPTR
0046 04                INC     A
0047 F0                MOVX    @DPTR,A
0048 7006              JNZ     ?C0010
004A 900000      R     MOV     DPTR,#SectorAddr
004D E0                MOVX    A,@DPTR
004E 04                INC     A
004F F0                MOVX    @DPTR,A
0050         ?C0010:
                                           ; SOURCE LINE # 68
0050 908303            MOV     DPTR,#08303H
0053 E0                MOVX    A,@DPTR
0054 FF                MOV     R7,A
0055 900000      R     MOV     DPTR,#buf
0058 E0                MOVX    A,@DPTR
0059 FB                MOV     R3,A
005A A3                INC     DPTR
005B E0                MOVX    A,@DPTR
005C FA                MOV     R2,A
005D A3                INC     DPTR
005E E0                MOVX    A,@DPTR
005F F9                MOV     R1,A
0060 900000      R     MOV     DPTR,#i
0063 E0                MOVX    A,@DPTR
C51 COMPILER V9.59.0.0   EEPROM                                                            07/28/2021 14:09:43 PAGE 12  

0064 F582              MOV     DPL,A
0066 758300            MOV     DPH,#00H
0069 EF                MOV     A,R7
006A 120000      E     LCALL   ?C?CSTOPTR
                                           ; SOURCE LINE # 69
006D 900000      R     MOV     DPTR,#i
0070 E0                MOVX    A,@DPTR
0071 04                INC     A
0072 F0                MOVX    @DPTR,A
0073 80AC              SJMP    ?C0005
                                           ; SOURCE LINE # 70
0075         ?C0008:
0075 22                RET     
             ; FUNCTION _readDatafromEEPROM (END)

C51 COMPILER V9.59.0.0   EEPROM                                                            07/28/2021 14:09:43 PAGE 13  

NAME                                    CLASS   MSPACE  TYPE    OFFSET  SIZE
====                                    =====   ======  ====    ======  ====


uint16_t . . . . . . . . . . . . . . .  TYPEDEF  -----  U_INT    -----  2
P0 . . . . . . . . . . . . . . . . . .  SFR      DATA   U_CHAR   0080H  1
P1 . . . . . . . . . . . . . . . . . .  SFR      DATA   U_CHAR   0090H  1
P2 . . . . . . . . . . . . . . . . . .  SFR      DATA   U_CHAR   00A0H  1
int32_t. . . . . . . . . . . . . . . .  TYPEDEF  -----  LONG     -----  4
int16_t. . . . . . . . . . . . . . . .  TYPEDEF  -----  INT      -----  2
IE . . . . . . . . . . . . . . . . . .  SFR      DATA   U_CHAR   00A8H  1
IP . . . . . . . . . . . . . . . . . .  SFR      DATA   U_CHAR   00B8H  1
_readDatafromEEPROM. . . . . . . . . .  PUBLIC   CODE   PROC     0000H  -----
  buf. . . . . . . . . . . . . . . . .  AUTO     XDATA  PTR      0000H  3
  SectorAddr . . . . . . . . . . . . .  AUTO     XDATA  U_INT    0003H  2
  len. . . . . . . . . . . . . . . . .  AUTO     XDATA  U_INT    0005H  2
  i. . . . . . . . . . . . . . . . . .  AUTO     XDATA  U_CHAR   0007H  1
EPIE . . . . . . . . . . . . . . . . .  SFR      DATA   U_CHAR   00D8H  1
_writeData2EEPROM. . . . . . . . . . .  PUBLIC   CODE   PROC     0000H  -----
  buf. . . . . . . . . . . . . . . . .  AUTO     XDATA  PTR      0000H  3
  SectorAddr . . . . . . . . . . . . .  AUTO     XDATA  U_INT    0003H  2
  len. . . . . . . . . . . . . . . . .  AUTO     XDATA  U_INT    0005H  2
  i. . . . . . . . . . . . . . . . . .  AUTO     XDATA  U_CHAR   0007H  1
EXIE . . . . . . . . . . . . . . . . .  SFR      DATA   U_CHAR   00E8H  1
u8 . . . . . . . . . . . . . . . . . .  TYPEDEF  -----  U_CHAR   -----  1
TCON . . . . . . . . . . . . . . . . .  SFR      DATA   U_CHAR   0088H  1
EXIP . . . . . . . . . . . . . . . . .  SFR      DATA   U_CHAR   00F8H  1
uint8_t. . . . . . . . . . . . . . . .  TYPEDEF  -----  U_CHAR   -----  1
int8_t . . . . . . . . . . . . . . . .  TYPEDEF  -----  CHAR     -----  1
u32. . . . . . . . . . . . . . . . . .  TYPEDEF  -----  U_LONG   -----  4
u16. . . . . . . . . . . . . . . . . .  TYPEDEF  -----  U_INT    -----  2
S0CON. . . . . . . . . . . . . . . . .  SFR      DATA   U_CHAR   0098H  1
ADCON. . . . . . . . . . . . . . . . .  SFR      DATA   U_CHAR   00C0H  1
T2CON. . . . . . . . . . . . . . . . .  SFR      DATA   U_CHAR   00C8H  1
uint32_t . . . . . . . . . . . . . . .  TYPEDEF  -----  U_LONG   -----  4


MODULE INFORMATION:   STATIC OVERLAYABLE
   CODE SIZE        =    246    ----
   CONSTANT SIZE    =   ----    ----
   XDATA SIZE       =   ----      16
   PDATA SIZE       =   ----    ----
   DATA SIZE        =   ----    ----
   IDATA SIZE       =   ----    ----
   BIT SIZE         =   ----    ----
END OF MODULE INFORMATION.


C51 COMPILATION COMPLETE.  0 WARNING(S),  0 ERROR(S)
