C51 COMPILER V9.59.0.0   USER                                                              06/10/2019 14:59:38 PAGE 1   


C51 COMPILER V9.59.0.0, COMPILATION OF MODULE USER
OBJECT MODULE PLACED IN .\Objects\user.obj
COMPILER INVOKED BY: C:\Keil_v5\C51\C51\BIN\C51.EXE user.c OPTIMIZE(8,SPEED) BROWSE INCDIR(.\hareware) DEBUG OBJECTEXTEN
                    -D PRINT(.\Listings\user.lst) OBJECT(.\Objects\user.obj)

line level    source

   1          
   2          /*************  ЙІФмЫЕУї        **************
   3          ******************************************/
   4          
   5          #include "data_config.h"
   6          #include "timer.h"
   7          #include "GPIO.h"
   8          //-----------------------------------------------
   9          void delay_(void)
  10          {
  11   1          int i, j;
  12   1      
  13   1          for (i=0; i<100; i++)
  14   1          for (j=0; j<5; j++);
  15   1      }
  16          
  17          #define TIM2SET_MODEA0      0
  18          #define TIM2SET_MODEB0      0
  19          #define TIM2SET_GRAB_T2CL        0
  20          #define TIM2SET_GRAB_T2EX        0
  21          #define TIM2SET_T2OUT       0
  22          //========================================================================
  23          // КЏЪ§: void Timer_config()
  24          // УшЪі: 
  25          // ЗЕЛи: 
  26          // АцБО: 
  27          //========================================================================
  28          /************************ ЖЈЪБЦїХфжУ ****************************/
  29          void Timer_config(void)
  30          {
  31   1          TIM_01_InitTypeDef TIM_InitStructure; 
  32   1      
  33   1          //===================================================================================    
  34   1          /* ЖЈЪБЦї0/1ГѕЪМЛЏХфжУ */
  35   1          TIM_InitStructure.TIM_Mode       = TIM_13Bit;         //ЙЄзїФЃЪН: 
  36   1                                                                  //TIM_13Bit         0    /* ФЃЪН 0ЃЌ TL0 КЭ TH0
             - зщГЩ 13 ЮЛЖЈЪБЦї/МЦЪ§Цї */         
  37   1                                                                  //TIM_16Bit                 1    /* ФЃЪН 1ЃЌ TL0/1 КЭ TH0/1 
             -зщГЩ 16 ЮЛЖЈЪБЦї/МЦЪ§Цї */
  38   1                                                                  //TIM_8BitAutoReload        2    /* ФЃЪН 2ЃЌ TL0/1 зї
             -ЮЊ 8 ЮЛЖЈЪБЦї/МЦЪ§ЦїЃЌ TH0/1 зїЮЊздЖЏжидиМФДцЦї */
  39   1                                                                  //TIM_8Bit_2                        3    /* ФЃЪН 3ЃЌ TL0 КЭ TH0 зїЮ
             -ЊСНИіЭъШЋЖРСЂЕФ 8 ЮЛЖЈЪБЦї/МЦЪ§Цї */
  40   1          TIM_InitStructure.TIM_CTM        = TIM_CLKTIM;        //ЖЈЪБЦїЁЂМЦЪ§Цї      TIM_CLOCK_12T,ЭтВПTI
  41   1          TIM_InitStructure.TIM_Value      = TIME_CNTVAL_13bit; //ЖЈЪБ1ms
  42   1          TIM_InitStructure.TIM_Interrupt  = ENABLE;            //жаЖЯдЪаэ            ENABLE,DISABLE0
  43   1          TIM_InitStructure.TIM_Polity     = PolityLow;                 //жИЖЈжаЖЯгХЯШМЖ, PolityHigh,PolityLow
  44   1              TIM_InitStructure.TIM_Run        = ENABLE;            //ЪЧЗёдЫаа                ENABLE,DISABLE0
  45   1          Timer_Inilize(Timer0, &TIM_InitStructure); 
  46   1      }   
  47          
  48          
  49          
  50          
C51 COMPILER V9.59.0.0   USER                                                              06/10/2019 14:59:38 PAGE 2   

  51          
  52          
  53          
  54          
  55          
  56          
  57          
  58          
  59          
  60          
  61          
  62          
  63          
  64          
  65          
  66          
  67          
  68          
  69          
  70          


MODULE INFORMATION:   STATIC OVERLAYABLE
   CODE SIZE        =     57    ----
   CONSTANT SIZE    =   ----    ----
   XDATA SIZE       =   ----    ----
   PDATA SIZE       =   ----    ----
   DATA SIZE        =   ----       8
   IDATA SIZE       =   ----    ----
   BIT SIZE         =   ----    ----
END OF MODULE INFORMATION.


C51 COMPILATION COMPLETE.  0 WARNING(S),  0 ERROR(S)
