C51 COMPILER V9.59.0.0   WDT                                                               06/10/2019 14:34:42 PAGE 1   


C51 COMPILER V9.59.0.0, COMPILATION OF MODULE WDT
OBJECT MODULE PLACED IN .\Objects\WDT.obj
COMPILER INVOKED BY: C:\Keil_v5\C51\C51\BIN\C51.EXE hareware\WDT.c OPTIMIZE(8,SPEED) BROWSE INCDIR(.\hareware) DEBUG OBJ
                    -ECTEXTEND PRINT(.\Listings\WDT.lst) OBJECT(.\Objects\WDT.obj)

line level    source

   1          #include "WDT.h"
   2          
   3          
   4          /********************* WDT_isr中断函数************************/
   5          void WDT_isr (void) interrupt 6
   6          {
   7   1          if(0x02 == (WDTFLG&WDIF))
   8   1          {
   9   2              P00 = ! P00;
  10   2              WDT_CLR();
  11   2          }
  12   1      }
  13          
  14          
  15          /* 
  16          计数时钟为慢速时钟（由寄存器 LRCON的 LRS 位决定是是 LOSC 还是 LRC 时钟）
  17          WDTS_T(timeval)
  18          WDT 时间选择
  19          0： 256 个时钟周期，约为 7.8125ms
  20          1： 512 个时钟周期，约为 15.625ms
  21          2： 1024 个时钟周期，约为 31.25ms
  22          3： 2048 个时钟周期，约为 62.5ms
  23          4： 4096 个时钟周期，约为 125ms
  24          5： 8192 个时钟周期，约为 250ms
  25          6： 16384 个时钟周期，约为 500ms
  26          7： 32768 个时钟周期，约为 1s
  27          */
  28          
  29          //========================================================================
  30          // 函数: void WDT_init (u8 isr_en,u8 sval)
  31          // 描述: 
  32          // 参数: isr_en:中断使能(ENABLE,DISABLE0),
  33          //       sval:分频系数(取值0-7)
  34          // 返回: 
  35          // 版本: 
  36          //========================================================================
  37          void WDT_init(u8 isr_en,u8 sval)
  38          {
  39   1          if(sval>7) return;
  40   1          
  41   1          if(isr_en == ENABLE)
  42   1          {
  43   2              WDTINT_EN();  
  44   2          }
  45   1          else
  46   1          {
  47   2              WDTRES_EN();//使能 WDT, WDT 溢出后产生复位
  48   2          }
  49   1          WDTS_T(sval);
  50   1          WDT_CLR();
  51   1      }
  52          
  53          
  54          
C51 COMPILER V9.59.0.0   WDT                                                               06/10/2019 14:34:42 PAGE 2   

  55          
  56          
  57          
  58          
  59          
  60          


MODULE INFORMATION:   STATIC OVERLAYABLE
   CODE SIZE        =     60    ----
   CONSTANT SIZE    =   ----    ----
   XDATA SIZE       =   ----    ----
   PDATA SIZE       =   ----    ----
   DATA SIZE        =   ----    ----
   IDATA SIZE       =   ----    ----
   BIT SIZE         =   ----    ----
END OF MODULE INFORMATION.


C51 COMPILATION COMPLETE.  0 WARNING(S),  0 ERROR(S)
