C51 COMPILER V9.59.0.0   MAIN                                                              07/26/2021 15:47:58 PAGE 1   


C51 COMPILER V9.59.0.0, COMPILATION OF MODULE MAIN
OBJECT MODULE PLACED IN .\Objects\main.obj
COMPILER INVOKED BY: C:\Keil_v5\C51\BIN\C51.EXE main.c OPTIMIZE(8,SPEED) BROWSE INCDIR(..\headfile) DEBUG OBJECTEXTEND P
                    -RINT(.\Listings\main.lst) OBJECT(.\Objects\main.obj)

line level    source

   1          /*********************************************************
   2          *Copyright (C), 2020-2030, 深圳前海维晟智能技术有限公司
   3          *文件名:        wdt.c
   4          *作  者:        
   5          *版  本:        
   6          *日  期:        
   7          *描  述:        
   8          *备  注:     
   9          **********************************************************/
  10          
  11          /*********************************WDT简介********************************************
  12          看门狗定时器（WDT）为一个 15 位递减计数器，
  13          其计数时钟为 LRC /LOSC 时钟，有 8 位调节精度，计数范围为 7.8125ms-1s。
  14          *************************************************************************************/
  15          #include "WS51F6240.h"  
  16          static void delay_1ms(void)
  17          {
  18   1              int j;
  19   1              for(j=0;j<1700;++j);
  20   1      }
  21          /*****************************************************
  22          *函数名称：init_wdt(void)
  23          *函数功能：wdt复位
  24          *入口参数：
  25          *出口参数：
  26          *****************************************************/
  27          void rest_wdt(void)
  28          {
  29   1                      WDTCON = 0x07;    //产生复位 1s
  30   1      //      WDTCON = 0x06;    //产生复位 500ms
  31   1      //      WDTCON = 0x05;    //产生复位 250ms
  32   1      //      WDTCON = 0x04;    //产生复位 125ms
  33   1      //      WDTCON = 0x03;    //产生复位 62.5ms
  34   1      //      WDTCON = 0x02;    //产生复位 31.25ms
  35   1      //      WDTCON = 0x01;    //产生复位 15.625ms
  36   1      //      WDTCON = 0x00;    //产生复位 7.8125ms   
  37   1          WDTFLG = 0xA5;              //开启  
  38   1      }
  39          
  40          /*****************************************************
  41          *函数名称：init_wdt(void)
  42          *函数功能：wdt中断
  43          *入口参数：
  44          *出口参数：
  45          *****************************************************/
  46          void exint_wdt(void)
  47          {
  48   1                WDTCON = 0x87;    //产生中断 1s     + 0x40  //选择LOSC时钟
  49   1      //      WDTCON = 0x86;    //产生中断 500ms
  50   1      //      WDTCON = 0x85;    //产生中断 250ms
  51   1      //  WDTCON = 0x84;    //产生中断 125ms
  52   1      //      WDTCON = 0x83;    //产生中断 62.5ms
  53   1      //      WDTCON = 0x82;    //产生中断 31.25ms
  54   1      //  WDTCON = 0x81;    //产生中断 15.625ms
C51 COMPILER V9.59.0.0   MAIN                                                              07/26/2021 15:47:58 PAGE 2   

  55   1      //      WDTCON = 0x80;    //产生中断 7.8125ms 
  56   1                WDTFLG = 0xA5;                //开启
  57   1      }
  58          /*****************************************************
  59          中断函数
  60          *****************************************************/
  61          void Wdt_Isr() interrupt 6
  62          {
  63   1              if((WDTFLG&0x02) == 0x02)
  64   1              {
  65   2                      WDTFLG = 0xA5;  //喂狗
  66   2                      P11 = ~P11;
  67   2              }
  68   1      }
  69          
  70          /**************************************************************
  71          说明：WDT复位
  72                      0030 芯片上电延时约62.7ms，wdt中断可选LRC/LOSC 复位仅可选LRC
  73          ***************************************************************/
  74          void main()
  75          {
  76   1          SCCON = 0x00;//HRC
  77   1                HRCON |= 0x80;
  78   1      
  79   1      #if 0
              /*********************外部losc时钟配置*****************/
                      /****************管脚配置       *************/
                  P17F = 5;
                      P21F = 5;
                      
                  //使能SCM
                  SCMCON = 0x08+0x02; //+0x04
                  
                  //配置外部时钟使能
                  XSCON = 0x08;
                  
                  //等待外部时钟稳定
                  while((XSCON&0x01)==0x0);
                              delay_1ms();
                      
                  //切换系统时钟为外部低速 RC
              //      SCCON = 0x40;//LOSC 
              #endif  
  98   1      
  99   1              /*************** 管脚配置 ****************/     
 100   1               P11F=0X02; 
 101   1               P10F=0X02;
 102   1      
 103   1        /*************** WDT初始化 ****************/  
 104   1               rest_wdt();
 105   1      //       exint_wdt();
 106   1              
 107   1                 IE = 0xC0;           // 使能WDT中断
 108   1              
 109   1          while(1)
 110   1          {   
 111   2            P10=~P10;
 112   2          }
 113   1      }


MODULE INFORMATION:   STATIC OVERLAYABLE
C51 COMPILER V9.59.0.0   MAIN                                                              07/26/2021 15:47:58 PAGE 3   

   CODE SIZE        =     73    ----
   CONSTANT SIZE    =   ----    ----
   XDATA SIZE       =   ----    ----
   PDATA SIZE       =   ----    ----
   DATA SIZE        =   ----    ----
   IDATA SIZE       =   ----    ----
   BIT SIZE         =   ----    ----
END OF MODULE INFORMATION.


C51 COMPILATION COMPLETE.  0 WARNING(S),  0 ERROR(S)
