C51 COMPILER V9.59.0.0   MAIN                                                              07/26/2021 16:06:51 PAGE 1   


C51 COMPILER V9.59.0.0, COMPILATION OF MODULE MAIN
OBJECT MODULE PLACED IN .\Objects\main.obj
COMPILER INVOKED BY: C:\Keil_v5\C51\BIN\C51.EXE main.c OPTIMIZE(8,SPEED) BROWSE INCDIR(..\headfile) DEBUG OBJECTEXTEND P
                    -RINT(.\Listings\main.lst) OBJECT(.\Objects\main.obj)

line level    source

   1          /*********************************************************
   2          *Copyright (C), 2020-2030, 深圳前海维晟智能技术有限公司
   3          *文件名:        lvd复位标志.c
   4          *作  者:        
   5          *版  本:        
   6          *日  期:        
   7          *描  述:        
   8          *备  注:     
   9          **********************************************************/
  10          
  11          #include "WS51F6240.h"
  12          #include "intrins.h"
  13          #include <stdio.h>
  14          
  15          void UART1_write(signed char dat)
  16          {
  17   1          S1BUF = dat;            //Send data to UART buffer
  18   1          while(TI1 != (S1CON&TI1));
  19   1          //清TI1
  20   1          S1CON &= ~TI1;
  21   1      }
  22          
  23          ///重定向c库函数printf到串口，重定向后可使用printf函数
  24          char putchar(char ch)
  25          {
  26   1          /* 发送一个字节数据到串口 */
  27   1          UART1_write((signed char) ch);
  28   1              
  29   1          return ch;
  30   1      }
  31          
  32          /*****************************************************
  33          *函数名称：void Uart1Mode1(void)
  34          *函数功能：9600 波特率
  35          *入口参数：
  36          *出口参数：
  37          *****************************************************/
  38          void Uart1Mode1(void)
  39          {
  40   1              S1CON = 0x80;
  41   1              S1RELL = 972;
  42   1              S1RELH = 972>>8;        
  43   1      }
  44          
  45          void main()
  46          {
  47   1                SCCON = 0x00;//HRC
  48   1                HRCON |= 0x80;
  49   1        
  50   1          /*************** 管脚配置 ****************/ 
  51   1                P02F = 6;//UART1_RX
  52   1                P16F = 6;//UART1_TX
  53   1              
  54   1               /*************** 串口选择 ****************/
C51 COMPILER V9.59.0.0   MAIN                                                              07/26/2021 16:06:51 PAGE 2   

  55   1                Uart1Mode1(); 
  56   1                printf("RUN------\r\n");
  57   1      
  58   1         /*************** 打印复位寄存器标志 ****************/
  59   1                printf("rstflg=%bx\r\n",RSTFLG);  //rstflg打印0x10
  60   1                LVDCON = 0X88;                                                                                //打开LVD复位功能
  61   1                RSTFLG &= 0X00;                                                                               //清标志
  62   1       while(1);
  63   1       }
  64          
  65          
  66          
  67          
  68          
  69          
  70          
  71          
  72          
  73          


MODULE INFORMATION:   STATIC OVERLAYABLE
   CODE SIZE        =     77    ----
   CONSTANT SIZE    =     25    ----
   XDATA SIZE       =   ----    ----
   PDATA SIZE       =   ----    ----
   DATA SIZE        =   ----    ----
   IDATA SIZE       =   ----    ----
   BIT SIZE         =   ----    ----
END OF MODULE INFORMATION.


C51 COMPILATION COMPLETE.  0 WARNING(S),  0 ERROR(S)
