C51 COMPILER V9.59.0.0   MAIN                                                              02/10/2022 10:58:08 PAGE 1   


C51 COMPILER V9.59.0.0, COMPILATION OF MODULE MAIN
OBJECT MODULE PLACED IN .\Objects\main.obj
COMPILER INVOKED BY: C:\Keil_v5\C51\BIN\C51.EXE main.c OPTIMIZE(8,SPEED) BROWSE INCDIR(..\headfile) DEBUG OBJECTEXTEND P
                    -RINT(.\Listings\main.lst) OBJECT(.\Objects\main.obj)

line level    source

   1          /*********************************************************
   2          *Copyright (C), 2020-2030, ЩюлкЧАКЃЮЌъЩжЧФмММЪѕгаЯоЙЋЫО
   3          *ЮФМўУћ:        timer2.c
   4          *зї  еп:        
   5          *Ац  БО:        
   6          *Ше  Цк:        
   7          *Уш  Ъі:        
   8          *БИ  зЂ:     
   9          **********************************************************/
  10          #include "WS51F6240.h"
  11          #include <stdio.h>
  12          
  13          /* зЂ:
  14           * Timer2: ФЃЪНбЁдё
  15           *              (1).жидиФЃЪН0: ЩшжУ DCEN = 0ЃЌCPRL2 = 0ЃЌШчЙћ EXEN2 = 1ЃЌдђ T2EX БпбиКЭМЦЪ§вчГіЪБНЋДЅЗЂжидиЃЌЗёдђжЛгаМ
             -ЦЪ§вчГіВХФмДЅЗЂжидиЁЃ
  16           *              (2).жидиФЃЪН1: ЩшжУ DCEN = 1ЃЌCPRL2 = 0ЃЌДЫЪБ T2EX ЮЊЕЭЪБЖЈЪБЦїЕнМѕМЦЪ§ЃЌT2EX ЮЊИпЪБЖЈЪБЦїЕндіМЦЪ§ЁЃE
             -XF2 БъжОВЛдйВњЩњжаЖЯЃЌЖјЪЧзїЮЊМЦЪ§ЦїЕУЕк 17 ЮЛЗ­зЊЁЃ    
  17           *              (3).зЅШЁФЃЪН:  ЩшжУ CPRL2 = 1ЃЌ T2CM = 0ЃЌT2EXЙмНХБпбиДЅЗЂзЅШЁ; ЩшжУ CPRL2 = 1ЃЌ T2CM = 1ЃЌШэМўаДШыМФ
             -ДцЦї T2CL НЋДЅЗЂвЛДЮзЅШЁВйзї
  18           *              (4).ВЈЬиТЪВњЩњЦїФЃЪН:
  19           *              (5).ЪБжгЪфГіФЃЪН: ЩшжУ T2OE = 1ЃЌДЫЪБЖЈЪБЦїздЖЏНјШыМЦЪ§вчГіжидиФЃЪНT2 в§НХЪфГіЦЕТЪЮЊ 2 БЖвчГіжмЦкЕФЪБ
             -жгЁЃДЫФЃЪНВЛФмЪЙгУ T2 зїЮЊЪБжгЪфШыЁЃ
  20           * Timer2: ЙмНХХфжУ
  21           *              (1).МЦЪ§ЙІФм, ЪЙгУ T2 ЪфШыЪБжгМЦЪ§, ЙмНХT2(P11)ЩшжУЮЊЪфШы(P11F = 0x1;), T2MOD.2ПЩбЁЩЯ/ЯТбиМЦЪ§
  22           *              (2).ЪБжгЪфГіФЃЪН, ЙмНХT2(P11)ЩшжУЮЊЪфГі(P11F = 0x2;)               
  23           *              (3).T2EXзЅШЁЛђДЅЗЂжиди, ЙмНХT2EX(P12)ЩшжУЮЊЪфШы, T2MOD.3ПЩбЁЩЯ/ЯТбиДЅЗЂжидиЛђзЅШЁ
  24           */
  25          
  26          static void delay(int i)
  27          {
  28   1              long j;
  29   1              for(j=0;j<10*i;++j);
  30   1      }
  31          
  32          void UART0_write(signed char dat)
  33          {
  34   1          S0BUF = dat;            //Send data to UART buffer
  35   1          while(!TI0);
  36   1          TI0 = 0;
  37   1      }
  38          
  39          ///жиЖЈЯђcПтКЏЪ§printfЕНДЎПкЃЌжиЖЈЯђКѓПЩЪЙгУprintfКЏЪ§
  40          char putchar(char ch)
  41          {
  42   1          /* ЗЂЫЭвЛИізжНкЪ§ОнЕНДЎПк */
  43   1          UART0_write((signed char) ch);
  44   1              
  45   1          return ch;
  46   1      }
  47          /*****************************************************
  48          *КЏЪ§УћГЦЃКvoid Uart0Mode1(void)
  49          *КЏЪ§ЙІФмЃК10417 ВЈЬиТЪ
  50          *ШыПкВЮЪ§ЃК
C51 COMPILER V9.59.0.0   MAIN                                                              02/10/2022 10:58:08 PAGE 2   

  51          *ГіПкВЮЪ§ЃК
  52          *****************************************************/
  53          void Uart0Mode1(void)
  54          {
  55   1          SM00 = 0;
  56   1          SM10 = 1;
  57   1          REN0 = 0;    //ДЎааНгЪеЪЙФмЮЛ
  58   1          RI0  = 0;     //НгЪежаЖЯБъжО
  59   1          TI0  = 0;     //ЗЂЫЭжаЖЯБъжО
  60   1              
  61   1          /* ФЌШЯЖЈЪБЦї1зїЮЊЪБжгдД(ХфжУЮЛ8BitздЖЏжидиФЃЪНВЛПЊжаЖЯГЬађ) */
  62   1          /* TL1 зїЮЊ 8 ЮЛЖЈЪБЦї/МЦЪ§ЦїЃЌ TH1 зїЮЊздЖЏжидиМФДцЦї */
  63   1          TR1  = 0;    //ЯШЭЃT1
  64   1          TMOD = 0x20;                // ЖЈЪБЦїЃЌЪБжгЮЊЯЕЭГЪБжг 12 ЗжЦЕ
  65   1          TH1  = 256-4;//ВЈЬиТЪ10417
  66   1          TR1  = 1;   //ПЊЪМдЫаа//timer1 start running        
  67   1      }
  68          
  69          /*****************************************************
  70          *КЏЪ§УћГЦЃКvoid Timer2HardCapture(void)
  71          *КЏЪ§ЙІФмЃКЃЈгВМўаДзЅШЁФЃЪНЃЉ
  72          *ШыПкВЮЪ§ЃК
  73          *ГіПкВЮЪ§ЃК
  74          *****************************************************/
  75          void Timer2HardCapture(void)
  76          {
  77   1              /* ЖЈЪБЦї2ЃКЃЈгВМўаДзЅШЁФЃЪНЃЉ */
  78   1          T2CH = 0x0;
  79   1          T2CL = 0x0;
  80   1          TL2  = T2CL;
  81   1          TH2  = T2CH;
  82   1          
  83   1          T2MOD = 0+0x80;//жидиФЃЪН,ПЊжаЖЯЪЙФм,+0x4/T2БпбибЁдё,+0x08/T2EXБпбибЁдё,+0x10/ШэМўзЅШЁ
  84   1          T2CON = 0x04+0x08+0x01;//ЦєЖЏФЃПщ,/T2EXЪЙФм,+0x02/МЦЪ§ЖЈЪБбЁдё,/зЅШЁЙІФм,
  85   1      }
  86          
  87          unsigned char IntFlag=0;
  88          /*****************************************************
  89          * жаЖЯЗўЮёКЏЪ§
  90          *****************************************************/
  91          void timer2_isr (void) interrupt 5  
  92          {
  93   1      /*-------------------------Timer2жаЖЯКЏЪ§------------------------*/
  94   1              if(TF2 == 1)
  95   1          {
  96   2              TF2 = 0;
  97   2      //                      IntFlag = 1;
  98   2          }
  99   1      
 100   1              if(EXF2 == 1)
 101   1          {
 102   2                      TL2 = 0;
 103   2                      TH2 = 0;
 104   2                      EXF2 = 0;
 105   2                      IntFlag = 1;
 106   2          }
 107   1      
 108   1      }
 109          /**************************************************************
 110          ЫЕУїЃКгВМўзЅШЁЃКP10ЪфГіНгT2EX(P12),ДЅЗЂзЅШЁ
 111          ***************************************************************/
 112          void main()
C51 COMPILER V9.59.0.0   MAIN                                                              02/10/2022 10:58:08 PAGE 3   

 113          {    
 114   1          unsigned int time_val;
 115   1          SCCON = 0x00;//HRC  
 116   1                HRCON |= 0x80;        
 117   1              
 118   1                /****** UART0 ФЃЪН1ЃЈВЈЬиТЪЃК10417ЃЉ*******/
 119   1          P06F = 6;           //P06--TX
 120   1          Uart0Mode1();       
 121   1          printf("RUN------\r\n");   
 122   1              
 123   1          /**************** ЙмНХХфжУ ****************/
 124   1                P12F = 0x81;  //БпбиДЅЗЂжидиЃЌЙмНХT2EX(P12)
 125   1                P10F = 0x2;
 126   1              
 127   1                /************ Timer2 ВЖЛёФЃЪН ************/
 128   1                      Timer2HardCapture();
 129   1                printf("RUN------\r\n"); 
 130   1      
 131   1          EINT2 = 1;  /* гУгк IIC/Timer2/PWM/EP0 жаЖЯ */
 132   1          EA = 1;  
 133   1              
 134   1          while(1)
 135   1          {   
 136   2                      /* ЖЈЪБЦї2,ШэМўаДВЖЛё */
 137   2                         P10 = 1;
 138   2             delay(1);
 139   2                               P10 = 0; 
 140   2                      
 141   2             delay(100);//ЭтВПИјp10дМЮЊ1msЕФЕЭЕчЦНЪБМфЃЌВтЪдДђгЁжЕдМЮЊ3e80 ---ok
 142   2                      
 143   2                      if(IntFlag == 1)
 144   2                      {
 145   3                              IntFlag = 0;
 146   3                  time_val = (u16)T2CH<<8|T2CL;
 147   3                              printf("%4x\r\n", time_val);//(int)
 148   3                      }
 149   2      
 150   2          }
 151   1      }  


MODULE INFORMATION:   STATIC OVERLAYABLE
   CODE SIZE        =    248    ----
   CONSTANT SIZE    =     18    ----
   XDATA SIZE       =   ----    ----
   PDATA SIZE       =   ----    ----
   DATA SIZE        =      1       8
   IDATA SIZE       =   ----    ----
   BIT SIZE         =   ----    ----
END OF MODULE INFORMATION.


C51 COMPILATION COMPLETE.  0 WARNING(S),  0 ERROR(S)
