C51 COMPILER V9.59.0.0   MAIN                                                              07/28/2021 19:08:54 PAGE 1   


C51 COMPILER V9.59.0.0, COMPILATION OF MODULE MAIN
OBJECT MODULE PLACED IN .\Objects\main.obj
COMPILER INVOKED BY: C:\Keil_v5\C51\BIN\C51.EXE main.c OPTIMIZE(8,SPEED) BROWSE INCDIR(..\headfile) DEBUG OBJECTEXTEND P
                    -RINT(.\Listings\main.lst) OBJECT(.\Objects\main.obj)

line level    source

   1          /*********************************************************
   2          *Copyright (C), 2020-2030, 深圳前海维晟智能技术有限公司
   3          *文件名:        LVD.c
   4          *作  者:        
   5          *版  本:        
   6          *日  期:        
   7          *描  述:        
   8          *备  注:     
   9          **********************************************************/
  10          
  11          /*********************************lvd简介********************************************
  12          LVD用于监控芯片自身的供电电压VDD，可检测电压范围为 1.8V-4.2V，精度±50mV。
  13          配置寄存器 LVDS 不为 0 时开启 LVD 功能，其触发电压阈值由寄存器 LVDTH 设置。
  14          当芯片 VDD 出现由高变低到 LVDTH 设置的阈值时，LVDF 位将置 1。此时，如果 LVDS 为 1 则产生 LVD 中断，
  15          如果 LVDS 为 2 则产生 LVD 复位，如果 LVDS 为 3 则芯片即不复位也不产生中断，此时通过 LVDF 标志可初步判断
  16          芯片电源电压。如果产生了 LVD 复位，不会复位寄存器 LVDCON。
  17          *************************************************************************************/
  18          
  19          #include "WS51F6240.h"  
  20          #include <stdio.h>
  21          unsigned int j=0;
  22          static void delay(int i)
  23          {
  24   1              long j;
  25   1              for(j=0;j<10*i;++j);
  26   1      }
  27          static void delay_1ms(void)
  28          {
  29   1              int j;
  30   1              for(j=0;j<1700;++j);
  31   1      }
  32          static void delay_10ms(void)
  33          {
  34   1              int j;
  35   1              for(j=0;j<17700;++j);
  36   1      }
  37          
  38          /*****************************************************
  39          *函数名称：void init_lvd(void)
  40          *函数功能：
  41          *入口参数：
  42          *出口参数：
  43          *****************************************************/
  44          void init_lvd(void)
  45          {
  46   1              LVDCON = 0x40;          //低压时产生中断, 低压阈值设置1.8V
  47   1              
  48   1      //  LVRCON = 0x80;              //低压时产生复位, 低压阈值设置1.8V
  49   1              
  50   1      //      LVRCON = 0xC0;          //低压时产生中断不产生中断和复位, 低压阈值设置1.8V
  51   1      }
  52          
  53          /*****************************************************
  54          * 中断服务函数
C51 COMPILER V9.59.0.0   MAIN                                                              07/28/2021 19:08:54 PAGE 2   

  55          *****************************************************/
  56          void lvd_isr() interrupt 6 
  57          {
  58   1              if((LVDCON&0x01) == 0x01)
  59   1              {
  60   2                      LVDCON  &= 0xFE;
  61   2                      // todo...
  62   2                      P10 = ~P10;
  63   2              }
  64   1      }
  65          
  66          
  67          void main()
  68          {
  69   1         //系统时钟配置
  70   1                      SCCON = 0x00;//选择HRC时钟
  71   1                      HRCON |= 0x80; //HRC使能
  72   1              
  73   1                /****************** 管脚配置 ********************/
  74   1                      P10F = 2; 
  75   1                      P11F = 2; 
  76   1      
  77   1          /*************** LVD 初始化配置 *****************/
  78   1                      init_lvd();
  79   1                      IE = 0xC0;                      //使能LVD中断开 
  80   1              
  81   1      while(1)
  82   1          {                   
  83   2            P11 =~P11;
  84   2          }
  85   1      
  86   1      }


MODULE INFORMATION:   STATIC OVERLAYABLE
   CODE SIZE        =    148    ----
   CONSTANT SIZE    =   ----    ----
   XDATA SIZE       =   ----    ----
   PDATA SIZE       =   ----    ----
   DATA SIZE        =      2       6
   IDATA SIZE       =   ----    ----
   BIT SIZE         =   ----    ----
END OF MODULE INFORMATION.


C51 COMPILATION COMPLETE.  0 WARNING(S),  0 ERROR(S)
