C51 COMPILER V9.59.0.0   MAIN                                                              07/26/2021 16:07:09 PAGE 1   


C51 COMPILER V9.59.0.0, COMPILATION OF MODULE MAIN
OBJECT MODULE PLACED IN .\Objects\main.obj
COMPILER INVOKED BY: C:\Keil_v5\C51\BIN\C51.EXE main.c OPTIMIZE(8,SPEED) BROWSE INCDIR(..\headfile) DEBUG OBJECTEXTEND P
                    -RINT(.\Listings\main.lst) OBJECT(.\Objects\main.obj)

line level    source

   1          /*********************************************************
   2          *Copyright (C), 2020-2030, 深圳前海维晟智能技术有限公司
   3          *文件名:        看门狗复位标志.c
   4          *作  者:        
   5          *版  本:        
   6          *日  期:        
   7          *描  述:        
   8          *备  注:     
   9          **********************************************************/
  10          
  11          #include "WS51F6240.h"
  12          #include "intrins.h"
  13          #include <stdio.h>
  14          
  15          void UART1_write(signed char dat)
  16          {
  17   1          S1BUF = dat;            //Send data to UART buffer
  18   1          while(TI1 != (S1CON&TI1));
  19   1          //清TI1
  20   1          S1CON &= ~TI1;
  21   1      }
  22          
  23          ///重定向c库函数printf到串口，重定向后可使用printf函数
  24          char putchar(char ch)
  25          {
  26   1          /* 发送一个字节数据到串口 */
  27   1          UART1_write((signed char) ch);
  28   1              
  29   1          return ch;
  30   1      }
  31          
  32          /*****************************************************
  33          *函数名称：void Uart1Mode1(void)
  34          *函数功能：9600 波特率
  35          *入口参数：
  36          *出口参数：
  37          *****************************************************/
  38          void Uart1Mode1(void)
  39          {
  40   1              S1CON = 0x80;   
  41   1              S1RELL = 972;
  42   1              S1RELH = 972>>8;        
  43   1      }
  44          /*****************************************************
  45          *函数名称：init_wdt(void)
  46          *函数功能：wdt复位
  47          *入口参数：
  48          *出口参数：
  49          *****************************************************/
  50          void rest_wdt(void)
  51          {
  52   1                      WDTCON = 0x07;    //产生复位 1s
  53   1      //      WDTCON = 0x06;    //产生复位 500ms
  54   1      //      WDTCON = 0x05;    //产生复位 250ms
C51 COMPILER V9.59.0.0   MAIN                                                              07/26/2021 16:07:09 PAGE 2   

  55   1      //      WDTCON = 0x04;    //产生复位 125ms
  56   1      //      WDTCON = 0x03;    //产生复位 62.5ms
  57   1      //      WDTCON = 0x02;    //产生复位 31.25ms
  58   1      //      WDTCON = 0x01;    //产生复位 15.625ms
  59   1      //      WDTCON = 0x00;    //产生复位 7.8125ms   
  60   1      }
  61          
  62          
  63          void main()
  64          {
  65   1          int i;
  66   1           
  67   1               SCCON = 0x00;//HRC   
  68   1               HRCON |= 0x80;
  69   1          
  70   1      
  71   1                      /*************** 管脚配置 ****************/
  72   1                P02F = 6;//UART1_RX
  73   1                P16F = 6;//UART1_TX
  74   1                                 
  75   1          /*************** 串口选择*****************/
  76   1                Uart1Mode1(); 
  77   1                printf("RUN------\r\n");
  78   1              
  79   1                /*************** WDT初始化 ****************/  
  80   1                rest_wdt();
  81   1              
  82   1              
  83   1                /*************** 打印复位寄存器标志 ****************/
  84   1                printf("rstflg=%bx\r\n",RSTFLG);      //rstflg打印0x08                                                                                        
  85   1                RSTFLG = 0X00;                                                                                //清其他的标志位
  86   1                WDTFLG = 0xA5;                                                                                //开启WDT并清标志
  87   1                      
  88   1       while(1);
  89   1      }
*** WARNING C280 IN LINE 65 OF main.c: 'i': unreferenced local variable
  90          
  91              
  92           
  93              
  94             
  95              
  96          
  97          
  98          
  99          


MODULE INFORMATION:   STATIC OVERLAYABLE
   CODE SIZE        =     84    ----
   CONSTANT SIZE    =     25    ----
   XDATA SIZE       =   ----    ----
   PDATA SIZE       =   ----    ----
   DATA SIZE        =   ----       2
   IDATA SIZE       =   ----    ----
   BIT SIZE         =   ----    ----
END OF MODULE INFORMATION.


C51 COMPILATION COMPLETE.  1 WARNING(S),  0 ERROR(S)
