C51 COMPILER V9.59.0.0   NVR                                                               07/26/2021 16:11:04 PAGE 1   


C51 COMPILER V9.59.0.0, COMPILATION OF MODULE NVR
OBJECT MODULE PLACED IN .\Objects\nvr.obj
COMPILER INVOKED BY: C:\Keil_v5\C51\BIN\C51.EXE nvr.c LARGE OPTIMIZE(8,SPEED) BROWSE INCDIR(..\headfile) DEBUG OBJECTEXT
                    -END CODE LISTINCLUDE SYMBOLS PRINT(.\Listings\nvr.lst) PREPRINT(.\Listings\nvr.i) OBJECT(.\Objects\nvr.obj)

line level    source

   1          /*********************************************************
   2          *Copyright (C), 2020-2030, ЩюлкЧАКЃЮЌъЩжЧФмММЪѕгаЯоЙЋЫО
   3          *ЮФМўУћ:        nvr.c
   4          *зї  еп:        
   5          *Ац  БО:        
   6          *Ше  Цк:        
   7          *Уш  Ъі:        
   8          *БИ  зЂ:     
   9          **********************************************************/
  10          
  11          #include "WS51F6240.h"
   1      =1  #ifndef __WS51F6240_H
   2      =1  #define __WS51F6240_H
   3      =1  sfr OKER        = 0xff;
   4      =1  
   5      =1  sfr P0          = 0x80;
   6      =1  sfr SP          = 0x81;
   7      =1  sfr DP0L        = 0x82;
   8      =1  sfr DP0H        = 0x83;
   9      =1  sfr DP1L        = 0x84;
  10      =1  sfr DP1H        = 0x85;
  11      =1  sfr SCCON       = 0x86;
  12      =1  sfr PCON        = 0x87;
  13      =1  sfr TCON        = 0x88;
  14      =1  sfr TMOD        = 0x89;
  15      =1  sfr TL0         = 0x8a;
  16      =1  sfr TL1         = 0x8b;
  17      =1  sfr TH0         = 0x8c;
  18      =1  sfr TH1         = 0x8d;
  19      =1  sfr P1          = 0x90;
  20      =1  sfr XSCON       = 0x95;
  21      =1  sfr HRCON       = 0x96;
  22      =1  sfr LRCON       = 0x97;
  23      =1  sfr S0CON       = 0x98;
  24      =1  sfr S0BUF       = 0x99;
  25      =1  sfr S0CFG       = 0x9a;
  26      =1  sfr S1CON       = 0x9b;
  27      =1  sfr S1BUF       = 0x9c;
  28      =1  sfr S1RELL      = 0x9d;
  29      =1  sfr S1RELH      = 0x9e;
  30      =1  sfr RSTFLG      = 0x9f;
  31      =1  sfr P2          = 0xa0;
  32      =1  sfr I2CCON      = 0xa1;
  33      =1  sfr I2CADR      = 0xa2;
  34      =1  sfr I2CFG0      = 0xa3;
  35      =1  sfr I2CFG1      = 0xa4;
  36      =1  sfr I2CTXD      = 0xa5;
  37      =1  sfr I2CRXD      = 0xa6;
  38      =1  sfr I2CFLG      = 0xa7;
  39      =1  sfr IE          = 0xa8;
  40      =1  sfr WDTCON      = 0xa9;
  41      =1  sfr WDTFLG      = 0xaa;
  42      =1  sfr TL3         = 0xae;
  43      =1  sfr TH3         = 0xaf;
C51 COMPILER V9.59.0.0   NVR                                                               07/26/2021 16:11:04 PAGE 2   

  44      =1  sfr T3CON       = 0xb2;
  45      =1  sfr T3MOD       = 0xb3;
  46      =1  sfr T3RL        = 0xb4;
  47      =1  sfr T3RH        = 0xb5;
  48      =1  sfr T3CL        = 0xb6;
  49      =1  sfr T3CH        = 0xb7;
  50      =1  sfr IP          = 0xb8;
  51      =1  sfr LVDCON      = 0xb9;
  52      =1  sfr ADCBGP      = 0xbf;
  53      =1  sfr ADCON       = 0xc0;
  54      =1  sfr ADCFG       = 0xc1;
  55      =1  sfr ADCHS       = 0xc2;
  56      =1  sfr ADCDL       = 0xc3;
  57      =1  sfr ADCDH       = 0xc4;
  58      =1  sfr ADCPC       = 0xc5;
  59      =1  sfr ADCPDL      = 0xc6;
  60      =1  sfr ADCPDH      = 0xc7;
  61      =1  sfr T2CON       = 0xc8;
  62      =1  sfr T2MOD       = 0xc9;
  63      =1  sfr T2CL        = 0xca;
  64      =1  sfr T2CH        = 0xcb;
  65      =1  sfr TL2         = 0xcc;
  66      =1  sfr TH2         = 0xcd;
  67      =1  sfr SCMCON      = 0xce;
  68      =1  sfr SCMFLG      = 0xcf;
  69      =1  sfr PSW         = 0xd0;
  70      =1  sfr WKTCON      = 0xd1;
  71      =1  sfr WKTSS       = 0xd2;
  72      =1  sfr OPCON       = 0xd3;
  73      =1  sfr OPCFG       = 0xd4;
  74      =1  sfr EPIE        = 0xd8;
  75      =1  sfr EPIF        = 0xd9;
  76      =1  sfr EP0CON      = 0xda;
  77      =1  sfr EP1CON      = 0xdb;
  78      =1  sfr EP2CON      = 0xdc;
  79      =1  sfr EP3CON      = 0xdd;
  80      =1  sfr ACC         = 0xe0;
  81      =1  sfr SPCON       = 0xe1;
  82      =1  sfr SPDAT       = 0xe2;
  83      =1  sfr SPFLG       = 0xe3;
  84      =1  sfr PCOMS       = 0xe4;
  85      =1  sfr PDRVS       = 0xe5;
  86      =1  sfr EXIE        = 0xe8;
  87      =1  sfr B           = 0xf0;
  88      =1  sfr EXIP        = 0xf8;
  89      =1  sfr PWCON       = 0xf9;
  90      =1  sfr IT0CON      = 0xfa;
  91      =1  sfr IT1CON      = 0xfb;
  92      =1  sfr IDLFL       = 0xfc;
  93      =1  sfr IDLFH       = 0xfd;
  94      =1  sfr STPF        = 0xfe;
  95      =1  #define P00F       (*(unsigned char volatile xdata *)0x8000)
  96      =1  #define P01F       (*(unsigned char volatile xdata *)0x8001)
  97      =1  #define P02F       (*(unsigned char volatile xdata *)0x8002)
  98      =1  #define P03F       (*(unsigned char volatile xdata *)0x8003)
  99      =1  #define P04F       (*(unsigned char volatile xdata *)0x8004)
 100      =1  #define P05F       (*(unsigned char volatile xdata *)0x8005)
 101      =1  #define P06F       (*(unsigned char volatile xdata *)0x8006)
 102      =1  #define P07F       (*(unsigned char volatile xdata *)0x8007)
 103      =1  #define P10F       (*(unsigned char volatile xdata *)0x8008)
 104      =1  #define P11F       (*(unsigned char volatile xdata *)0x8009)
 105      =1  #define P12F       (*(unsigned char volatile xdata *)0x800a)
C51 COMPILER V9.59.0.0   NVR                                                               07/26/2021 16:11:04 PAGE 3   

 106      =1  #define P13F       (*(unsigned char volatile xdata *)0x800b)
 107      =1  #define P14F       (*(unsigned char volatile xdata *)0x800c)
 108      =1  #define P15F       (*(unsigned char volatile xdata *)0x800d)
 109      =1  #define P16F       (*(unsigned char volatile xdata *)0x800e)
 110      =1  #define P17F       (*(unsigned char volatile xdata *)0x800f)
 111      =1  #define P20F       (*(unsigned char volatile xdata *)0x8010)
 112      =1  #define P21F       (*(unsigned char volatile xdata *)0x8011)
 113      =1  #define PWMRUN     (*(unsigned char volatile xdata *)0x8040)
 114      =1  #define PWMCLR     (*(unsigned char volatile xdata *)0x8041)
 115      =1  #define PWMUPD     (*(unsigned char volatile xdata *)0x8043)
 116      =1  #define PWMFLG0    (*(unsigned char volatile xdata *)0x8044)
 117      =1  #define PWMFLG1    (*(unsigned char volatile xdata *)0x8045)
 118      =1  #define PMEN      (*(unsigned char volatile xdata *)0x8048)
 119      =1  #define PMDAT      (*(unsigned char volatile xdata *)0x8049)
 120      =1  #define PMSCON     (*(unsigned char volatile xdata *)0x804a)
 121      =1  #define PMSDL     (*(unsigned char volatile xdata *)0x804b)
 122      =1  #define PMSDH     (*(unsigned char volatile xdata *)0x804c)
 123      =1  #define PMSML     (*(unsigned char volatile xdata *)0x804d)
 124      =1  #define PMSMH     (*(unsigned char volatile xdata *)0x804e)
 125      =1  #define PWM0CFG    (*(unsigned char volatile xdata *)0x8050)
 126      =1  #define PWM0PS     (*(unsigned char volatile xdata *)0x8051)
 127      =1  #define PWM0DUTL   (*(unsigned char volatile xdata *)0x8054)
 128      =1  #define PWM0DUTH   (*(unsigned char volatile xdata *)0x8055)
 129      =1  #define PWM0DIVL   (*(unsigned char volatile xdata *)0x8056)
 130      =1  #define PWM0DIVH   (*(unsigned char volatile xdata *)0x8057)
 131      =1  #define PWM1CFG    (*(unsigned char volatile xdata *)0x8058)
 132      =1  #define PWM1PS     (*(unsigned char volatile xdata *)0x8059)
 133      =1  #define PWM1DUTL   (*(unsigned char volatile xdata *)0x805c)
 134      =1  #define PWM1DUTH   (*(unsigned char volatile xdata *)0x805d)
 135      =1  #define PWM1DIVL   (*(unsigned char volatile xdata *)0x805e)
 136      =1  #define PWM1DIVH   (*(unsigned char volatile xdata *)0x805f)
 137      =1  #define PWM2CFG    (*(unsigned char volatile xdata *)0x8060)
 138      =1  #define PWM2PS     (*(unsigned char volatile xdata *)0x8061)
 139      =1  #define PWM2DUTL   (*(unsigned char volatile xdata *)0x8064)
 140      =1  #define PWM2DUTH   (*(unsigned char volatile xdata *)0x8065)
 141      =1  #define PWM2DIVL   (*(unsigned char volatile xdata *)0x8066)
 142      =1  #define PWM2DIVH   (*(unsigned char volatile xdata *)0x8067)
 143      =1  #define PWM3CFG    (*(unsigned char volatile xdata *)0x8068)
 144      =1  #define PWM3PS     (*(unsigned char volatile xdata *)0x8069)
 145      =1  #define PWM3DUTL   (*(unsigned char volatile xdata *)0x806c)
 146      =1  #define PWM3DUTH   (*(unsigned char volatile xdata *)0x806d)
 147      =1  #define PWM3DIVL   (*(unsigned char volatile xdata *)0x806e)
 148      =1  #define PWM3DIVH   (*(unsigned char volatile xdata *)0x806f)
 149      =1  #define PWM4CFG    (*(unsigned char volatile xdata *)0x8070)
 150      =1  #define PWM4PS     (*(unsigned char volatile xdata *)0x8071)
 151      =1  #define PWM4DUTL   (*(unsigned char volatile xdata *)0x8074)
 152      =1  #define PWM4DUTH   (*(unsigned char volatile xdata *)0x8075)
 153      =1  #define PWM4DIVL   (*(unsigned char volatile xdata *)0x8076)
 154      =1  #define PWM4DIVH   (*(unsigned char volatile xdata *)0x8077)
 155      =1  #define PWM5CFG    (*(unsigned char volatile xdata *)0x8078)
 156      =1  #define PWM5PS     (*(unsigned char volatile xdata *)0x8079)
 157      =1  #define PWM5DUTL   (*(unsigned char volatile xdata *)0x807c)
 158      =1  #define PWM5DUTH   (*(unsigned char volatile xdata *)0x807d)
 159      =1  #define PWM5DIVL   (*(unsigned char volatile xdata *)0x807e)
 160      =1  #define PWM5DIVH   (*(unsigned char volatile xdata *)0x807f)
 161      =1  #define PWM6CFG    (*(unsigned char volatile xdata *)0x8080)
 162      =1  #define PWM6PS     (*(unsigned char volatile xdata *)0x8081)
 163      =1  #define PWM6DUTL   (*(unsigned char volatile xdata *)0x8084)
 164      =1  #define PWM6DUTH   (*(unsigned char volatile xdata *)0x8085)
 165      =1  #define PWM6DIVL   (*(unsigned char volatile xdata *)0x8086)
 166      =1  #define PWM6DIVH   (*(unsigned char volatile xdata *)0x8087)
 167      =1  #define PWM7CFG    (*(unsigned char volatile xdata *)0x8088)
C51 COMPILER V9.59.0.0   NVR                                                               07/26/2021 16:11:04 PAGE 4   

 168      =1  #define PWM7PS     (*(unsigned char volatile xdata *)0x8089)
 169      =1  #define PWM7DUTL   (*(unsigned char volatile xdata *)0x808c)
 170      =1  #define PWM7DUTH   (*(unsigned char volatile xdata *)0x808d)
 171      =1  #define PWM7DIVL   (*(unsigned char volatile xdata *)0x808e)
 172      =1  #define PWM7DIVH   (*(unsigned char volatile xdata *)0x808f)
 173      =1  #define LEDCFG     (*(unsigned char volatile xdata *)0x80d0)
 174      =1  #define LED0D0    (*(unsigned char volatile xdata *)0x80d2)
 175      =1  #define LED0D1    (*(unsigned char volatile xdata *)0x80d3)
 176      =1  #define LED0D2    (*(unsigned char volatile xdata *)0x80d4)
 177      =1  #define LED1D0    (*(unsigned char volatile xdata *)0x80da)
 178      =1  #define LED1D1    (*(unsigned char volatile xdata *)0x80db)
 179      =1  #define LED1D2    (*(unsigned char volatile xdata *)0x80dc)
 180      =1  #define FBCON      (*(unsigned char volatile xdata *)0x80e0)
 181      =1  #define FBDAT      (*(unsigned char volatile xdata *)0x80e1)
 182      =1  #define FBFLG      (*(unsigned char volatile xdata *)0x80e2)
 183      =1  #define PIMOD      (*(unsigned char volatile xdata *)0x80e8)
 184      =1  #define P0IMSK     (*(unsigned char volatile xdata *)0x80e9)
 185      =1  #define P1IMSK     (*(unsigned char volatile xdata *)0x80ea)
 186      =1  #define P2IMSK     (*(unsigned char volatile xdata *)0x80eb)
 187      =1  #define BZCON      (*(unsigned char volatile xdata *)0x80f0)
 188      =1  #define BZPSC      (*(unsigned char volatile xdata *)0x80f1)
 189      =1  #define BZDUT      (*(unsigned char volatile xdata *)0x80f2)
 190      =1  #define BZDIV      (*(unsigned char volatile xdata *)0x80f3)
 191      =1                  
 192      =1  #define ACBCON    (*(unsigned char volatile xdata *)0x82b0)
 193      =1  #define AKDAT     (*(unsigned char volatile xdata *)0x82b2)
 194      =1  #define AMDAT     (*(unsigned char volatile xdata *)0x82b4)
 195      =1  
 196      =1  #define MECON      (*(unsigned char volatile xdata *)0x8300)
 197      =1  #define FSCMD      (*(unsigned char volatile xdata *)0x8301)
 198      =1  #define BTMSK      (*(unsigned char volatile xdata *)0x8302)
 199      =1  #define FSDAT      (*(unsigned char volatile xdata *)0x8303)
 200      =1  #define FSFLG       (*(unsigned char volatile xdata *)0x8304)
 201      =1  #define PADR        (*(unsigned char volatile xdata *)0x8305)
 202      =1  #define FSDARL       (*(unsigned char volatile xdata *)0x8306)
 203      =1  #define FSDARH       (*(unsigned char volatile xdata *)0x8307)
 204      =1  #define CKSUML     (*(unsigned char volatile xdata *)0x8308)
 205      =1  #define CKSUMH     (*(unsigned char volatile xdata *)0x8309)
 206      =1  #define IDCODE0    (*(unsigned char volatile xdata *)0x830a)
 207      =1  #define IDCODE1    (*(unsigned char volatile xdata *)0x830b)
 208      =1  #define IDCODE2    (*(unsigned char volatile xdata *)0x830c)
 209      =1  #define SPMAX      (*(unsigned char volatile xdata *)0x8407)
 210      =1  
 211      =1  
 212      =1  
 213      =1  #define idata01     (*(unsigned char volatile idata *)0x01) 
 214      =1  #define idata55     (*(unsigned char volatile idata *)0x55) 
 215      =1  #define idata7f     (*(unsigned char volatile idata *)0x7f) 
 216      =1  #define idata80     (*(unsigned char volatile idata *)0x80) 
 217      =1  #define idatad5     (*(unsigned char volatile idata *)0xd5) 
 218      =1  #define idataff     (*(unsigned char volatile idata *)0xff) 
 219      =1  #define data80      (*(unsigned char volatile data *)0x80)  
 220      =1  #define datad5      (*(unsigned char volatile data *)0xd5)  
 221      =1  #define dataff      (*(unsigned char volatile data *)0xff)  
 222      =1  #define pdata00     (*(unsigned char volatile pdata *)0x00) 
 223      =1  #define pdata55     (*(unsigned char volatile pdata *)0x55) 
 224      =1  #define pdataff     (*(unsigned char volatile pdata *)0xff) 
 225      =1  #define xdata100    (*(unsigned char volatile xdata *)0x100)
 226      =1  #define xdata155    (*(unsigned char volatile xdata *)0x155)
 227      =1  #define xdata1ff    (*(unsigned char volatile xdata *)0x1ff)
 228      =1  
 229      =1  sbit P00 = P0^0;        //6232
C51 COMPILER V9.59.0.0   NVR                                                               07/26/2021 16:11:04 PAGE 5   

 230      =1  sbit P01 = P0^1;        //6232
 231      =1  sbit P02 = P0^2;        //6552
 232      =1  sbit P03 = P0^3;        //6552
 233      =1  sbit P04 = P0^4;        //6552
 234      =1  sbit P05 = P0^5;        //6552
 235      =1  sbit P06 = P0^6;        //6552
 236      =1  sbit P07 = P0^7;        //6552
 237      =1    
 238      =1  sbit P20 = P2^0;        //6552
 239      =1  sbit P21 = P2^1;        //6552
 240      =1  sbit P22 = P2^2;        //6652
 241      =1  sbit P23 = P2^3;        //6652
 242      =1  sbit P24 = P2^4;        //6652
 243      =1  sbit P25 = P2^5;        //6652
 244      =1  sbit P26 = P2^6;        //6652
 245      =1  sbit P27 = P2^7;        //6652
 246      =1  
 247      =1  sbit P10 = P1^0;
 248      =1  sbit P11 = P1^1;
 249      =1  sbit P12 = P1^2;
 250      =1  sbit P13 = P1^3;
 251      =1  sbit P14 = P1^4;
 252      =1  sbit P15 = P1^5;
 253      =1  sbit P16 = P1^6;
 254      =1  sbit P17 = P1^7;
 255      =1  
 256      =1  //sbit P30 = P3^0;
 257      =1  //sbit P31 = P3^1;
 258      =1  //sbit P32 = P3^2;
 259      =1  //sbit P33 = P3^3;
 260      =1  //sbit P34 = P3^4;
 261      =1  //sbit P35 = P3^5;
 262      =1  //sbit P36 = P3^6;      //6232
 263      =1  //sbit P37 = P3^7;      //6232
 264      =1  
 265      =1  /* фИ­ц­фМхчКЇхЏх­хЈ IP (B8H) */
 266      =1  sbit PX3 = IP^6;                /* INT4 фМхчКЇцЇхЖфНяМчЈфК Touch Key/WDT/LVD/WKT/EP1 фИ­ц­ */
 267      =1  sbit PX2 = IP^5;                /* INT3 фМхчКЇцЇхЖфНяМ чЈфК IIC/Timer2/PWM/EP0 фИ­ц­ */
 268      =1  sbit PS0 = IP^4;                /* INT2 фМхчКЇцЇхЖфНяМчЈфК UART0 фИ­ц­ */
 269      =1  sbit PT1 = IP^3;                /* Timer 1 фМхчКЇцЇхЖфН */
 270      =1  sbit PX1 = IP^2;                /* INT1 фМхчКЇцЇхЖфН */
 271      =1  sbit PT0 = IP^1;                /* Timer 0 фМхчКЇцЇхЖфН */
 272      =1  sbit PX0 = IP^0;                /* INT0 фМхчКЇцЇхЖфН */
 273      =1  
 274      =1  /* фИ­ц­фМхчКЇхЏх­хЈ EXIP (F8H) */
 275      =1  sbit PX6 = EXIP^2;              /* INT6 фМхчКЇцЇхЖфНяМчЈфК RTC/UART2/Timer 4/EP4 фИ­ц­ */
 276      =1  sbit PX5 = EXIP^1;              /* INT5 фМхчКЇцЇхЖфНяМчЈфК ADC/SPI/Timer 4/SCM/EP3 фИ­ц­ */
 277      =1  sbit PX4 = EXIP^0;              /* INT4 фМхчКЇцЇхЖфНяМчЈфК CMP/UART1/Timer 3/EP2 фИ­ц­ */
 278      =1  
 279      =1  /* фИ­ц­фНПшНхЏх­хЈ IE (A8H) */
 280      =1  sbit EA =        IE^7;          /* хЈхБфИ­ц­фНПшНцЇхЖфН */
 281      =1  sbit EINT3 = IE^6;              /* чЈфК Touch Key/WDT/LVD/WKT/EP1 фИ­ц­ */
 282      =1  sbit EINT2 = IE^5;              /* чЈфК IIC/Timer2/PWM/EP0 фИ­ц­ */
 283      =1  sbit ES0 = IE^4;                /* UART0 фИ­ц­ */
 284      =1  sbit ET1 =       IE^3;          /* хЎцЖхЈ 1 фИ­ц­фНПшНцЇхЖфН */
 285      =1  sbit EINT1 = IE^2;              /* фИ­ц­ 1 фНПшНцЇхЖфНяМфИ­ц­ 1 чЈфКхЄщЈфИ­ц­ 1яМ */
 286      =1  sbit ET0 =       IE^1;          /* хЎцЖхЈ 0 фИ­ц­фНПшНцЇхЖфН */
 287      =1  sbit EINT0 = IE^0;              /* 0 фНПшНцЇхЖфНяМфИ­ц­ 0 чЈфКхЄщЈфИ­ц­ 0яМ */
 288      =1  
 289      =1  /* фИ­ц­фНПшНхЏх­хЈ EXIE (E8H) */
 290      =1  sbit EINT6 = EXIE^2;            /* INT7 фИ­ц­фНПшНцЇхЖфНяМчЈфК RTC/UART2/Timer 4/EP4 фИ­ц­ */  //6652
 291      =1  sbit EINT5 = EXIE^1;            /* INT5 фИ­ц­фНПшНцЇхЖфНяМчЈфК ADC/SPI/SCM/EP3 фИ­ц­ */
C51 COMPILER V9.59.0.0   NVR                                                               07/26/2021 16:11:04 PAGE 6   

 292      =1  sbit EINT4 = EXIE^0;            /* INT4 фНПшНцЇхЖфНяМчЈфК UART1/Timer3/EP2 фИ­ц­ */
 293      =1  
 294      =1  /* хЄщЈфИ­ц­фНПшНхЏх­хЈ EPIE (D8H) */
 295      =1  sbit EP3IE = EPIE^3;            /* EP3 фИ­ц­фНПшНфПЁхЗ */
 296      =1  sbit EP2IE = EPIE^2;            /* EP2 фИ­ц­фНПшНфПЁхЗ */
 297      =1  sbit EP1IE = EPIE^1;            /* EP1 фИ­ц­фНПшНфПЁхЗ */
 298      =1  sbit EP0IE = EPIE^0;            /* EP0 фИ­ц­фНПшНфПЁхЗ */
 299      =1  
 300      =1  /* фИВхЃUART0хЏх­хЈ S0CON (98H) */
 301      =1  sbit SM00 = S0CON^7;    /* фИВхЃ 0 цЈЁхМщцЉфНяМ */
 302      =1  sbit SM10 = S0CON^6;    /* фИВхЃ 0 цЈЁхМщцЉфНяМ */
 303      =1  sbit SM20 = S0CON^5;    /* хЄцКщфПЁфНПшНфНяМ 1 цц */
 304      =1  sbit REN0 = S0CON^4;    /* фИВшЁцЅцЖфНПшНфНяМ 1 цц */
 305      =1  sbit TB80 = S0CON^3;    /* хщччЌЌ 9 фНцАцЎ */
 306      =1  sbit RB80 = S0CON^2;    /* цЅцЖччЌЌ 9 фНцАцЎ */
 307      =1  sbit TI0 =      S0CON^1;        /* хщфИ­ц­ц хПяМ 1 ццяМх 0 цИщЄ */
 308      =1  sbit RI0 =  S0CON^0;    /* цЅцЖфИ­ц­ц хПяМ 1 ццяМх 0 цИщЄ */
 309      =1  
 310      =1  /* хЎцЖхЈ0/1 TCON (88H) */
 311      =1  sbit TF1 = TCON^7;              /* хЎцЖхЈ 0 цЈЁхМ 3 ч TH0 цКЂхК/хЎцЖхЈ 1 цКЂхКц хПфНяМфИ­ц­шЂЋххКх
             -шЊхЈцИ 0. */
 312      =1  sbit TR1 = TCON^6;              /* хЎцЖхЈ 1 шПшЁцЇхЖфНяМ 1 цц */
 313      =1  sbit TF0 = TCON^5;              /* хЎцЖхЈ 0 цКЂхКц хПфНяМфИ­ц­шЂЋххКхшЊхЈцИ 0 */
 314      =1  sbit TR0 = TCON^4;              /* хЎцЖхЈ 0 шПшЁцЇхЖфНяМ 1 цц */
 315      =1  sbit IE1 = TCON^3;              /* хЄщЈфИ­ц­ 1 фНПшНфНяМ 1 цц */
 316      =1  sbit IT1 = TCON^2;              /* хЄщЈфИ­ц­ 1 шЇІхчБЛхцЇхЖфН */
 317      =1  sbit IE0 = TCON^1;              /* хЄщЈфИ­ц­ 0 фНПшНфНяМ 1 цц */
 318      =1  sbit IT0 = TCON^0;              /* хЄщЈфИ­ц­ 0 шЇІхчБЛхцЇхЖфН */
 319      =1  
 320      =1  /* хЎцЖхЈ2 T2CON (C8H) */
 321      =1  sbit TF2 =   T2CON^7;           /* хЎцЖхЈ 2 цКЂхКц хПфНу хН RCLK ц TCLK фИК 1яМ TF2 фИфМшЂЋчНЎ 1 */
 322      =1  sbit EXF2 =  T2CON^6;           /* T2EX шЇІхц хПу */
 323      =1  sbit RCLK =  T2CON^5;           /* UART0 хЈцЈЁхМ 1 х 3 цЖфНПчЈхЎцЖхЈ 1/2 фНфИКцЅцЖцГЂчЙчцЖщ */
 324      =1  sbit TCLK =  T2CON^4;           /* UART0 хЈцЈЁхМ 1 х 3 цЖфНПчЈхЎцЖхЈ 1/2 фНфИКхщцГЂчЙчцЖщ */
 325      =1  sbit EXEN2 = T2CON^3;           /* T2EX фНПшНфПЁхЗяМхЈхЎцЖхЈцВЁцфНфИК UART0 цЖщцЖ T2EX цц */
 326      =1  sbit TR2 =   T2CON^2;           /* хЎцЖхЈ 2 хЏхЈфПЁхЗяМ 1 цц */
 327      =1  sbit CT2 =   T2CON^1;           /* хЎцЖхшНцшЎЁцАхшНщцЉфПЁхЗ */
 328      =1  sbit CPRL2 = T2CON^0;           /* цхцщшННхшНщцЉфПЁхЗухН RCLK ц TCLK фИК 1 цЖяМхЎцЖхЈхМКх
             -ЖшПхЅ Timer 2 щшННцЈЁхМ */
 329      =1  
 330      =1  /* цЈЁцАшНЌцЂхЈ ADCON (C0H) */
 331      =1  sbit ADST =  ADCON^7;           /* ADC шНЌцЂхМхЇцЇхЖфНяМх 1 хЏхЈшНЌцЂяМшНЌцЂхчЁЌфЛЖшЊхЈцИ 0 */
 332      =1  sbit ADIE =  ADCON^6;           /* ADC фИ­ц­фНПшНфН */
 333      =1  sbit ADCF =  ADCON^0;           /* ADC щц ЗхЎцц хП */
 334      =1  
 335      =1  
 336      =1  /* фИВхЃUART1 хЏх­хЈS1CON (9BH) фИхЏфНхЏЛх */
 337      =1  #define SM11    0x80            /* хЗЅфНцЈЁхМщцЉ */
 338      =1  #define IE1     0x40            /* фИ­ц­фНПшНяМ 1 цц */
 339      =1  #define SM21    0x20            /* хЄцКщфПЁфНПшНфНяМ 1 цц */
 340      =1  #define REN1    0x10            /* фИВшЁцЅцЖфНПшНфНяМ 1 цц */
 341      =1  #define TB81    0x08            /* хщччЌЌ 9 фНцАцЎ */
 342      =1  #define RB81    0x04            /* цЅцЖччЌЌ 9 фНцАцЎ */
 343      =1  #define TI1     0x02            /* хщфИ­ц­ц хПяМ 1 ццяМх 0 цИщЄ */
 344      =1  #define RI1     0x01            /* цЅцЖфИ­ц­ц хПяМ 1 ццяМх 0 цИщЄ */
 345      =1  
 346      =1  #define ROR_8BIT(X,Y) ((X<<(8-Y))|(X>>Y))
 347      =1  #define ROL_8BIT(X,Y) ((X>>(8-Y))|(X<<Y)) 
 348      =1  
 349      =1  typedef         unsigned char   u8;
 350      =1  typedef         unsigned int    u16;
 351      =1  typedef         unsigned long   u32;
C51 COMPILER V9.59.0.0   NVR                                                               07/26/2021 16:11:04 PAGE 7   

 352      =1  typedef     unsigned char   uint8_t;
 353      =1  typedef     unsigned int    uint16_t;
 354      =1  typedef     unsigned long   uint32_t;
 355      =1  
 356      =1  typedef     signed char     int8_t;
 357      =1  typedef     signed int      int16_t;
 358      =1  typedef     signed long     int32_t;
 359      =1  #endif
 360      =1  
  12          #include "nvr.h"
   1      =1  #ifndef __nvr_H
   2      =1  #define __nvr_H
   3      =1  
   4      =1  //
   5      =1  #define SECTOR_SIZE 128
   6      =1  
   7      =1  #define NVR1_START_ADDR 0X00    //NVR1ЩШЧјЪзЕижЗ
   8      =1  #define NVR2_START_ADDR 0X80    //NVR2ЩШЧјЪзЕижЗ
   9      =1  #define NVR3_START_ADDR 0X100   //NVR3ЩШЧјЪзЕижЗ
  10      =1  #define NVR4_START_ADDR 0X180   //NVR4ЩШЧјЪзЕижЗ
  11      =1  #define NVR5_START_ADDR 0X200   //NVR1ЩШЧјЪзЕижЗ
  12      =1  #define NVR6_START_ADDR 0X280   //NVR2ЩШЧјЪзЕижЗ
  13      =1  #define NVR7_START_ADDR 0X300   //NVR3ЩШЧјЪзЕижЗ
  14      =1  #define NVR8_START_ADDR 0X380   //NVR4ЩШЧјЪзЕижЗ
  15      =1  #define NVR9_START_ADDR 0X400   //NVR1ЩШЧјЪзЕижЗ
  16      =1  #define NVR10_START_ADDR 0X480  //NVR2ЩШЧјЪзЕижЗ
  17      =1  #define NVR11_START_ADDR 0X500  //NVR3ЩШЧјЪзЕижЗ
  18      =1  #define NVR12_START_ADDR 0X670  //NVR4ЩШЧјЪзЕижЗ
  19      =1  
  20      =1  
  21      =1  
  22      =1  #define NVR_FLASH_MARK_ENABLE_ADDR 0x10C
  23      =1  #define NVR_FLASH_MARK_ENABLE_CMD 0xAA
  24      =1  #define NVR_FLASH_MARK_ADDR 0x10D
  25      =1  #define NVR_FLASH_MARK_DATA 0x80
  26      =1  
  27      =1  #define NVR_UNLOCK 0X78
  28      =1  //#define NVR_WRITE 0X86
  29      =1  #define NVR_WRITE 0X82
  30      =1  //#define NVR_ERASE 0X87
  31      =1  #define NVR_ERASE 0X83
  32      =1  #define INNER_FLASH_ERASE_UN-MASK 0X04
  33      =1  //#define NVR_BANDGAP_TRIMMING_ENABLE 0x100
  34      =1  //#define NVR_BANDGAP_TRIMMING_AUTOLOAD_VALUE 0x101
  35      =1  #define NVR_LOCK 0X87
  36      =1  #define NVR_READ 0X81
  37      =1  //#define NVR_READ 0X85
  38      =1  
  39      =1  void EraseNVR(unsigned short SectorAddr);
  40      =1  void WriteDataNVR(unsigned char *buf,unsigned short SectorAddr,unsigned short len);
  41      =1  void readDatafromNVR(unsigned char *buf,unsigned short SectorAddr,unsigned short len);
  42      =1  void FlashCodeErase(unsigned short SectorNum,unsigned short len);
  43      =1  
  44      =1  #endif
  45      =1  
  13          
  14          /*****************************************************
  15          *КЏЪ§УћГЦЃКvoid EraseNVR(unsigned short SectorAddr))
  16          *КЏЪ§ЙІФмЃКNVRЩШЧјВСГ§ 
  17          *ШыПкВЮЪ§ЃКSectorAddr_ЩШЧјЪзЕижЗ(NVR1/2/3/4_START_ADDR)
  18          *ГіПкВЮЪ§ЃКvoid
  19          *****************************************************/
C51 COMPILER V9.59.0.0   NVR                                                               07/26/2021 16:11:04 PAGE 8   

  20          void EraseNVR(unsigned short SectorAddr)
  21          {
  22   1              //1  Flash unlock
  23   1              FSFLG=NVR_UNLOCK;
  24   1      
  25   1              //2  write address
  26   1              FSDARL=(SectorAddr&0xff);
  27   1              FSDARH=((SectorAddr>>8)&0xff);
  28   1              //3  Flash erase cmd
  29   1              FSCMD=NVR_ERASE;
  30   1              //4 NVR lock
  31   1              FSFLG=NVR_LOCK;
  32   1      }
  33          /*****************************************************
  34          *КЏЪ§УћГЦЃКvoid WriteDataNVR(unsigned char *buf,unsigned short SectorAddr,unsigned short len)
  35          *КЏЪ§ЙІФмЃКNVRЩШЧјаД
  36          *ШыПкВЮЪ§ЃКbuf,вЊаДШыЪ§ОнЕФжИеы
  37                             SectorAddr,ЩШЧјЕижЗ
  38                             len,аДШыГЄЖШ
  39          *ГіПкВЮЪ§ЃКvoid
  40          *****************************************************/
  41          void WriteDataNVR(unsigned char *buf,unsigned short SectorAddr,unsigned short len)
  42          {
  43   1              unsigned char i=0;
  44   1              //1  Flash unlock
  45   1              FSFLG=NVR_UNLOCK;
  46   1              //2  Flash  write cmd
  47   1              FSCMD=NVR_WRITE;        
  48   1              for(i=0;i<len;++i)
  49   1              {
  50   2                      //3  write address              
  51   2                      FSDARL=(SectorAddr&0xff);
  52   2                      FSDARH=((SectorAddr>>8)&0xff);
  53   2                      SectorAddr++;
  54   2                      //4 write data
  55   2                      FSDAT=buf[i];
  56   2              }
  57   1              //4 NVR lock
  58   1              FSFLG=NVR_LOCK;
  59   1      }
  60          
  61          /*****************************************************
  62          *КЏЪ§УћГЦЃКvoid readDatafromNVR(unsigned char *buf,unsigned short SectorAddr,unsigned short len)
  63          *КЏЪ§ЙІФмЃКNVRЩШЧјЖС
  64          *ШыПкВЮЪ§ЃКbuf,вЊБЃДцЪ§ОнЕФЛКДц
  65                             SectorAddr,ЩШЧјЕижЗ
  66                             len,аДШыГЄЖШ
  67          *ГіПкВЮЪ§ЃКvoid
  68          *****************************************************/
  69          void readDatafromNVR(unsigned char *buf,unsigned short SectorAddr,unsigned short len)
  70          {
  71   1              unsigned char i=0;
  72   1              //1  read cmd
  73   1              FSCMD=NVR_READ;
  74   1              for(i=0;i<len;++i)
  75   1              {
  76   2                      //2  write address              
  77   2                      FSDARL=(SectorAddr&0xff);
  78   2                      FSDARH=((SectorAddr>>8)&0xff);
  79   2                      ++SectorAddr;
  80   2                      //3 read data
  81   2                      buf[i]=FSDAT;
C51 COMPILER V9.59.0.0   NVR                                                               07/26/2021 16:11:04 PAGE 9   

  82   2              }
  83   1      }
  84             
  85          /*********************************************END OF FILE**********************/
C51 COMPILER V9.59.0.0   NVR                                                               07/26/2021 16:11:04 PAGE 10  

ASSEMBLY LISTING OF GENERATED OBJECT CODE


             ; FUNCTION _EraseNVR (BEGIN)
                                           ; SOURCE LINE # 20
;---- Variable 'SectorAddr' assigned to Register 'R6/R7' ----
                                           ; SOURCE LINE # 21
                                           ; SOURCE LINE # 23
0000 908304            MOV     DPTR,#08304H
0003 7478              MOV     A,#078H
0005 F0                MOVX    @DPTR,A
                                           ; SOURCE LINE # 26
0006 EF                MOV     A,R7
0007 908306            MOV     DPTR,#08306H
000A F0                MOVX    @DPTR,A
                                           ; SOURCE LINE # 27
000B EE                MOV     A,R6
000C A3                INC     DPTR
000D F0                MOVX    @DPTR,A
                                           ; SOURCE LINE # 29
000E 908301            MOV     DPTR,#08301H
0011 7483              MOV     A,#083H
0013 F0                MOVX    @DPTR,A
                                           ; SOURCE LINE # 31
0014 908304            MOV     DPTR,#08304H
0017 7487              MOV     A,#087H
0019 F0                MOVX    @DPTR,A
                                           ; SOURCE LINE # 32
001A 22                RET     
             ; FUNCTION _EraseNVR (END)

             ; FUNCTION _WriteDataNVR (BEGIN)
                                           ; SOURCE LINE # 41
0000 900000      R     MOV     DPTR,#buf
0003 EB                MOV     A,R3
0004 F0                MOVX    @DPTR,A
0005 A3                INC     DPTR
0006 EA                MOV     A,R2
0007 F0                MOVX    @DPTR,A
0008 A3                INC     DPTR
0009 E9                MOV     A,R1
000A F0                MOVX    @DPTR,A
000B A3                INC     DPTR
000C EC                MOV     A,R4
000D F0                MOVX    @DPTR,A
000E A3                INC     DPTR
000F ED                MOV     A,R5
0010 F0                MOVX    @DPTR,A
                                           ; SOURCE LINE # 42
                                           ; SOURCE LINE # 43
0011 E4                CLR     A
0012 900000      R     MOV     DPTR,#i
0015 F0                MOVX    @DPTR,A
                                           ; SOURCE LINE # 45
0016 908304            MOV     DPTR,#08304H
0019 7478              MOV     A,#078H
001B F0                MOVX    @DPTR,A
                                           ; SOURCE LINE # 47
001C 908301            MOV     DPTR,#08301H
001F 7482              MOV     A,#082H
0021 F0                MOVX    @DPTR,A
                                           ; SOURCE LINE # 48
C51 COMPILER V9.59.0.0   NVR                                                               07/26/2021 16:11:04 PAGE 11  

0022 E4                CLR     A
0023 900000      R     MOV     DPTR,#i
0026 F0                MOVX    @DPTR,A
0027         ?C0002:
0027 900000      R     MOV     DPTR,#i
002A E0                MOVX    A,@DPTR
002B FF                MOV     R7,A
002C D3                SETB    C
002D 900000      R     MOV     DPTR,#len+01H
0030 E0                MOVX    A,@DPTR
0031 9F                SUBB    A,R7
0032 900000      R     MOV     DPTR,#len
0035 E0                MOVX    A,@DPTR
0036 9400              SUBB    A,#00H
0038 403F              JC      ?C0003
                                           ; SOURCE LINE # 49
                                           ; SOURCE LINE # 51
003A 900000      R     MOV     DPTR,#SectorAddr
003D E0                MOVX    A,@DPTR
003E FE                MOV     R6,A
003F A3                INC     DPTR
0040 E0                MOVX    A,@DPTR
0041 908306            MOV     DPTR,#08306H
0044 F0                MOVX    @DPTR,A
                                           ; SOURCE LINE # 52
0045 EE                MOV     A,R6
0046 A3                INC     DPTR
0047 F0                MOVX    @DPTR,A
                                           ; SOURCE LINE # 53
0048 900000      R     MOV     DPTR,#SectorAddr+01H
004B E0                MOVX    A,@DPTR
004C 04                INC     A
004D F0                MOVX    @DPTR,A
004E 7006              JNZ     ?C0010
0050 900000      R     MOV     DPTR,#SectorAddr
0053 E0                MOVX    A,@DPTR
0054 04                INC     A
0055 F0                MOVX    @DPTR,A
0056         ?C0010:
                                           ; SOURCE LINE # 55
0056 900000      R     MOV     DPTR,#buf
0059 E0                MOVX    A,@DPTR
005A FB                MOV     R3,A
005B A3                INC     DPTR
005C E0                MOVX    A,@DPTR
005D FA                MOV     R2,A
005E A3                INC     DPTR
005F E0                MOVX    A,@DPTR
0060 F9                MOV     R1,A
0061 900000      R     MOV     DPTR,#i
0064 E0                MOVX    A,@DPTR
0065 F582              MOV     DPL,A
0067 758300            MOV     DPH,#00H
006A 120000      E     LCALL   ?C?CLDOPTR
006D 908303            MOV     DPTR,#08303H
0070 F0                MOVX    @DPTR,A
                                           ; SOURCE LINE # 56
0071 900000      R     MOV     DPTR,#i
0074 E0                MOVX    A,@DPTR
0075 04                INC     A
0076 F0                MOVX    @DPTR,A
0077 80AE              SJMP    ?C0002
C51 COMPILER V9.59.0.0   NVR                                                               07/26/2021 16:11:04 PAGE 12  

0079         ?C0003:
                                           ; SOURCE LINE # 58
0079 908304            MOV     DPTR,#08304H
007C 7487              MOV     A,#087H
007E F0                MOVX    @DPTR,A
                                           ; SOURCE LINE # 59
007F 22                RET     
             ; FUNCTION _WriteDataNVR (END)

             ; FUNCTION _readDatafromNVR (BEGIN)
                                           ; SOURCE LINE # 69
0000 900000      R     MOV     DPTR,#buf
0003 EB                MOV     A,R3
0004 F0                MOVX    @DPTR,A
0005 A3                INC     DPTR
0006 EA                MOV     A,R2
0007 F0                MOVX    @DPTR,A
0008 A3                INC     DPTR
0009 E9                MOV     A,R1
000A F0                MOVX    @DPTR,A
000B A3                INC     DPTR
000C EC                MOV     A,R4
000D F0                MOVX    @DPTR,A
000E A3                INC     DPTR
000F ED                MOV     A,R5
0010 F0                MOVX    @DPTR,A
                                           ; SOURCE LINE # 70
                                           ; SOURCE LINE # 71
0011 E4                CLR     A
0012 900000      R     MOV     DPTR,#i
0015 F0                MOVX    @DPTR,A
                                           ; SOURCE LINE # 73
0016 908301            MOV     DPTR,#08301H
0019 7481              MOV     A,#081H
001B F0                MOVX    @DPTR,A
                                           ; SOURCE LINE # 74
001C E4                CLR     A
001D 900000      R     MOV     DPTR,#i
0020 F0                MOVX    @DPTR,A
0021         ?C0006:
0021 900000      R     MOV     DPTR,#i
0024 E0                MOVX    A,@DPTR
0025 FF                MOV     R7,A
0026 D3                SETB    C
0027 900000      R     MOV     DPTR,#len+01H
002A E0                MOVX    A,@DPTR
002B 9F                SUBB    A,R7
002C 900000      R     MOV     DPTR,#len
002F E0                MOVX    A,@DPTR
0030 9400              SUBB    A,#00H
0032 4041              JC      ?C0009
                                           ; SOURCE LINE # 75
                                           ; SOURCE LINE # 77
0034 900000      R     MOV     DPTR,#SectorAddr
0037 E0                MOVX    A,@DPTR
0038 FE                MOV     R6,A
0039 A3                INC     DPTR
003A E0                MOVX    A,@DPTR
003B 908306            MOV     DPTR,#08306H
003E F0                MOVX    @DPTR,A
                                           ; SOURCE LINE # 78
003F EE                MOV     A,R6
C51 COMPILER V9.59.0.0   NVR                                                               07/26/2021 16:11:04 PAGE 13  

0040 A3                INC     DPTR
0041 F0                MOVX    @DPTR,A
                                           ; SOURCE LINE # 79
0042 900000      R     MOV     DPTR,#SectorAddr+01H
0045 E0                MOVX    A,@DPTR
0046 04                INC     A
0047 F0                MOVX    @DPTR,A
0048 7006              JNZ     ?C0011
004A 900000      R     MOV     DPTR,#SectorAddr
004D E0                MOVX    A,@DPTR
004E 04                INC     A
004F F0                MOVX    @DPTR,A
0050         ?C0011:
                                           ; SOURCE LINE # 81
0050 908303            MOV     DPTR,#08303H
0053 E0                MOVX    A,@DPTR
0054 FF                MOV     R7,A
0055 900000      R     MOV     DPTR,#buf
0058 E0                MOVX    A,@DPTR
0059 FB                MOV     R3,A
005A A3                INC     DPTR
005B E0                MOVX    A,@DPTR
005C FA                MOV     R2,A
005D A3                INC     DPTR
005E E0                MOVX    A,@DPTR
005F F9                MOV     R1,A
0060 900000      R     MOV     DPTR,#i
0063 E0                MOVX    A,@DPTR
0064 F582              MOV     DPL,A
0066 758300            MOV     DPH,#00H
0069 EF                MOV     A,R7
006A 120000      E     LCALL   ?C?CSTOPTR
                                           ; SOURCE LINE # 82
006D 900000      R     MOV     DPTR,#i
0070 E0                MOVX    A,@DPTR
0071 04                INC     A
0072 F0                MOVX    @DPTR,A
0073 80AC              SJMP    ?C0006
                                           ; SOURCE LINE # 83
0075         ?C0009:
0075 22                RET     
             ; FUNCTION _readDatafromNVR (END)

C51 COMPILER V9.59.0.0   NVR                                                               07/26/2021 16:11:04 PAGE 14  

NAME                                    CLASS   MSPACE  TYPE    OFFSET  SIZE
====                                    =====   ======  ====    ======  ====


uint16_t . . . . . . . . . . . . . . .  TYPEDEF  -----  U_INT    -----  2
P0 . . . . . . . . . . . . . . . . . .  SFR      DATA   U_CHAR   0080H  1
P1 . . . . . . . . . . . . . . . . . .  SFR      DATA   U_CHAR   0090H  1
P2 . . . . . . . . . . . . . . . . . .  SFR      DATA   U_CHAR   00A0H  1
_WriteDataNVR. . . . . . . . . . . . .  PUBLIC   CODE   PROC     0000H  -----
  buf. . . . . . . . . . . . . . . . .  AUTO     XDATA  PTR      0000H  3
  SectorAddr . . . . . . . . . . . . .  AUTO     XDATA  U_INT    0003H  2
  len. . . . . . . . . . . . . . . . .  AUTO     XDATA  U_INT    0005H  2
  i. . . . . . . . . . . . . . . . . .  AUTO     XDATA  U_CHAR   0007H  1
int32_t. . . . . . . . . . . . . . . .  TYPEDEF  -----  LONG     -----  4
int16_t. . . . . . . . . . . . . . . .  TYPEDEF  -----  INT      -----  2
IE . . . . . . . . . . . . . . . . . .  SFR      DATA   U_CHAR   00A8H  1
IP . . . . . . . . . . . . . . . . . .  SFR      DATA   U_CHAR   00B8H  1
EPIE . . . . . . . . . . . . . . . . .  SFR      DATA   U_CHAR   00D8H  1
EXIE . . . . . . . . . . . . . . . . .  SFR      DATA   U_CHAR   00E8H  1
u8 . . . . . . . . . . . . . . . . . .  TYPEDEF  -----  U_CHAR   -----  1
TCON . . . . . . . . . . . . . . . . .  SFR      DATA   U_CHAR   0088H  1
EXIP . . . . . . . . . . . . . . . . .  SFR      DATA   U_CHAR   00F8H  1
_readDatafromNVR . . . . . . . . . . .  PUBLIC   CODE   PROC     0000H  -----
  buf. . . . . . . . . . . . . . . . .  AUTO     XDATA  PTR      0000H  3
  SectorAddr . . . . . . . . . . . . .  AUTO     XDATA  U_INT    0003H  2
  len. . . . . . . . . . . . . . . . .  AUTO     XDATA  U_INT    0005H  2
  i. . . . . . . . . . . . . . . . . .  AUTO     XDATA  U_CHAR   0007H  1
uint8_t. . . . . . . . . . . . . . . .  TYPEDEF  -----  U_CHAR   -----  1
int8_t . . . . . . . . . . . . . . . .  TYPEDEF  -----  CHAR     -----  1
u32. . . . . . . . . . . . . . . . . .  TYPEDEF  -----  U_LONG   -----  4
u16. . . . . . . . . . . . . . . . . .  TYPEDEF  -----  U_INT    -----  2
S0CON. . . . . . . . . . . . . . . . .  SFR      DATA   U_CHAR   0098H  1
ADCON. . . . . . . . . . . . . . . . .  SFR      DATA   U_CHAR   00C0H  1
T2CON. . . . . . . . . . . . . . . . .  SFR      DATA   U_CHAR   00C8H  1
_EraseNVR. . . . . . . . . . . . . . .  PUBLIC   CODE   PROC     0000H  -----
  SectorAddr . . . . . . . . . . . . .  * REG *  DATA   U_INT    0006H  2
uint32_t . . . . . . . . . . . . . . .  TYPEDEF  -----  U_LONG   -----  4


MODULE INFORMATION:   STATIC OVERLAYABLE
   CODE SIZE        =    273    ----
   CONSTANT SIZE    =   ----    ----
   XDATA SIZE       =   ----      16
   PDATA SIZE       =   ----    ----
   DATA SIZE        =   ----    ----
   IDATA SIZE       =   ----    ----
   BIT SIZE         =   ----    ----
END OF MODULE INFORMATION.


C51 COMPILATION COMPLETE.  0 WARNING(S),  0 ERROR(S)
