C51 COMPILER V9.59.0.0   TIMER                                                             06/10/2019 14:59:39 PAGE 1   


C51 COMPILER V9.59.0.0, COMPILATION OF MODULE TIMER
OBJECT MODULE PLACED IN .\Objects\timer.obj
COMPILER INVOKED BY: C:\Keil_v5\C51\C51\BIN\C51.EXE hareware\timer.c OPTIMIZE(8,SPEED) BROWSE INCDIR(.\hareware) DEBUG O
                    -BJECTEXTEND PRINT(.\Listings\timer.lst) OBJECT(.\Objects\timer.obj)

line level    source

   1          #include "timer.h"
   2          
   3          
   4          uint32_t count=0, count1=0;                         //1000 times counter
   5          /********************* Timer0жаЖЯКЏЪ§************************/
   6          void timer0_isr (void) interrupt TIMER0_VECTOR
   7          { 
   8   1          /* set timer0 as mode0 (13-bit) */
   9   1          TL0 = TIME_CNTVAL_13bit & 0x1F;              //initial timer0 low byte
  10   1          TH0 = TIME_CNTVAL_13bit >> 5;                //initial timer0 high byte
  11   1          
  12   1      //    /* set timer0 as mode1 (16-bit) */
  13   1      //    TL0 = TIME_CNTVAL_16bit;                     //initial timer0 low byte
  14   1      //    TH0 = TIME_CNTVAL_16bit >> 8;                //initial timer0 high byte
  15   1          
  16   1      //    /* set timer0 as mode2 (8-bit) */
  17   1      //    //здЖЏ8ЮЛжиди TL0 = TH0;
  18   1      //    
  19   1      //    /* set timer0 as mode3  TIM_8Bit_2 */
  20   1      //    TL0 = TIME_CNTVAL_8bit; 
  21   1      
  22   1      //    if (++count >= 1000)               //1ms * 1000 -> 1s
  23   1          {
  24   2      //        P00 = ! P00;
  25   2              P01 = ! P01;
  26   2              count = 0;
  27   2          }
  28   1        
  29   1      }
  30          //========================================================================
  31          // КЏЪ§: u8     Timer_Inilize(u8 TIM, TIM_InitTypeDef *TIMx)
  32          // УшЪі: ЖЈЪБЦїГѕЪМЛЏГЬађ.
  33          // ВЮЪ§: TIMx: НсЙЙВЮЪ§,ЧыВЮПМtimer.hРяЕФЖЈвх.
  34          //       TIM: Timer0, Timer1
  35          // ЗЕЛи: ГЩЙІЗЕЛи0, ПеВйзїЗЕЛи1,ДэЮѓЗЕЛи2.
  36          // АцБО:
  37          //========================================================================
  38          u8 Timer_Inilize(u8 TIM, TIM_01_InitTypeDef *TIMx)
  39          {
  40   1          if(TIM > Timer1)    return 1;       //ПеВйзї
  41   1      
  42   1      /*============================================================
  43   1        ============================TIME0=========================== */        
  44   1          if(TIM == Timer0)
  45   1          {   
  46   2              /* ФЃЪН0:TIM_13Bit, ФЃЪН1:TIM_16Bit, ФЃЪН2:TIM_8BitAutoReload, ФЃЪН3:TIM_8Bit_2, */
  47   2              if(TIMx->TIM_Mode >  TIM_8Bit_2)        return 2;       //ДэЮѓ
  48   2              
  49   2              TMOD = (TMOD & ~0x03) | TIMx->TIM_Mode;         /* ИГжЕФЃЪН */
  50   2              
  51   2              if(TIMx->TIM_CTM == TIM_CLKCNT)     {TMOD |= CT0; TMOD &= ~GATE0;}    //1ЃКМЦЪ§ЦїЃЌЪБжгЮЊ T0 ЪфШыЪ
             -Бжг
  52   2                      else                                                            TMOD &= ~CT0;    //0ЃКЖЈЪБЦїЃЌЪБжгЮЊЯЕЭГЪБжг 12 ЗжЦЕ
  53   2      
C51 COMPILER V9.59.0.0   TIMER                                                             06/10/2019 14:59:39 PAGE 2   

  54   2              if(TIMx->TIM_Mode ==  TIM_13Bit)                
  55   2              {/* mode0 (13bit) */
  56   3                  TL0 = (TIMx->TIM_Value) & 0x1F;              //initial timer0 low byte
  57   3                  TH0 = (TIMx->TIM_Value) >> 5;                //initial timer0 high byte
  58   3              }
  59   2              else if(TIMx->TIM_Mode ==  TIM_16Bit)           
  60   2              {/* mode1 (16bit) */
  61   3                  TL0 = (TIMx->TIM_Value);                     //initial timer0 low byte
  62   3                  TH0 = (TIMx->TIM_Value) >> 8;                //initial timer0 high byte
  63   3              }
  64   2              else if(TIMx->TIM_Mode ==  TIM_8BitAutoReload)  
  65   2              {/* mode2 (8bit) */
  66   3                  TL0 = (TIMx->TIM_Value);                    //initial timer0 low byte
  67   3                  TH0 = (TIMx->TIM_Value);                    //initial timer0 high byte
  68   3              }
  69   2              else                                            
  70   2              {/* mode3  TIM_8Bit_2 */
  71   3                  TL0 = (TIMx->TIM_Value);                    //initial timer0 low byte
  72   3                  TH0 = (TIMx->TIM_Value) >> 8;                //initial timer0 high byte
  73   3                  
  74   3                  //ПЊжаЖЯЪЙФмЮЛ,ПЊЪМдЫаа TH0 start running 
  75   3                  if(TIMx->TIM_TH0_Run == ENABLE)     {ET1 = 1;TR1 = 1;}
  76   3              }
  77   2              
  78   2              if(TIMx->TIM_Interrupt == ENABLE)               ET0 = 1;        //дЪаэжаЖЯ
  79   2                      else                                                                    ET0 = 0;        //НћжЙжаЖЯ 
  80   2              if(TIMx->TIM_Polity == PolityHigh)              PT0 = 1;        //ИпгХЯШМЖжаЖЯ
  81   2                      else                                                                    PT0 = 0;        //ЕЭгХЯШМЖжаЖЯ
  82   2              
  83   2              if(TIMx->TIM_Run == ENABLE)     TR0 = 1;        //ПЊЪМдЫаа//timer0 start running  
  84   2              else                        TR0 = 0;
  85   2              return  0;              //ГЩЙІ
  86   2          }
  87   1          
  88   1      /*============================================================
  89   1        ============================TIME1=========================== */        
  90   1          if(TIM == Timer1)
  91   1          {
  92   2              /* ФЃЪН0:ВЛФмЪЙгУ, ФЃЪН1:TIM_16Bit, ФЃЪН2:TIM_8BitAutoReload, ФЃЪН3:TH1ЁЂ TL1 ЛсБЛЫјзЁЃЌЕШаЇгк TR1
             -=0 */
  93   2              if(TIMx->TIM_Mode > TIM_8BitAutoReload) return 2;       //ДэЮѓ
  94   2              
  95   2              TMOD = (TMOD & ~0x30) | (TIMx->TIM_Mode<<4);        /* ИГжЕФЃЪН */     
  96   2              
  97   2              if(TIMx->TIM_CTM == TIM_CLKCNT){TMOD |= CT1; TMOD &= ~GATE1;}   //1ЃКМЦЪ§ЦїЃЌЪБжгЮЊ T0 ЪфШыЪБжг
  98   2                      else                                               {TMOD &= ~CT1;}   //0ЃКЖЈЪБЦїЃЌЪБжгЮЊЯЕЭГЪБжг 12 ЗжЦЕ
  99   2             
 100   2              if(TIMx->TIM_Mode ==  TIM_13Bit)    
 101   2              {/* mode0 ДЫФЃЪНБЃСєЃЌВЛФмЪЙгУ */
 102   3                  return 1;
 103   3              }
 104   2              else if(TIMx->TIM_Mode ==  TIM_16Bit)   
 105   2              {/* mode1 (16bit) */
 106   3                  TL1 = (TIMx->TIM_Value);              //initial timer1 low byte
 107   3                  TH1 = (TIMx->TIM_Value) >> 8;         //initial timer1 high byte
 108   3              }
 109   2              else                                    
 110   2              {/* mode2 (8bit) */
 111   3                  TL1 = (TIMx->TIM_Value);              //initial timer1 low byte
 112   3                  TH1 = (TIMx->TIM_Value);              //initial timer1 high byte
 113   3              }
 114   2              
C51 COMPILER V9.59.0.0   TIMER                                                             06/10/2019 14:59:39 PAGE 3   

 115   2              if(TIMx->TIM_Interrupt == ENABLE)               ET1 = 1;        //дЪаэжаЖЯ
 116   2                      else                                                                    ET1 = 0;        //НћжЙжаЖЯ 
 117   2              
 118   2              if(TIMx->TIM_Polity == PolityHigh)              PT1 = 1;        //ИпгХЯШМЖжаЖЯ
 119   2                      else                                                                    PT1 = 0;        //ЕЭгХЯШМЖжаЖЯ
 120   2              
 121   2              if(TIMx->TIM_Run == ENABLE)     TR1 = 1;        //ПЊЪМдЫаа//timer1 start running 
 122   2              else                                            TR1 = 0;    
 123   2              
 124   2              return  0;              //ГЩЙІ
 125   2          }
 126   1          return 1;   //ПеВйзї
 127   1      }
 128          
 129          //========================================================================
 130          // КЏЪ§: u8     Timer2_Inilize(TIM_InitTypeDef *TIMx)
 131          // УшЪі: ЖЈЪБЦїГѕЪМЛЏГЬађ.
 132          // ВЮЪ§: TIM3: НсЙЙВЮЪ§,ЧыВЮПМtimer.hРяЕФЖЈвх.
 133          //#define       TIM2_MODEA0                 0   /* жидиФЃЪНA МЦЪ§вчГіДЅЗЂжиди */
 134          //#define       TIM2_MODEB0                 1   /* жидиФЃЪНB МЦЪ§вчГіДЅЗЂжиди */
 135          //#define       TIM2_MODE_GRAB                  2   /* зЅШЁФЃЪН */
 136          //#define       TIM2_MODE_BAUDRATE      3   /* ВЈЬиТЪВњЩњЦїФЃЪН */
 137          //#define       TIM2_MODE_T2OUT                 4   /* ЪБжгЪфГіФЃЪН */
 138          // ЗЕЛи: ГЩЙІЗЕЛи0, ПеВйзїЗЕЛи1,ДэЮѓЗЕЛи2.
 139          // АцБО:
 140          //========================================================================
 141          u8 Timer2_Inilize(TIM2_InitTypeDef *TIMx)
 142          {
 143   1      /*============================================================
 144   1        ============================TIME2=========================== */     
 145   1          /* жидиФЃЪНA/BЁЂзЅШЁФЃЪНЁЂВЈЬиТЪВњЩњЦїФЃЪНКЭЪБжгЪфГіФЃЪНЁЃ */
 146   1          if(TIMx->TIM_Mode > TIM2_MODE_T2OUT)        return 2;       //ДэЮѓ
 147   1                 
 148   1      //============================================================        
 149   1      /* ВЈЬиТЪВњЩњЦїФЃЪН(UARTжаХфжУ) */
 150   1      
 151   1      //============================================================        
 152   1      /* ЪБжгЪфГіФЃЪН */
 153   1          /* T2 в§НХЪфГіЦЕТЪЮЊ 2 БЖвчГіжмЦкЕФЪБжг */
 154   1          if(TIM2_MODE_T2OUT == TIMx->TIM_Mode)
 155   1          {
 156   2              T2MOD = 0x02;//T2OE = 1; /* ЪБжгЪфГіФЃЪН */
 157   2              
 158   2              TIMx->TIM_Value = 65536-FOSC/(TIMx->TIM_ClkOut*2);
 159   2          }  
 160   1      
 161   1      //============================================================        
 162   1      /* зЅШЁФЃЪН */   
 163   1          if(TIM2_MODE_GRAB == TIMx->TIM_Mode)
 164   1          {
 165   2              CPRL2 = 1;       /* зЅШЁЙІФм */
 166   2              T2MOD = 0x00;    /* зЅШЁФЃЪН *//* жаЖЯЪЙФмЃЌВЛЗжЦЕ, T2EX ДЅЗЂзЅШЁ */
 167   2              EXEN2 = 0;       /* T2EX ЪЙФмаХКХ */
 168   2              
 169   2              if(TIMx->TIM_Grab_Method == TIM2_T2CL_W)
 170   2              {/* ОЭЪЧЖдt2clЫцБуаДвЛИіжЕЃЌОЭПЩвдВњЩњвЛДЮВЖЛё */
 171   3                  T2MOD |= T2CM;  /* 1ЃКШэМўаД T2CL зЅШЁ */ 
 172   3              }            
 173   2          } 
 174   1          
 175   1      //============================================================        
 176   1      /* жидиФЃЪНA */
C51 COMPILER V9.59.0.0   TIMER                                                             06/10/2019 14:59:39 PAGE 4   

 177   1          if(TIM2_MODEA0 == TIMx->TIM_Mode)
 178   1          {
 179   2              T2MOD = 0x80;    /* жидиФЃЪНA *//* ЖЈЪБЦї 2 жаЖЯЪЙФмЃЌВЛЗжЦЕ */
 180   2              CPRL2 = 0;       /* жидиЙІФм */
 181   2          } 
 182   1          
 183   1      //============================================================        
 184   1      /* жидиФЃЪНB */
 185   1          /*  ДЫЪБ T2EX ЮЊЕЭЪБЖЈЪБЦїЕнМѕМЦЪ§ЃЌ 
 186   1              T2EXЮЊИпЪБЖЈЪБЦїЕндіМЦЪ§ */
 187   1          
 188   1          /* EXF2 БъжОВЛдйВњЩњжаЖЯЃЌЖјЪЧзїЮЊМЦЪ§ЦїЕУЕк 17 ЮЛЗ­зЊ */
 189   1          if(TIM2_MODEB0 == TIMx->TIM_Mode)
 190   1          {
 191   2              T2MOD = 0x81;    /* жидиФЃЪНB *//* ЖЈЪБЦї 2 жаЖЯЪЙФмЃЌВЛЗжЦЕ */
 192   2              CPRL2 = 0;       /* жидиЙІФм */ 
 193   2          }  
 194   1      
 195   1      //============================================================               
 196   1          if(TIMx->TIM_CTM == TIM_CLKCNT)
 197   1          {
 198   2              CT2 = 1;         /* МЦЪ§ЙІФм */
 199   2          }
 200   1          else
 201   1          {
 202   2              CT2 = 0;         /* ЖЈЪБЙІФм */
 203   2          }
 204   1          
 205   1          if(TIMx->TIM_T2EX_EN == ENABLE)     EXEN2 = 1; /* T2EX ЪЙФмаХКХЃЌдкЖЈЪБЦїУЛгазїЮЊ UART0 ЪБжгЪБ T2EX га
             -аЇ */
 206   1          else                                EXEN2 = 0; /* жЛгаМЦЪ§вчГіВХФмДЅЗЂжиди */
 207   1          
 208   1          if(TIMx->TIM_T2EX_Edge == RISING_EDGE)   T2MOD |= T2XPS;  /* бЁдёЪЧЩЯЩ§би */
 209   1          else                                     T2MOD &= ~T2XPS; /* ЛЙЪЧЯТНЕби */
 210   1          
 211   1          if(TIMx->TTIM_Edge_Cnt == RISING_EDGE)   T2MOD |= T2PS;  /* бЁдёЪЧЩЯЩ§би */
 212   1          else                                     T2MOD &= ~T2PS; /* ЛЙЪЧЯТНЕби */        
 213   1          
 214   1          T2CL = (TIMx->TIM_Value);
 215   1          T2CH = (TIMx->TIM_Value) >> 8;
 216   1          TL2 = T2CL;
 217   1          TH2 = T2CH;
 218   1          
 219   1          EXF2 = 0;
 220   1          TF2 = 0;             /* ЧхжаЖЯБъжО */
 221   1          
 222   1          if(TIMx->TIM_Polity == PolityHigh)          PX3 = 1;        //ИпгХЯШМЖжаЖЯ
 223   1          else                                                                        PX3 = 0;        //ЕЭгХЯШМЖжаЖЯ
 224   1          
 225   1          if(TIMx->TIM_T2_Interrupt == ENABLE)    T2MOD |= T2IE;  //ПЊЖЈЪБЦї2жаЖЯЪЙФм
 226   1          else                                    T2MOD &= ~T2IE;  //ЙиЖЈЪБЦї2жаЖЯЪЙФм 
 227   1          
 228   1          if(TIMx->TIM_Interrupt == ENABLE)       EINT3 = 1;  //INT3жаЖЯЪЙФм
 229   1          else                                    EINT3 = 0;  //INT3жаЖЯЪЙФм                          
 230   1          
 231   1          if(TIMx->TIM_Run == ENABLE)     TR2 = 1;    //ЦєЖЏЖЈЪБЦї2
 232   1          else                                                    TR2 = 0;   
 233   1          return      0;              //ГЩЙІ
 234   1      
 235   1      }
 236          
 237          //========================================================================
C51 COMPILER V9.59.0.0   TIMER                                                             06/10/2019 14:59:39 PAGE 5   

 238          // КЏЪ§: u8     Timer3_Inilize(TIM_InitTypeDef *TIMx)
 239          // УшЪі: ЖЈЪБЦїГѕЪМЛЏГЬађ.
 240          // ВЮЪ§: TIM3: НсЙЙВЮЪ§,ЧыВЮПМtimer.hРяЕФЖЈвх.
 241          //    #define   TIM3_CNT_MODE               0   /* СЌајМЦЪ§ФЃЪН */
 242          //    #define   TIM3_GATED_MODE             1   /* УХПиФЃЪН */
 243          //    #define   TIM3_TRIGGER_MODE               2   /* ДЅЗЂФЃЪН */
 244          //    #define   TIM3_RESET_MODE             3   /* ИДЮЛФЃЪН */
 245          //    #define   TIM3_GRAB_MODE                  4   /* зЅШЁЙІФм */
 246          // ЗЕЛи: ГЩЙІЗЕЛи0, ПеВйзїЗЕЛи1,ДэЮѓЗЕЛи2.
 247          // АцБО:
 248          //========================================================================
 249          u8 Timer3_Inilize(TIM3_InitTypeDef *TIM3)
 250          {
 251   1      /*============================================================
 252   1        ============================TIME3=========================== */     
 253   1          /* TIM3ЙЄзїФЃЪНЃКМЦЪ§ФЃЪНЁЂУХПиФЃЪНЁЂДЅЗЂФЃЪНКЭИДЮЛФЃЪН зЅШЁФЃЪН */
 254   1          if(TIM3->TIM3_Mode > TIM3_GRAB_MODE)        return 2;       //ДэЮѓ
 255   1          
 256   1      //ЙЄзїФЃЪНХфжУ    
 257   1          T3MOD &= ~MOD;
 258   1          T3MOD |= (TIM3->TIM3_Mode)<<6;
 259   1          
 260   1          if(TIM3->TIM3_Mode == TIM3_GRAB_MODE)
 261   1          {/* зЅШЁФЃЪН */
 262   2              T3MOD |= CAPE;
 263   2              //T3EX ЮоаЇБпбизЅШЁЪЙФм
 264   2              if(TIM3->TIM3_T3EX_Choose == ENABLE)
 265   2              {
 266   3                  T3MOD |= DBE;//1ЃК T3EX ЫЋБпбиОљПЩвдВњЩњзЅШЁДЅЗЂ
 267   3              }
 268   2              else
 269   2              {
 270   3                  T3MOD &= ~DBE;//0ЃК T3EX НігааЇБпбиПЩвдВњЩњзЅШЁДЅЗЂ
 271   3              }
 272   2          }
 273   1      
 274   1      //ЪБжгдДбЁдё(0ЃК ЯЕЭГЪБжг; 1ЃКЯЕЭГЪБжг/2; 2ЃКЯЕЭГЪБжг/4; 3ЃКЭтВПЪБжг TI3)
 275   1          T3CON &= ~CKS3;
 276   1          T3CON |= (TIM3->TIM3_CLKCTM)<<4;
 277   1      
 278   1      //МЦЪ§ЗНЯђ
 279   1          if(TIM3->TIM3_Direction == COUNT_UP)        T3CON &= ~DIR3; //ЯђЩЯМЦЪ§
 280   1          else                                                                    T3CON |= DIR3;      //ЯђЯТМЦЪ§ 
 281   1          
 282   1      //зАдиМЦЪ§жЕ T3RLЃЌT3RH
 283   1          T3CL = 0;
 284   1          T3CH = 0;
 285   1          T3RL = TIM3->TIM3_Value;
 286   1              T3RH = (TIM3->TIM3_Value) >> 8;
 287   1          TL3 = T3RL;
 288   1              TH3 = T3RH;
 289   1       
 290   1      //T3EX МЋадбЁдё    
 291   1          if(TIM3->TIM3_T3EX_Polarity == RISING_EDGE) //T3EXЩЯЩ§бигааЇ/ИпЕчЦН
 292   1          {
 293   2              T3MOD &= ~T3EP;
 294   2          }
 295   1          else                                        //T3EXЯТЩ§бигааЇ/ЕЭЕчЦН
 296   1          {
 297   2              T3MOD |= T3EP;
 298   2          } 
 299   1          
C51 COMPILER V9.59.0.0   TIMER                                                             06/10/2019 14:59:39 PAGE 6   

 300   1      //TI3 МЋадбЁдё    
 301   1          if(TIM3->TIM3_TI3_Polarity == RISING_EDGE) //ЩЯЩ§бигааЇ
 302   1          {
 303   2              T3CON &= ~T3PS;
 304   2          }
 305   1          else                                        //ЯТЩ§бигааЇ
 306   1          {
 307   2              T3CON |= T3PS;
 308   2          }      
 309   1          
 310   1      //гХЯШМЖЩшжУ    
 311   1          if(TIM3->TIM3_Polity == PolityHigh)         PX4 = 1;        //ИпгХЯШМЖжаЖЯ
 312   1          else                                                                        PX4 = 0;        //ЕЭгХЯШМЖжаЖЯ
 313   1          
 314   1      //вчГіжаЖЯдЪаэ    
 315   1          if(TIM3->TIM3_OverInterrupt == ENABLE)      T3CON |= T3IE;  //ЪЙФм
 316   1          else                                                                        T3CON &= ~T3IE; //ЙиБе
 317   1      //БпбижаЖЯдЪаэ    
 318   1          if(TIM3->TIM3_EdgeInterrupt == ENABLE)      T3CON |= T3EXIE;        //ЪЙФм
 319   1          else                                                                        T3CON &= ~T3EXIE;       //ЙиБе
 320   1      //зЅШЁжаЖЯдЪаэ    
 321   1          if(TIM3->TIM3_GrabInterrupt == ENABLE)      T3CON |= T3CTIE;        //ЪЙФм
 322   1          else                                                                        T3CON &= ~T3CTIE;       //ЙиБе
 323   1      
 324   1      //ПЊжаЖЯINT4    
 325   1          if(TIM3->TIM3_Interrupt == ENABLE)     EINT4 = 1;  //ПЊЖЈЪБЦї3жаЖЯЪЙФм
 326   1          else                                   EINT4 = 0;  //ЙиЖЈЪБЦї3жаЖЯЪЙФм                          
 327   1          
 328   1      //ЪЧЗёдЫаа
 329   1          if(TIM3->TIM3_Run == ENABLE)     T3CON |= TR3;    //ЦєЖЏЖЈЪБЦї3
 330   1          else                                                         T3CON &= ~TR3;
 331   1         
 332   1          return      0;              //ГЩЙІ
 333   1          
 334   1      }
 335          


MODULE INFORMATION:   STATIC OVERLAYABLE
   CODE SIZE        =    963    ----
   CONSTANT SIZE    =   ----    ----
   XDATA SIZE       =   ----    ----
   PDATA SIZE       =   ----    ----
   DATA SIZE        =      8       3
   IDATA SIZE       =   ----    ----
   BIT SIZE         =   ----    ----
END OF MODULE INFORMATION.


C51 COMPILATION COMPLETE.  0 WARNING(S),  0 ERROR(S)
