C51 COMPILER V9.59.0.0   WS51F0032                                                         10/31/2020 17:12:36 PAGE 1   


C51 COMPILER V9.59.0.0, COMPILATION OF MODULE WS51F0032
OBJECT MODULE PLACED IN .\Objects\WS51F0032.obj
COMPILER INVOKED BY: D:\Keil_v5\C51\BIN\C51.EXE WS51F0032.c LARGE OPTIMIZE(8,SPEED) BROWSE INCDIR(.\hareware) DEBUG OBJE
                    -CTEXTEND CODE LISTINCLUDE SYMBOLS PRINT(.\Listings\WS51F0032.lst) PREPRINT(.\Listings\WS51F0032.i) OBJECT(.\Objects\WS51
                    -F0032.obj)

line level    source

   1          
   2          xdata unsigned char P00F            _at_ 0x8000;         //6232
   3          xdata unsigned char P01F            _at_ 0x8001;         //6232
   4          xdata unsigned char P02F            _at_ 0x8002;         //6552
   5          xdata unsigned char P03F            _at_ 0x8003;         //6552
   6          xdata unsigned char P04F            _at_ 0x8004;         //6552
   7          xdata unsigned char P05F            _at_ 0x8005;         //6552
   8          xdata unsigned char P06F            _at_ 0x8006;         //6552
   9          xdata unsigned char P07F            _at_ 0x8007;         //6552
  10          
  11          xdata unsigned char P10F            _at_ 0x8008;
  12          xdata unsigned char P11F            _at_ 0x8009;
  13          xdata unsigned char P12F            _at_ 0x800a;
  14          xdata unsigned char P13F            _at_ 0x800b;
  15          xdata unsigned char P14F            _at_ 0x800c;
  16          xdata unsigned char P15F            _at_ 0x800d;
  17          xdata unsigned char P16F            _at_ 0x800e;
  18          xdata unsigned char P17F            _at_ 0x800f;
  19          
  20          xdata unsigned char P20F            _at_ 0x8010;         //6552
  21          xdata unsigned char P21F            _at_ 0x8011;         //6552
  22          xdata unsigned char P22F            _at_ 0x8012;         //6652
  23          xdata unsigned char P23F            _at_ 0x8013;         //6652
  24          xdata unsigned char P24F            _at_ 0x8014;         //6652
  25          xdata unsigned char P25F            _at_ 0x8015;         //6652
  26          xdata unsigned char P26F            _at_ 0x8016;         //6652
  27          xdata unsigned char P27F            _at_ 0x8017;         //6652
  28          
  29          xdata unsigned char P30F            _at_ 0x8018;
  30          xdata unsigned char P31F            _at_ 0x8019;
  31          xdata unsigned char P32F            _at_ 0x801a;
  32          xdata unsigned char P33F            _at_ 0x801b;
  33          xdata unsigned char P34F            _at_ 0x801c;
  34          xdata unsigned char P35F            _at_ 0x801d;
  35          xdata unsigned char P36F            _at_ 0x801e;        //6232
  36          xdata unsigned char P37F            _at_ 0x801f;        //6232
  37          
  38          xdata unsigned char P40F            _at_ 0x8020;         //6652
  39          xdata unsigned char P41F            _at_ 0x8021;         //6652
  40          xdata unsigned char P42F            _at_ 0x8022;         //6652
  41          xdata unsigned char P43F            _at_ 0x8023;         //6652
  42          xdata unsigned char P44F            _at_ 0x8024;         //6652
  43          xdata unsigned char P45F            _at_ 0x8025;         //6652
  44          xdata unsigned char P46F            _at_ 0x8026;         //6652
  45          xdata unsigned char P47F            _at_ 0x8027;         //6652
  46          
  47          xdata unsigned char P50F            _at_ 0x8028;        //6652
  48          xdata unsigned char P51F            _at_ 0x8029;    //6652
  49          xdata unsigned char P52F            _at_ 0x802a;    //6652
  50          xdata unsigned char P53F            _at_ 0x802b;    //6652
  51          xdata unsigned char P54F            _at_ 0x802c;    //6652
  52          xdata unsigned char P55F            _at_ 0x802d;    //6652
  53          
C51 COMPILER V9.59.0.0   WS51F0032                                                         10/31/2020 17:12:36 PAGE 2   

  54          xdata unsigned char T4CON           _at_ 0x8038; //6652
  55          xdata unsigned char T4MOD           _at_ 0x8039; //6652
  56          xdata unsigned char T4RL            _at_ 0x803a; //6652
  57          xdata unsigned char T4RH            _at_ 0x803b; //6652
  58          xdata unsigned char T4CL            _at_ 0x803c; //6652
  59          xdata unsigned char T4CH            _at_ 0x803d; //6652
  60          xdata unsigned char TL4         _at_ 0x803e;    //6652
  61          xdata unsigned char TH4         _at_ 0x803f;    //6652
  62          
  63          //xdata unsigned char PWMEN     _at_ 0x8040;    //˛»Í¬
  64          //xdata unsigned char PWMIE       _at_ 0x8042;
  65          //xdata unsigned char PWMFLG      _at_ 0x8044;
  66          
  67          xdata unsigned char PWMRUN          _at_ 0x8040;         //6652
  68          xdata unsigned char PWMCLR          _at_ 0x8041;         //6652
  69          xdata unsigned char PWMUPD          _at_ 0x8043;         //6652
  70          xdata unsigned char PWMFLG0         _at_ 0x8044;         //6652
  71          xdata unsigned char PWMFLG1         _at_ 0x8045;         //6652
  72          
  73          xdata unsigned char PMSCON          _at_ 0x8048; //6652
  74          xdata unsigned char PMSDAL          _at_ 0x8049; //6652
  75          xdata unsigned char PMSDAH          _at_ 0x804a; //6652
  76          xdata unsigned char PMSDBL          _at_ 0x804b; //6652
  77          xdata unsigned char PMSDBH          _at_ 0x804c; //6652
  78          
  79          
  80          
  81          xdata unsigned char PWM0CFG     _at_ 0x8050;
  82          xdata unsigned char PWM0PS              _at_ 0x8051;    //6232
  83          xdata unsigned char PWM0DUTL    _at_ 0x8054;
  84          xdata unsigned char PWM0DUTH    _at_ 0x8055;
  85          xdata unsigned char PWM0DIVL    _at_ 0x8056;
  86          xdata unsigned char PWM0DIVH    _at_ 0x8057;
  87          
  88          xdata unsigned char PWM1CFG     _at_ 0x8058;    //6652
  89          xdata unsigned char PWM1PS              _at_ 0x8059;    //6232
  90          xdata unsigned char PWM1DUTL    _at_ 0x805c;
  91          xdata unsigned char PWM1DUTH    _at_ 0x805d;
  92          xdata unsigned char PWM1DIVL    _at_ 0x805e;
  93          xdata unsigned char PWM1DIVH    _at_ 0x805f;
  94          
  95          xdata unsigned char PWM2CFG     _at_ 0x8060;
  96          xdata unsigned char PWM2PS              _at_ 0x8061;    //6232
  97          xdata unsigned char PWM2DUTL    _at_ 0x8064;
  98          xdata unsigned char PWM2DUTH    _at_ 0x8065;
  99          xdata unsigned char PWM2DIVL    _at_ 0x8066;
 100          xdata unsigned char PWM2DIVH    _at_ 0x8067;
 101          
 102          xdata unsigned char PWM3CFG     _at_ 0x8068;    //6652
 103          xdata unsigned char PWM3PS              _at_ 0x8069;    //6232
 104          xdata unsigned char PWM3DUTL    _at_ 0x806c;
 105          xdata unsigned char PWM3DUTH    _at_ 0x806d;
 106          xdata unsigned char PWM3DIVL    _at_ 0x806e;
 107          xdata unsigned char PWM3DIVH    _at_ 0x806f;
 108          
 109          xdata unsigned char PWM4CFG     _at_ 0x8070;
 110          xdata unsigned char PWM4PS              _at_ 0x8071;    //6232
 111          xdata unsigned char PWM4DUTL    _at_ 0x8074;
 112          xdata unsigned char PWM4DUTH    _at_ 0x8075;
 113          xdata unsigned char PWM4DIVL    _at_ 0x8076;
 114          xdata unsigned char PWM4DIVH    _at_ 0x8077;
 115          
C51 COMPILER V9.59.0.0   WS51F0032                                                         10/31/2020 17:12:36 PAGE 3   

 116          xdata unsigned char PWM5CFG     _at_ 0x8078;    //6652
 117          xdata unsigned char PWM5PS              _at_ 0x8079;    //6232
 118          xdata unsigned char PWM5DUTL    _at_ 0x807c;
 119          xdata unsigned char PWM5DUTH    _at_ 0x807d;
 120          xdata unsigned char PWM5DIVL    _at_ 0x807e;
 121          xdata unsigned char PWM5DIVH    _at_ 0x807f;
 122          
 123          xdata unsigned char PWM6CFG     _at_ 0x8080;    //6232  
 124          xdata unsigned char PWM6PS              _at_ 0x8081;    //6232  
 125          xdata unsigned char PWM6DUTL    _at_ 0x8084;    //6232
 126          xdata unsigned char PWM6DUTH    _at_ 0x8085;    //6232
 127          xdata unsigned char PWM6DIVL    _at_ 0x8086;    //6232
 128          xdata unsigned char PWM6DIVH    _at_ 0x8087;    //6232
 129          
 130          //xdata unsigned char PWM7CFG   _at_ 0x8088;    //6652 ´ý¶¨ ÎŢ
 131          xdata unsigned char PWM7PS              _at_ 0x8089;    //6232
 132          xdata unsigned char PWM7DUTL    _at_ 0x808c;    //6232
 133          xdata unsigned char PWM7DUTH    _at_ 0x808d;    //6232
 134          xdata unsigned char PWM7DIVL    _at_ 0x808e;    //6232
 135          xdata unsigned char PWM7DIVH    _at_ 0x808f;    //6232
 136          
 137          xdata unsigned char FBCON       _at_ 0x80e0;    //6652  
 138          xdata unsigned char FBDAT       _at_ 0x80e1;    //6652
 139          xdata unsigned char FBFLG       _at_ 0x80e2;    //6652
 140          xdata unsigned char PMCON       _at_ 0x80e4;    //6652
 141          xdata unsigned char PMDAT       _at_ 0x80e5;    //6652
 142          
 143          xdata unsigned char PIMOD       _at_ 0x80e8;    //6232
 144          xdata unsigned char P0IMSK      _at_ 0x80e9;    //6232
 145          xdata unsigned char P1IMSK      _at_ 0x80ea;    //6232
 146          xdata unsigned char P2IMSK      _at_ 0x80eb;    //6552
 147          xdata unsigned char P3IMSK      _at_ 0x80ec;    //6232
 148          
 149          xdata unsigned char P4IMSK      _at_ 0x80ed;    //6652
 150          xdata unsigned char P5IMSK      _at_ 0x80ee;    //6652
 151          
 152          
 153          xdata unsigned char BZCON       _at_ 0x80F0;    //6232
 154          xdata unsigned char BZPSC       _at_ 0x80F1;    //6232
 155          xdata unsigned char BZDUT       _at_ 0x80F2;    //6232
 156          xdata unsigned char BZDIV       _at_ 0x80F3;    //6232
 157          
 158          
 159          
 160          
 161          xdata unsigned char TKPCS0        _at_ 0x80f8;
 162          xdata unsigned char TKPCS1        _at_ 0x80f9;
 163          xdata unsigned char TKPCS2        _at_ 0x80fa;
 164          xdata unsigned char TKPCS3        _at_ 0x80fB;  //6232
 165          xdata unsigned char TKPCS4        _at_ 0x80fc;  //6552
 166          xdata unsigned char TKPCS5        _at_ 0x80fd;  //6552
 167          xdata unsigned char TKPCS6        _at_ 0x80fe;  //6652
 168          xdata unsigned char TKPCS7        _at_ 0x80ff;  //6652
 169                                                                                                                           
 170          xdata unsigned char TK0MXL    _at_ 0x8100;
 171          xdata unsigned char TK0MXH    _at_ 0x8101;
 172          xdata unsigned char TK1MXL    _at_ 0x8102;
 173          xdata unsigned char TK1MXH    _at_ 0x8103;
 174          xdata unsigned char TK2MXL    _at_ 0x8104;
 175          xdata unsigned char TK2MXH    _at_ 0x8105;
 176          xdata unsigned char TK3MXL    _at_ 0x8106;
 177          xdata unsigned char TK3MXH    _at_ 0x8107;
C51 COMPILER V9.59.0.0   WS51F0032                                                         10/31/2020 17:12:36 PAGE 4   

 178          xdata unsigned char TK4MXL    _at_ 0x8108;
 179          xdata unsigned char TK4MXH    _at_ 0x8109;
 180          xdata unsigned char TK5MXL    _at_ 0x810a;
 181          xdata unsigned char TK5MXH    _at_ 0x810b;
 182          xdata unsigned char TK6MXL    _at_ 0x810c;
 183          xdata unsigned char TK6MXH    _at_ 0x810d;
 184          xdata unsigned char TK7MXL    _at_ 0x810e;
 185          xdata unsigned char TK7MXH    _at_ 0x810f;
 186          xdata unsigned char TK8MXL    _at_ 0x8110;
 187          xdata unsigned char TK8MXH    _at_ 0x8111;
 188          xdata unsigned char TK9MXL    _at_ 0x8112;
 189          xdata unsigned char TK9MXH    _at_ 0x8113;
 190          xdata unsigned char TK10MXL   _at_ 0x8114;
 191          xdata unsigned char TK10MXH   _at_ 0x8115;
 192          xdata unsigned char TK11MXL   _at_ 0x8116;
 193          xdata unsigned char TK11MXH   _at_ 0x8117;
 194          
 195          xdata unsigned char TK0MNL    _at_ 0x8140;
 196          xdata unsigned char TK0MNH    _at_ 0x8141;
 197          xdata unsigned char TK1MNL    _at_ 0x8142;
 198          xdata unsigned char TK1MNH    _at_ 0x8143;
 199          xdata unsigned char TK2MNL    _at_ 0x8144;
 200          xdata unsigned char TK2MNH    _at_ 0x8145;
 201          xdata unsigned char TK3MNL    _at_ 0x8146;
 202          xdata unsigned char TK3MNH    _at_ 0x8147;
 203          xdata unsigned char TK4MNL    _at_ 0x8148;
 204          xdata unsigned char TK4MNH    _at_ 0x8149;
 205          xdata unsigned char TK5MNL    _at_ 0x814a;
 206          xdata unsigned char TK5MNH    _at_ 0x814b;
 207          xdata unsigned char TK6MNL    _at_ 0x814c;
 208          xdata unsigned char TK6MNH    _at_ 0x814d;
 209          xdata unsigned char TK7MNL    _at_ 0x814e;
 210          xdata unsigned char TK7MNH    _at_ 0x814f;
 211          xdata unsigned char TK8MNL    _at_ 0x8150;
 212          xdata unsigned char TK8MNH    _at_ 0x8151;
 213          xdata unsigned char TK9MNL    _at_ 0x8152;
 214          xdata unsigned char TK9MNH    _at_ 0x8153;
 215          xdata unsigned char TK10MNL   _at_ 0x8154;
 216          xdata unsigned char TK10MNH   _at_ 0x8155;
 217          xdata unsigned char TK11MNL   _at_ 0x8156;
 218          xdata unsigned char TK11MNH   _at_ 0x8157;
 219          
 220          xdata unsigned char TK0MSL    _at_ 0x8180;
 221          xdata unsigned char TK0MSH    _at_ 0x8181;
 222          xdata unsigned char TK1MSL    _at_ 0x8182;
 223          xdata unsigned char TK1MSH    _at_ 0x8183;
 224          xdata unsigned char TK2MSL    _at_ 0x8184;
 225          xdata unsigned char TK2MSH    _at_ 0x8185;
 226          xdata unsigned char TK3MSL    _at_ 0x8186;
 227          xdata unsigned char TK3MSH    _at_ 0x8187;
 228          xdata unsigned char TK4MSL    _at_ 0x8188;
 229          xdata unsigned char TK4MSH    _at_ 0x8189;
 230          xdata unsigned char TK5MSL    _at_ 0x818a;
 231          xdata unsigned char TK5MSH    _at_ 0x818b;
 232          xdata unsigned char TK6MSL    _at_ 0x818c;
 233          xdata unsigned char TK6MSH    _at_ 0x818d;
 234          xdata unsigned char TK7MSL    _at_ 0x818e;
 235          xdata unsigned char TK7MSH    _at_ 0x818f;
 236          xdata unsigned char TK8MSL    _at_ 0x8190;
 237          xdata unsigned char TK8MSH    _at_ 0x8191;
 238          xdata unsigned char TK9MSL    _at_ 0x8192;
 239          xdata unsigned char TK9MSH    _at_ 0x8193;
C51 COMPILER V9.59.0.0   WS51F0032                                                         10/31/2020 17:12:36 PAGE 5   

 240          xdata unsigned char TK10MSL   _at_ 0x8194;
 241          xdata unsigned char TK10MSH   _at_ 0x8195;
 242          xdata unsigned char TK11MSL   _at_ 0x8196;
 243          xdata unsigned char TK11MSH   _at_ 0x8197;
 244          
 245          
 246          xdata unsigned char TK0PS       _at_ 0x81C0;    //6232
 247          xdata unsigned char TK1PS       _at_ 0x81C1;    //6232
 248          xdata unsigned char TK2PS       _at_ 0x81C2;    //6232
 249          xdata unsigned char TK3PS       _at_ 0x81C3;    //6232
 250          xdata unsigned char TK4PS       _at_ 0x81C4;    //6232
 251          xdata unsigned char TK5PS       _at_ 0x81C5;    //6232
 252          xdata unsigned char TK6PS       _at_ 0x81C6;    //6232
 253          xdata unsigned char TK7PS       _at_ 0x81C7;    //6232
 254          xdata unsigned char TK8PS       _at_ 0x81C8;    //6232
 255          xdata unsigned char TK9PS       _at_ 0x81C9;    //6232
 256          xdata unsigned char TK10PS      _at_ 0x81Ca;    //6232
 257          xdata unsigned char TK11PS      _at_ 0x81Cb;    //6232
 258          
 259          
 260          
 261          xdata unsigned char LXDAT00     _at_ 0x8200;    //6552
 262          xdata unsigned char LXDAT01     _at_ 0x8201;    //6552
 263          xdata unsigned char LXDAT02     _at_ 0x8202;    //6552
 264          xdata unsigned char LXDAT03     _at_ 0x8203;    //6552
 265          xdata unsigned char LXDAT04     _at_ 0x8204;    //6552
 266          xdata unsigned char LXDAT05     _at_ 0x8205;    //6552
 267          xdata unsigned char LXDAT06     _at_ 0x8206;    //6552
 268          xdata unsigned char LXDAT07     _at_ 0x8207;    //6552
 269          xdata unsigned char LXDAT08     _at_ 0x8208;    //6552
 270          xdata unsigned char LXDAT09     _at_ 0x8209;    //6552
 271          xdata unsigned char LXDAT10     _at_ 0x820a;    //6552
 272          xdata unsigned char LXDAT11     _at_ 0x820b;    //6552
 273          xdata unsigned char LXDAT12     _at_ 0x820c;    //6552
 274          xdata unsigned char LXDAT13     _at_ 0x820d;    //6552
 275          xdata unsigned char LXDAT14     _at_ 0x820e;    //6552
 276          xdata unsigned char LXDAT15     _at_ 0x820f;    //6552
 277          xdata unsigned char LXDAT16     _at_ 0x8210;    //6552
 278          xdata unsigned char LXDAT17     _at_ 0x8211;    //6552
 279          xdata unsigned char LXDAT18     _at_ 0x8212;    //6552
 280          
 281          xdata unsigned char LXDAT19     _at_ 0x8213;    //6652
 282          xdata unsigned char LXDAT20     _at_ 0x8214;    //6652
 283          xdata unsigned char LXDAT21     _at_ 0x8215;    //6652
 284          xdata unsigned char LXDAT22     _at_ 0x8216;    //6652
 285          xdata unsigned char LXDAT23     _at_ 0x8217;    //6652
 286          xdata unsigned char LXDAT24     _at_ 0x8218;    //6652
 287          xdata unsigned char LXDAT25     _at_ 0x8219;    //6652
 288          xdata unsigned char LXDAT26     _at_ 0x821a;    //6652
 289          xdata unsigned char LXDAT27     _at_ 0x821b;    //6652
 290          
 291          xdata unsigned char RTCCON      _at_ 0x8280;    //6652
 292          xdata unsigned char RTCFLG      _at_ 0x8281;    //6652
 293          xdata unsigned char RTCSS       _at_ 0x8282;    //6652
 294          xdata unsigned char RTCS        _at_ 0x8283;    //6652
 295          xdata unsigned char RTCM        _at_ 0x8284;    //6652
 296          xdata unsigned char RTCH        _at_ 0x8285;    //6652
 297          xdata unsigned char RTMSS       _at_ 0x8286;    //6652
 298          xdata unsigned char RTCDL       _at_ 0x8287;    //6652
 299          xdata unsigned char RTCDH       _at_ 0x8288;    //6652
 300          xdata unsigned char RTAS        _at_ 0x8289;    //6652
 301          xdata unsigned char RTAM        _at_ 0x828a;    //6652
C51 COMPILER V9.59.0.0   WS51F0032                                                         10/31/2020 17:12:36 PAGE 6   

 302          xdata unsigned char RTAH        _at_ 0x828b;    //6652
 303          
 304          
 305          
 306          xdata unsigned char LSCON       _at_ 0x8290;
 307          xdata unsigned char LSCFG       _at_ 0x8291;
 308          xdata unsigned char LSDTM0      _at_ 0x8293;
 309          xdata unsigned char LSDTM1      _at_ 0x8294;
 310          xdata unsigned char LSPTM0      _at_ 0x8295;
 311          xdata unsigned char LSPTM1      _at_ 0x8296;
 312          xdata unsigned char LSCOM       _at_ 0x8297;
 313                                                                                                                     
 314          xdata unsigned char LSPE0     _at_ 0x8298;
 315          xdata unsigned char LSPE1     _at_ 0x8299;
 316          xdata unsigned char LSPE2         _at_ 0x829a;  //6552
 317          xdata unsigned char LSPE3         _at_ 0x829b;  //6652
 318          
 319          
 320          xdata unsigned char LSDAT0    _at_ 0x82a0;
 321          xdata unsigned char LSDAT1    _at_ 0x82a1;
 322          xdata unsigned char LSDAT2    _at_ 0x82a2;      //6552  
 323          xdata unsigned char LSDAT3        _at_ 0x82a3;  //6652
 324          
 325          xdata unsigned char MECON         _at_ 0x8300;
 326          xdata unsigned char FSCMD         _at_ 0x8301;
 327          xdata unsigned char BTMSK         _at_ 0x8302;
 328          xdata unsigned char FSDAT         _at_ 0x8303;
 329          xdata unsigned char FSFLG         _at_ 0x8304;
 330          xdata unsigned char PADR          _at_ 0x8305;
 331          xdata unsigned char FSADRL        _at_ 0x8306;
 332          xdata unsigned char FSADRH        _at_ 0x8307;
 333                                                                                                                            
 334          xdata unsigned char CKSUML        _at_ 0x8308;
 335          xdata unsigned char CKSUMH        _at_ 0x8309;
 336          xdata unsigned char IDCODE0       _at_ 0x830a;
 337          xdata unsigned char IDCODE1       _at_ 0x830b;
 338          xdata unsigned char IDCODE2       _at_ 0x830c;
 339          
 340          xdata unsigned char CHIPIDL       _at_ 0x8400;
 341          xdata unsigned char CHIPIDH       _at_ 0x8401;
 342          
 343          
 344          xdata unsigned char SPMAX         _at_ 0x8407;  //6232
 345          
 346          
 347          
 348          
C51 COMPILER V9.59.0.0   WS51F0032                                                         10/31/2020 17:12:36 PAGE 7   

ASSEMBLY LISTING OF GENERATED OBJECT CODE


C51 COMPILER V9.59.0.0   WS51F0032                                                         10/31/2020 17:12:36 PAGE 8   

NAME                                    CLASS   MSPACE  TYPE    OFFSET  SIZE
====                                    =====   ======  ====    ======  ====


PMCON. . . . . . . . . . . . . . . . .  PUBLIC   XDATA  U_CHAR   80E4H  1
P53F . . . . . . . . . . . . . . . . .  PUBLIC   XDATA  U_CHAR   802BH  1
P44F . . . . . . . . . . . . . . . . .  PUBLIC   XDATA  U_CHAR   8024H  1
P35F . . . . . . . . . . . . . . . . .  PUBLIC   XDATA  U_CHAR   801DH  1
P26F . . . . . . . . . . . . . . . . .  PUBLIC   XDATA  U_CHAR   8016H  1
P17F . . . . . . . . . . . . . . . . .  PUBLIC   XDATA  U_CHAR   800FH  1
CHIPIDL. . . . . . . . . . . . . . . .  PUBLIC   XDATA  U_CHAR   8400H  1
LSCOM. . . . . . . . . . . . . . . . .  PUBLIC   XDATA  U_CHAR   8297H  1
PWMFLG0. . . . . . . . . . . . . . . .  PUBLIC   XDATA  U_CHAR   8044H  1
P54F . . . . . . . . . . . . . . . . .  PUBLIC   XDATA  U_CHAR   802CH  1
P45F . . . . . . . . . . . . . . . . .  PUBLIC   XDATA  U_CHAR   8025H  1
P36F . . . . . . . . . . . . . . . . .  PUBLIC   XDATA  U_CHAR   801EH  1
P27F . . . . . . . . . . . . . . . . .  PUBLIC   XDATA  U_CHAR   8017H  1
LSCON. . . . . . . . . . . . . . . . .  PUBLIC   XDATA  U_CHAR   8290H  1
BZDIV. . . . . . . . . . . . . . . . .  PUBLIC   XDATA  U_CHAR   80F3H  1
PWMFLG1. . . . . . . . . . . . . . . .  PUBLIC   XDATA  U_CHAR   8045H  1
P55F . . . . . . . . . . . . . . . . .  PUBLIC   XDATA  U_CHAR   802DH  1
P46F . . . . . . . . . . . . . . . . .  PUBLIC   XDATA  U_CHAR   8026H  1
P37F . . . . . . . . . . . . . . . . .  PUBLIC   XDATA  U_CHAR   801FH  1
P47F . . . . . . . . . . . . . . . . .  PUBLIC   XDATA  U_CHAR   8027H  1
BTMSK. . . . . . . . . . . . . . . . .  PUBLIC   XDATA  U_CHAR   8302H  1
BZPSC. . . . . . . . . . . . . . . . .  PUBLIC   XDATA  U_CHAR   80F1H  1
SPMAX. . . . . . . . . . . . . . . . .  PUBLIC   XDATA  U_CHAR   8407H  1
BZDUT. . . . . . . . . . . . . . . . .  PUBLIC   XDATA  U_CHAR   80F2H  1
RTCSS. . . . . . . . . . . . . . . . .  PUBLIC   XDATA  U_CHAR   8282H  1
T4CH . . . . . . . . . . . . . . . . .  PUBLIC   XDATA  U_CHAR   803DH  1
T4CL . . . . . . . . . . . . . . . . .  PUBLIC   XDATA  U_CHAR   803CH  1
RTMSS. . . . . . . . . . . . . . . . .  PUBLIC   XDATA  U_CHAR   8286H  1
T4RH . . . . . . . . . . . . . . . . .  PUBLIC   XDATA  U_CHAR   803BH  1
TK10PS . . . . . . . . . . . . . . . .  PUBLIC   XDATA  U_CHAR   81CAH  1
TK11PS . . . . . . . . . . . . . . . .  PUBLIC   XDATA  U_CHAR   81CBH  1
T4RL . . . . . . . . . . . . . . . . .  PUBLIC   XDATA  U_CHAR   803AH  1
PADR . . . . . . . . . . . . . . . . .  PUBLIC   XDATA  U_CHAR   8305H  1
LSDAT0 . . . . . . . . . . . . . . . .  PUBLIC   XDATA  U_CHAR   82A0H  1
LSDAT1 . . . . . . . . . . . . . . . .  PUBLIC   XDATA  U_CHAR   82A1H  1
LSDAT2 . . . . . . . . . . . . . . . .  PUBLIC   XDATA  U_CHAR   82A2H  1
LSDAT3 . . . . . . . . . . . . . . . .  PUBLIC   XDATA  U_CHAR   82A3H  1
RTAH . . . . . . . . . . . . . . . . .  PUBLIC   XDATA  U_CHAR   828BH  1
RTCH . . . . . . . . . . . . . . . . .  PUBLIC   XDATA  U_CHAR   8285H  1
TK0MNH . . . . . . . . . . . . . . . .  PUBLIC   XDATA  U_CHAR   8141H  1
RTAM . . . . . . . . . . . . . . . . .  PUBLIC   XDATA  U_CHAR   828AH  1
TK1MNH . . . . . . . . . . . . . . . .  PUBLIC   XDATA  U_CHAR   8143H  1
LSDTM0 . . . . . . . . . . . . . . . .  PUBLIC   XDATA  U_CHAR   8293H  1
TK2MNH . . . . . . . . . . . . . . . .  PUBLIC   XDATA  U_CHAR   8145H  1
P0IMSK . . . . . . . . . . . . . . . .  PUBLIC   XDATA  U_CHAR   80E9H  1
LSDTM1 . . . . . . . . . . . . . . . .  PUBLIC   XDATA  U_CHAR   8294H  1
RTCM . . . . . . . . . . . . . . . . .  PUBLIC   XDATA  U_CHAR   8284H  1
TK3MNH . . . . . . . . . . . . . . . .  PUBLIC   XDATA  U_CHAR   8147H  1
TKPCS0 . . . . . . . . . . . . . . . .  PUBLIC   XDATA  U_CHAR   80F8H  1
P1IMSK . . . . . . . . . . . . . . . .  PUBLIC   XDATA  U_CHAR   80EAH  1
TK4MNH . . . . . . . . . . . . . . . .  PUBLIC   XDATA  U_CHAR   8149H  1
TK0MNL . . . . . . . . . . . . . . . .  PUBLIC   XDATA  U_CHAR   8140H  1
TKPCS1 . . . . . . . . . . . . . . . .  PUBLIC   XDATA  U_CHAR   80F9H  1
P2IMSK . . . . . . . . . . . . . . . .  PUBLIC   XDATA  U_CHAR   80EBH  1
TK0MSH . . . . . . . . . . . . . . . .  PUBLIC   XDATA  U_CHAR   8181H  1
TK5MNH . . . . . . . . . . . . . . . .  PUBLIC   XDATA  U_CHAR   814BH  1
TK1MNL . . . . . . . . . . . . . . . .  PUBLIC   XDATA  U_CHAR   8142H  1
C51 COMPILER V9.59.0.0   WS51F0032                                                         10/31/2020 17:12:36 PAGE 9   

NAME                                    CLASS   MSPACE  TYPE    OFFSET  SIZE
====                                    =====   ======  ====    ======  ====


TKPCS2 . . . . . . . . . . . . . . . .  PUBLIC   XDATA  U_CHAR   80FAH  1
P3IMSK . . . . . . . . . . . . . . . .  PUBLIC   XDATA  U_CHAR   80ECH  1
FSADRH . . . . . . . . . . . . . . . .  PUBLIC   XDATA  U_CHAR   8307H  1
TK1MSH . . . . . . . . . . . . . . . .  PUBLIC   XDATA  U_CHAR   8183H  1
TK6MNH . . . . . . . . . . . . . . . .  PUBLIC   XDATA  U_CHAR   814DH  1
TK2MNL . . . . . . . . . . . . . . . .  PUBLIC   XDATA  U_CHAR   8144H  1
TKPCS3 . . . . . . . . . . . . . . . .  PUBLIC   XDATA  U_CHAR   80FBH  1
P4IMSK . . . . . . . . . . . . . . . .  PUBLIC   XDATA  U_CHAR   80EDH  1
RTAS . . . . . . . . . . . . . . . . .  PUBLIC   XDATA  U_CHAR   8289H  1
TK2MSH . . . . . . . . . . . . . . . .  PUBLIC   XDATA  U_CHAR   8185H  1
TK7MNH . . . . . . . . . . . . . . . .  PUBLIC   XDATA  U_CHAR   814FH  1
TK3MNL . . . . . . . . . . . . . . . .  PUBLIC   XDATA  U_CHAR   8146H  1
TKPCS4 . . . . . . . . . . . . . . . .  PUBLIC   XDATA  U_CHAR   80FCH  1
P5IMSK . . . . . . . . . . . . . . . .  PUBLIC   XDATA  U_CHAR   80EEH  1
TK3MSH . . . . . . . . . . . . . . . .  PUBLIC   XDATA  U_CHAR   8187H  1
TK8MNH . . . . . . . . . . . . . . . .  PUBLIC   XDATA  U_CHAR   8151H  1
TK4MNL . . . . . . . . . . . . . . . .  PUBLIC   XDATA  U_CHAR   8148H  1
TKPCS5 . . . . . . . . . . . . . . . .  PUBLIC   XDATA  U_CHAR   80FDH  1
RTCS . . . . . . . . . . . . . . . . .  PUBLIC   XDATA  U_CHAR   8283H  1
TK4MSH . . . . . . . . . . . . . . . .  PUBLIC   XDATA  U_CHAR   8189H  1
TK0MSL . . . . . . . . . . . . . . . .  PUBLIC   XDATA  U_CHAR   8180H  1
TK9MNH . . . . . . . . . . . . . . . .  PUBLIC   XDATA  U_CHAR   8153H  1
TK5MNL . . . . . . . . . . . . . . . .  PUBLIC   XDATA  U_CHAR   814AH  1
TKPCS6 . . . . . . . . . . . . . . . .  PUBLIC   XDATA  U_CHAR   80FEH  1
FSADRL . . . . . . . . . . . . . . . .  PUBLIC   XDATA  U_CHAR   8306H  1
TK5MSH . . . . . . . . . . . . . . . .  PUBLIC   XDATA  U_CHAR   818BH  1
TK1MSL . . . . . . . . . . . . . . . .  PUBLIC   XDATA  U_CHAR   8182H  1
TK6MNL . . . . . . . . . . . . . . . .  PUBLIC   XDATA  U_CHAR   814CH  1
TK0MXH . . . . . . . . . . . . . . . .  PUBLIC   XDATA  U_CHAR   8101H  1
TKPCS7 . . . . . . . . . . . . . . . .  PUBLIC   XDATA  U_CHAR   80FFH  1
TK6MSH . . . . . . . . . . . . . . . .  PUBLIC   XDATA  U_CHAR   818DH  1
TK2MSL . . . . . . . . . . . . . . . .  PUBLIC   XDATA  U_CHAR   8184H  1
TK7MNL . . . . . . . . . . . . . . . .  PUBLIC   XDATA  U_CHAR   814EH  1
TK1MXH . . . . . . . . . . . . . . . .  PUBLIC   XDATA  U_CHAR   8103H  1
PMSDAH . . . . . . . . . . . . . . . .  PUBLIC   XDATA  U_CHAR   804AH  1
TK7MSH . . . . . . . . . . . . . . . .  PUBLIC   XDATA  U_CHAR   818FH  1
TK3MSL . . . . . . . . . . . . . . . .  PUBLIC   XDATA  U_CHAR   8186H  1
TK8MNL . . . . . . . . . . . . . . . .  PUBLIC   XDATA  U_CHAR   8150H  1
TK2MXH . . . . . . . . . . . . . . . .  PUBLIC   XDATA  U_CHAR   8105H  1
PMSDBH . . . . . . . . . . . . . . . .  PUBLIC   XDATA  U_CHAR   804CH  1
TK8MSH . . . . . . . . . . . . . . . .  PUBLIC   XDATA  U_CHAR   8191H  1
TK4MSL . . . . . . . . . . . . . . . .  PUBLIC   XDATA  U_CHAR   8188H  1
TK9MNL . . . . . . . . . . . . . . . .  PUBLIC   XDATA  U_CHAR   8152H  1
TK3MXH . . . . . . . . . . . . . . . .  PUBLIC   XDATA  U_CHAR   8107H  1
LSPTM0 . . . . . . . . . . . . . . . .  PUBLIC   XDATA  U_CHAR   8295H  1
TK9MSH . . . . . . . . . . . . . . . .  PUBLIC   XDATA  U_CHAR   8193H  1
TK5MSL . . . . . . . . . . . . . . . .  PUBLIC   XDATA  U_CHAR   818AH  1
TK4MXH . . . . . . . . . . . . . . . .  PUBLIC   XDATA  U_CHAR   8109H  1
TK0MXL . . . . . . . . . . . . . . . .  PUBLIC   XDATA  U_CHAR   8100H  1
LSPTM1 . . . . . . . . . . . . . . . .  PUBLIC   XDATA  U_CHAR   8296H  1
TK6MSL . . . . . . . . . . . . . . . .  PUBLIC   XDATA  U_CHAR   818CH  1
TK5MXH . . . . . . . . . . . . . . . .  PUBLIC   XDATA  U_CHAR   810BH  1
TK1MXL . . . . . . . . . . . . . . . .  PUBLIC   XDATA  U_CHAR   8102H  1
PMSDAL . . . . . . . . . . . . . . . .  PUBLIC   XDATA  U_CHAR   8049H  1
RTCFLG . . . . . . . . . . . . . . . .  PUBLIC   XDATA  U_CHAR   8281H  1
TK7MSL . . . . . . . . . . . . . . . .  PUBLIC   XDATA  U_CHAR   818EH  1
TK6MXH . . . . . . . . . . . . . . . .  PUBLIC   XDATA  U_CHAR   810DH  1
C51 COMPILER V9.59.0.0   WS51F0032                                                         10/31/2020 17:12:36 PAGE 10  

NAME                                    CLASS   MSPACE  TYPE    OFFSET  SIZE
====                                    =====   ======  ====    ======  ====


TK2MXL . . . . . . . . . . . . . . . .  PUBLIC   XDATA  U_CHAR   8104H  1
PMSDBL . . . . . . . . . . . . . . . .  PUBLIC   XDATA  U_CHAR   804BH  1
TK8MSL . . . . . . . . . . . . . . . .  PUBLIC   XDATA  U_CHAR   8190H  1
TK7MXH . . . . . . . . . . . . . . . .  PUBLIC   XDATA  U_CHAR   810FH  1
TK3MXL . . . . . . . . . . . . . . . .  PUBLIC   XDATA  U_CHAR   8106H  1
TK9MSL . . . . . . . . . . . . . . . .  PUBLIC   XDATA  U_CHAR   8192H  1
TK8MXH . . . . . . . . . . . . . . . .  PUBLIC   XDATA  U_CHAR   8111H  1
TK4MXL . . . . . . . . . . . . . . . .  PUBLIC   XDATA  U_CHAR   8108H  1
TK9MXH . . . . . . . . . . . . . . . .  PUBLIC   XDATA  U_CHAR   8113H  1
TK5MXL . . . . . . . . . . . . . . . .  PUBLIC   XDATA  U_CHAR   810AH  1
TK6MXL . . . . . . . . . . . . . . . .  PUBLIC   XDATA  U_CHAR   810CH  1
TK7MXL . . . . . . . . . . . . . . . .  PUBLIC   XDATA  U_CHAR   810EH  1
PWM0PS . . . . . . . . . . . . . . . .  PUBLIC   XDATA  U_CHAR   8051H  1
TK8MXL . . . . . . . . . . . . . . . .  PUBLIC   XDATA  U_CHAR   8110H  1
PWM1PS . . . . . . . . . . . . . . . .  PUBLIC   XDATA  U_CHAR   8059H  1
RTCCON . . . . . . . . . . . . . . . .  PUBLIC   XDATA  U_CHAR   8280H  1
TK9MXL . . . . . . . . . . . . . . . .  PUBLIC   XDATA  U_CHAR   8112H  1
PWM2PS . . . . . . . . . . . . . . . .  PUBLIC   XDATA  U_CHAR   8061H  1
PWM3PS . . . . . . . . . . . . . . . .  PUBLIC   XDATA  U_CHAR   8069H  1
CKSUMH . . . . . . . . . . . . . . . .  PUBLIC   XDATA  U_CHAR   8309H  1
PWM4PS . . . . . . . . . . . . . . . .  PUBLIC   XDATA  U_CHAR   8071H  1
PWM5PS . . . . . . . . . . . . . . . .  PUBLIC   XDATA  U_CHAR   8079H  1
PWM6PS . . . . . . . . . . . . . . . .  PUBLIC   XDATA  U_CHAR   8081H  1
PWM7PS . . . . . . . . . . . . . . . .  PUBLIC   XDATA  U_CHAR   8089H  1
TH4. . . . . . . . . . . . . . . . . .  PUBLIC   XDATA  U_CHAR   803FH  1
CKSUML . . . . . . . . . . . . . . . .  PUBLIC   XDATA  U_CHAR   8308H  1
PWM0DIVH . . . . . . . . . . . . . . .  PUBLIC   XDATA  U_CHAR   8057H  1
PMSCON . . . . . . . . . . . . . . . .  PUBLIC   XDATA  U_CHAR   8048H  1
PWM1DIVH . . . . . . . . . . . . . . .  PUBLIC   XDATA  U_CHAR   805FH  1
PWM2DIVH . . . . . . . . . . . . . . .  PUBLIC   XDATA  U_CHAR   8067H  1
TL4. . . . . . . . . . . . . . . . . .  PUBLIC   XDATA  U_CHAR   803EH  1
PWM3DIVH . . . . . . . . . . . . . . .  PUBLIC   XDATA  U_CHAR   806FH  1
PWM4DIVH . . . . . . . . . . . . . . .  PUBLIC   XDATA  U_CHAR   8077H  1
PWM0DIVL . . . . . . . . . . . . . . .  PUBLIC   XDATA  U_CHAR   8056H  1
PWM5DIVH . . . . . . . . . . . . . . .  PUBLIC   XDATA  U_CHAR   807FH  1
PWM1DIVL . . . . . . . . . . . . . . .  PUBLIC   XDATA  U_CHAR   805EH  1
PWMCLR . . . . . . . . . . . . . . . .  PUBLIC   XDATA  U_CHAR   8041H  1
PWM6DIVH . . . . . . . . . . . . . . .  PUBLIC   XDATA  U_CHAR   8087H  1
PWM2DIVL . . . . . . . . . . . . . . .  PUBLIC   XDATA  U_CHAR   8066H  1
PWM7DIVH . . . . . . . . . . . . . . .  PUBLIC   XDATA  U_CHAR   808FH  1
PWM3DIVL . . . . . . . . . . . . . . .  PUBLIC   XDATA  U_CHAR   806EH  1
IDCODE0. . . . . . . . . . . . . . . .  PUBLIC   XDATA  U_CHAR   830AH  1
PWM4DIVL . . . . . . . . . . . . . . .  PUBLIC   XDATA  U_CHAR   8076H  1
IDCODE1. . . . . . . . . . . . . . . .  PUBLIC   XDATA  U_CHAR   830BH  1
PWM5DIVL . . . . . . . . . . . . . . .  PUBLIC   XDATA  U_CHAR   807EH  1
IDCODE2. . . . . . . . . . . . . . . .  PUBLIC   XDATA  U_CHAR   830CH  1
PWM6DIVL . . . . . . . . . . . . . . .  PUBLIC   XDATA  U_CHAR   8086H  1
PWM0DUTH . . . . . . . . . . . . . . .  PUBLIC   XDATA  U_CHAR   8055H  1
PWM7DIVL . . . . . . . . . . . . . . .  PUBLIC   XDATA  U_CHAR   808EH  1
PWM1DUTH . . . . . . . . . . . . . . .  PUBLIC   XDATA  U_CHAR   805DH  1
PWM2DUTH . . . . . . . . . . . . . . .  PUBLIC   XDATA  U_CHAR   8065H  1
LXDAT00. . . . . . . . . . . . . . . .  PUBLIC   XDATA  U_CHAR   8200H  1
PWM3DUTH . . . . . . . . . . . . . . .  PUBLIC   XDATA  U_CHAR   806DH  1
PWMUPD . . . . . . . . . . . . . . . .  PUBLIC   XDATA  U_CHAR   8043H  1
LXDAT10. . . . . . . . . . . . . . . .  PUBLIC   XDATA  U_CHAR   820AH  1
LXDAT01. . . . . . . . . . . . . . . .  PUBLIC   XDATA  U_CHAR   8201H  1
PWM4DUTH . . . . . . . . . . . . . . .  PUBLIC   XDATA  U_CHAR   8075H  1
C51 COMPILER V9.59.0.0   WS51F0032                                                         10/31/2020 17:12:36 PAGE 11  

NAME                                    CLASS   MSPACE  TYPE    OFFSET  SIZE
====                                    =====   ======  ====    ======  ====


PWM0DUTL . . . . . . . . . . . . . . .  PUBLIC   XDATA  U_CHAR   8054H  1
LXDAT20. . . . . . . . . . . . . . . .  PUBLIC   XDATA  U_CHAR   8214H  1
LXDAT11. . . . . . . . . . . . . . . .  PUBLIC   XDATA  U_CHAR   820BH  1
LXDAT02. . . . . . . . . . . . . . . .  PUBLIC   XDATA  U_CHAR   8202H  1
PWM5DUTH . . . . . . . . . . . . . . .  PUBLIC   XDATA  U_CHAR   807DH  1
PWM1DUTL . . . . . . . . . . . . . . .  PUBLIC   XDATA  U_CHAR   805CH  1
LXDAT21. . . . . . . . . . . . . . . .  PUBLIC   XDATA  U_CHAR   8215H  1
LXDAT12. . . . . . . . . . . . . . . .  PUBLIC   XDATA  U_CHAR   820CH  1
LXDAT03. . . . . . . . . . . . . . . .  PUBLIC   XDATA  U_CHAR   8203H  1
FBFLG. . . . . . . . . . . . . . . . .  PUBLIC   XDATA  U_CHAR   80E2H  1
FBDAT. . . . . . . . . . . . . . . . .  PUBLIC   XDATA  U_CHAR   80E1H  1
PWM6DUTH . . . . . . . . . . . . . . .  PUBLIC   XDATA  U_CHAR   8085H  1
PWM2DUTL . . . . . . . . . . . . . . .  PUBLIC   XDATA  U_CHAR   8064H  1
LXDAT22. . . . . . . . . . . . . . . .  PUBLIC   XDATA  U_CHAR   8216H  1
LXDAT13. . . . . . . . . . . . . . . .  PUBLIC   XDATA  U_CHAR   820DH  1
LXDAT04. . . . . . . . . . . . . . . .  PUBLIC   XDATA  U_CHAR   8204H  1
PWM7DUTH . . . . . . . . . . . . . . .  PUBLIC   XDATA  U_CHAR   808DH  1
PWM3DUTL . . . . . . . . . . . . . . .  PUBLIC   XDATA  U_CHAR   806CH  1
LXDAT23. . . . . . . . . . . . . . . .  PUBLIC   XDATA  U_CHAR   8217H  1
LXDAT14. . . . . . . . . . . . . . . .  PUBLIC   XDATA  U_CHAR   820EH  1
LXDAT05. . . . . . . . . . . . . . . .  PUBLIC   XDATA  U_CHAR   8205H  1
PWM4DUTL . . . . . . . . . . . . . . .  PUBLIC   XDATA  U_CHAR   8074H  1
LSPE0. . . . . . . . . . . . . . . . .  PUBLIC   XDATA  U_CHAR   8298H  1
LXDAT24. . . . . . . . . . . . . . . .  PUBLIC   XDATA  U_CHAR   8218H  1
LXDAT15. . . . . . . . . . . . . . . .  PUBLIC   XDATA  U_CHAR   820FH  1
LXDAT06. . . . . . . . . . . . . . . .  PUBLIC   XDATA  U_CHAR   8206H  1
TK10MNH. . . . . . . . . . . . . . . .  PUBLIC   XDATA  U_CHAR   8155H  1
PWM5DUTL . . . . . . . . . . . . . . .  PUBLIC   XDATA  U_CHAR   807CH  1
LSPE1. . . . . . . . . . . . . . . . .  PUBLIC   XDATA  U_CHAR   8299H  1
LXDAT25. . . . . . . . . . . . . . . .  PUBLIC   XDATA  U_CHAR   8219H  1
LXDAT16. . . . . . . . . . . . . . . .  PUBLIC   XDATA  U_CHAR   8210H  1
LXDAT07. . . . . . . . . . . . . . . .  PUBLIC   XDATA  U_CHAR   8207H  1
TK11MNH. . . . . . . . . . . . . . . .  PUBLIC   XDATA  U_CHAR   8157H  1
PWM6DUTL . . . . . . . . . . . . . . .  PUBLIC   XDATA  U_CHAR   8084H  1
LSPE2. . . . . . . . . . . . . . . . .  PUBLIC   XDATA  U_CHAR   829AH  1
LXDAT26. . . . . . . . . . . . . . . .  PUBLIC   XDATA  U_CHAR   821AH  1
LXDAT17. . . . . . . . . . . . . . . .  PUBLIC   XDATA  U_CHAR   8211H  1
LXDAT08. . . . . . . . . . . . . . . .  PUBLIC   XDATA  U_CHAR   8208H  1
PWM7DUTL . . . . . . . . . . . . . . .  PUBLIC   XDATA  U_CHAR   808CH  1
LSPE3. . . . . . . . . . . . . . . . .  PUBLIC   XDATA  U_CHAR   829BH  1
LXDAT27. . . . . . . . . . . . . . . .  PUBLIC   XDATA  U_CHAR   821BH  1
LXDAT18. . . . . . . . . . . . . . . .  PUBLIC   XDATA  U_CHAR   8212H  1
LXDAT09. . . . . . . . . . . . . . . .  PUBLIC   XDATA  U_CHAR   8209H  1
LXDAT19. . . . . . . . . . . . . . . .  PUBLIC   XDATA  U_CHAR   8213H  1
TK10MNL. . . . . . . . . . . . . . . .  PUBLIC   XDATA  U_CHAR   8154H  1
FBCON. . . . . . . . . . . . . . . . .  PUBLIC   XDATA  U_CHAR   80E0H  1
T4MOD. . . . . . . . . . . . . . . . .  PUBLIC   XDATA  U_CHAR   8039H  1
T4CON. . . . . . . . . . . . . . . . .  PUBLIC   XDATA  U_CHAR   8038H  1
TK10MSH. . . . . . . . . . . . . . . .  PUBLIC   XDATA  U_CHAR   8195H  1
TK11MNL. . . . . . . . . . . . . . . .  PUBLIC   XDATA  U_CHAR   8156H  1
TK11MSH. . . . . . . . . . . . . . . .  PUBLIC   XDATA  U_CHAR   8197H  1
PWMRUN . . . . . . . . . . . . . . . .  PUBLIC   XDATA  U_CHAR   8040H  1
FSCMD. . . . . . . . . . . . . . . . .  PUBLIC   XDATA  U_CHAR   8301H  1
TK10MSL. . . . . . . . . . . . . . . .  PUBLIC   XDATA  U_CHAR   8194H  1
TK11MSL. . . . . . . . . . . . . . . .  PUBLIC   XDATA  U_CHAR   8196H  1
TK10MXH. . . . . . . . . . . . . . . .  PUBLIC   XDATA  U_CHAR   8115H  1
LSCFG. . . . . . . . . . . . . . . . .  PUBLIC   XDATA  U_CHAR   8291H  1
C51 COMPILER V9.59.0.0   WS51F0032                                                         10/31/2020 17:12:36 PAGE 12  

NAME                                    CLASS   MSPACE  TYPE    OFFSET  SIZE
====                                    =====   ======  ====    ======  ====


TK11MXH. . . . . . . . . . . . . . . .  PUBLIC   XDATA  U_CHAR   8117H  1
FSFLG. . . . . . . . . . . . . . . . .  PUBLIC   XDATA  U_CHAR   8304H  1
FSDAT. . . . . . . . . . . . . . . . .  PUBLIC   XDATA  U_CHAR   8303H  1
MECON. . . . . . . . . . . . . . . . .  PUBLIC   XDATA  U_CHAR   8300H  1
TK0PS. . . . . . . . . . . . . . . . .  PUBLIC   XDATA  U_CHAR   81C0H  1
TK10MXL. . . . . . . . . . . . . . . .  PUBLIC   XDATA  U_CHAR   8114H  1
TK1PS. . . . . . . . . . . . . . . . .  PUBLIC   XDATA  U_CHAR   81C1H  1
TK11MXL. . . . . . . . . . . . . . . .  PUBLIC   XDATA  U_CHAR   8116H  1
TK2PS. . . . . . . . . . . . . . . . .  PUBLIC   XDATA  U_CHAR   81C2H  1
RTCDH. . . . . . . . . . . . . . . . .  PUBLIC   XDATA  U_CHAR   8288H  1
TK3PS. . . . . . . . . . . . . . . . .  PUBLIC   XDATA  U_CHAR   81C3H  1
PWM0CFG. . . . . . . . . . . . . . . .  PUBLIC   XDATA  U_CHAR   8050H  1
P00F . . . . . . . . . . . . . . . . .  PUBLIC   XDATA  U_CHAR   8000H  1
TK4PS. . . . . . . . . . . . . . . . .  PUBLIC   XDATA  U_CHAR   81C4H  1
PMDAT. . . . . . . . . . . . . . . . .  PUBLIC   XDATA  U_CHAR   80E5H  1
PWM1CFG. . . . . . . . . . . . . . . .  PUBLIC   XDATA  U_CHAR   8058H  1
P10F . . . . . . . . . . . . . . . . .  PUBLIC   XDATA  U_CHAR   8008H  1
P01F . . . . . . . . . . . . . . . . .  PUBLIC   XDATA  U_CHAR   8001H  1
TK5PS. . . . . . . . . . . . . . . . .  PUBLIC   XDATA  U_CHAR   81C5H  1
PWM2CFG. . . . . . . . . . . . . . . .  PUBLIC   XDATA  U_CHAR   8060H  1
P20F . . . . . . . . . . . . . . . . .  PUBLIC   XDATA  U_CHAR   8010H  1
P11F . . . . . . . . . . . . . . . . .  PUBLIC   XDATA  U_CHAR   8009H  1
P02F . . . . . . . . . . . . . . . . .  PUBLIC   XDATA  U_CHAR   8002H  1
TK6PS. . . . . . . . . . . . . . . . .  PUBLIC   XDATA  U_CHAR   81C6H  1
PWM3CFG. . . . . . . . . . . . . . . .  PUBLIC   XDATA  U_CHAR   8068H  1
P30F . . . . . . . . . . . . . . . . .  PUBLIC   XDATA  U_CHAR   8018H  1
P21F . . . . . . . . . . . . . . . . .  PUBLIC   XDATA  U_CHAR   8011H  1
P12F . . . . . . . . . . . . . . . . .  PUBLIC   XDATA  U_CHAR   800AH  1
P03F . . . . . . . . . . . . . . . . .  PUBLIC   XDATA  U_CHAR   8003H  1
RTCDL. . . . . . . . . . . . . . . . .  PUBLIC   XDATA  U_CHAR   8287H  1
TK7PS. . . . . . . . . . . . . . . . .  PUBLIC   XDATA  U_CHAR   81C7H  1
PIMOD. . . . . . . . . . . . . . . . .  PUBLIC   XDATA  U_CHAR   80E8H  1
PWM4CFG. . . . . . . . . . . . . . . .  PUBLIC   XDATA  U_CHAR   8070H  1
P40F . . . . . . . . . . . . . . . . .  PUBLIC   XDATA  U_CHAR   8020H  1
P31F . . . . . . . . . . . . . . . . .  PUBLIC   XDATA  U_CHAR   8019H  1
P22F . . . . . . . . . . . . . . . . .  PUBLIC   XDATA  U_CHAR   8012H  1
P13F . . . . . . . . . . . . . . . . .  PUBLIC   XDATA  U_CHAR   800BH  1
P04F . . . . . . . . . . . . . . . . .  PUBLIC   XDATA  U_CHAR   8004H  1
CHIPIDH. . . . . . . . . . . . . . . .  PUBLIC   XDATA  U_CHAR   8401H  1
TK8PS. . . . . . . . . . . . . . . . .  PUBLIC   XDATA  U_CHAR   81C8H  1
PWM5CFG. . . . . . . . . . . . . . . .  PUBLIC   XDATA  U_CHAR   8078H  1
P50F . . . . . . . . . . . . . . . . .  PUBLIC   XDATA  U_CHAR   8028H  1
P41F . . . . . . . . . . . . . . . . .  PUBLIC   XDATA  U_CHAR   8021H  1
P32F . . . . . . . . . . . . . . . . .  PUBLIC   XDATA  U_CHAR   801AH  1
P23F . . . . . . . . . . . . . . . . .  PUBLIC   XDATA  U_CHAR   8013H  1
P14F . . . . . . . . . . . . . . . . .  PUBLIC   XDATA  U_CHAR   800CH  1
P05F . . . . . . . . . . . . . . . . .  PUBLIC   XDATA  U_CHAR   8005H  1
TK9PS. . . . . . . . . . . . . . . . .  PUBLIC   XDATA  U_CHAR   81C9H  1
PWM6CFG. . . . . . . . . . . . . . . .  PUBLIC   XDATA  U_CHAR   8080H  1
P51F . . . . . . . . . . . . . . . . .  PUBLIC   XDATA  U_CHAR   8029H  1
P42F . . . . . . . . . . . . . . . . .  PUBLIC   XDATA  U_CHAR   8022H  1
P33F . . . . . . . . . . . . . . . . .  PUBLIC   XDATA  U_CHAR   801BH  1
P24F . . . . . . . . . . . . . . . . .  PUBLIC   XDATA  U_CHAR   8014H  1
P15F . . . . . . . . . . . . . . . . .  PUBLIC   XDATA  U_CHAR   800DH  1
P06F . . . . . . . . . . . . . . . . .  PUBLIC   XDATA  U_CHAR   8006H  1
BZCON. . . . . . . . . . . . . . . . .  PUBLIC   XDATA  U_CHAR   80F0H  1
P52F . . . . . . . . . . . . . . . . .  PUBLIC   XDATA  U_CHAR   802AH  1
C51 COMPILER V9.59.0.0   WS51F0032                                                         10/31/2020 17:12:36 PAGE 13  

NAME                                    CLASS   MSPACE  TYPE    OFFSET  SIZE
====                                    =====   ======  ====    ======  ====


P43F . . . . . . . . . . . . . . . . .  PUBLIC   XDATA  U_CHAR   8023H  1
P34F . . . . . . . . . . . . . . . . .  PUBLIC   XDATA  U_CHAR   801CH  1
P25F . . . . . . . . . . . . . . . . .  PUBLIC   XDATA  U_CHAR   8015H  1
P16F . . . . . . . . . . . . . . . . .  PUBLIC   XDATA  U_CHAR   800EH  1
P07F . . . . . . . . . . . . . . . . .  PUBLIC   XDATA  U_CHAR   8007H  1


MODULE INFORMATION:   STATIC OVERLAYABLE
   CODE SIZE        =   ----    ----
   CONSTANT SIZE    =   ----    ----
   XDATA SIZE       =   ----    ----
   PDATA SIZE       =   ----    ----
   DATA SIZE        =   ----    ----
   IDATA SIZE       =   ----    ----
   BIT SIZE         =   ----    ----
END OF MODULE INFORMATION.


C51 COMPILATION COMPLETE.  0 WARNING(S),  0 ERROR(S)
