C51 COMPILER V9.59.0.0   GPIO                                                              06/10/2019 14:37:43 PAGE 1   


C51 COMPILER V9.59.0.0, COMPILATION OF MODULE GPIO
OBJECT MODULE PLACED IN .\Objects\GPIO.obj
COMPILER INVOKED BY: C:\Keil_v5\C51\C51\BIN\C51.EXE hareware\GPIO.c OPTIMIZE(8,SPEED) BROWSE INCDIR(.\hareware) DEBUG OB
                    -JECTEXTEND PRINT(.\Listings\GPIO.lst) OBJECT(.\Objects\GPIO.obj)

line level    source

   1          
   2          /*************  功能说明        **************
   3          ******************************************/
   4          
   5          #include        "GPIO.h"
   6          
   7          #define key1        P07
   8          //========================================================================
   9          // 函数: void GPIO_Init()
  10          // 描述: 初始化IO口..
  11          // 返回: 
  12          // 版本: V1.0, 2012-10-22
  13          //========================================================================
  14          void GPIO_Init(void)
  15          {
  16   1      ////    /* 输入模式P0 (上拉、下拉、开漏)*/ 
  17   1      ////    PnxF_Config(P00F, PnxS_Input_Type1, PnxOPR_Disable, PnxPUS_Pullup_10k); //输入上拉10k
  18   1      ////    PnxF_Config(P01F, PnxS_Input_Type1, PnxOPR_Disable, PnxPUS_Pullup_80k); //输入上拉80k
  19   1      ////    PnxF_Config(P02F, PnxS_Input_Type1, PnxOPR_Disable, PnxPUS_Down_15k);   //输入下拉15k
  20   1      ////    PnxF_Config(P03F, PnxS_Input_Type1, PnxOPR_Enable, PnxPUS_Close);       //输入开漏
  21   1      ////    
  22   1      ////    /* 输出模式P0 (上拉、下拉、开漏)*/ 
  23   1      //////    PnxF_Config(P00F, PnxS_Output_Type2, PnxOPR_Disable, PnxPUS_Pullup_10k); //输出上拉10k
  24   1      //////    PnxF_Config(P01F, PnxS_Output_Type2, PnxOPR_Disable, PnxPUS_Pullup_80k); //输出上拉80k
  25   1      //////    PnxF_Config(P02F, PnxS_Output_Type2, PnxOPR_Disable, PnxPUS_Down_15k);   //输出下拉15k
  26   1      ////    PnxF_Config(P03F, PnxS_Output_Type2, PnxOPR_Enable, PnxPUS_Close);       //输出开漏
  27   1      ////    PnxF_Config(P04F, PnxS_Output_Type2, PnxOPR_Disable, PnxPUS_Close);      //推挽输出
  28   1      ////    
  29   1      ////    /* 高阻P0 */ 
  30   1      ////    PnxF_Config(P00F, PnxS_HighZ_Type0, PnxOPR_Disable, PnxPUS_Close);      //
  31   1      ////    PnxF_Config(P01F, PnxS_HighZ_Type0, PnxOPR_Disable, PnxPUS_Close);      //
  32   1      ////    PnxF_Config(P02F, PnxS_HighZ_Type0, PnxOPR_Disable, PnxPUS_Close);      //
  33   1      ////    PnxF_Config(P03F, PnxS_HighZ_Type0, PnxOPR_Disable, PnxPUS_Close);      //
  34   1      ////      
  35   1          
  36   1          //==================初始化IO=======================================
  37   1          PnxF_Config(P00F, PnxS_Output_Type2, PnxOPR_Disable, PnxPUS_Close); //PIN_Y1
  38   1              PnxF_Config(P01F, PnxS_Output_Type2, PnxOPR_Disable, PnxPUS_Close); //PIN_W1
  39   1      //      PnxF_Config(P02F, PnxS_Output_Type2, PnxOPR_Disable, PnxPUS_Close); //PIN_V1
  40   1      //      PnxF_Config(P03F, PnxS_Output_Type2, PnxOPR_Disable, PnxPUS_Close); //PIN_U1
  41   1      //      PnxF_Config(P04F, PnxS_Output_Type2, PnxOPR_Disable, PnxPUS_Close); //PIN_T4
  42   1      //      PnxF_Config(P05F, PnxS_Output_Type2, PnxOPR_Disable, PnxPUS_Close); //PIN_T4
  43   1      //      PnxF_Config(P06F, PnxS_Output_Type2, PnxOPR_Disable, PnxPUS_Close); //PIN_T4
  44   1      //      PnxF_Config(P07F, PnxS_Input_Type1, PnxOPR_Disable, PnxPUS_Pullup_10k); //PIN_T4
  45   1          
  46   1              
  47   1          
  48   1      }
  49          
  50          
  51          
  52          
  53          
  54          
C51 COMPILER V9.59.0.0   GPIO                                                              06/10/2019 14:37:43 PAGE 2   

  55          
  56          
  57          
  58          
  59          
  60          
  61          
  62          
  63          
  64          
  65          
  66          
  67          
  68          
  69          
  70          
  71          
  72          
  73          
  74          


MODULE INFORMATION:   STATIC OVERLAYABLE
   CODE SIZE        =      9    ----
   CONSTANT SIZE    =   ----    ----
   XDATA SIZE       =   ----    ----
   PDATA SIZE       =   ----    ----
   DATA SIZE        =   ----    ----
   IDATA SIZE       =   ----    ----
   BIT SIZE         =   ----    ----
END OF MODULE INFORMATION.


C51 COMPILATION COMPLETE.  0 WARNING(S),  0 ERROR(S)
