C51 COMPILER V9.59.0.0   MAIN                                                              02/10/2022 11:41:45 PAGE 1   


C51 COMPILER V9.59.0.0, COMPILATION OF MODULE MAIN
OBJECT MODULE PLACED IN .\Objects\main.obj
COMPILER INVOKED BY: C:\Keil_v5\C51\BIN\C51.EXE main.c OPTIMIZE(8,SPEED) BROWSE INCDIR(..\headfile) DEBUG OBJECTEXTEND P
                    -RINT(.\Listings\main.lst) OBJECT(.\Objects\main.obj)

line level    source

   1          /*********************************************************
   2          *Copyright (C), 2020-2030, 深圳前海维晟智能技术有限公司
   3          *文件名:        uart1.c
   4          *作  者:        
   5          *版  本:        
   6          *日  期:        
   7          *描  述:        
   8          *备  注:     
   9          **********************************************************/
  10          #include "WS51F6240.h"
  11          #include "intrins.h"
  12          #include <stdio.h>
  13          
  14          //=========================================================
  15          /* S1CON串口1控制寄存器 */
  16          //#define SM11    0x80            /* 工作模式选择 */
  17          //#define IE1     0x40            /* 中断使能， 1 有效 */
  18          //#define SM21    0x20            /* 多机通信使能位， 1 有效 */
  19          //#define REN1    0x10            /* 串行接收使能位， 1 有效 */
  20          //#define TB81    0x08            /* 发送的第 9 位数据 */
  21          //#define RB81    0x04            /* 接收的第 9 位数据 */
  22          //#define TI1     0x02            /* 发送中断标志， 1 有效，写 0 清除 */
  23          //#define RI1     0x01            /* 接收中断标志， 1 有效，写 0 清除 */
  24          
  25          static void delay_1ms(void)
  26          {
  27   1              int j;
  28   1              for(j=0;j<1700;++j);
  29   1      }
  30          unsigned char dat0;
  31          unsigned char Rx_flag=0;
  32          
  33          /*****************************************************
  34          *函数名称：void Uart1Mode0(void)
  35          *函数功能：9600波特率
  36          *入口参数：
  37          *出口参数：
  38          *****************************************************/
  39          void Uart1Mode0(void)
  40          {
  41   1              S1CON = SM11+IE1+REN1;   //8位异步模式(1), +0x10/中断使能, +0x20/多机通信使能位, +0x40/串行接收使能位
  42   1              S1RELL = 972;
  43   1              S1RELH = 972>>8;
  44   1      }
  45          
  46          /*****************************************************
  47          *函数名称：void Uart1Mode1(void)
  48          *函数功能：9600波特率
  49          *入口参数：
  50          *出口参数：
  51          *****************************************************/
  52          void Uart1Mode1(void)
  53          {
  54   1              S1CON = 0+IE1+REN1+TB81;  //9位异步模式(1), /中断使能, +SM21/多机通信使能位, /串行接收使能位, /第9位数据,
C51 COMPILER V9.59.0.0   MAIN                                                              02/10/2022 11:41:45 PAGE 2   

             - +RB81/
  55   1              S1RELL = 972;
  56   1              S1RELH = 972>>8;
  57   1      }
  58          
  59          void Uart1_Isr() interrupt 7
  60          {
  61   1          if(RI1 == (S1CON&RI1))     //如果接收到计算机发的数据
  62   1          {
  63   2              S1CON &= ~RI1;     //清除标志位
  64   2                      dat0 = S1BUF;
  65   2                      Rx_flag = 1;
  66   2          }
  67   1      }
  68          
  69          void UART1_write(signed char dat)
  70          {
  71   1          S1BUF = dat;            //Send data to UART buffer
  72   1          while(TI1 != (S1CON&TI1));
  73   1          //清TI1
  74   1          S1CON &= ~TI1;
  75   1      }
  76          
  77          ///重定向c库函数printf到串口，重定向后可使用printf函数
  78          char putchar(char ch)
  79          {
  80   1          /* 发送一个字节数据到串口 */
  81   1          UART1_write((signed char) ch);
  82   1              
  83   1          return ch;
  84   1      }
  85          /**************************************************************************
  86          说明：RX接P16 TX接P02  串口调试助手进行数据的收发,波特率的选择看附件文档
  87          **************************************************************************/
  88          void main()
  89          {
  90   1          SCCON = 0x00;//HRC
  91   1                HRCON |= 0X80;
  92   1          delay_1ms();        
  93   1      
  94   1                      /*************************管脚配置**********************/ 
  95   1                      P02F = 0x06;//UART1_RX
  96   1                      P16F = 0x06;//UART1_TX
  97   1                      P15F = 0x81;
  98   1              
  99   1               /*************************串口选择***********************/ 
 100   1                Uart1Mode0(); 
 101   1      //        Uart1Mode1(); 
 102   1              
 103   1                EINT4 = 1;
 104   1                EA = 1;
 105   1          printf("RUN------\r\n");
 106   1      
 107   1          while(1)
 108   1          {   
 109   2              if(Rx_flag == 1)
 110   2              {
 111   3                  Rx_flag = 0;
 112   3                  UART1_write(dat0);
 113   3              }
 114   2                                      if(P15 == 0)//接收处理
 115   2              {
C51 COMPILER V9.59.0.0   MAIN                                                              02/10/2022 11:41:45 PAGE 3   

 116   3                  delay_1ms();
 117   3                  if(P15 == 0)
 118   3                  {
 119   4                      while(P15 == 0);
 120   4                      printf("U"); //对应的十六进制为0x55
 121   4                              }
 122   3                      }
 123   2                      
 124   2          }
 125   1      }


MODULE INFORMATION:   STATIC OVERLAYABLE
   CODE SIZE        =    153    ----
   CONSTANT SIZE    =     14    ----
   XDATA SIZE       =   ----    ----
   PDATA SIZE       =   ----    ----
   DATA SIZE        =      2    ----
   IDATA SIZE       =   ----    ----
   BIT SIZE         =   ----    ----
END OF MODULE INFORMATION.


C51 COMPILATION COMPLETE.  0 WARNING(S),  0 ERROR(S)
