C51 COMPILER V9.59.0.0   MAIN                                                              02/10/2022 11:37:47 PAGE 1   


C51 COMPILER V9.59.0.0, COMPILATION OF MODULE MAIN
OBJECT MODULE PLACED IN .\Objects\main.obj
COMPILER INVOKED BY: C:\Keil_v5\C51\BIN\C51.EXE main.c OPTIMIZE(8,SPEED) BROWSE INCDIR(..\headfile) DEBUG OBJECTEXTEND P
                    -RINT(.\Listings\main.lst) OBJECT(.\Objects\main.obj)

line level    source

   1          /*********************************************************
   2          *Copyright (C), 2020-2030, ЩюлкЧАКЃЮЌъЩжЧФмММЪѕгаЯоЙЋЫО
   3          *ЮФМўУћ:        exint0.c
   4          *зї  еп:        
   5          *Ац  БО:        
   6          *Ше  Цк:        
   7          *Уш  Ъі:        
   8          *БИ  зЂ:     
   9          **********************************************************/
  10          #include "WS51F6240.h"
  11          
  12          static void delay(int i)
  13          {
  14   1              long j;
  15   1              for(j=0;j<10*i;++j);
  16   1      }
  17          
  18          static void delay_1ms(void)
  19          {
  20   1              int j;
  21   1              for(j=0;j<1700;++j);
  22   1      }
  23          
  24          /************ жаЖЯЙмНХХфжУжЕ ***********/
  25          #define IT_PIN_P00  0X00
  26          #define IT_PIN_P01  0X01
  27          #define IT_PIN_P02  0X02
  28          #define IT_PIN_P03  0X03
  29          #define IT_PIN_P04  0X04
  30          #define IT_PIN_P05  0X05
  31          #define IT_PIN_P06  0X06
  32          #define IT_PIN_P07  0X07
  33          
  34          #define IT_PIN_P10  0X08
  35          #define IT_PIN_P11  0X09
  36          #define IT_PIN_P12  0X0a
  37          #define IT_PIN_P13  0X0b
  38          #define IT_PIN_P14  0X0c
  39          #define IT_PIN_P15  0X0d
  40          #define IT_PIN_P16  0X0e
  41          #define IT_PIN_P17  0X0f
  42          
  43          #define IT_PIN_P20  0X10
  44          #define IT_PIN_P21  0X11
  45          
  46          
  47          #define INT_PIN IT_PIN_P11 //P00-P01;P10-P17;P30-P37
  48          
  49          
  50          /*****************************************************
  51          * жаЖЯЗўЮёКЏЪ§
  52          *****************************************************/
  53          void IT0_isr() interrupt 0
  54          {
C51 COMPILER V9.59.0.0   MAIN                                                              02/10/2022 11:37:47 PAGE 2   

  55   1              P12=~P12;
  56   1      }
  57          
  58          void IT1_isr() interrupt 2
  59          {
  60   1              P12=~P12;
  61   1      }
  62          
  63          
  64          void EP0_isr() interrupt 5
  65          {
  66   1          if((EPIF&0x01) == 0x01)
  67   1          {
  68   2              EPIF &= 0xFE;
  69   2                      P12=~P12;
  70   2          }
  71   1      }
  72          
  73          void EP1_isr() interrupt 6
  74          {
  75   1          if((EPIF&0x02) == 0x02)
  76   1          {
  77   2              EPIF &= 0xFD;
  78   2                      P12=~P12;
  79   2          }
  80   1      }
  81          
  82          void EP2_isr() interrupt 7
  83          {
  84   1          if((EPIF&0x04) == 0x04)
  85   1          {
  86   2              EPIF &= 0xFB;
  87   2                      P12=~P12;
  88   2          }
  89   1      }
  90          
  91          void EP3_isr() interrupt 8
  92          {
  93   1          if((EPIF&0x08) == 0x08)
  94   1          {
  95   2              EPIF &= 0xF7;
  96   2                      P12=~P12;
  97   2          }
  98   1      }
  99          
 100          /*****************************************************
 101          *КЏЪ§УћГЦЃКvoid Int0SetMode0(void)
 102          *КЏЪ§ЙІФмЃКINT0 жаЖЯФЃЪН0
 103          *ШыПкВЮЪ§ЃК
 104          *ГіПкВЮЪ§ЃК
 105          *****************************************************/
 106          void Int0SetMode0(void)
 107          {
 108   1              /*********** INT0 жаЖЯФЃЪН0 **********/
 109   1              IT0CON=0X00|INT_PIN;    //00 Pin---ЯТНЕби ---ЕЭЕчЦН
 110   1      //      IT0CON=0X40|INT_PIN;    //10 Pin---ЩЯби   ---ИпЕчЦН
 111   1      //      IT0CON=0X80|INT_PIN;    //01 Pin---ЫЋби   ---БЃСєЃЈЕЭЕчЦНЃЉЁЂ
 112   1      //      IT0CON=0XC0|INT_PIN;    //01 Pin---ЫЋби   ---БЃСєЃЈЕЭЕчЦНЃЉЁЂ
 113   1              TCON=3;//ЪЙФмЭтВПжаЖЯ 0 дкЪфШыЙмНХЯТНЕбиЪБДЅЗЂ
 114   1      //      TCON=2;//ЪЙФмЭтВПжаЖЯ 0 дкЪфШыЙмНХЕЭЕчЦНЪБДЅЗЂ
 115   1      }
 116          
C51 COMPILER V9.59.0.0   MAIN                                                              02/10/2022 11:37:47 PAGE 3   

 117          /*****************************************************
 118          *КЏЪ§УћГЦЃКvoid Int1SetMode0(void)
 119          *КЏЪ§ЙІФмЃКINT1 жаЖЯФЃЪН0
 120          *ШыПкВЮЪ§ЃК
 121          *ГіПкВЮЪ§ЃК
 122          *****************************************************/
 123          void Int1SetMode0(void)
 124          {
 125   1              /*********** INT1 жаЖЯФЃЪН0 **********/
 126   1              IT1CON=0X00|INT_PIN;    //00 Pin---ЯТНЕби---
 127   1      //      IT1CON=0X40|INT_PIN;    //10 Pin---ЩЯби  ---
 128   1      //      IT1CON=0X80|INT_PIN;    //01 Pin---БЃСєЃЈЕЭЕчЦНЃЉЁЂ---ЫЋби---
 129   1      //      IT1CON=0XC0|INT_PIN;    //01 Pin---БЃСєЃЈЕЭЕчЦНЃЉЁЂ---ЫЋби---
 130   1              TCON=0x0c;//ЭтВПжаЖЯ 1 дкЪфШыЙмНХЯТНЕбиЪБДЅЗЂ
 131   1      //      TCON=0x08;//ЭтВПжаЖЯ 1 дкЪфШыЙмНХЕЭЕчЦНЪБДЅЗЂ
 132   1      }
 133          
 134          
 135          /*****************************************************
 136          *КЏЪ§УћГЦЃКvoid Int2SetMode0(void)
 137          *КЏЪ§ЙІФмЃКINT2 жаЖЯФЃЪН0
 138          *ШыПкВЮЪ§ЃК
 139          *ГіПкВЮЪ§ЃК
 140          *****************************************************/
 141          void Int2SetMode0(void)
 142          {
 143   1              /*********** INT2(EP0) жаЖЯФЃЪН0 **********/
 144   1              EP0CON=0X00|INT_PIN;    //00 Pin---ЯТНЕби---
 145   1      //      EP0CON=0X40|INT_PIN;    //10 Pin---ЩЯби  ---
 146   1      //      EP0CON=0X80|INT_PIN;    //01 Pin---ЫЋби---
 147   1      //      EP0CON=0XC0|INT_PIN;    //01 Pin---ЫЋби---
 148   1      }
 149          
 150          /*****************************************************
 151          *КЏЪ§УћГЦЃКvoid Int3SetMode0(void)
 152          *КЏЪ§ЙІФмЃКINT3 жаЖЯФЃЪН0
 153          *ШыПкВЮЪ§ЃК
 154          *ГіПкВЮЪ§ЃК
 155          *****************************************************/
 156          void Int3SetMode0(void)
 157          {
 158   1              /*********** INT3(EP1) жаЖЯФЃЪН0 **********/
 159   1              EP1CON=0X00|INT_PIN;    //00 Pin---ЯТНЕби---
 160   1      //      EP1CON=0X40|INT_PIN;    //10 Pin---ЩЯби  ---
 161   1      //      EP1CON=0X80|INT_PIN;    //01 Pin---ЫЋби---
 162   1      //      EP1CON=0XC0|INT_PIN;    //01 Pin---ЫЋби---
 163   1      }
 164          
 165          /*****************************************************
 166          *КЏЪ§УћГЦЃКvoid Int4SetMode0(void)
 167          *КЏЪ§ЙІФмЃКINT4 жаЖЯФЃЪН0
 168          *ШыПкВЮЪ§ЃК
 169          *ГіПкВЮЪ§ЃК
 170          *****************************************************/
 171          void Int4SetMode0(void)
 172          {
 173   1              /*********** INT4(EP2) жаЖЯФЃЪН0 **********/
 174   1              EP2CON=0X00|INT_PIN;    //00 Pin---ЯТНЕби---
 175   1      //      EP2CON=0X40|INT_PIN;    //10 Pin---ЩЯби  ---
 176   1      //      EP2CON=0X80|INT_PIN;    //01 Pin---ЫЋби---
 177   1      //      EP2CON=0XC0|INT_PIN;    //01 Pin---ЫЋби---
 178   1      }
C51 COMPILER V9.59.0.0   MAIN                                                              02/10/2022 11:37:47 PAGE 4   

 179          
 180          
 181          /*****************************************************
 182          *КЏЪ§УћГЦЃКvoid Int5SetMode0(void)
 183          *КЏЪ§ЙІФмЃКINT5 жаЖЯФЃЪН0
 184          *ШыПкВЮЪ§ЃК
 185          *ГіПкВЮЪ§ЃК
 186          *****************************************************/
 187          void Int5SetMode0(void)
 188          {
 189   1              /*********** INT5(EP3) жаЖЯФЃЪН0 **********/
 190   1      //      EP3CON=0X80|INT_PIN;    //00 Pin---ЯТНЕби---
 191   1              EP3CON=0X40|INT_PIN;    //10 Pin---ЩЯби  ---
 192   1      //      EP3CON=0X80|INT_PIN;    //01 Pin---ЫЋби---
 193   1      //      EP3CON=0XC0|INT_PIN;    //01 Pin---ЫЋби---
 194   1      }
 195          
 196          /**************************************************************
 197          ЙІФмЫЕУїЃК
 198          1ЁЂВтЪдЭтВПжаЖЯ012345ЃЈФЃЪН0ЃЉ
 199          2ЁЂЭтВПжаЖЯв§НХКЭДЅЗЂЗНЪНЭЈЙ§МФДцЦї (IT0CON/IT1CON/EPnCON) бЁдё
 200          3ЁЂP10ЭЦЭьЪфГіЃЌЗ­зЊЕчЦНЃЛ
 201          4ЁЂНгЯпЃКP10НгЭтВПжаЖЯв§НХP11
 202          5ЁЂНсЙћЃКПДP12З­зЊ
 203          ***************************************************************/
 204          void main()
 205          {
 206   1          int i;
 207   1          SCCON = 0x00;//HRC
 208   1                      HRCON |= 0X80;          
 209   1                                               
 210   1                      P11F = 0x81;   //ЩЯР­ЪфШы
 211   1                      P10F = 0x02;     //ЭЦЭьЪфГі
 212   1                      P12F = 0x02;     //ЭЦЭьЪфГі
 213   1      
 214   1              
 215   1              
 216   1                      /********** жаЖЯ0ФЃЪН0 **********/
 217   1              Int0SetMode0();
 218   1                      /********** жаЖЯ1ФЃЪН0 **********/
 219   1      //      Int1SetMode0();
 220   1                      /********** жаЖЯ2(EP0)ФЃЪН0 **********/
 221   1      //      Int2SetMode0();
 222   1                      /********** жаЖЯ3(EP1)ФЃЪН0 **********/
 223   1      //      Int3SetMode0();
 224   1                      /********** жаЖЯ4(EP2)ФЃЪН0 **********/
 225   1      //      Int4SetMode0();
 226   1                      /********** жаЖЯ5(EP3)ФЃЪН0 **********/
 227   1      //      Int5SetMode0();
 228   1      
 229   1                      /*********** EP0~EP3 жаЖЯЪЙФм ***********/
 230   1      //   EPIE = 0X08;       //EP3~EP0: 3~0
 231   1                      
 232   1                      EINT5 = 1;              /* EP3 жаЖЯЪЙФмПижЦЮЛЃЌгУгк ADC/SPI/SCM/EP3 жаЖЯ */
 233   1                      EINT4 = 1;              /* EP2 ЪЙФмПижЦЮЛЃЌгУгк UART1/Timer3/EP2 жаЖЯ */
 234   1                      EINT3 = 1;              /* EP1 гУгк Touch Key/WDT/LVD/WKT/EP1 жаЖЯ */
 235   1                      EINT2 = 1;              /* EP0 гУгк IIC/Timer2/PWM/EP0 жаЖЯ */                  
 236   1                      EINT1 = 1;              /* INT1 жаЖЯ 1 ЪЙФмПижЦЮЛЃЈжаЖЯ 1 гУгкЭтВПжаЖЯ 1ЃЉ */
 237   1                      EINT0 = 1;              /* INT0 ЪЙФмПижЦЮЛЃЈжаЖЯ 0 гУгкЭтВПжаЖЯ 0ЃЉ */
 238   1                      IE |= 0x80;   //змжаЖЯЪЙФм
 239   1      
 240   1          while(1)
C51 COMPILER V9.59.0.0   MAIN                                                              02/10/2022 11:37:47 PAGE 5   

 241   1          {           
 242   2                      //ЫЋбиВтЪд 
 243   2              P10 = 0;
 244   2              P10 = 1; 
 245   2              delay(100);
 246   2              delay(100);
 247   2              delay(100);
 248   2              P10 = 0;
 249   2              delay(100);
 250   2              delay(100);
 251   2              delay(100);
 252   2              P10 = 1;
 253   2              delay(100); 
 254   2              delay(100);
 255   2              delay(100);       
 256   2              P10 = 0;    
 257   2              i= 5;while(i--)delay(100);
 258   2          }
 259   1      }


MODULE INFORMATION:   STATIC OVERLAYABLE
   CODE SIZE        =    298    ----
   CONSTANT SIZE    =   ----    ----
   XDATA SIZE       =   ----    ----
   PDATA SIZE       =   ----    ----
   DATA SIZE        =   ----       8
   IDATA SIZE       =   ----    ----
   BIT SIZE         =   ----    ----
END OF MODULE INFORMATION.


C51 COMPILATION COMPLETE.  0 WARNING(S),  0 ERROR(S)
