C51 COMPILER V9.59.0.0   UART                                                              06/10/2019 14:34:42 PAGE 1   


C51 COMPILER V9.59.0.0, COMPILATION OF MODULE UART
OBJECT MODULE PLACED IN .\Objects\UART.obj
COMPILER INVOKED BY: C:\Keil_v5\C51\C51\BIN\C51.EXE hareware\UART.c OPTIMIZE(8,SPEED) BROWSE INCDIR(.\hareware) DEBUG OB
                    -JECTEXTEND PRINT(.\Listings\UART.lst) OBJECT(.\Objects\UART.obj)

line level    source

   1          
   2          
   3          #include "UART.h"
   4          #include "GPIO.h"
   5          
   6          u8 num;
   7          u8 com_tx_busy, com_tx_busy1;
   8          
   9          #define UART0_VECTOR    4
  10          #define UART1_VECTOR    6
  11          ///*----------------------------
  12          //UART interrupt service routine
  13          //----------------------------*/
  14          //void UART1_isr (void) interrupt UART1_VECTOR
  15          //{
  16          //    if(RI1 == (S1CON&RI1)) //RI1
  17          //    {
  18          //        //清RI1
  19          //        S1CON &= ~RI1;
  20          //    }
  21          //    
  22          //      if(TI1 == (S1CON&TI1)) //TI1
  23          //    {
  24          //        //清TI1
  25          //        S1CON &= ~TI1;
  26          //        com_tx_busy1 = 0;
  27          //    }                 //
  28          //      
  29          //}
  30          
  31          void Uart0_Isr(void) interrupt UART0_VECTOR
  32          {
  33   1          if(RI0 == 1)     //如果接收到计算机发的数据
  34   1          {
  35   2              num = S0BUF;
  36   2              num++; 
  37   2              if(num != 0x56)
  38   2              {
  39   3                  num = 0x33;
  40   3              }
  41   2              RI0 = 0;     //清除标志位
  42   2              S0BUF = num; //把数据加1后再发送给计算机
  43   2          }
  44   1          
  45   1          if(TI0 == 1)     //如果发送完毕
  46   1          {
  47   2              TI0 = 0;     //清除标志位
  48   2              com_tx_busy = 0;
  49   2          }
  50   1      }
  51          
  52          /* ====================================================================
  53          USART0   芯片默认的分频系数为 32，与标准 51 相同。
  54              可通过 SMOD 位（详见寄存器 PCON）来选择波特率倍频
C51 COMPILER V9.59.0.0   UART                                                              06/10/2019 14:34:42 PAGE 2   

  55              ---------------------------------------------------------------
  56              模式0(同步移位模式)         波特率:Fsys/12 (倍频无效)
  57              模式1(8 位异步模式)         波特率:baudrate = 定时器溢出率/32 
  58              模式2(9 位异步模式)         波特率:
  59                                              当 SMOD＝0 时，波特率为 Fsys/64
  60                                              当 SMOD＝1 时，波特率为 Fsys/32
  61              模式3(9 位异步模式)         波特率:baudrate = 定时器溢出率/32 
  62              ---------------------------------------------------------------
  63          
  64          FSYS = 16MHz频率  UART模式1/3，时钟源-定时器1/2, 
  65          
  66          波特率: baudrate = 定时器溢出率/32 
  67          
  68          定时器计数值: Val = Fsys/32/波特率；(例：16000000/32/115200=4.34)
  69                                              (例：2*16000000/32/115200=8.68)倍频
  70          倍频： #define SMOD        0x80
  71          
  72          溢出率：f2(MHz) = 16/(65536 - T2VAL)
  73          
  74          波特率: baudrate = f2/32 
  75                                             T2波特率输出计数值     倍频                T1(256) 16/12
  76              波特率         溢出率          计数值   重载值        计数值   重载值     计数值   重载值 
  77              4800  *  32 =  0.1536（MHz）   104      65432                             8.68
  78              9600  *  32 =  0.3072（MHz）   52       65484                             4.34       
  79              14400 *  32 =  0.4608（MHz）   34.72                                      2.89
  80              19200 *  32 =  0.6144（MHz）   26       65510
  81              28800 *  32 =  0.9216（MHz）   17.36
  82              38400 *  32 =  1.2288（MHz）   13       65523
  83              56000 *  32 =  1.7920（MHz）   8.93
  84              57600 *  32 =  1.8432（MHz）   8.68
  85              115200 * 32 =  3.6864（MHz）   4.34                   8.68     65527
  86          */
  87          
  88          /* ====================================================================
  89          /* USART0  快速波特率设置(修改分频系数)
  90              由于系统时钟是固定的，要达到更准确的波特率，只能通过修改分频系数来实现
  91              通过设置 UDE=1 来使能， DNUM 的数值表示不同的分频系数，详见寄存器 UDCKS 描述。
  92              要注意的是，当 UDE=1 时， SMOD 位（PCON[7]）将不起作用。
  93              
  94          波特率: baudrate = Fsys/定时器计数值/分频系数     
  95                  分频系数 = Fsys/定时器计数值/baudrate
  96                  
  97                  定时器2      波特率       分频系数       
  98                               115200          28             16000000/115200/5=27.78        
  99          */
 100          
 101          /* ====================================================================
 102          /* USART1 
 103              模式A(9 位异步模式)
 104              模式B(8 位异步模式)
 105          
 106              波特率: BPS = Fsys/(32*(1024-S1REL))
 107          */
 108          //========================================================================
 109          // 函数: u8     USART_Configuration(u8 UARTx, COMx_InitDefine *COMx)
 110          // 描述: 串口初始化程序.
 111          // 参数: COMx: 结构参数,请参考uart.h里的定义.
 112          //       UARTx: USART0, USART1
 113          // 返回: 成功返回0, 空操作返回1,错误返回2.
 114          // 版本:
 115          //========================================================================
 116          u8 USART_Configuration(u8 UARTx, COMx_InitDefine *COMx)
C51 COMPILER V9.59.0.0   UART                                                              06/10/2019 14:34:42 PAGE 3   

 117          {
 118   1              u32     j;
 119   1          if(UARTx == USART0)
 120   1              {
 121   2      
 122   2      //              if(COMx->UART_Mode > UART_9bit_BRTx)    return 2;       //模式错误
 123   2                      if(COMx->UART_Polity == PolityHigh)             PX2 = 1;        //高优先级中断
 124   2                      else                                                                    PX2 = 0;        //低优先级中断
 125   2              
 126   2                      S0CON = (S0CON & 0x3f) | COMx->UART_Mode;            /* 串口工作模式选择 */
 127   2              
 128   2              /*==================================时钟元选择/波特率处理=================================*/
 129   2                      if((COMx->UART_Mode == UART_9bit_BRTx) ||(COMx->UART_Mode == UART_8bit_BRTx))   //可变波特率
 130   2                      {
 131   3                              if(COMx->UART_BRT_Use == BRT_Timer1)
 132   3                              {
 133   4                      /* 倍频 */
 134   4                      if(COMx->BaudRateDouble == ENABLE)      PCON |=  (1<<7);        //固定波特率SysClk/32
 135   4                      else                                                            PCON &= ~(1<<7);        //固定波特率SysClk/64
 136   4                      
 137   4                      /* 默认定时器0作为时钟源 */
 138   4                      //进入定时器配置函数设置----配置波特率
 139   4                              }
 140   3                              else if(COMx->UART_BRT_Use == BRT_Timer2)
 141   3                              {
 142   4                      if(115200 == COMx->UART_BaudRate)
 143   4                      {
 144   5                          j = 5;
 145   5                          S0CFG = 0x9C; //16000000/115200/5=27.78  
 146   5                      }
 147   4                      else
 148   4                      {
 149   5                          j = MAIN_Fosc / COMx->UART_BaudRate;        /* 计数值 溢出率 16000000/（  9600*32 ） */
 150   5                          if(COMx->BaudRateDouble == ENABLE)  { PCON |=  (1<<7); j = j/16; }  //倍频 /32
 151   5                          else                                                                { PCON &= ~(1<<7); j = j/32; }  //     /64
 152   5                      }
 153   4                      
 154   4                      if(j >= 65536UL)        return 2;       //错误
 155   4                      j = 65536UL - j;
 156   4                      
 157   4                      TR2 = 0;
 158   4                                      T2MOD = 0x00;/* 定时2中断不使能，不分频 */
 159   4                      T2CL = j;
 160   4                      T2CH = j >> 8;
 161   4                      TL2 = T2CL;
 162   4                      TH2 = T2CH;
 163   4                      TR2 = 1;    //启动定时器2
 164   4                      _nop_();
 165   4                      _nop_();
 166   4                      _nop_();
 167   4                      _nop_();
 168   4                      _nop_();
 169   4                      RCLK = 1;
 170   4                      TCLK = 1;
 171   4                              }
 172   3                              else return 2;  //错误
 173   3                      }
 174   2                      else if(COMx->UART_Mode == UART_ShiftRight)
 175   2                      {
 176   3                              //固定波特率SysClk/12 (倍频无效)
 177   3                  //2线同步,时钟Fsys/12 ; 16/12(MHz) --- 0.75us周期
 178   3                      }
C51 COMPILER V9.59.0.0   UART                                                              06/10/2019 14:34:42 PAGE 4   

 179   2                      else if(COMx->UART_Mode == UART_9bit)   //固定波特率SysClk*2^SMOD/64
 180   2                      {
 181   3                              if(COMx->BaudRateDouble == ENABLE)      PCON |=  (1<<7);        //固定波特率SysClk/32
 182   3                              else                                                            PCON &= ~(1<<7);        //固定波特率SysClk/64
 183   3                      }
 184   2              
 185   2                      /*=================================中断使能控制,IO脚设置=================================*/
 186   2                      if(COMx->UART_Interrupt == ENABLE)      EINT2 = 1;      //允许中断
 187   2                      else                                                            EINT2 = 0;      //禁止中断
 188   2                      if(COMx->UART_RxEnable == ENABLE)       REN0 = 1;       //允许接收
 189   2                      else                                                            REN0 = 0;       //禁止接收
 190   2              
 191   2              if(UART0_SW_P30_P31 == COMx->UART_P_SW)
 192   2              {
 193   3                  PnxF_Config(P30F, PnxS_Mult_Type6, PnxOPR_Disable, PnxPUS_Pullup_10k);  //UART0--RX
 194   3                  PnxF_Config(P31F, PnxS_Mult_Type6, PnxOPR_Disable, PnxPUS_Pullup_10k);  //UART0--TX
 195   3              }
 196   2              else
 197   2              {
 198   3                  PnxF_Config(P35F, PnxS_Mult_Type6, PnxOPR_Disable, PnxPUS_Pullup_10k);  //UART0--RX
 199   3                  PnxF_Config(P34F, PnxS_Mult_Type6, PnxOPR_Disable, PnxPUS_Pullup_10k);  //UART0--TX
 200   3              }
 201   2                      return  0;
 202   2          }
 203   1          
 204   1          if(UARTx == USART1)
 205   1              {
 206   2              if(COMx->UART_Mode == UART_9bit_BRTx)   //可变波特率
 207   2                      {
 208   3                  S1CON &= ~SM11;     //模式A,
 209   3              }
 210   2              
 211   2              if(COMx->UART_Mode == UART_8bit_BRTx)
 212   2              {
 213   3                  S1CON |= SM11;      //模式B,
 214   3              }
 215   2              
 216   2              //P16 RX P2
 217   2              P16F=0x04;
 218   2              //P17 TX N2
 219   2              P17F=0x04;
 220   2              // BPS = Fsys/(32*(1024-S1REL))
 221   2              // S1REL=1024-Fsys/(32*bps)
 222   2              // BPS = 9615
 223   2              S1RELL=(1024-16000000/(32*COMx->UART_BaudRate))%256;
 224   2              S1RELH=(1024-16000000/(32*COMx->UART_BaudRate))/256;
 225   2              /*=================================中断使能控制,IO脚设置=================================*/
 226   2                      if(COMx->UART_Interrupt == ENABLE)      {S1CON |= IE1; EINT4 = 1;}      //允许中断
 227   2                      else                                                            {S1CON &= ~IE1; EINT4 = 0;}     //禁止中断
 228   2                      if(COMx->UART_RxEnable == ENABLE)       S1CON |= REN1;  //允许接收
 229   2                      else                                                            S1CON &= ~REN1; //禁止接收
 230   2              
 231   2                      if(COMx->UART_Polity == PolityHigh)             PX4 = 1;        //高优先级中断
 232   2                      else                                                                    PX4 = 0;        //低优先级中断
 233   2              return  0;
 234   2          }
 235   1          
 236   1          return      1;
 237   1      }
 238          
 239          
 240          void UART_write(int8_t dat)
C51 COMPILER V9.59.0.0   UART                                                              06/10/2019 14:34:42 PAGE 5   

 241          {
 242   1          while(com_tx_busy);
 243   1          TB80 = 0;   //串口第9bit数据
 244   1          com_tx_busy = 1;
 245   1          S0BUF = dat;            //Send data to UART buffer
 246   1      }
 247          
 248          void UART_Send_String(int8_t* s)
 249          {
 250   1          while(*s != '\0')               //Check the end of the string
 251   1          {
 252   2              UART_write(*s);     //Send current char and increment string ptr
 253   2              ++s;
 254   2          }
 255   1      }
 256          
 257          void UART_write1(int8_t dat)
 258          {
 259   1          while(com_tx_busy1);
 260   1          
 261   1          com_tx_busy1 = 1;
 262   1          S1BUF = dat;            //Send data to UART buffer
 263   1      }


MODULE INFORMATION:   STATIC OVERLAYABLE
   CODE SIZE        =    713    ----
   CONSTANT SIZE    =   ----    ----
   XDATA SIZE       =   ----    ----
   PDATA SIZE       =   ----    ----
   DATA SIZE        =      3       8
   IDATA SIZE       =   ----    ----
   BIT SIZE         =   ----    ----
END OF MODULE INFORMATION.


C51 COMPILATION COMPLETE.  0 WARNING(S),  0 ERROR(S)
