C51 COMPILER V9.59.0.0   MAIN                                                              02/10/2022 11:10:18 PAGE 1   


C51 COMPILER V9.59.0.0, COMPILATION OF MODULE MAIN
OBJECT MODULE PLACED IN .\Objects\main.obj
COMPILER INVOKED BY: C:\Keil_v5\C51\BIN\C51.EXE main.c OPTIMIZE(8,SPEED) BROWSE INCDIR(..\headfile) DEBUG OBJECTEXTEND P
                    -RINT(.\Listings\main.lst) OBJECT(.\Objects\main.obj)

line level    source

   1          /*********************************************************
   2          *Copyright (C), 2020-2030, ЩюлкЧАКЃЮЌъЩжЧФмММЪѕгаЯоЙЋЫО
   3          *ЮФМўУћ:        timer3.c
   4          *зї  еп:        
   5          *Ац  БО:        
   6          *Ше  Цк:        
   7          *Уш  Ъі:        
   8          *БИ  зЂ:     
   9          **********************************************************/
  10          #include "WS51F6240.h"
  11          
  12          /* зЂ:
  13           * Timer3: ФЃЪНбЁдё
  14           *              (1).жидиФЃЪН: ЖЈЪБЦї 3 ЪЧздЖЏжидиЯђЩЯМЦЪ§ЕФЃЌдкМЦЪ§вчГіЛђДгЛњЙІФмжабЁдёжидиФЃЪНгЩ T3EX ДЅЗЂЪБЃЌНјаагВМ
             -ўздЖЏжи
  15           *                              диЃЌШэМўПЩжБНгИФаД T3L КЭ T3H ЮЊжидижЕНјааШэМўжидиЁЃ
  16           *              (2).зЅШЁФЃЪН: ЩшжУ EXCE3 КЭ CPCM3 ЮЊ 1 бЁдёзЅШЁЙІФмЁЃгЩ T3XPS бЁдё T3EX ЩЯбиЛђЯТбиДЅЗЂзЅШЁВйзїЁЃШэМўа
             -ДШыМФДцЦї
  17           *                              T2CL вВПЩвдДЅЗЂвЛДЮзЅШЁВйзїЁЃ
  18           *              (3).БШНЯКЭЪБжгЪфГі: ЩшжУCPCM3ЮЊ0бЁдёБШНЯЙІФмЁЃЕБМЦЪ§жЕTL3КЭTH3ЕФжЕКЭМФДцЦїT3CLКЭT3CHЕФжЕЯрЕШЪБЃЌВњЩњж
             -аЖЯTCF3ЁЃ
  19           *                              T3OE жУ 1 бЁдё T3I ЪфГіЪБжгКѓЃК
  20           *                              ШчЙћ CPCM3 ЮЊ 1ЃЌдђЪфГіВЈаЮМЦЪ§жЕЕШгкБШНЯжЕЪБжУ 1ЃЌдкМЦЪ§вчГіЪБЧхСуЃЛ
  21           *                              ШчЙћ CPCM3 ЮЊ 0ЃЌдђЪфГіВЈаЮжЛдкМЦЪ§вчГіЪБЗ­зЊЃЛ 
  22           *        (4).УХПиФЃЪНЃЛT3EX ЮЊгааЇЕчЦНЪБЃЌЖЈЪБЦї 3 НјааМЦЪ§ЃЌЗёдђМЦЪ§днЭЃЃЛ
  23           * Timer3: ЙмНХХфжУ
  24           *              (1).МЦЪ§ЙІФм, ЪЙгУ T3 ЪфШыЪБжгМЦЪ§, ЙмНХT3(P03)ЩшжУЮЊЪфШы(P03F = 0x81;), T3MODПЩбЁЩЯ/ЯТбиМЦЪ§         
             -      
  25           *              (2).T3EXзЅШЁЛђДЅЗЂжиди, ЙмНХT3EX(P04)ЩшжУЮЊЪфШы, T3MODПЩбЁЩЯ/ЯТбиДЅЗЂжидиЛђзЅШЁ
  26           */
  27           
  28          static void delay(int i)
  29          {
  30   1              long j;
  31   1              for(j=0;j<10*i;++j);
  32   1      }
  33          
  34          /*--------------------------- ЖЈЪБЦї3 -----------------------------*/
  35          /* T3CON */
  36          #define TF3     0X80            /* ЖЈЪБЦї 3 вчГіжаЖЯ  БъжО */
  37          #define EXF3    0X40            /* T3EX ДЅЗЂБъжО */
  38          #define CTF3    0X20            /* зЅШЁ/БШНЯжаЖЯБъжОЮЛ */
  39          unsigned char IntFlag=0;
  40          /********************* Timer3жаЖЯКЏЪ§************************/
  41          void timer3_isr (void) interrupt 7
  42          { 
  43   1          if(TF3 == (T3CON&TF3))              //вчГіжаЖЯБъжО
  44   1          {
  45   2              //[жаЖЯ
  46   2              T3CON &= ~TF3;
  47   2              P01 = ~P01;
  48   2          }
  49   1          
  50   1          if(EXF3 == (T3CON&EXF3))    //БпбижаЖЯБъжО
C51 COMPILER V9.59.0.0   MAIN                                                              02/10/2022 11:10:18 PAGE 2   

  51   1          {
  52   2              T3CON &= ~EXF3;
  53   2              P00 = ~P00;
  54   2          }
  55   1              
  56   1      }
  57          
  58          /*****************************************************
  59          *КЏЪ§УћГЦЃКvoid Timer3OverloadMode2(void)
  60          *КЏЪ§ЙІФмЃКЖЈЪБЦї3ФЃЪН2ЃКБпбиДЅЗЂжидиФЃЪН
  61          *ШыПкВЮЪ§ЃК
  62          *ГіПкВЮЪ§ЃК
  63          *****************************************************/
  64          void Timer3OverloadMode2(void)
  65          {
  66   1                      /* ЖЈЪБЦї3ФЃЪН2ЃКздЖЏжидиФЃЪН */        
  67   1                      TL3 = 0;
  68   1                      TH3 = 0;
  69   1                      T3RL = 0;       //жидижЕ  ---ВтЪд  ok
  70   1                      T3RH = 0;       
  71   1                                                      
  72   1                      T3MOD = 0X50; //БпбижаЖЯЪЙФм+жидиФЃЪН
  73   1                      T3CON = 0X04;   //ЦєЖЏФЃПщ
  74   1      }
  75          
  76          /*****************************************************
  77          *КЏЪ§УћГЦЃКvoid Timer3OverloadMode0(void)
  78          *КЏЪ§ЙІФмЃКЖЈЪБЦї3ФЃЪН0ЃКШэМўжидиФЃЪН
  79          *ШыПкВЮЪ§ЃК
  80          *ГіПкВЮЪ§ЃК
  81          *****************************************************/
  82          void Timer3OverloadMode0(void)
  83          {
  84   1                      /* ЖЈЪБЦї3ФЃЪН2ЃКжидиФЃЪН */    
  85   1                      TL3 = 0;
  86   1                      TH3 = 0;
  87   1      //              T3RL = 0;       //жидижЕЩшжУЮЊМЦТњвчГі  ---ВтЪд  ok
  88   1      //              T3RH = 0;       
  89   1                      T3RL = (65536-32768);   //жидижЕЩшжУЮЊвчГіЕФ1/2  --- ВтЪд ok
  90   1                      T3RH = (65536-32768)>>8; 
  91   1                      T3MOD = 0x80;   
  92   1                      //T3EXжидиФЃЪН, /ПЊжаЖЯЪЙФмok,/T3EXДЅЗЂжаЖЯЪЙФм,+0x20/зЅШЁБШНЯжаЖЯЪЙФм,
  93   1                      ///T3EXБпбибЁдё, +0x02/T3IБпбибЁдё, +0x01/ЪБжгЪфГіЪЙФм
  94   1                      T3CON = 0+0x04; 
  95   1                      //+0x00,+0x08,+0x10,+0x18/ЪБжгдДбЁдёok, /ЦєЖЏФЃПщ, +0x02/зЅШЁЙІФмЪЙФм, +0x01/зЅШЁ|БШНЯбЁдё
  96   1      }
  97          /**************************************************************
  98          ЫЕУїЃКгВМўжидиЃКгЩT3EXДЅЗЂжиди
  99                                  ШэМўжидиЃКжБНгИФаДT3LЁЂT3HжидижЕ
 100          ***************************************************************/
 101          void main()
 102          {
 103   1          SCCON = 0x00;//HRC
 104   1                      HRCON |= 0X80;
 105   1      
 106   1          /**************** ЙмНХХфжУ ****************/
 107   1                      P03F = 0x81;      //TI3МЦЪ§ЪфШыПк P03
 108   1                      P04F = 0x81;            //T3EXДЅЗЂНХ            P04
 109   1                      
 110   1                      P00F = 0x02;
 111   1                      P01F = 0x02;
 112   1                      P05F = 0x02;
C51 COMPILER V9.59.0.0   MAIN                                                              02/10/2022 11:10:18 PAGE 3   

 113   1                      P10F = 0x02;
 114   1              
 115   1              
 116   1                      /********** ЖЈЪБЦї3ФЃЪН2ЃКБпбижидиФЃЪН ************/
 117   1                      Timer3OverloadMode2();
 118   1                      /********** ЖЈЪБЦї3ФЃЪН0ЃКШэМўжидиФЃЪН ************/
 119   1      //              Timer3OverloadMode0();
 120   1      
 121   1                      EINT4 = 1;
 122   1          EA = 1;     
 123   1              
 124   1          while(1)
 125   1                      {               
 126   2                              P10 = 1;
 127   2                              delay(1);
 128   2                              P10 = 0;
 129   2                              
 130   2                              delay(100);
 131   2                      
 132   2                      }
 133   1      }


MODULE INFORMATION:   STATIC OVERLAYABLE
   CODE SIZE        =    193    ----
   CONSTANT SIZE    =   ----    ----
   XDATA SIZE       =   ----    ----
   PDATA SIZE       =   ----    ----
   DATA SIZE        =      1       6
   IDATA SIZE       =   ----    ----
   BIT SIZE         =   ----    ----
END OF MODULE INFORMATION.


C51 COMPILATION COMPLETE.  0 WARNING(S),  0 ERROR(S)
