C51 COMPILER V9.59.0.0   MAIN                                                              02/10/2022 14:02:51 PAGE 1   


C51 COMPILER V9.59.0.0, COMPILATION OF MODULE MAIN
OBJECT MODULE PLACED IN .\Objects\main.obj
COMPILER INVOKED BY: C:\Keil_v5\C51\BIN\C51.EXE main.c OPTIMIZE(8,SPEED) BROWSE INCDIR(..\headfile) DEBUG OBJECTEXTEND P
                    -RINT(.\Listings\main.lst) OBJECT(.\Objects\main.obj)

line level    source

   1          /*********************************************************
   2          *Copyright (C), 2020-2030, 深圳前海维晟智能技术有限公司
   3          *文件名:        中断模式0唤醒.c
   4          *作  者:        
   5          *版  本:        
   6          *日  期:        
   7          *描  述:        
   8          *备  注:     
   9          **********************************************************/
  10          
  11          #include "WS51F6240.h"
  12          #include "intrins.h"
  13          #include <stdio.h>
  14          
  15          static void delay(int i)
  16          {
  17   1              long j;
  18   1              for(j=0;j<10*i;++j);
  19   1      }
  20          static void delay_1ms(void)
  21          {
  22   1              int j;
  23   1              for(j=0;j<1700;++j);
  24   1      }
  25           
  26          void UART0_write(signed char dat)
  27          {
  28   1          S0BUF = dat;            //Send data to UART buffer
  29   1          while(!TI0);
  30   1          TI0 = 0;
  31   1      }
  32          
  33          ///重定向c库函数printf到串口，重定向后可使用printf函数
  34          char putchar(char ch)
  35          {
  36   1          /* 发送一个字节数据到串口 */
  37   1          UART0_write((signed char) ch);
  38   1              
  39   1          return ch;
  40   1      }
  41          
  42          /*****************************************************
  43          * 中断服务函数
  44          *****************************************************/
  45          void IT0_isr() interrupt 0
  46          {
  47   1              P13=~P13;
  48   1      }
  49          
  50          void IT1_isr() interrupt 2
  51          {
  52   1              P13=~P13;
  53   1      }
  54          
C51 COMPILER V9.59.0.0   MAIN                                                              02/10/2022 14:02:51 PAGE 2   

  55          
  56          void EP0_isr() interrupt 5
  57          {
  58   1          if((EPIF&0x01) == 0x01)
  59   1          {
  60   2              EPIF &= 0xFE;
  61   2                      P13=~P13;
  62   2          }
  63   1      }
  64          
  65          void EP1_isr() interrupt 6
  66          {
  67   1          if((EPIF&0x02) == 0x02)
  68   1          {
  69   2              EPIF &= 0xFD;
  70   2                      P13=~P13;
  71   2          }
  72   1      }
  73          
  74          void EP2_isr() interrupt 7
  75          {
  76   1          if((EPIF&0x04) == 0x04)
  77   1          {
  78   2              EPIF &= 0xFB;
  79   2                      P13=~P13;
  80   2          }
  81   1      }
  82          
  83          void EP3_isr() interrupt 8
  84          {
  85   1          if((EPIF&0x08) == 0x08)
  86   1          {
  87   2              EPIF &= 0xF7;
  88   2                      P13=~P13;
  89   2          }
  90   1      }
  91          
  92          
  93          /************ 中断管脚配置值 ***********/
  94          #define IT_PIN_P00  0X00
  95          #define IT_PIN_P01  0X01
  96          
  97          #define IT_PIN_P10  0X08
  98          #define IT_PIN_P11  0X09
  99          #define IT_PIN_P12  0X0A
 100          #define IT_PIN_P13  0X0b
 101          #define IT_PIN_P14  0X0c
 102          #define IT_PIN_P15  0X0d
 103          #define IT_PIN_P16  0X0e
 104          #define IT_PIN_P17  0X0f
 105          
 106          #define IT_PIN_P30  0X18
 107          #define IT_PIN_P31  0X19
 108          #define IT_PIN_P32  0X1A
 109          #define IT_PIN_P33  0X1b
 110          #define IT_PIN_P34  0X1c
 111          #define IT_PIN_P35  0X1D
 112          #define IT_PIN_P36  0X1e
 113          #define IT_PIN_P37  0X1f
 114          
 115          #define INT_PIN IT_PIN_P11 //P00-P01;P10-P17;P30-P37
 116          
C51 COMPILER V9.59.0.0   MAIN                                                              02/10/2022 14:02:51 PAGE 3   

 117          
 118          /*****************************************************
 119          *函数名称：void Int0SetMode0(void)
 120          *函数功能：INT0 中断模式0
 121          *入口参数：
 122          *出口参数：
 123          *****************************************************/
 124          void Int0SetMode0(void)
 125          {
 126   1              /*********** INT0 中断模式0 **********/
 127   1      //      IT0CON=0X00|INT_PIN;    //00 Pin---下降沿 ---低电平
 128   1      //      IT0CON=0X40|INT_PIN;    //10 Pin---上沿   ---高电平
 129   1      //      IT0CON=0X80|INT_PIN;    //01 Pin---双沿   ---保留（低电平）、
 130   1              IT0CON=0XC0|INT_PIN;    //01 Pin---双沿   ---保留（低电平）、
 131   1      //      TCON=3;//使能外部中断 0 在输入管脚下降沿时触发
 132   1              TCON=2;//使能外部中断 0 在输入管脚低电平时触发
 133   1      }
 134          
 135          /*****************************************************
 136          *函数名称：void Int1SetMode0(void)
 137          *函数功能：INT1 中断模式0
 138          *入口参数：
 139          *出口参数：
 140          *****************************************************/
 141          void Int1SetMode0(void)
 142          {
 143   1              /*********** INT1 中断模式0 **********/
 144   1      //      IT1CON=0X00|INT_PIN;    //00 Pin---下降沿---
 145   1      //      IT1CON=0X40|INT_PIN;    //10 Pin---上沿  ---
 146   1      //      IT1CON=0X80|INT_PIN;    //01 Pin---保留（低电平）、---双沿---
 147   1              IT1CON=0XC0|INT_PIN;    //01 Pin---保留（低电平）、---双沿---
 148   1      //      TCON=0x0c;//外部中断 1 在输入管脚下降沿时触发
 149   1          TCON=0x08;//外部中断 1 在输入管脚低电平时触发
 150   1      }
 151          
 152          
 153          /*****************************************************
 154          *函数名称：void Int2SetMode0(void)
 155          *函数功能：INT2 中断模式0
 156          *入口参数：
 157          *出口参数：
 158          *****************************************************/
 159          void Int2SetMode0(void)
 160          {
 161   1              /*********** INT2(EP0) 中断模式0 **********/
 162   1              EP0CON=0X00|INT_PIN;    //00 Pin---下降沿---
 163   1      //      EP0CON=0X40|INT_PIN;    //10 Pin---上沿  ---
 164   1      //      EP0CON=0X80|INT_PIN;    //01 Pin---双沿---
 165   1      //      EP0CON=0XC0|INT_PIN;    //01 Pin---双沿---
 166   1      }
 167          
 168          /*****************************************************
 169          *函数名称：void Int3SetMode0(void)
 170          *函数功能：INT3 中断模式0
 171          *入口参数：
 172          *出口参数：
 173          *****************************************************/
 174          void Int3SetMode0(void)
 175          {
 176   1              /*********** INT3(EP1) 中断模式0 **********/
 177   1              EP1CON=0X00|INT_PIN;    //00 Pin---下降沿---
 178   1      //      EP1CON=0X40|INT_PIN;    //10 Pin---上沿  ---
C51 COMPILER V9.59.0.0   MAIN                                                              02/10/2022 14:02:51 PAGE 4   

 179   1      //      EP1CON=0X80|INT_PIN;    //01 Pin---双沿---
 180   1      //      EP1CON=0XC0|INT_PIN;    //01 Pin---双沿---
 181   1      }
 182          
 183          /*****************************************************
 184          *函数名称：void Int4SetMode0(void)
 185          *函数功能：INT4 中断模式0
 186          *入口参数：
 187          *出口参数：
 188          *****************************************************/
 189          void Int4SetMode0(void)
 190          {
 191   1              /*********** INT4(EP2) 中断模式0 **********/
 192   1              EP2CON=0X00|INT_PIN;    //00 Pin---下降沿---
 193   1      //      EP2CON=0X40|INT_PIN;    //10 Pin---上沿  ---
 194   1      //      EP2CON=0X80|INT_PIN;    //01 Pin---双沿---
 195   1      //      EP2CON=0XC0|INT_PIN;    //01 Pin---双沿---
 196   1      }
 197          
 198          
 199          /*****************************************************
 200          *函数名称：void Int5SetMode0(void)
 201          *函数功能：INT5 中断模式0
 202          *入口参数：
 203          *出口参数：
 204          *****************************************************/
 205          void Int5SetMode0(void)
 206          {
 207   1              /*********** INT5(EP3) 中断模式0 **********/
 208   1              EP3CON=0X00|INT_PIN;    //00 Pin---下降沿---
 209   1      //      EP3CON=0X40|INT_PIN;    //10 Pin---上沿  ---
 210   1      //      EP3CON=0X80|INT_PIN;    //01 Pin---双沿---
 211   1      //      EP3CON=0XC0|INT_PIN;    //01 Pin---双沿---
 212   1      }
 213          
 214          /*****************************************************
 215          *函数名称：void Uart0Mode1(void)
 216          *函数功能：9600波特率
 217          *入口参数：
 218          *出口参数：
 219          *****************************************************/
 220          void Uart0Mode1(void)
 221          {
 222   1          /*************** UART0 模式1（波特率：9600）****************/
 223   1          SM00 = 0;
 224   1          SM10 = 1;
 225   1          REN0 = 0;    //串行接收使能位
 226   1          RI0 = 0;     //接收中断标志
 227   1          TI0 = 0;     //发送中断标志
 228   1          
 229   1              //TIMER2 作为uart0的波特率时钟源
 230   1          TR2 = 0;
 231   1          T2MOD = 0x00;/* 定时2中断不使能，不分频 */
 232   1          T2CL = 65536 - 52;
 233   1          T2CH = 65536 - 52 >> 8;
 234   1          TL2 = T2CL;
 235   1          TH2 = T2CH;
 236   1          TR2 = 1;    //启动定时器2
 237   1          RCLK = 1;
 238   1          TCLK = 1;   
 239   1      }
 240          
C51 COMPILER V9.59.0.0   MAIN                                                              02/10/2022 14:02:51 PAGE 5   

 241          /**************************************************************
 242          功能说明：
 243          1、测试外部中断012345（模式0）
 244          2、外部中断引脚和触发方式通过寄存器 (IT0CON/IT1CON/EPnCON) 选择
 245          3、P10推挽输出，翻转电平；
 246          4、接线：P10接外部中断引脚触发唤醒
 247          ***************************************************************/
 248          void main()
 249          {
 250   1          int i;  
 251   1          SCCON = 0x00;//HRC
 252   1              HRCON |= 0X80;
 253   1              LRCON |= 0X80;
 254   1              
 255   1                /*************************管脚配置**********************/
 256   1                P11F = 0X81;
 257   1                P10F = 0X02;          //推挽输出，翻转IO
 258   1                P12F = 0X02;
 259   1                P13F = 0X02;          //推挽输出，中断翻转IO
 260   1                P06F = 6;           //TX
 261   1              
 262   1          
 263   1          /************************* 串口选择**********************/
 264   1          Uart0Mode1();       //
 265   1          printf("RUN------\r\n");
 266   1              
 267   1                /************************* 模式选择**********************/
 268   1              
 269   1                /********** 中断0模式0 **********/
 270   1                Int0SetMode0();
 271   1                /********** 中断1模式0 **********/
 272   1      //      Int1SetMode0();
 273   1                /********** 中断2(EP0)模式0 **********/
 274   1      //      Int2SetMode0();
 275   1                /********** 中断3(EP1)模式0 **********/
 276   1      //      Int3SetMode0();
 277   1                /********** 中断4(EP2)模式0 **********/
 278   1      //      Int4SetMode0();
 279   1                /********** 中断5(EP3)模式0 **********/
 280   1      //      Int5SetMode0();
 281   1                /*********** EP0~EP3 中断使能 ***********/
 282   1        EPIE = 0X0f;  //EP3~EP0: 3~0
 283   1                      
 284   1              
 285   1                EINT5 = 1;            /* EP3 中断使能控制位，用于 ADC/SPI/SCM/EP3 中断 */
 286   1                EINT4 = 1;            /* EP2 使能控制位，用于 UART1/Timer3/EP2 中断 */
 287   1                EINT3 = 1;            /* EP1 用于 Touch Key/WDT/LVD/WKT/EP1 中断 */
 288   1                EINT2 = 1;            /* EP0 用于 IIC/Timer2/PWM/EP0 中断 */                  
 289   1                EINT1 = 1;            /* INT1 中断 1 使能控制位（中断 1 用于外部中断 1） */
 290   1                EINT0 = 1;            /* INT0 使能控制位（中断 0 用于外部中断 0） */
 291   1                IE|=0x80;//总中断使能
 292   1      
 293   1      
 294   1      while(1)
 295   1          {   
 296   2                      /*********************** 外部中断唤醒测试 ***********************/
 297   2                      if((IDLFL == 0) && (IDLFH == 0))
 298   2      //              if(STPF == 0)
 299   2              {
 300   3                              printf("sleep\r\n");
 301   3                  P12=~P12;
 302   3                              _nop_();
C51 COMPILER V9.59.0.0   MAIN                                                              02/10/2022 14:02:51 PAGE 6   

 303   3                              _nop_();
 304   3                  P12=~P12;
 305   3                              
 306   3                              HRCON &= 0x7f;
 307   3                              LRCON &= 0x7f;                  
 308   3                              MECON |= 0X80;  //IDLE/STOP 模式下，Flash 进入睡眠模式
 309   3      
 310   3                              
 311   3                              /*************** 芯片进入休眠 **************/
 312   3                PCON = 0X01;    //芯片进入 IDLE 模式
 313   3      //          PCON = 0X02;    //芯片进入 STOP 模式
 314   3                              _nop_();
 315   3                              _nop_();
 316   3                              _nop_();
 317   3                              _nop_();
 318   3                              _nop_();
 319   3                              //等待唤醒
 320   3                  printf("IDLFL=%bx,IDLFH=%bx,STPF=%bx\r\n",IDLFL,IDLFH,STPF);        
 321   3              }
 322   2          }
 323   1      }
*** WARNING C280 IN LINE 250 OF main.c: 'i': unreferenced local variable
 324          
 325              
 326           
 327              
 328             
 329              
 330          
 331          
 332          
 333          


MODULE INFORMATION:   STATIC OVERLAYABLE
   CODE SIZE        =    374    ----
   CONSTANT SIZE    =     51    ----
   XDATA SIZE       =   ----    ----
   PDATA SIZE       =   ----    ----
   DATA SIZE        =   ----       8
   IDATA SIZE       =   ----    ----
   BIT SIZE         =   ----    ----
END OF MODULE INFORMATION.


C51 COMPILATION COMPLETE.  1 WARNING(S),  0 ERROR(S)
