C51 COMPILER V9.59.0.0   MAIN                                                              02/10/2022 11:02:29 PAGE 1   


C51 COMPILER V9.59.0.0, COMPILATION OF MODULE MAIN
OBJECT MODULE PLACED IN .\Objects\main.obj
COMPILER INVOKED BY: C:\Keil_v5\C51\BIN\C51.EXE main.c OPTIMIZE(8,SPEED) BROWSE INCDIR(..\headfile) DEBUG OBJECTEXTEND P
                    -RINT(.\Listings\main.lst) OBJECT(.\Objects\main.obj)

line level    source

   1          /*********************************************************
   2          *Copyright (C), 2020-2030, ЩюлкЧАКЃЮЌъЩжЧФмММЪѕгаЯоЙЋЫО
   3          *ЮФМўУћ:        timer3.c
   4          *зї  еп:        
   5          *Ац  БО:        
   6          *Ше  Цк:        
   7          *Уш  Ъі:        
   8          *БИ  зЂ:     
   9          **********************************************************/
  10          #include "WS51F6240.h"
  11          
  12          /* зЂ:
  13           * Timer3: ФЃЪНбЁдё
  14           *              (1).жидиФЃЪН: ЖЈЪБЦї 3 ЪЧздЖЏжидиЯђЩЯМЦЪ§ЕФЃЌдкМЦЪ§вчГіЛђДгЛњЙІФмжабЁдёжидиФЃЪНгЩ T3EX ДЅЗЂЪБЃЌНјаагВМ
             -ўздЖЏжи
  15           *                              диЃЌШэМўПЩжБНгИФаД T3L КЭ T3H ЮЊжидижЕНјааШэМўжидиЁЃ
  16           *              (2).зЅШЁФЃЪН: ЩшжУ EXCE3 КЭ CPCM3 ЮЊ 1 бЁдёзЅШЁЙІФмЁЃгЩ T3XPS бЁдё T3EX ЩЯбиЛђЯТбиДЅЗЂзЅШЁВйзїЁЃШэМўа
             -ДШыМФДцЦї
  17           *                              T2CL вВПЩвдДЅЗЂвЛДЮзЅШЁВйзїЁЃ
  18           *              (3).БШНЯКЭЪБжгЪфГі: ЩшжУCPCM3ЮЊ0бЁдёБШНЯЙІФмЁЃЕБМЦЪ§жЕTL3КЭTH3ЕФжЕКЭМФДцЦїT3CLКЭT3CHЕФжЕЯрЕШЪБЃЌВњЩњж
             -аЖЯTCF3ЁЃ
  19           *                              T3OE жУ 1 бЁдё T3I ЪфГіЪБжгКѓЃК
  20           *                              ШчЙћ CPCM3 ЮЊ 1ЃЌдђЪфГіВЈаЮМЦЪ§жЕЕШгкБШНЯжЕЪБжУ 1ЃЌдкМЦЪ§вчГіЪБЧхСуЃЛ
  21           *                              ШчЙћ CPCM3 ЮЊ 0ЃЌдђЪфГіВЈаЮжЛдкМЦЪ§вчГіЪБЗ­зЊЃЛ 
  22           *        (4).УХПиФЃЪНЃЛT3EX ЮЊгааЇЕчЦНЪБЃЌЖЈЪБЦї 3 НјааМЦЪ§ЃЌЗёдђМЦЪ§днЭЃЃЛ
  23           * Timer3: ЙмНХХфжУ
  24           *              (1).МЦЪ§ЙІФм, ЪЙгУ T3 ЪфШыЪБжгМЦЪ§, ЙмНХT3(P03)ЩшжУЮЊЪфШы(P03F = 0x81;), T3MODПЩбЁЩЯ/ЯТбиМЦЪ§         
             -      
  25           *              (2).T3EXзЅШЁЛђДЅЗЂжиди, ЙмНХT3EX(P04)ЩшжУЮЊЪфШы, T3MODПЩбЁЩЯ/ЯТбиДЅЗЂжидиЛђзЅШЁ
  26           */
  27           
  28          static void delay(int i)
  29          {
  30   1              long j;
  31   1              for(j=0;j<10*i;++j);
  32   1      }
  33          
  34          /*--------------------------- ЖЈЪБЦї3 -----------------------------*/
  35          /* T3CON */
  36          #define TF3     0X80            /* ЖЈЪБЦї 3 вчГіжаЖЯ  БъжО */
  37          #define EXF3    0X40            /* T3EX ДЅЗЂБъжО */
  38          #define TCF3    0X20            /* зЅШЁ/БШНЯжаЖЯБъжОЮЛ */
  39          
  40          
  41          #define IOF_TI3         P03F
  42          #define IOF_T3EX        P04F
  43          #define IO_TI3          P03
  44          #define IO_T3EX         P04
  45          
  46          unsigned char IntFlag=0;
  47           /********************* Timer3жаЖЯКЏЪ§************************/
  48          void timer3_isr (void) interrupt 7
  49          { 
  50   1          if(TF3 == (T3CON&TF3))      //вчГіжаЖЯБъжО
C51 COMPILER V9.59.0.0   MAIN                                                              02/10/2022 11:02:29 PAGE 2   

  51   1          {
  52   2              //[жаЖЯ
  53   2              T3CON &= ~TF3;
  54   2              P00 = ~P00;
  55   2          }   
  56   1          if(TCF3 == (T3CON&TCF3))    //зЅШЁ/БШНЯжаЖЯБъжОЮЛ
  57   1          {
  58   2              T3CON &= ~TCF3;
  59   2      //              TL3 = 0;
  60   2      //              TH3 = 0;
  61   2              P02 = ~P02;
  62   2          }
  63   1      }
  64          
  65          /*****************************************************
  66          *КЏЪ§УћГЦЃКvoid Timer3OutT(void)
  67          *КЏЪ§ЙІФмЃКЪБжгЪфГіФЃЪН
  68          *ШыПкВЮЪ§ЃК
  69          *ГіПкВЮЪ§ЃК
  70          *****************************************************/
  71          void Timer3OutT(void)
  72          {
  73   1      /* ЖЈЪБЦї3ФЃЪН0ЃКздЖЏжидиМЦЪ§ T3XM(4-3) = 00*/
  74   1                      TL3 = 0;
  75   1                      TH3 = 0;
  76   1      //              TL3 = (65536-16000);    //жидижЕ  ---ВтЪд  ok
  77   1      //              TH3 = (65536-16000)>>8; //1MS
  78   1      //              T3CL = (65536-16000);  //БШНЯжЕ
  79   1      //              T3CH = (65536-16000)>>8;
  80   1                      T3CL = (65536-30000);   
  81   1                      T3CH = (65536-30000)>>8;        //БШНЯЪфГіжЕ 1.875MS
  82   1                      
  83   1                      T3MOD = 0x00+0x80+0x20+0x01;    
  84   1                      //здЖЏжидиФЃЪН, /ПЊжаЖЯЪЙФмok,+0x40/T3EXДЅЗЂжаЖЯЪЙФм,/зЅШЁБШНЯжаЖЯЪЙФм,
  85   1                      //+0x04/T3EXБпбибЁдё, +0x02/T3IБпбибЁдё, /ЪБжгЪфГіЪЙФм                  
  86   1                      T3CON = 0+0x04+0x01;    
  87   1                      //+0x00,+0x08,+0x10,+0x18/ЪБжгдДбЁдёok, /ЦєЖЏФЃПщ, +0x02/зЅШЁЙІФмЪЙФм, /БШНЯ|зЅШЁбЁдё(CPCM3)
  88   1                      //ШчЙћ CPCM3 ЮЊ 1ЃЌдђЪфГіВЈаЮМЦЪ§жЕЕШгкБШНЯжЕЪБжУ 1ЃЌдкМЦЪ§вчГіЪБЧхСуЃЛ
  89   1                      //ШчЙћ CPCM3 ЮЊ 0ЃЌдђЪфГіВЈаЮжЛдкМЦЪ§вчГіЪБЗ­зЊЃЛ
  90   1      }
  91          //-----------------------------------------------
  92          void main()
  93          {
  94   1                      SCCON = 0x00;//HRC
  95   1                      HRCON |= 0X80;
  96   1              
  97   1          /**************** ЙмНХХфжУ ****************/
  98   1                      IOF_TI3  = 0x02;        //TI3ЪБжгЪфГі   P03
  99   1                      IOF_T3EX = 0x81;          //T3EXДЅЗЂНХ  P04
 100   1              
 101   1                      P00F = 0x02;
 102   1                      P01F = 0x02;
 103   1                      P02F = 0x02;
 104   1                      
 105   1              
 106   1                      /************ ЖЈЪБЦї3ЃКЪБжгЪфГіФЃЪН ************/
 107   1                      Timer3OutT();
 108   1      
 109   1                      EINT4 = 1;
 110   1                      EA = 1; 
 111   1              
 112   1          while(1);
C51 COMPILER V9.59.0.0   MAIN                                                              02/10/2022 11:02:29 PAGE 3   

 113   1      }


MODULE INFORMATION:   STATIC OVERLAYABLE
   CODE SIZE        =    156    ----
   CONSTANT SIZE    =   ----    ----
   XDATA SIZE       =   ----    ----
   PDATA SIZE       =   ----    ----
   DATA SIZE        =      1       6
   IDATA SIZE       =   ----    ----
   BIT SIZE         =   ----    ----
END OF MODULE INFORMATION.


C51 COMPILATION COMPLETE.  0 WARNING(S),  0 ERROR(S)
