C51 COMPILER V9.59.0.0   MAIN                                                              07/26/2021 16:10:46 PAGE 1   


C51 COMPILER V9.59.0.0, COMPILATION OF MODULE MAIN
OBJECT MODULE PLACED IN .\Objects\main.obj
COMPILER INVOKED BY: C:\Keil_v5\C51\BIN\C51.EXE main.c OPTIMIZE(8,SPEED) BROWSE INCDIR(..\headfile) DEBUG OBJECTEXTEND P
                    -RINT(.\Listings\main.lst) OBJECT(.\Objects\main.obj)

line level    source

   1          
   2          #include "WS51F6240.h"
   3          #include <stdio.h>
   4          
   5          static void delay_1ms(void)
   6          {
   7   1              int j;
   8   1              for(j=0;j<1700;++j);
   9   1      }
  10          
  11          static void delay(int i)
  12          {
  13   1              long j;
  14   1              for(j=0;j<10*i;++j);
  15   1      }
  16          
  17          /*****************************************************
  18          *函数名称：void Uart1Mode1(void)
  19          *函数功能：9600波特率
  20          *入口参数：波特率公式: Fsys/(32*(1024-S1REL))
  21          *出口参数：
  22          *****************************************************/
  23          void Uart1Mode1(void)
  24          {
  25   1              S1CON = 0x80;   ///8位异步模式(1), +0x10/中断使能, +0x20/多机通信使能位, +0x40/串行接收使能位
  26   1              S1RELL = 972;
  27   1              S1RELH = 972>>8;        //9600
  28   1      //      S1RELL = 1020;
  29   1      //      S1RELH = 1020>>8;       //115200
  30   1      }
  31          
  32          void UART1_write(signed char dat)
  33          {
  34   1          S1BUF = dat;            //Send data to UART buffer
  35   1          while(TI1 != (S1CON&TI1));
  36   1          //清TI1
  37   1          S1CON &= ~TI1;
  38   1      }
  39          
  40          ///重定向c库函数printf到串口，重定向后可使用printf函数
  41          char putchar(char ch)
  42          {
  43   1          /* 发送一个字节数据到串口 */
  44   1          UART1_write((signed char) ch);
  45   1              
  46   1          return ch;
  47   1      }
  48          
  49          //=========================================================
  50          /* SPI接口 寄存器SPCON (A5H) 不可位寻址 */
  51          #define SPEN    0x80       /* SPI 模块使能位 */
  52          #define LSBF    0x40       /* 高低位优先          0: 高位先发 */
  53          #define SSIG    0x20       /* SPI_CS 引脚无效控制位，默认为 0，此时 SPI_CS 信号有效 */
  54          #define MSTR    0x10       /* 主机/从机选择位 0：从机 */
C51 COMPILER V9.59.0.0   MAIN                                                              07/26/2021 16:10:46 PAGE 2   

  55          #define CPOL    0x08       /* 时钟极性选择位  0: 默认情况下时钟为低 */
  56          #define CPHA    0x04       /* 时钟相位选择位  0: 第一个边沿 */
  57          #define CKOS    0x00       /* SPI 输出时钟选择位(0123) */
  58          
  59          /*****************************************************
  60          *函数名称：void SPI_Init(void)
  61          *函数功能：SPI_FLASH初始化 作为从机
  62          *入口参数：
  63          *出口参数：
  64          *****************************************************/
  65          void SPI_Init(void)
  66          {       
  67   1              /* SPI 模式配置 */
  68   1              // FLASH芯片 支持SPI模式0及模式3，据此设置CPOL CPHA
  69   1          SPCON=SPEN+CPOL+CKOS+SSIG;//
  70   1              // 使能、+LSBF/高低位优先、/SPI_CS、+MSTR从主模式、/极性、+CPHA/相位、/输出时钟
  71   1                      SPFLG = 0+0x80; ///中断使能位, +0x40/单数据线模式选择位
  72   1      }
  73          
  74          /**
  75          * @brief  使用SPI发送一个字节的数据
  76          * @param  byte：要发送的数据
  77          * @retval 返回接收到的数据
  78          */
  79          u8 SPI_SendByte(u8 byte)
  80          {
  81   1                      u8 rDat0;
  82   1        
  83   1              /* 写入数据寄存器，把要写入的数据写入发送缓冲区 */
  84   1          while((SPFLG & 0x04) == 0x04);//写入冲突标志位
  85   1          SPDAT = byte;
  86   1      
  87   1          //transfer finish
  88   1          while((SPFLG & 0x01) == 0); 
  89   1          SPFLG &= 0xfe;
  90   1          
  91   1              /* 读取数据寄存器，获取接收缓冲区数据 */
  92   1          rDat0 = SPDAT;
  93   1                      return rDat0;
  94   1      }
  95          
  96          /**
  97          * @brief  使用SPI读取一个字节的数据
  98          * @param  无
  99          * @retval 返回接收到的数据
 100          */
 101          u8 SPI_ReadByte(void)
 102          {
 103   1        return (SPI_SendByte(0xFF));
 104   1      }
 105          
 106          
 107          
 108          #define SLAVE_RX_NUM 10
 109          u8 rDat[SLAVE_RX_NUM], rx_ok=0;
 110          void spi_irs(void) interrupt 8
 111          {
 112   1              static u8 sDat=0,i=0;
 113   1              
 114   1      //      P17 = ~P17;
 115   1              
 116   1              // 数据传输完成标志位
C51 COMPILER V9.59.0.0   MAIN                                                              07/26/2021 16:10:46 PAGE 3   

 117   1              if(0x01 == (SPFLG & 0x01))
 118   1              {
 119   2                      SPFLG &= 0xfe;
 120   2                      
 121   2                      /* 读取数据寄存器，获取接收缓冲区数据 */
 122   2                      rDat[i] = SPDAT;
 123   2                      i++;
 124   2                      if(i>=SLAVE_RX_NUM)
 125   2                      {
 126   3                              i=0;
 127   3                              rx_ok=1;
 128   3                      }
 129   2                      
 130   2                      /**************** 填写准备发送数据 ******************/
 131   2                      sDat++;
 132   2                      SPDAT = sDat;
 133   2                      /* 写入数据寄存器，把要写入的数据写入发送缓冲区 */
 134   2                      while((SPFLG & 0x04) == 0x04);//写入冲突标志位
 135   2                      
 136   2              }
 137   1      }
 138          
 139          /**************************************************************
 140          说明：从机接收到 3 , 发送数据 i
 141          ***************************************************************/
 142          void main()
 143          {
 144   1          unsigned char i;
 145   1          SCCON = 0x00;//HRC
 146   1                      HRCON |= 0x80;
 147   1                      delay_1ms();
 148   1              
 149   1              
 150   1          /*************** UART1 模式1（波特率：9600）****************/
 151   1      
 152   1                      Uart1Mode1();   
 153   1          printf("RUN------\r\n");
 154   1      
 155   1          
 156   1          /*********************** 管脚配置 *************************/        
 157   1                      P15F = 0x05;  //CS----R2
 158   1                      P00F = 0x05;  //MOSI--Y1
 159   1                      P01F = 0x05;  //MISO--W1
 160   1                      P10F = 0x05;  //SCK---Y2
 161   1              
 162   1      //              P17F = 2;                               //用于查看中断标志，翻转IO
 163   1              
 164   1      //      P02F=6;//UART1_RX
 165   1                      P16F=6;//UART1_TX
 166   1      
 167   1          /********************* SPI_FLASH_Init *********************/        
 168   1                      SPI_Init();
 169   1              
 170   1          /********************** 中断使能 **************************/
 171   1                      EINT5 = 1;              /* INT5 中断使能控制位，用于 ADC/SPI/SCM/EP3 中断 */
 172   1                      EA=1;
 173   1      
 174   1                      for(i=0;i<SLAVE_RX_NUM;i++)
 175   1                      {
 176   2                              rDat[i]=0;      //清数组
 177   2                      }       
 178   1              
C51 COMPILER V9.59.0.0   MAIN                                                              07/26/2021 16:10:46 PAGE 4   

 179   1              while(1)
 180   1              {       
 181   2                      if(rx_ok == 1)
 182   2                      {
 183   3                              rx_ok = 0;
 184   3                              printf("\r\nslaver r: ");
 185   3                              for(i=0;i<SLAVE_RX_NUM;i++)
 186   3                              {
 187   4                                      printf("%2bx ",rDat[i]);
 188   4                              }
 189   3                      }
 190   2                      
 191   2              }
 192   1      
 193   1      }
 194          
 195              
 196           
 197              
 198             
 199              
 200          
 201          
 202          
 203          


MODULE INFORMATION:   STATIC OVERLAYABLE
   CODE SIZE        =    342    ----
   CONSTANT SIZE    =     31    ----
   XDATA SIZE       =   ----    ----
   PDATA SIZE       =   ----    ----
   DATA SIZE        =     13       7
   IDATA SIZE       =   ----    ----
   BIT SIZE         =   ----    ----
END OF MODULE INFORMATION.


C51 COMPILATION COMPLETE.  0 WARNING(S),  0 ERROR(S)
