C51 COMPILER V9.59.0.0   MAIN                                                              07/14/2022 10:06:13 PAGE 1   


C51 COMPILER V9.59.0.0, COMPILATION OF MODULE MAIN
OBJECT MODULE PLACED IN .\Objects\main.obj
COMPILER INVOKED BY: C:\Keil_v5\C51\BIN\C51.EXE main.c OPTIMIZE(8,SPEED) BROWSE INCDIR(..\headfile) DEBUG OBJECTEXTEND P
                    -RINT(.\Listings\main.lst) OBJECT(.\Objects\main.obj)

line level    source

   1          /*********************************************************
   2          *Copyright (C), 2020-2030, ЩюлкЧАКЃЮЌъЩжЧФмММЪѕгаЯоЙЋЫО
   3          *ЮФМўУћ:        op.c
   4          *зї  еп:        
   5          *Ац  БО:        
   6          *Ше  Цк:        
   7          *Уш  Ъі:        
   8          *БИ  зЂ:     
   9          **********************************************************/
  10          #include "WS51F6240.h"
  11          #include "intrins.h"
  12          #include <stdio.h>
  13          
  14          unsigned int i ;
  15          unsigned char dat0;
  16          unsigned char Rx_flag=0;
  17          static void delay_1ms(void)
  18          {
  19   1              int j;
  20   1              for(j=0;j<1700;++j);
  21   1      }
  22          
  23          static void delay_10ms(void)
  24          {
  25   1              int j;
  26   1              for(j=0;j<17700;++j);
  27   1      }
  28          
  29          void Uart1_Isr() interrupt 7
  30          {
  31   1          if(RI1 == (S1CON&RI1))     //ШчЙћНгЪеЕНМЦЫуЛњЗЂЕФЪ§Он
  32   1          {
  33   2              S1CON &= ~RI1;     //ЧхГ§БъжОЮЛ
  34   2                      dat0 = S1BUF;
  35   2                      Rx_flag = 1;
  36   2          }
  37   1      }
  38          
  39          void UART1_write(signed char dat)
  40          {
  41   1          S1BUF = dat;            //Send data to UART buffer
  42   1          while(TI1 != (S1CON&TI1));
  43   1          //ЧхTI1
  44   1          S1CON &= ~TI1;
  45   1      }
  46          
  47          ///жиЖЈЯђcПтКЏЪ§printfЕНДЎПкЃЌжиЖЈЯђКѓПЩЪЙгУprintfКЏЪ§
  48          char putchar(char ch)
  49          {
  50   1          /* ЗЂЫЭвЛИізжНкЪ§ОнЕНДЎПк */
  51   1          UART1_write((signed char) ch);
  52   1              
  53   1          return ch;
  54   1      }
C51 COMPILER V9.59.0.0   MAIN                                                              07/14/2022 10:06:13 PAGE 2   

  55          /*****************************************************
  56          *КЏЪ§УћГЦЃКvoid Uart1Mode1(void)
  57          *КЏЪ§ЙІФмЃК9600ВЈЬиТЪ
  58          *ШыПкВЮЪ§ЃК
  59          *ГіПкВЮЪ§ЃК
  60          *****************************************************/
  61          void Uart1Mode1(void)
  62          {
  63   1              S1CON = 0x80;   ///8ЮЛвьВНФЃЪН(1), +0x10/жаЖЯЪЙФм, +0x20/ЖрЛњЭЈаХЪЙФмЮЛ, +0x40/ДЎааНгЪеЪЙФмЮЛ
  64   1              S1RELL = 972;
  65   1              S1RELH = 972>>8;
  66   1      }
  67          
  68          #define SECTOR_SIZE 128
  69          
  70          #define NVR12_START_ADDR 0X580  //ЩШЧјЪзЕижЗ
  71          #define NVR13_START_ADDR 0X600  
  72          #define NVR14_START_ADDR 0X680  
  73          #define NVR15_START_ADDR 0X700  
  74          #define NVR16_START_ADDR 0X780  
  75          
  76          //OPаоЕїВЮЪ§ЕижЗ
  77          //вбО­ЫјСЫЕФаОЦЌЃЌКѓЦкOPаЃзМ
  78          #define OP_ENABLE_ADDR_NVR13             0x637 //ЭљДЫЕижЗаД0xaaБъжОвдЯТСНИіжЕгааЇ
  79          #define OP_NMOS_VAL_ADDR_NVR13     0x638 //OP_NMOSЕФаЃе§жЕ
  80          #define OP_PMOS_VAL_ADDR_NVR13     0x639 //OP_PMOSЕФаЃе§жЕ
  81          //ГЩВтГЇOPаЃзМЕФЕижЗ
  82          #define OP_ENABLE_ADDR_NVR15             0x70F //ЭљДЫЕижЗаД0xaaБъжОвдЯТСНИіжЕгааЇ
  83          #define OP_NMOS_VAL_ADDR_NVR15     0x710 //OP_NMOSЕФаЃе§жЕ
  84          #define OP_PMOS_VAL_ADDR_NVR15     0x711 //OP_PMOSЕФаЃе§жЕ
  85          
  86          //аоЕїжЕаДШы OPNPSЮЊ0ЪБаДШыNMOSаоЕїжЕЃЌЮЊ1ЪБаДШыPMOSаоЕїжЕ
  87          
  88          
  89          
  90          #define NVR_UNLOCK 0X78
  91          //#define NVR_WRITE 0X86
  92          #define NVR_WRITE 0X82
  93          //#define NVR_ERASE 0X87
  94          #define NVR_ERASE 0X83
  95          #define FLASH_ERASE_UN-MASK 0X04
  96          //#define BANDGAP_TRIMMING_ENABLE 0x100
  97          //#define BANDGAP_TRIMMING_AUTOLOAD_VALUE 0x101
  98          #define NVR_LOCK 0X87
  99          #define NVR_READ 0X81
 100          //#define NVR_READ 0X85
 101          
 102          
 103          unsigned char idata rbuf[SECTOR_SIZE]={0};
 104          
 105          /*****************************************************
 106          *КЏЪ§УћГЦЃКvoid EraseNVR(unsigned short SectorAddr))
 107          *КЏЪ§ЙІФмЃКNVRЩШЧјВСГ§ 
 108          *ШыПкВЮЪ§ЃКSectorAddr_ЩШЧјЪзЕижЗ(NVR1/2/3/4_START_ADDR)
 109          *ГіПкВЮЪ§ЃКvoid
 110          *****************************************************/
 111          void EraseNVR(unsigned short SectorAddr)
 112          {
 113   1              //1  Flash unlock
 114   1              FSFLG=NVR_UNLOCK;
 115   1      
 116   1              //2  write address
C51 COMPILER V9.59.0.0   MAIN                                                              07/14/2022 10:06:13 PAGE 3   

 117   1              FSDARL=(SectorAddr&0xff);
 118   1              FSDARH=((SectorAddr>>8)&0xff);
 119   1              //3  Flash erase cmd
 120   1              FSCMD=NVR_ERASE;
 121   1              //4 NVR lock
 122   1              FSFLG=NVR_LOCK;
 123   1      }
 124          void readDatafromNVR(unsigned char *buf,unsigned short SectorAddr,unsigned short len)
 125          {
 126   1              unsigned char i=0;
 127   1              
 128   1              FSFLG = NVR_UNLOCK;
 129   1              //1  read cmd
 130   1              FSCMD=NVR_READ;
 131   1              for(i=0;i<len;++i)
 132   1              {
 133   2                      //2  write address              
 134   2                      FSDARL=(SectorAddr&0xff);
 135   2                      FSDARH=((SectorAddr>>8)&0xff);
 136   2                      ++SectorAddr;
 137   2                      //3 read data
 138   2                      buf[i]=FSDAT;
 139   2              }
 140   1      }
 141          
 142          void WriteDataNVR(unsigned char *buf,unsigned short SectorAddr,unsigned short len)
 143          {
 144   1              unsigned char i=0;
 145   1              //1  Flash unlock
 146   1              FSFLG=NVR_UNLOCK;
 147   1              //2  Flash  write cmd
 148   1              FSCMD=NVR_WRITE;        
 149   1              for(i=0;i<len;++i)
 150   1              {
 151   2                      //3  write address              
 152   2                      FSDARL=(SectorAddr&0xff);
 153   2                      FSDARH=((SectorAddr>>8)&0xff);
 154   2                      SectorAddr++;
 155   2                      //4 write data
 156   2                      FSDAT=buf[i];
 157   2              }
 158   1              //4 NVR lock
 159   1              FSFLG=NVR_LOCK;
 160   1      }
 161          
 162          //uint8_t readDatafromNVR(uint16_t reg)
 163          //{
 164          //      uint8_t dat;
 165          //      
 166          //      FSFLG = NVR_UNLOCK;
 167          //      //1  read cmds
 168          //      FSCMD=NVR_READ;
 169          //              //2  write address              
 170          //              FSDARL=(reg&0xff);
 171          //              FSDARH=((reg>>8)&0xff);         
 172          //              //3 read data
 173          //              dat=FSDAT;
 174          //      
 175          //              return dat;
 176          //}
 177          
 178          
C51 COMPILER V9.59.0.0   MAIN                                                              07/14/2022 10:06:13 PAGE 4   

 179          /*****************************************************
 180          *КЏЪ§УћГЦЃКcal_op(void)
 181          *КЏЪ§ЙІФмЃКopаЃзМ
 182          *ШыПкВЮЪ§ЃК
 183          *ГіПкВЮЪ§ЃК
 184          *****************************************************/
 185          void cal_op(void)
 186          {
 187   1                                      u8 nmos_val = 0;
 188   1                                      u8 pmos_val = 0;
 189   1                                      int i,roll = 0;
 190   1              
 191   1                                      OPCON = 0XA0;
 192   1                                      OPCFG = 0XC0;
 193   1                                      OPCFG = 0X80;
 194   1                                      printf("OPCON=%bx\r\n", OPCON);  //ДђгЁOPCONЕФГѕжЕ
 195   1                                      while(0x10 !=(OPCON&0X10)) 
 196   1                                      {
 197   2                                              OPCFG ++;
 198   2                                              delay_10ms();   
 199   2                                      }
 200   1                                      printf("PMOS:OPCFG=%bx\r\n", OPCFG);
 201   1                                      pmos_val = OPCFG;
 202   1                                      OPCON = 0XA0; 
 203   1                                      OPCFG &= 0X7f;
 204   1                                      OPCFG = 0;
 205   1                                      delay_10ms();
 206   1                                      while(0x10 !=(OPCON&0X10)) 
 207   1                                      {
 208   2                                              OPCFG ++;
 209   2                                              delay_10ms();   
 210   2                                      }
 211   1                                      printf("NMOS:OPCFG=%bx\r\n", OPCFG);    
 212   1                                      nmos_val = OPCFG;
 213   1                                                      
 214   1                                      readDatafromNVR(rbuf,NVR13_START_ADDR,SECTOR_SIZE);     
 215   1                                      
 216   1                                      printf("before:\r\n");
 217   1                                      roll = 0;
 218   1                                      for(i=0; i<SECTOR_SIZE; i++)
 219   1                                      {
 220   2                                                      printf("%b02x  ",rbuf[i]);
 221   2                                                      roll++;
 222   2                                                      if(roll % 16 == 0)
 223   2                                                      printf("\r\n");
 224   2                                      }
 225   1                                      roll = 0;
 226   1                                      
 227   1                                      rbuf[OP_ENABLE_ADDR_NVR13-NVR13_START_ADDR]=0xaa;
 228   1                                      //ФкВП
 229   1                                      rbuf[OP_NMOS_VAL_ADDR_NVR13-NVR13_START_ADDR]=nmos_val;
 230   1                                      rbuf[OP_PMOS_VAL_ADDR_NVR13-NVR13_START_ADDR]=pmos_val;
 231   1                                      
 232   1                                      EraseNVR(NVR13_START_ADDR);
 233   1                                      delay_10ms();
 234   1                                      
 235   1                                      WriteDataNVR(rbuf,NVR13_START_ADDR,SECTOR_SIZE);
 236   1                                      delay_1ms();    
 237   1      
 238   1                                      printf("after:\r\n");
 239   1                                      readDatafromNVR(rbuf,NVR13_START_ADDR,SECTOR_SIZE);
 240   1                                      roll = 0;
C51 COMPILER V9.59.0.0   MAIN                                                              07/14/2022 10:06:13 PAGE 5   

 241   1                                      for(i=0; i<SECTOR_SIZE; i++)
 242   1                                      {
 243   2                                                      printf("%b02x  ",rbuf[i]);
 244   2                                                      roll++;
 245   2                                                      if(roll % 16 == 0)
 246   2                                                      printf("\r\n");
 247   2                                      }
 248   1                                      roll = 0;
 249   1      }
 250          
 251          /*****************************************************
 252          *КЏЪ§УћГЦЃКinit_op(void)
 253          *КЏЪ§ЙІФмЃКГѕЪМЛЏ
 254          *ШыПкВЮЪ§ЃК
 255          *ГіПкВЮЪ§ЃК
 256          *****************************************************/
 257          u8 init_op(void)
 258          {
 259   1              u8 opflag = 0;
 260   1              u8 nmos_val = 0;
 261   1              u8 pmos_val = 0;
 262   1              int i,roll = 0;
 263   1              OPCON = 0XA0; //ЪЙФмNMOS
 264   1                      
 265   1              //ЯШЖСNVR15ЪЧЗёБЃДцгаOPаоЕїЪ§Он
 266   1              readDatafromNVR(rbuf,NVR15_START_ADDR,SECTOR_SIZE);
 267   1              if(rbuf[OP_ENABLE_ADDR_NVR15-NVR15_START_ADDR] == 0xaa)//Ъ§ОнБЃДцдкNVR15
 268   1              {
 269   2                      opflag=0;
 270   2                      nmos_val = rbuf[OP_NMOS_VAL_ADDR_NVR15-NVR15_START_ADDR];
 271   2                      pmos_val = rbuf[OP_PMOS_VAL_ADDR_NVR15-NVR15_START_ADDR];
 272   2                      printf("NVR15:nmos_val=%bx\r\n", nmos_val);  //ДђгЁOPCONЕФГѕжЕ
 273   2                      printf("NVR15:pmos_val=%bx\r\n", pmos_val);  //ДђгЁOPCONЕФГѕжЕ
 274   2                      for(i=0; i<SECTOR_SIZE; i++)
 275   2                      {
 276   3                                      printf("%b02x  ",rbuf[i]);
 277   3                                      roll++;
 278   3                                      if(roll % 16 == 0)
 279   3                                      printf("\r\n");
 280   3                      }               
 281   2              
 282   2              }
 283   1              else //Ъ§ОнУЛгаБЃДцNVR15ЃЌЖСNVR13
 284   1              {
 285   2                                      readDatafromNVR(rbuf,NVR13_START_ADDR,SECTOR_SIZE);
 286   2                                      roll = 0;
 287   2                                      for(i=0; i<SECTOR_SIZE; i++)
 288   2                                      {
 289   3                                                      printf("%b02x  ",rbuf[i]);
 290   3                                                      roll++;
 291   3                                                      if(roll % 16 == 0)
 292   3                                                      printf("\r\n");
 293   3                                      }
 294   2                                      roll = 0;                               
 295   2                                      if(rbuf[OP_ENABLE_ADDR_NVR13-NVR13_START_ADDR] == 0xaa)
 296   2                                      {
 297   3                                              opflag=0;
 298   3                                              nmos_val = rbuf[OP_NMOS_VAL_ADDR_NVR13-NVR13_START_ADDR];
 299   3                                              pmos_val = rbuf[OP_PMOS_VAL_ADDR_NVR13-NVR13_START_ADDR];
 300   3                                              printf("NVR13:nmos_val=%bx\r\n", nmos_val);  //ДђгЁOPCONЕФГѕжЕ
 301   3                                              printf("NVR13:pmos_val=%bx\r\n", pmos_val);  //ДђгЁOPCONЕФГѕжЕ
 302   3                                      }
C51 COMPILER V9.59.0.0   MAIN                                                              07/14/2022 10:06:13 PAGE 6   

 303   2                                      else
 304   2                                      {
 305   3                                              opflag=1;
 306   3                                              printf("not cal op\r\n", pmos_val);  //УЛгааЃзМOP                               
 307   3                                      }
 308   2                                      
 309   2              }
 310   1                                      
 311   1      //      if(!opflag)
 312   1      //      {
 313   1                      OPCON = 0XA0; //ЪЙФмNMOS
 314   1                      OPCFG = 0XC0;
 315   1                      OPCFG = pmos_val;
 316   1                      OPCFG &= 0X7f;
 317   1                      OPCFG = nmos_val;
 318   1                      
 319   1                      delay_10ms();   
 320   1                      OPCON = 0xc1;   // дівцбЁдё 0ЮЊЭтВПЕчзшЭјТч   0x01~0x0fЖдгІx1 ~ x128
 321   1      //      }
 322   1                      
 323   1      
 324   1              return opflag;
 325   1      }
 326          
 327          
 328          /**************************************************************
 329          ЫЕУїЃК
 330          
 331          OPаоЕїжЕДцДЂЕижЗ:
 332          OP_ENABLE_ADDR           0x637 //ЭљДЫЕижЗаД0xaaБъжОвдЯТСНИіжЕгааЇ
 333          OP_NMOS_VAL_ADDR     0x638 //OP_NMOSЕФаЃе§жЕ
 334          OP_PMOS_VAL_ADDR     0x640 //OP_PMOSЕФаЃе§жЕ
 335          
 336          void cal_op(void) ДЫКЏЪ§НјааOPЕФздаЃзМВЂБЃДцаЃзМжЕЃЌздаЃзМЕФЪБКђOPOUTгыOPNЁЂOPPжЎМфВЛФмСЌНгВЛФмгаЗДРЁЕчТЗЁ
             -ЃаЃзМжЕДцДЂЕНNVRгУЛЇПЩЪЙгУЕФЧјгђЃЌЯждкЪЧДцДЂЕНСЫNVR13ЁЃ
 337          
 338          void cal_op(void) ДЫКЏЪ§ЮЊЪЙгУOPЪБЃЌДгNVR13ЖСШЁаЃзМжЕВЂаДШыOPCFGМФДцЦїЁЃ
 339          
 340          ***************************************************************/
 341          void main()
 342          {               
 343   1                      u8 OP_flag = 0,i=0;
 344   1                      SCCON = 0x00;//HRC
 345   1                      HRCON |= 0x80;
 346   1                      delay_1ms();
 347   1      
 348   1                      /****************** ЙмНХХфжУ ********************/      
 349   1                      P07F = 0X05; //OPOUT
 350   1                      P05F = 0X05; //OPP
 351   1                      P06F = 0X05; //0PN
 352   1                      P02F = 6;    //UART1_RX
 353   1              
 354   1                      P16F = 6;    //UART1_TX //ШчЙћгУСЫP16в§НХДЎПкДђгЁЃЌПЩФмгыКазгЩеТМЦїSDAГхЭЛЕМжТВЛФмЯТдиЃЌвЊгУЩеТМЦїЩЯЮЛЛњ
             -ВСГ§ГЬађ 
 355   1                      P10F = 2; //
 356   1                      
 357   1              
 358   1              /***************  opЁЂДЎПкГѕЪМЛЏ  ****************/
 359   1                      Uart1Mode1();   
 360   1                      //cal_op();     //аЃзМopЕФЪБКђХмвЛБщетИіКЏЪ§ЃЌOPP/OPN/OPOUTВЛвЊНгЗДРЁ
 361   1                      OP_flag=init_op(); //ЪЙгУopЕФЪБКђгУетИіКЏЪ§ЃЌВЛвЊХмЩЯУцЕФаЃзМКЏЪ§,OP_flagЮЊ0ЫЕУїOPвбО­аЃзМЃЌ1ДњБэУЛгааЃз
             -М
C51 COMPILER V9.59.0.0   MAIN                                                              07/14/2022 10:06:13 PAGE 7   

 362   1                      printf("RUN--OP_flag=%bd\r\n",OP_flag);
 363   1                      
 364   1                      while(1)
 365   1                      {
 366   2                              if(OP_flag)
 367   2                              {
 368   3                                      P10=~P10;
 369   3                                      for(i=0;i<50;i++)
 370   3                                              delay_10ms();                           
 371   3                              }
 372   2                      
 373   2                              
 374   2                      }
 375   1                              
 376   1      }
 377          


MODULE INFORMATION:   STATIC OVERLAYABLE
   CODE SIZE        =    998    ----
   CONSTANT SIZE    =    192    ----
   XDATA SIZE       =   ----    ----
   PDATA SIZE       =   ----    ----
   DATA SIZE        =      4      29
   IDATA SIZE       =    128    ----
   BIT SIZE         =   ----    ----
END OF MODULE INFORMATION.


C51 COMPILATION COMPLETE.  0 WARNING(S),  0 ERROR(S)
