C51 COMPILER V9.59.0.0   MAIN                                                              02/10/2022 13:48:43 PAGE 1   


C51 COMPILER V9.59.0.0, COMPILATION OF MODULE MAIN
OBJECT MODULE PLACED IN .\Objects\main.obj
COMPILER INVOKED BY: C:\Keil_v5\C51\BIN\C51.EXE main.c OPTIMIZE(8,SPEED) BROWSE INCDIR(..\headfile) DEBUG OBJECTEXTEND P
                    -RINT(.\Listings\main.lst) OBJECT(.\Objects\main.obj)

line level    source

   1          /*********************************************************
   2          *Copyright (C), 2020-2030, 深圳前海维晟智能技术有限公司
   3          *文件名:        uart0唤醒.c
   4          *作  者:        
   5          *版  本:        
   6          *日  期:        
   7          *描  述:        
   8          *备  注:     
   9          **********************************************************/
  10          #include "WS51F6240.h"
  11          #include "intrins.h"
  12          #include <stdio.h>
  13          
  14          static void delay_1ms(void)
  15          {
  16   1              int j;
  17   1              for(j=0;j<1700;++j);
  18   1      }
  19          
  20          void UART0_write(signed char dat)
  21          {
  22   1          S0BUF = dat;            //Send data to UART buffer
  23   1          while(!TI0);
  24   1          TI0 = 0;
  25   1      }
  26          
  27          ///重定向c库函数printf到串口，重定向后可使用printf函数
  28          char putchar(char ch)
  29          {
  30   1          /* 发送一个字节数据到串口 */
  31   1          UART0_write((signed char) ch);
  32   1              
  33   1          return ch;
  34   1      }
  35          
  36          /*****************************************************
  37          * 中断服务函数
  38          *****************************************************/
  39          void Uart0_Isr() interrupt 4
  40          {
  41   1          if(RI0 == 1)     //如果接收到计算机发的数据
  42   1          {
  43   2              RI0 = 0;     //清除标志位
  44   2              P11 = P11;
  45   2          }
  46   1      }       
  47          
  48          /*****************************************************
  49          *函数名称：void Uart0Mode1(void)
  50          *函数功能：9600波特率
  51          *入口参数：
  52          *出口参数：
  53          *****************************************************/
  54          void Uart0Mode1(void)
C51 COMPILER V9.59.0.0   MAIN                                                              02/10/2022 13:48:43 PAGE 2   

  55          {
  56   1          /*************** UART0 模式1（波特率：9600）****************/
  57   1          SM00 = 0;
  58   1          SM10 = 1;
  59   1          REN0 = 1;    //串行接收使能位
  60   1          RI0 = 0;     //接收中断标志
  61   1          TI0 = 0;     //发送中断标志
  62   1          
  63   1              //TIMER2 作为uart0的波特率时钟源
  64   1          TR2 = 0;
  65   1          T2MOD = 0x00;/* 定时2中断不使能，不分频 */
  66   1          T2CL = 65536 - 52;                  //48对应的是10417
  67   1          T2CH = 65536 - 52 >> 8; //52对应的是9600
  68   1          TL2 = T2CL;
  69   1          TH2 = T2CH;
  70   1          TR2 = 1;    //启动定时器2
  71   1          RCLK = 1;
  72   1          TCLK = 1;   
  73   1      }
  74          /**************************************************************************
  75          说明：UART0 模式1，芯片进入idle模式，可通过RX唤醒
  76                                  打印结果为 IDLFL=10,IDLFH=0,STPF=0
  77          **************************************************************************/
  78          void main()
  79          {
  80   1          int i;
  81   1          SCCON = 0x00;//HRC
  82   1                      HRCON |= 0X80;
  83   1              
  84   1          /***********************管脚配置*********************/
  85   1                P10F = 0x02;          //推挽输出，翻转IO
  86   1                P11F = 0x02;     //推挽输出，中断翻转IO
  87   1                P12F = 0x02;     //推挽输出，进入休眠IO翻转
  88   1                P07F = 6;     //RX
  89   1                P06F = 6;     //TX
  90   1          
  91   1                /***********************串口的选择*********************/
  92   1          Uart0Mode1();       
  93   1          printf("RUN------\r\n");
  94   1                ES0 = 1;      /* UART0 中断控制位 */
  95   1               
  96   1      
  97   1       while(1)
  98   1         {    
  99   2                      RI0 = 0;        //清除标志位
 100   2                      if((IDLFL == 0) && (IDLFH == 0))
 101   2      //              if(STPF == 0)
 102   2              {
 103   3                  P12=~P12;
 104   3                              _nop_();
 105   3                              _nop_();
 106   3                  P12=~P12;
 107   3                              printf("sleep\r\n");
 108   3                              
 109   3                              HRCON &= 0x7f;
 110   3                              LRCON &= 0x7f;
 111   3                              MECON |= 0X80;  //IDLE/STOP 模式下，Flash 进入睡眠模式
 112   3                              
 113   3                              /*************** 芯片进入休眠 **************/
 114   3                              PCON |= 1;              //芯片进入 idle 模式
 115   3      //            PCON |= 0X02;    //芯片进入 STOP 模式
 116   3                              _nop_();
C51 COMPILER V9.59.0.0   MAIN                                                              02/10/2022 13:48:43 PAGE 3   

 117   3                              _nop_();
 118   3                              _nop_();
 119   3                              _nop_();
 120   3                              //等待唤醒
 121   3                              printf("IDLFL=%bx,IDLFH=%bx,STPF=%bx\r\n",IDLFL,IDLFH,STPF);
 122   3                              
 123   3              }
 124   2                      
 125   2          }
 126   1      }
*** WARNING C280 IN LINE 80 OF main.c: 'i': unreferenced local variable
 127          
 128              
 129           
 130              
 131             
 132              
 133          
 134          
 135          
 136          


MODULE INFORMATION:   STATIC OVERLAYABLE
   CODE SIZE        =    183    ----
   CONSTANT SIZE    =     51    ----
   XDATA SIZE       =   ----    ----
   PDATA SIZE       =   ----    ----
   DATA SIZE        =   ----       2
   IDATA SIZE       =   ----    ----
   BIT SIZE         =   ----    ----
END OF MODULE INFORMATION.


C51 COMPILATION COMPLETE.  1 WARNING(S),  0 ERROR(S)
