C51 COMPILER V9.59.0.0   INIT                                                              07/28/2021 14:10:54 PAGE 1   


C51 COMPILER V9.59.0.0, COMPILATION OF MODULE INIT
OBJECT MODULE PLACED IN .\Objects\Init.obj
COMPILER INVOKED BY: C:\Keil_v5\C51\BIN\C51.EXE Init.c OPTIMIZE(8,SPEED) BROWSE INCDIR(..\..\headfile;.\Include) DEBUG O
                    -BJECTEXTEND PRINT(.\Listings\Init.lst) OBJECT(.\Objects\Init.obj)

line level    source

   1          #include "Init.h"
   2          
   3          #define T0MODE 1
   4          #define T1MODE 1
   5          #define T2MODE 0    //0ЃКжидиФЃЪН0   1ЃКжидиФЃЪН1   2ЃКзЅШЁФЃЪН   3ЃКВЈЬиТЪВњЩњЦї   4ЃКЪБжгЪфГіФЃЪН
   6          #define T3MODE 4 
   7          
   8          
   9          /******ЖЈЪБЦї0ЖЈЪБЦїФЃЪНГѕЪМЛЏ******/
  10          //ЪБжгЪЧЯЕЭГЪБжгЕФ12ЗжЦЕ
  11          void Timer0_Init(void)
  12          {
  13   1                      switch(T0MODE)
  14   1                      {
  15   2                              //ФЃЪН0ЃК13ЮЛЖЈЪБЦїЃЌTL0ЕФИп3ЮЛЮоаЇ
  16   2                              case 0: TMOD &= 0xF0;
  17   2                                                              TH0 = (8192-2000)>>5;
  18   2                                                              TL0 = (8192-2000) & 0x1F;
  19   2                                                              break;
  20   2                              //ФЃЪН1ЃК16ЮЛЖЈЪБЦї
  21   2                              case 1: TMOD |= 0x01;
  22   2                                                              TH0 = (65536-2000)/256;//1.5ms
  23   2                                                              TL0 = (65536-2000)%256;
  24   2                              //ФЃЪН2:8ЮЛздЖЏжидиЖЈЪБЦї
  25   2                              case 2: TMOD |= 0x02;
  26   2                                                              TL0 = (256-200);
  27   2                                                              TH0 = (256-200);
  28   2                              //ФЃЪН3:TH0КЭTL0ЮЊСНИіЖРСЂЕФ8ЮЛЖЈЪБЦї
  29   2                              case 3: TMOD |= 0x03;
  30   2                                                              TL0 = (256-200);
  31   2                                                              TH0 = (256-200);//TH0еМгУЖЈЪБЦїжаЖЯ
  32   2                                                              TR1 = 1;
  33   2                                                              ET1 = 1;
  34   2                              default: break;
  35   2                      }
  36   1                      TR0 = 1;
  37   1                      ET0 = 1;        //дЪаэЖЈЪБЦї0жаЖЯ 
  38   1      }
  39          
  40          /******ЖЈЪБЦї1ЖЈЪБЦїФЃЪНГѕЪМЛЏ******/
  41          //ЪБжгЪЧЯЕЭГЪБжгЕФ12ЗжЦЕ
  42          void Timer1_Init(void)
  43          {
  44   1                      switch(T1MODE)
  45   1                      {
  46   2                              //ФЃЪН0ЃК13ЮЛЖЈЪБЦїЃЌTL0ЕФИп3ЮЛЮоаЇ
  47   2                              case 0: TMOD &= 0x0F;
  48   2                                                              TH1 = (8192-2000)>>5;
  49   2                                                              TL1 = (8192-2000) & 0x1F;
  50   2                                                              break;
  51   2                              //ФЃЪН1ЃК16ЮЛЖЈЪБЦї
  52   2                              case 1: TMOD |= 0x10;
  53   2                                                              TH1 = (65536-2000)/256;
  54   2                                                              TL1 = (65536-2000)%256;
C51 COMPILER V9.59.0.0   INIT                                                              07/28/2021 14:10:54 PAGE 2   

  55   2                                                              break;
  56   2                              //ФЃЪН2:8ЮЛздЖЏжидиЖЈЪБЦї
  57   2                              case 2: TMOD |= 0x20;
  58   2                                                              TL1 = (256-200);
  59   2                                                              TH1 = (256-200);
  60   2                                                              break;
  61   2                              default: break;
  62   2                      }
  63   1      //              TR1 = 1;
  64   1                      ET1 = 1;        //дЪаэЖЈЪБЦї,1жаЖЯ      
  65   1      }
  66          
  67          /************ЖЈЪБЦї2ГѕЪМЛЏ***********/
  68          //ЪБжгПЩбЁЯЕЭГЪБжгЕФ12ЗжЦЕКЭЯЕЭГЪБжг
  69          /* зЂ:
  70           * Timer2: ФЃЪНбЁдё
  71           *              (1).жидиФЃЪН0: ЩшжУ DCEN = 0ЃЌCPRL2 = 0ЃЌШчЙћ EXEN2 = 1ЃЌдђ T2EX БпбиКЭМЦЪ§вчГіЪБНЋДЅЗЂжидиЃЌЗёдђжЛгаМ
             -ЦЪ§вчГіВХФмДЅЗЂжидиЁЃ
  72           *              (2).жидиФЃЪН1: ЩшжУ DCEN = 1ЃЌCPRL2 = 0ЃЌДЫЪБ T2EX ЮЊЕЭЪБЖЈЪБЦїЕнМѕМЦЪ§ЃЌT2EX ЮЊИпЪБЖЈЪБЦїЕндіМЦЪ§ЁЃE
             -XF2 БъжОВЛдйВњЩњжаЖЯЃЌЖјЪЧзїЮЊМЦЪ§ЦїЕУЕк 17 ЮЛЗ­зЊЁЃ    
  73           *              (3).зЅШЁФЃЪН:  ЩшжУ CPRL2 = 1ЃЌ T2CM = 0ЃЌT2EXЙмНХБпбиДЅЗЂзЅШЁ; ЩшжУ CPRL2 = 1ЃЌ T2CM = 1ЃЌШэМўаДШыМФ
             -ДцЦї T2CL НЋДЅЗЂвЛДЮзЅШЁВйзї
  74           *              (4).ВЈЬиТЪВњЩњЦїФЃЪН:
  75           *              (5).ЪБжгЪфГіФЃЪН: ЩшжУ T2OE = 1ЃЌДЫЪБЖЈЪБЦїздЖЏНјШыМЦЪ§вчГіжидиФЃЪНT2 в§НХЪфГіЦЕТЪЮЊ 2 БЖвчГіжмЦкЕФЪБ
             -жгЁЃДЫФЃЪНВЛФмЪЙгУ T2 зїЮЊЪБжгЪфШыЁЃ
  76           * Timer2: ЙмНХХфжУ
  77           *              (1).МЦЪ§ЙІФм, ЪЙгУ T2 ЪфШыЪБжгМЦЪ§, ЙмНХT2(P10)ЩшжУЮЊЪфШы(P10F = 0x1;), T2MOD.2ПЩбЁЩЯ/ЯТбиМЦЪ§
  78           *              (2).ЪБжгЪфГіФЃЪН, ЙмНХT2(P10)ЩшжУЮЊЪфГі(P10F = 0x2;)               
  79           *              (3).T2EXзЅШЁЛђДЅЗЂжиди, ЙмНХT2EX(P11)ЩшжУЮЊЪфШы, T2MOD.3ПЩбЁЩЯ/ЯТбиДЅЗЂжидиЛђзЅШЁ
  80           */
  81          void Timer2_Init(void)
  82          {
  83   1                      switch(T2MODE)
  84   1                      {
  85   2      /***********ЖЈЪБЦї2жидиФЃЪН0************/
  86   2                              case 0: T2CH = (65536-16000)/256;
  87   2                                                              T2CL = (65536-16000)%256;
  88   2                                                              TL2 = T2CL;
  89   2                                                              TH2 = T2CH;
  90   2                                                              T2MOD = 0+0x80;  //DCEN=0;
  91   2      //                                                      T2CON = 0x04;           //ЦєЖЏЖЈЪБЦї2ЃЌCPRL2=0;EXEN2=0;жЛгаЕБМЦЪ§вчГіВХДЅЗЂжиди
  92   2                                                              T2CON = 0x00;
  93   2                                                              break;
  94   2      /***********ЖЈЪБЦї2жидиФЃЪН1************/
  95   2                              case 1: T2CH = (65536-16000)/256;
  96   2                                                              T2CL = (65536-16000)%256;
  97   2                                                              TL2 = T2CL;
  98   2                                                              TH2 = T2CH;
  99   2                                                              T2MOD = 0x81;  //DCEN=1,T2IE=1ЖЈЪБЦї2жаЖЯЪЙФм;
 100   2                                                              T2CON = 0x04;           //ЦєЖЏЖЈЪБЦї2ЃЌCPRL2=0;EXEN2=0;жЛгаЕБМЦЪ§вчГіВХДЅЗЂжиди
 101   2                                                              break;
 102   2      /********* ЖЈЪБЦї2гВМўзЅШЁ ***********/
 103   2                              case 2: T2CH = 0;
 104   2                                                              T2CL = 0;
 105   2                                                              TL2 = T2CL;
 106   2                                                              TH2 = T2CH;
 107   2                                                              T2MOD = 0+0x80;  //ЖЈЪБЦїжаЖЯЪЙФмЃЌT2CM=0ЃКT2EXДЅЗЂзЅШЁЃЌT2PS=0ЃКЯТНЕбигааЇ
 108   2                                                              T2CON = 0x04+0x08+0x1;//ЦєЖЏЖЈЪБЦїЃЌT2EXЪЙФмЃЌзЅШЁЙІФм
 109   2                                                              break;
 110   2      /***********ЖЈЪБЦї2ВЈЬиТЪВњЩњЦїФЃЪН************/
 111   2                              case 3: break;
 112   2      /***********ЖЈЪБЦї2ЪБжгЪфГіФЃЪН************/
C51 COMPILER V9.59.0.0   INIT                                                              07/28/2021 14:10:54 PAGE 3   

 113   2                              case 4: T2CH = (65536-8)/256;
 114   2                                                              T2CL = (65536-8)%256;
 115   2                                                              TL2 = T2CL;
 116   2                                                              TH2 = T2CH;
 117   2                                                              T2MOD = 0x82;
 118   2                                                              T2CON = 0x04+0x08;      
 119   2                                                              break;
 120   2                              default:break;
 121   2                      }
 122   1                      EINT2 = 1;//ПЊЦєЖЈЪБЦї2жаЖЯ
 123   1      }
 124          
 125          ///************ЖЈЪБЦї3ГѕЪМЛЏ***********/
 126          //void Timer3_Init(void)
 127          //{
 128          //              switch(T3MODE)
 129          //              {
 130          //                      case 0:
 131          //              }
 132          //}
 133          
 134          
 135          
 136          
 137          
 138          
 139          
 140          
 141          
 142          
 143          
 144          
 145          
 146          
 147          
 148          
 149          
 150          
 151          
 152          
 153          
 154          
 155          
 156          


MODULE INFORMATION:   STATIC OVERLAYABLE
   CODE SIZE        =    209    ----
   CONSTANT SIZE    =   ----    ----
   XDATA SIZE       =   ----    ----
   PDATA SIZE       =   ----    ----
   DATA SIZE        =   ----    ----
   IDATA SIZE       =   ----    ----
   BIT SIZE         =   ----    ----
END OF MODULE INFORMATION.


C51 COMPILATION COMPLETE.  0 WARNING(S),  0 ERROR(S)
