C51 COMPILER V9.59.0.0   INT                                                               07/28/2021 14:11:01 PAGE 1   


C51 COMPILER V9.59.0.0, COMPILATION OF MODULE INT
OBJECT MODULE PLACED IN .\Objects\INT.obj
COMPILER INVOKED BY: C:\Keil_v5\C51\BIN\C51.EXE Include\INT.c OPTIMIZE(8,SPEED) BROWSE INCDIR(..\..\headfile;.\Include) 
                    -DEBUG OBJECTEXTEND PRINT(.\Listings\INT.lst) OBJECT(.\Objects\INT.obj)

line level    source

   1          #include "INT.h"
   2          
   3          
   4          /*****************************************************
   5          *函数名称：void Uart0Mode1_Init(void)
   6          *函数功能：8 位异步模式，波特率：可调(T1/T2)
   7          *入口参数：
   8          *出口参数：
   9          *****************************************************/
  10          void Uart0Mode1_Init(void)
  11          {
  12   1          SM00 = 0;
  13   1          SM10 = 1;   //模式选择: 模式1
  14   1                      S0CFG = 0x00;
  15   1          REN0 = 1;   //串行接收使能位
  16   1          RI0 = 0;    //接收中断标志
  17   1          TI0 = 0;    //发送中断标志
  18   1          
  19   1              //TIMER2 作为uart0的波特率时钟源
  20   1          TR2 = 0;
  21   1          T2MOD = 0x00;/* 定时2中断不使能，不分频 */
  22   1          T2CL = 65536 - 52;
  23   1          T2CH = 65536 - 52 >> 8;//波特率：9600
  24   1          TL2 = T2CL;
  25   1          TH2 = T2CH;
  26   1          TR2 = 1;    //启动定时器2
  27   1          RCLK = 1;   //接收选择定时器2作为波特率发生器
  28   1          TCLK = 1;     //发送选择定时器2作为波特率发生器
  29   1                      ES0 = 1;        /* UART0 中断开 */
  30   1      }
  31          /*****************************************************
  32          *函数名称：void UART0_write(void)
  33          *函数功能：向串口0写一个字节数据
  34          *入口参数：
  35          *出口参数：
  36          *****************************************************/
  37          void UART0_write(int8_t dat)
  38          {
  39   1          S0BUF = dat;            //Send data to UART buffer
  40   1          while(!TI0);
  41   1          TI0 = 0;
  42   1      }
  43          
  44          /*****************************************************
  45          *函数名称：void Int0SetMode0(void)
  46          *函数功能：INT0 中断模式0
  47          *入口参数：
  48          *出口参数：
  49          *****************************************************/
  50          void Int0SetMode0(void)
  51          {
  52   1              /*********** INT0 中断模式0 **********/
  53   1              IT0CON=0X00|IT_PIN_P04;    //00 Pin---下降沿 ---低电平
  54   1      //      IT0CON=0X40|INT_PIN;    //10 Pin---上沿   ---高电平
C51 COMPILER V9.59.0.0   INT                                                               07/28/2021 14:11:01 PAGE 2   

  55   1      //      IT0CON=0X80|INT_PIN;    //01 Pin---双沿   ---保留（低电平）、
  56   1      //      IT0CON=0XC0|INT_PIN;    //01 Pin---双沿   ---保留（低电平）、
  57   1              TCON=3;//使能外部中断 0 在输入管脚下降沿时触发
  58   1      //      TCON=2;//使能外部中断 0 在输入管脚低电平时触发
  59   1      }
  60          void Int1SetMode0(void)
  61          {
  62   1              /*********** INT1 中断模式0 **********/
  63   1              IT1CON=0X00|IT_PIN_P04;    //00 Pin---下降沿---
  64   1      //      IT1CON=0X40|INT_PIN;    //10 Pin---上沿  ---
  65   1      //      IT1CON=0X80|INT_PIN;    //01 Pin---保留（低电平）、---双沿---
  66   1      //      IT1CON=0XC0|INT_PIN;    //01 Pin---保留（低电平）、---双沿---
  67   1              TCON=0x0c;//外部中断 1 在输入管脚下降沿时触发
  68   1      //    TCON=0x08;//外部中断 1 在输入管脚低电平时触发
  69   1      }
  70          /*****************************************************
  71          *函数名称：void Int2SetMode0(void)
  72          *函数功能：INT2 中断模式0
  73          *入口参数：
  74          *出口参数：
  75          *****************************************************/
  76          void Int2SetMode0(void)
  77          {
  78   1              /*********** INT2(EP0) 中断模式0 **********/
  79   1              EP0CON=0X00|IT_PIN_P05;    //00 Pin---下降沿---
  80   1      //      EP0CON=0X40|INT_PIN;    //10 Pin---上沿  ---
  81   1      //      EP0CON=0X80|INT_PIN;    //01 Pin---双沿---
  82   1      //      EP0CON=0XC0|INT_PIN;    //01 Pin---双沿---
  83   1      }
  84          
  85          
  86          
  87          
  88          
  89          
  90          
  91          
  92          
  93          
  94          
  95          
  96          
  97          
  98          
  99          
 100          
 101          
 102          
 103          
 104          
 105          
 106          
 107          


MODULE INFORMATION:   STATIC OVERLAYABLE
   CODE SIZE        =     64    ----
   CONSTANT SIZE    =   ----    ----
   XDATA SIZE       =   ----    ----
   PDATA SIZE       =   ----    ----
   DATA SIZE        =   ----    ----
   IDATA SIZE       =   ----    ----
C51 COMPILER V9.59.0.0   INT                                                               07/28/2021 14:11:01 PAGE 3   

   BIT SIZE         =   ----    ----
END OF MODULE INFORMATION.


C51 COMPILATION COMPLETE.  0 WARNING(S),  0 ERROR(S)
